[2021-09-05 00:03:44][I]:FILBUSD trigerd
[2021-09-05 00:04:18][I]:FILBUSD trigerd
[2021-09-05 00:05:00][I]:FILBUSD trigerd
[2021-09-05 00:05:49][I]:AUCTIONBUSD trigerd
[2021-09-05 00:11:31][I]:IOTXBUSD trigerd
[2021-09-05 00:11:50][I]:IOTXBUSD trigerd
[2021-09-05 00:13:13][I]:IOTXBUSD trigerd
[2021-09-05 00:24:39][I]:IOTXBUSD trigerd
[2021-09-05 00:24:56][I]:IOTXBUSD trigerd
[2021-09-05 00:36:57][I]:XECBUSD trigerd
[2021-09-05 00:39:39][I]:XECBUSD trigerd
[2021-09-05 00:39:55][I]:XECBUSD trigerd
[2021-09-05 00:57:19][I]:XECBUSD trigerd
[2021-09-05 00:57:36][I]:XECBUSD trigerd
[2021-09-05 00:57:52][I]:XECBUSD trigerd
[2021-09-05 00:58:48][I]:XECBUSD trigerd
[2021-09-05 01:13:59][I]:FILBUSD trigerd
[2021-09-05 01:19:36][I]:QUICKBUSD trigerd
[2021-09-05 01:19:52][I]:QUICKBUSD trigerd
[2021-09-05 01:29:38][I]:IOTXBUSD trigerd
[2021-09-05 01:37:34][I]:ROSEBUSD trigerd
[2021-09-05 01:38:39][I]:ROSEBUSD trigerd
[2021-09-05 01:52:30][I]:IOTXBUSD trigerd
[2021-09-05 02:01:51][I]:AUCTIONBUSD trigerd
[2021-09-05 02:02:27][I]:AUCTIONBUSD trigerd
[2021-09-05 02:04:07][I]:AUCTIONBUSD trigerd
[2021-09-05 02:22:19][I]:LTOBUSD trigerd
[2021-09-05 02:22:55][I]:LTOBUSD trigerd
[2021-09-05 02:23:29][I]:LTOBUSD trigerd
[2021-09-05 02:39:44][I]:IOTABUSD trigerd
[2021-09-05 02:42:16][I]:IOTABUSD trigerd
[2021-09-05 02:42:54][I]:IOTABUSD trigerd
[2021-09-05 02:52:16][I]:XECBUSD trigerd
[2021-09-05 02:52:53][I]:XECBUSD trigerd
[2021-09-05 02:53:29][I]:XECBUSD trigerd
[2021-09-05 02:57:17][I]:IOTABUSD trigerd
[2021-09-05 02:57:54][I]:IOTABUSD trigerd
[2021-09-05 02:59:18][I]:ROSEBUSD trigerd
[2021-09-05 03:21:44][I]:QNTBUSD trigerd
[2021-09-05 03:22:21][I]:QNTBUSD trigerd
[2021-09-05 03:23:29][I]:QNTBUSD trigerd
[2021-09-05 03:58:25][I]:DNTBUSD trigerd
[2021-09-05 03:59:02][I]:DNTBUSD trigerd
[2021-09-05 04:03:29][I]:ACMBUSD trigerd
[2021-09-05 04:12:42][I]:DNTBUSD trigerd
[2021-09-05 04:13:30][I]:DNTBUSD trigerd
[2021-09-05 04:14:06][I]:DNTBUSD trigerd
[2021-09-05 04:14:41][I]:DNTBUSD trigerd
[2021-09-05 04:44:50][I]:DNTBUSD trigerd
[2021-09-05 04:53:25][I]:STMXBUSD trigerd
[2021-09-05 04:54:00][I]:STMXBUSD trigerd
[2021-09-05 04:55:41][I]:STMXBUSD trigerd
[2021-09-05 04:56:17][I]:STMXBUSD trigerd
[2021-09-05 04:56:34][I]:STMXBUSD trigerd
[2021-09-05 04:57:46][I]:KP3RBUSD trigerd
[2021-09-05 04:58:15][I]:KP3RBUSD trigerd
[2021-09-05 04:58:32][I]:KP3RBUSD trigerd
[2021-09-05 05:04:49][I]:TWTBUSD trigerd
[2021-09-05 05:19:25][I]:DNTBUSD trigerd
[2021-09-05 05:19:51][I]:DNTBUSD trigerd
[2021-09-05 05:20:06][I]:DNTBUSD trigerd
[2021-09-05 05:53:19][I]:RVNBUSD trigerd
[2021-09-05 05:53:40][I]:RVNBUSD trigerd
[2021-09-05 05:54:21][I]:RVNBUSD trigerd
[2021-09-05 06:06:36][I]:RVNBUSD trigerd
[2021-09-05 06:13:16][I]:XECBUSD trigerd
[2021-09-05 06:49:01][I]:XVSBUSD trigerd
[2021-09-05 07:01:20][I]:STMXBUSD trigerd
[2021-09-05 07:01:36][I]:STMXBUSD trigerd
[2021-09-05 07:02:24][I]:STMXBUSD trigerd
[2021-09-05 07:02:40][I]:STMXBUSD trigerd
[2021-09-05 07:03:28][I]:STMXBUSD trigerd
[2021-09-05 07:04:05][I]:STMXBUSD trigerd
[2021-09-05 07:04:29][I]:IOTABUSD trigerd
[2021-09-05 07:04:43][I]:STMXBUSD trigerd
[2021-09-05 07:05:51][I]:STMXBUSD trigerd
[2021-09-05 07:06:20][I]:STMXBUSD trigerd
[2021-09-05 07:06:56][I]:STMXBUSD trigerd
[2021-09-05 07:08:35][I]:STMXBUSD trigerd
[2021-09-05 07:08:50][I]:STMXBUSD trigerd
[2021-09-05 07:09:41][I]:STMXBUSD trigerd
[2021-09-05 07:12:33][I]:TWTBUSD trigerd
[2021-09-05 07:23:44][I]:ICPBUSD trigerd
[2021-09-05 07:24:38][I]:TWTBUSD trigerd
[2021-09-05 07:31:35][I]:STMXBUSD trigerd
[2021-09-05 07:36:39][I]:STMXBUSD trigerd
[2021-09-05 07:38:07][I]:STMXBUSD trigerd
[2021-09-05 07:38:44][I]:STMXBUSD trigerd
[2021-09-05 07:39:20][I]:STMXBUSD trigerd
[2021-09-05 07:39:57][I]:STMXBUSD trigerd
[2021-09-05 07:40:33][I]:STMXBUSD trigerd
[2021-09-05 07:40:49][I]:STMXBUSD trigerd
[2021-09-05 07:42:16][I]:STMXBUSD trigerd
[2021-09-05 07:42:33][I]:STMXBUSD trigerd
[2021-09-05 07:43:08][I]:STMXBUSD trigerd
[2021-09-05 07:43:44][I]:STMXBUSD trigerd
[2021-09-05 07:44:13][I]:STMXBUSD trigerd
[2021-09-05 07:44:29][I]:STMXBUSD trigerd
[2021-09-05 07:45:53][I]:STMXBUSD trigerd
[2021-09-05 07:48:48][I]:ICPBUSD trigerd
[2021-09-05 07:48:54][I]:SCBUSD trigerd
[2021-09-05 07:49:29][I]:SCBUSD trigerd
[2021-09-05 07:53:17][I]:ICPBUSD trigerd
[2021-09-05 07:53:51][I]:ICPBUSD trigerd
[2021-09-05 07:57:38][I]:ICPBUSD trigerd
[2021-09-05 07:57:55][I]:ICPBUSD trigerd
[2021-09-05 07:58:43][I]:ICPBUSD trigerd
[2021-09-05 08:03:27][I]:AERGOBUSD trigerd
[2021-09-05 08:03:43][I]:AERGOBUSD trigerd
[2021-09-05 08:04:16][I]:TWTBUSD trigerd
[2021-09-05 08:04:43][I]:AERGOBUSD trigerd
[2021-09-05 08:05:45][I]:IOSTBUSD trigerd
[2021-09-05 08:06:19][I]:IOSTBUSD trigerd
[2021-09-05 08:06:37][I]:IOSTBUSD trigerd
[2021-09-05 08:08:10][I]:IOSTBUSD trigerd
[2021-09-05 08:08:56][I]:IOSTBUSD trigerd
[2021-09-05 08:09:34][I]:IOSTBUSD trigerd
[2021-09-05 08:14:57][I]:TWTBUSD trigerd
[2021-09-05 08:17:15][I]:AERGOBUSD trigerd
[2021-09-05 08:17:49][I]:AERGOBUSD trigerd
[2021-09-05 08:18:53][I]:XEMBUSD trigerd
[2021-09-05 08:19:24][I]:IOSTBUSD trigerd
[2021-09-05 08:19:51][I]:AERGOBUSD trigerd
[2021-09-05 08:21:38][I]:DNTBUSD trigerd
[2021-09-05 08:22:18][I]:DNTBUSD trigerd
[2021-09-05 08:22:35][I]:DNTBUSD trigerd
[2021-09-05 08:22:42][I]:IOTXBUSD trigerd
[2021-09-05 08:22:54][I]:DNTBUSD trigerd
[2021-09-05 08:23:21][I]:AERGOBUSD trigerd
[2021-09-05 08:23:54][I]:DNTBUSD trigerd
[2021-09-05 08:24:52][I]:IOTXBUSD trigerd
[2021-09-05 08:27:36][I]:ICPBUSD trigerd
[2021-09-05 08:28:30][I]:ICPBUSD trigerd
[2021-09-05 08:29:25][I]:IOSTBUSD trigerd
[2021-09-05 08:29:56][I]:XEMBUSD trigerd
[2021-09-05 08:34:47][I]:AERGOBUSD trigerd
[2021-09-05 08:38:35][I]:DNTBUSD trigerd
[2021-09-05 08:38:43][I]:AERGOBUSD trigerd
[2021-09-05 08:39:14][I]:AERGOBUSD trigerd
[2021-09-05 08:39:32][I]:DNTBUSD trigerd
[2021-09-05 08:39:36][I]:AERGOBUSD trigerd
[2021-09-05 08:39:50][I]:DNTBUSD trigerd
[2021-09-05 08:39:59][I]:SCBUSD trigerd
[2021-09-05 08:42:46][I]:DNTBUSD trigerd
[2021-09-05 08:57:53][I]:AERGOBUSD trigerd
[2021-09-05 08:58:09][I]:AERGOBUSD trigerd
[2021-09-05 08:58:41][I]:AERGOBUSD trigerd
[2021-09-05 08:58:56][I]:AERGOBUSD trigerd
[2021-09-05 09:04:17][I]:AERGOBUSD trigerd
[2021-09-05 09:11:41][I]:AERGOBUSD trigerd
[2021-09-05 09:11:57][I]:AERGOBUSD trigerd
[2021-09-05 09:12:38][I]:AERGOBUSD trigerd
[2021-09-05 09:12:54][I]:AERGOBUSD trigerd
[2021-09-05 09:13:08][I]:AERGOBUSD trigerd
[2021-09-05 09:13:23][I]:AERGOBUSD trigerd
[2021-09-05 09:13:39][I]:AERGOBUSD trigerd
[2021-09-05 09:13:55][I]:AERGOBUSD trigerd
[2021-09-05 09:14:39][I]:AERGOBUSD trigerd
[2021-09-05 09:14:55][I]:AERGOBUSD trigerd
[2021-09-05 09:16:31][I]:AERGOBUSD trigerd
[2021-09-05 09:16:48][I]:AERGOBUSD trigerd
[2021-09-05 09:17:16][I]:AERGOBUSD trigerd
[2021-09-05 09:18:09][I]:AERGOBUSD trigerd
[2021-09-05 09:18:25][I]:AERGOBUSD trigerd
[2021-09-05 09:18:40][I]:AERGOBUSD trigerd
[2021-09-05 09:18:56][I]:AERGOBUSD trigerd
[2021-09-05 09:19:00][I]:QNTBUSD trigerd
[2021-09-05 09:19:15][I]:AERGOBUSD trigerd
[2021-09-05 09:19:50][I]:AERGOBUSD trigerd
[2021-09-05 09:23:06][I]:AERGOBUSD trigerd
[2021-09-05 09:23:24][I]:AERGOBUSD trigerd
[2021-09-05 09:24:58][I]:AERGOBUSD trigerd
[2021-09-05 09:25:16][I]:AERGOBUSD trigerd
[2021-09-05 09:25:33][I]:AERGOBUSD trigerd
[2021-09-05 09:25:48][I]:AERGOBUSD trigerd
[2021-09-05 09:26:15][I]:AERGOBUSD trigerd
[2021-09-05 09:26:32][I]:AERGOBUSD trigerd
[2021-09-05 09:26:49][I]:AERGOBUSD trigerd
[2021-09-05 09:27:06][I]:AERGOBUSD trigerd
[2021-09-05 09:27:26][I]:AERGOBUSD trigerd
[2021-09-05 09:27:32][I]:QNTBUSD trigerd
[2021-09-05 09:27:50][I]:AERGOBUSD trigerd
[2021-09-05 09:28:27][I]:AERGOBUSD trigerd
[2021-09-05 09:29:14][I]:AERGOBUSD trigerd
[2021-09-05 09:29:17][I]:QNTBUSD trigerd
[2021-09-05 09:29:36][I]:QNTBUSD trigerd
[2021-09-05 09:29:53][I]:AERGOBUSD trigerd
[2021-09-05 09:45:44][I]:AERGOBUSD trigerd
[2021-09-05 09:45:58][I]:AERGOBUSD trigerd
[2021-09-05 09:48:37][I]:AERGOBUSD trigerd
[2021-09-05 09:50:28][I]:AERGOBUSD trigerd
[2021-09-05 09:50:42][I]:AERGOBUSD trigerd
[2021-09-05 09:50:57][I]:AERGOBUSD trigerd
[2021-09-05 09:54:51][I]:TWTBUSD trigerd
[2021-09-05 10:01:47][I]:AERGOBUSD trigerd
[2021-09-05 10:02:22][I]:AERGOBUSD trigerd
[2021-09-05 10:02:58][I]:AERGOBUSD trigerd
[2021-09-05 10:11:26][I]:IQBUSD trigerd
[2021-09-05 10:11:42][I]:IQBUSD trigerd
[2021-09-05 10:12:51][I]:IQBUSD trigerd
[2021-09-05 10:13:21][I]:IQBUSD trigerd
[2021-09-05 10:13:35][I]:TWTBUSD trigerd
[2021-09-05 10:14:14][I]:IQBUSD trigerd
[2021-09-05 10:14:47][I]:TWTBUSD trigerd
[2021-09-05 10:22:58][I]:QNTBUSD trigerd
[2021-09-05 10:24:48][I]:QNTBUSD trigerd
[2021-09-05 10:31:34][I]:AERGOBUSD trigerd
[2021-09-05 10:32:10][I]:AERGOBUSD trigerd
[2021-09-05 10:33:46][I]:AERGOBUSD trigerd
[2021-09-05 10:34:21][I]:AERGOBUSD trigerd
[2021-09-05 10:34:56][I]:AERGOBUSD trigerd
[2021-09-05 10:36:58][I]:AERGOBUSD trigerd
[2021-09-05 10:37:32][I]:AERGOBUSD trigerd
[2021-09-05 10:38:10][I]:AERGOBUSD trigerd
[2021-09-05 10:38:44][I]:AERGOBUSD trigerd
[2021-09-05 10:47:31][I]:AERGOBUSD trigerd
[2021-09-05 10:47:47][I]:AERGOBUSD trigerd
[2021-09-05 10:48:16][I]:AERGOBUSD trigerd
[2021-09-05 10:48:30][I]:AERGOBUSD trigerd
[2021-09-05 10:48:45][I]:AERGOBUSD trigerd
[2021-09-05 10:53:51][I]:IOTXBUSD trigerd
[2021-09-05 10:54:05][I]:AERGOBUSD trigerd
[2021-09-05 10:54:21][I]:AERGOBUSD trigerd
[2021-09-05 10:54:48][I]:AERGOBUSD trigerd
[2021-09-05 10:55:41][I]:AERGOBUSD trigerd
[2021-09-05 10:55:55][I]:AERGOBUSD trigerd
[2021-09-05 10:56:08][I]:AERGOBUSD trigerd
[2021-09-05 10:56:23][I]:AERGOBUSD trigerd
[2021-09-05 10:56:37][I]:AERGOBUSD trigerd
[2021-09-05 10:56:51][I]:AERGOBUSD trigerd
[2021-09-05 10:57:06][I]:AERGOBUSD trigerd
[2021-09-05 10:57:22][I]:AERGOBUSD trigerd
[2021-09-05 10:57:36][I]:AERGOBUSD trigerd
[2021-09-05 10:57:50][I]:AERGOBUSD trigerd
[2021-09-05 10:58:04][I]:AERGOBUSD trigerd
[2021-09-05 10:58:18][I]:AERGOBUSD trigerd
[2021-09-05 10:58:33][I]:AERGOBUSD trigerd
[2021-09-05 10:58:47][I]:AERGOBUSD trigerd
[2021-09-05 11:28:52][I]:TWTBUSD trigerd
[2021-09-05 11:29:22][I]:TWTBUSD trigerd
[2021-09-05 11:29:39][I]:TWTBUSD trigerd
[2021-09-05 11:31:50][I]:AERGOBUSD trigerd
[2021-09-05 11:32:25][I]:AERGOBUSD trigerd
[2021-09-05 11:33:49][I]:AERGOBUSD trigerd
[2021-09-05 11:34:25][I]:AERGOBUSD trigerd
[2021-09-05 11:47:50][I]:AERGOBUSD trigerd
[2021-09-05 11:48:26][I]:AERGOBUSD trigerd
[2021-09-05 11:49:01][I]:AERGOBUSD trigerd
[2021-09-05 11:49:36][I]:AERGOBUSD trigerd
[2021-09-05 11:50:23][I]:AERGOBUSD trigerd
[2021-09-05 11:50:38][I]:AERGOBUSD trigerd
[2021-09-05 11:50:52][I]:AERGOBUSD trigerd
[2021-09-05 11:51:07][I]:AERGOBUSD trigerd
[2021-09-05 12:03:17][I]:ICPBUSD trigerd
[2021-09-05 12:03:51][I]:ICPBUSD trigerd
[2021-09-05 12:04:21][I]:ICPBUSD trigerd
[2021-09-05 12:04:58][I]:ICPBUSD trigerd
[2021-09-05 12:06:59][I]:AERGOBUSD trigerd
[2021-09-05 12:07:14][I]:AERGOBUSD trigerd
[2021-09-05 12:07:29][I]:AERGOBUSD trigerd
[2021-09-05 12:07:44][I]:AERGOBUSD trigerd
[2021-09-05 12:07:59][I]:AERGOBUSD trigerd
[2021-09-05 12:09:20][I]:AERGOBUSD trigerd
[2021-09-05 12:18:18][I]:TWTBUSD trigerd
[2021-09-05 12:18:37][I]:TWTBUSD trigerd
[2021-09-05 12:18:52][I]:TWTBUSD trigerd
[2021-09-05 12:19:58][I]:TWTBUSD trigerd
[2021-09-05 12:22:09][I]:AERGOBUSD trigerd
[2021-09-05 12:22:46][I]:AERGOBUSD trigerd
[2021-09-05 12:23:22][I]:AERGOBUSD trigerd
[2021-09-05 12:23:57][I]:AERGOBUSD trigerd
[2021-09-05 12:24:41][I]:AERGOBUSD trigerd
[2021-09-05 12:27:17][I]:TWTBUSD trigerd
[2021-09-05 12:47:56][I]:STRAXBUSD trigerd
[2021-09-05 12:48:24][I]:STRAXBUSD trigerd
[2021-09-05 13:01:56][I]:AERGOBUSD trigerd
[2021-09-05 13:04:51][I]:AERGOBUSD trigerd
[2021-09-05 13:07:34][I]:STRAXBUSD trigerd
[2021-09-05 13:08:31][I]:STRAXBUSD trigerd
[2021-09-05 13:09:50][I]:STRAXBUSD trigerd
[2021-09-05 13:14:21][I]:FISBUSD trigerd
[2021-09-05 13:29:09][I]:AERGOBUSD trigerd
[2021-09-05 13:36:51][I]:AERGOBUSD trigerd
[2021-09-05 13:37:47][I]:AERGOBUSD trigerd
[2021-09-05 13:43:47][I]:AERGOBUSD trigerd
[2021-09-05 13:52:05][I]:FISBUSD trigerd
[2021-09-05 13:52:51][I]:AERGOBUSD trigerd
[2021-09-05 13:53:22][I]:FISBUSD trigerd
[2021-09-05 13:54:45][I]:FISBUSD trigerd
[2021-09-05 13:57:24][I]:AERGOBUSD trigerd
[2021-09-05 14:03:31][I]:FISBUSD trigerd
[2021-09-05 14:04:03][I]:FISBUSD trigerd
[2021-09-05 14:04:56][I]:FISBUSD trigerd
[2021-09-05 14:06:38][I]:FISBUSD trigerd
[2021-09-05 14:10:58][I]:FISBUSD trigerd
[2021-09-05 14:11:53][I]:FISBUSD trigerd
[2021-09-05 14:13:08][I]:FISBUSD trigerd
[2021-09-05 14:13:43][I]:FISBUSD trigerd
[2021-09-05 14:29:17][I]:QNTBUSD trigerd
[2021-09-05 14:29:49][I]:FISBUSD trigerd
[2021-09-05 14:34:29][I]:IOTXBUSD trigerd
[2021-09-05 14:36:27][I]:AERGOBUSD trigerd
[2021-09-05 14:57:52][I]:IOTXBUSD trigerd
[2021-09-05 14:58:52][I]:IOTXBUSD trigerd
[2021-09-05 15:06:52][I]:IDEXBUSD trigerd
[2021-09-05 15:07:58][I]:IDEXBUSD trigerd
[2021-09-05 15:09:10][I]:IDEXBUSD trigerd
[2021-09-05 15:11:42][I]:IDEXBUSD trigerd
[2021-09-05 15:13:20][I]:IDEXBUSD trigerd
[2021-09-05 15:24:10][I]:AERGOBUSD trigerd
[2021-09-05 16:03:24][I]:IDEXBUSD trigerd
[2021-09-05 16:04:20][I]:IDEXBUSD trigerd
[2021-09-05 16:16:33][I]:IDEXBUSD trigerd
[2021-09-05 16:18:29][I]:IDEXBUSD trigerd
[2021-09-05 16:21:42][I]:IDEXBUSD trigerd
[2021-09-05 16:22:43][I]:IDEXBUSD trigerd
[2021-09-05 16:24:12][I]:IDEXBUSD trigerd
[2021-09-05 16:25:42][I]:IDEXBUSD trigerd
[2021-09-05 16:27:37][I]:IDEXBUSD trigerd
[2021-09-05 16:28:27][I]:IDEXBUSD trigerd
[2021-09-05 16:28:50][I]:ROSEBUSD trigerd
[2021-09-05 16:29:39][I]:IDEXBUSD trigerd
[2021-09-05 16:31:04][I]:IDEXBUSD trigerd
[2021-09-05 16:31:56][I]:IDEXBUSD trigerd
[2021-09-05 16:32:46][I]:IDEXBUSD trigerd
[2021-09-05 16:33:39][I]:IDEXBUSD trigerd
[2021-09-05 16:34:33][I]:IDEXBUSD trigerd
[2021-09-05 16:39:08][I]:STMXBUSD trigerd
[2021-09-05 16:55:44][I]:IDEXBUSD trigerd
[2021-09-05 16:56:39][I]:IDEXBUSD trigerd
[2021-09-05 16:57:00][I]:IDEXBUSD trigerd
[2021-09-05 16:58:35][I]:IDEXBUSD trigerd
[2021-09-05 16:59:29][I]:IDEXBUSD trigerd
[2021-09-05 17:07:23][I]:ROSEBUSD trigerd
[2021-09-05 17:07:52][I]:ROSEBUSD trigerd
[2021-09-05 17:08:42][I]:ROSEBUSD trigerd
[2021-09-05 17:09:27][I]:ROSEBUSD trigerd
[2021-09-05 17:09:43][I]:ROSEBUSD trigerd
[2021-09-05 17:10:46][I]:ROSEBUSD trigerd
[2021-09-05 17:11:14][I]:ROSEBUSD trigerd
[2021-09-05 17:11:51][I]:ROSEBUSD trigerd
[2021-09-05 17:19:15][I]:ROSEBUSD trigerd
[2021-09-05 17:19:32][I]:ROSEBUSD trigerd
[2021-09-05 17:28:19][I]:ROSEBUSD trigerd
[2021-09-05 17:28:42][I]:ROSEBUSD trigerd
[2021-09-05 17:29:18][I]:ROSEBUSD trigerd
[2021-09-05 17:29:55][I]:ROSEBUSD trigerd
[2021-09-05 17:30:48][I]:ROSEBUSD trigerd
[2021-09-05 17:32:21][I]:ROSEBUSD trigerd
[2021-09-05 17:32:40][I]:ROSEBUSD trigerd
[2021-09-05 17:33:00][I]:ROSEBUSD trigerd
[2021-09-05 17:33:16][I]:ROSEBUSD trigerd
[2021-09-05 17:48:38][I]:ROSEBUSD trigerd
[2021-09-05 17:55:17][I]:AERGOBUSD trigerd
[2021-09-05 17:55:53][I]:AERGOBUSD trigerd
[2021-09-05 17:56:29][I]:AERGOBUSD trigerd
[2021-09-05 17:57:08][I]:QNTBUSD trigerd
[2021-09-05 17:58:08][I]:AERGOBUSD trigerd
[2021-09-05 17:58:43][I]:AERGOBUSD trigerd
[2021-09-05 18:04:28][I]:TWTBUSD trigerd
[2021-09-05 18:23:49][I]:AERGOBUSD trigerd
[2021-09-05 18:37:21][I]:IDEXBUSD trigerd
[2021-09-05 18:37:46][I]:AERGOBUSD trigerd
[2021-09-05 18:38:46][I]:AERGOBUSD trigerd
[2021-09-05 18:39:47][I]:AERGOBUSD trigerd
[2021-09-05 18:44:30][I]:IDEXBUSD trigerd
[2021-09-05 18:48:31][I]:SWRVBUSD trigerd
[2021-09-05 18:49:17][I]:SWRVBUSD trigerd
[2021-09-05 18:49:51][I]:SWRVBUSD trigerd
[2021-09-05 18:52:02][I]:SWRVBUSD trigerd
[2021-09-05 18:52:37][I]:SWRVBUSD trigerd
[2021-09-05 18:53:11][I]:SWRVBUSD trigerd
[2021-09-05 18:54:24][I]:SWRVBUSD trigerd
[2021-09-05 18:54:59][I]:SWRVBUSD trigerd
[2021-09-05 18:55:34][I]:SWRVBUSD trigerd
[2021-09-05 18:56:20][I]:SWRVBUSD trigerd
[2021-09-05 18:56:55][I]:SWRVBUSD trigerd
[2021-09-05 18:57:28][I]:SWRVBUSD trigerd
[2021-09-05 18:58:02][I]:SWRVBUSD trigerd
[2021-09-05 18:58:37][I]:SWRVBUSD trigerd
[2021-09-05 19:00:26][I]:SWRVBUSD trigerd
[2021-09-05 19:01:02][I]:SWRVBUSD trigerd
[2021-09-05 19:02:55][I]:SWRVBUSD trigerd
[2021-09-05 19:03:19][I]:IDEXBUSD trigerd
[2021-09-05 19:04:45][I]:SWRVBUSD trigerd
[2021-09-05 19:11:20][I]:SWRVBUSD trigerd
[2021-09-05 19:11:35][I]:SWRVBUSD trigerd
[2021-09-05 19:11:44][I]:DFBUSD trigerd
[2021-09-05 19:11:52][I]:SWRVBUSD trigerd
[2021-09-05 19:12:06][I]:SWRVBUSD trigerd
[2021-09-05 19:12:28][I]:DFBUSD trigerd
[2021-09-05 19:16:39][I]:IDEXBUSD trigerd
[2021-09-05 19:29:19][I]:IDEXBUSD trigerd
[2021-09-05 19:29:33][I]:IDEXBUSD trigerd
[2021-09-05 19:31:09][I]:SWRVBUSD trigerd
[2021-09-05 19:44:17][I]:FILBUSD trigerd
[2021-09-05 19:44:31][I]:FILBUSD trigerd
[2021-09-05 19:44:46][I]:FILBUSD trigerd
[2021-09-05 19:45:00][I]:FILBUSD trigerd
[2021-09-05 19:49:05][I]:DFBUSD trigerd
[2021-09-05 19:49:29][I]:DFBUSD trigerd
[2021-09-05 19:59:55][I]:SWRVBUSD trigerd
[2021-09-05 20:04:40][I]:MINABUSD trigerd
[2021-09-05 20:06:23][I]:MINABUSD trigerd
[2021-09-05 20:06:43][I]:AERGOBUSD trigerd
[2021-09-05 20:06:53][I]:MINABUSD trigerd
[2021-09-05 20:07:16][I]:AERGOBUSD trigerd
[2021-09-05 20:07:47][I]:AERGOBUSD trigerd
[2021-09-05 20:08:33][I]:FISBUSD trigerd
[2021-09-05 20:08:49][I]:FISBUSD trigerd
[2021-09-05 20:09:03][I]:FISBUSD trigerd
[2021-09-05 20:09:18][I]:FISBUSD trigerd
[2021-09-05 20:09:33][I]:FISBUSD trigerd
[2021-09-05 20:09:49][I]:FISBUSD trigerd
[2021-09-05 20:13:43][I]:FISBUSD trigerd
[2021-09-05 20:13:59][I]:FISBUSD trigerd
[2021-09-05 20:14:24][I]:FISBUSD trigerd
[2021-09-05 20:14:38][I]:FISBUSD trigerd
[2021-09-05 20:14:53][I]:FISBUSD trigerd
[2021-09-05 20:14:59][I]:VIDTBUSD trigerd
[2021-09-05 20:17:34][I]:UTKBUSD trigerd
[2021-09-05 20:17:46][I]:UTKBUSD trigerd
[2021-09-05 20:22:15][I]:FTMBUSD trigerd
[2021-09-05 20:22:29][I]:FTMBUSD trigerd
[2021-09-05 20:23:29][I]:FTMBUSD trigerd
[2021-09-05 20:23:43][I]:FTMBUSD trigerd
[2021-09-05 20:23:58][I]:FTMBUSD trigerd
[2021-09-05 20:24:24][I]:FTMBUSD trigerd
[2021-09-05 20:24:38][I]:FTMBUSD trigerd
[2021-09-05 20:24:53][I]:FTMBUSD trigerd
[2021-09-05 20:26:39][I]:QNTBUSD trigerd
[2021-09-05 20:29:34][I]:QNTBUSD trigerd
[2021-09-05 20:31:50][I]:SWRVBUSD trigerd
[2021-09-05 20:34:55][I]:QNTBUSD trigerd
[2021-09-05 20:36:11][I]:QNTBUSD trigerd
[2021-09-05 20:36:48][I]:QNTBUSD trigerd
[2021-09-05 20:37:17][I]:SWRVBUSD trigerd
[2021-09-05 20:37:34][I]:SWRVBUSD trigerd
[2021-09-05 20:39:40][I]:SWRVBUSD trigerd
[2021-09-05 20:39:53][I]:QNTBUSD trigerd
[2021-09-05 20:41:12][I]:FILBUSD trigerd
[2021-09-05 20:41:47][I]:FILBUSD trigerd
[2021-09-05 20:42:20][I]:QNTBUSD trigerd
[2021-09-05 20:44:45][I]:QNTBUSD trigerd
[2021-09-05 20:48:26][I]:QNTBUSD trigerd
[2021-09-05 20:48:39][I]:QNTBUSD trigerd
[2021-09-05 20:49:13][I]:QNTBUSD trigerd
[2021-09-05 20:50:23][I]:QNTBUSD trigerd
[2021-09-05 20:50:37][I]:QNTBUSD trigerd
[2021-09-05 20:51:39][I]:QNTBUSD trigerd
[2021-09-05 20:54:28][I]:FARMBUSD trigerd
[2021-09-05 20:57:43][I]:IQBUSD trigerd
[2021-09-05 20:58:17][I]:IQBUSD trigerd
[2021-09-05 20:58:50][I]:IQBUSD trigerd
[2021-09-05 20:59:26][I]:IQBUSD trigerd
[2021-09-05 21:01:29][I]:IQBUSD trigerd
[2021-09-05 21:01:44][I]:IQBUSD trigerd
[2021-09-05 21:01:58][I]:IQBUSD trigerd
[2021-09-05 21:02:26][I]:IQBUSD trigerd
[2021-09-05 21:02:40][I]:IQBUSD trigerd
[2021-09-05 21:02:54][I]:IQBUSD trigerd
[2021-09-05 21:03:09][I]:IQBUSD trigerd
[2021-09-05 21:04:03][I]:IQBUSD trigerd
[2021-09-05 21:04:17][I]:IQBUSD trigerd
[2021-09-05 21:04:32][I]:IQBUSD trigerd
[2021-09-05 21:04:48][I]:IQBUSD trigerd
[2021-09-05 21:11:54][I]:SCBUSD trigerd
[2021-09-05 21:19:52][I]:FISBUSD trigerd
[2021-09-05 21:23:14][I]:AERGOBUSD trigerd
[2021-09-05 21:34:34][I]:QNTBUSD trigerd
[2021-09-05 21:34:48][I]:QNTBUSD trigerd
[2021-09-05 21:37:03][I]:QNTBUSD trigerd
[2021-09-05 21:37:30][I]:QNTBUSD trigerd
[2021-09-05 21:37:58][I]:QNTBUSD trigerd
[2021-09-05 21:38:13][I]:QNTBUSD trigerd
[2021-09-05 21:38:28][I]:QNTBUSD trigerd
[2021-09-05 21:38:43][I]:QNTBUSD trigerd
[2021-09-05 21:38:47][I]:SCBUSD trigerd
[2021-09-05 21:38:59][I]:QNTBUSD trigerd
[2021-09-05 21:46:56][I]:SCBUSD trigerd
[2021-09-05 21:47:10][I]:SCBUSD trigerd
[2021-09-05 21:47:25][I]:SCBUSD trigerd
[2021-09-05 21:48:16][I]:SCBUSD trigerd
[2021-09-05 21:49:06][I]:SCBUSD trigerd
[2021-09-05 21:49:21][I]:SCBUSD trigerd
[2021-09-05 21:49:35][I]:SCBUSD trigerd
[2021-09-05 21:49:49][I]:SCBUSD trigerd
[2021-09-05 21:50:03][I]:SCBUSD trigerd
[2021-09-05 21:58:55][I]:FISBUSD trigerd
[2021-09-05 22:02:55][I]:QNTBUSD trigerd
[2021-09-05 22:03:10][I]:QNTBUSD trigerd
[2021-09-05 22:03:24][I]:QNTBUSD trigerd
[2021-09-05 22:03:39][I]:QNTBUSD trigerd
[2021-09-05 22:03:53][I]:QNTBUSD trigerd
[2021-09-05 22:04:48][I]:QNTBUSD trigerd
[2021-09-05 22:05:03][I]:QNTBUSD trigerd
[2021-09-05 22:19:23][I]:IDEXBUSD trigerd
[2021-09-05 22:19:38][I]:IDEXBUSD trigerd
[2021-09-05 22:19:53][I]:IDEXBUSD trigerd
[2021-09-05 22:28:30][I]:IDEXBUSD trigerd
[2021-09-05 22:28:44][I]:IDEXBUSD trigerd
[2021-09-05 22:28:57][I]:IDEXBUSD trigerd
[2021-09-05 22:29:23][I]:IDEXBUSD trigerd
[2021-09-05 22:29:38][I]:IDEXBUSD trigerd
[2021-09-05 22:29:53][I]:IDEXBUSD trigerd
[2021-09-05 22:38:46][I]:SWRVBUSD trigerd
[2021-09-05 22:38:59][I]:SWRVBUSD trigerd
[2021-09-05 22:39:12][I]:SWRVBUSD trigerd
[2021-09-05 22:39:25][I]:SWRVBUSD trigerd
[2021-09-05 22:39:40][I]:SWRVBUSD trigerd
[2021-09-05 22:39:54][I]:SWRVBUSD trigerd
[2021-09-05 22:41:48][I]:SWRVBUSD trigerd
[2021-09-05 22:42:12][I]:SWRVBUSD trigerd
[2021-09-05 22:42:26][I]:SWRVBUSD trigerd
[2021-09-05 22:42:40][I]:SWRVBUSD trigerd
[2021-09-05 22:42:54][I]:SWRVBUSD trigerd
[2021-09-05 22:43:20][I]:SWRVBUSD trigerd
[2021-09-05 22:43:33][I]:SWRVBUSD trigerd
[2021-09-05 22:43:49][I]:SWRVBUSD trigerd
[2021-09-05 22:53:55][I]:EOSBUSD trigerd
[2021-09-05 22:54:28][I]:IDEXBUSD trigerd
[2021-09-05 22:54:42][I]:IDEXBUSD trigerd
[2021-09-05 22:54:56][I]:IDEXBUSD trigerd
[2021-09-05 22:56:34][I]:IDEXBUSD trigerd
[2021-09-05 22:56:48][I]:IDEXBUSD trigerd
[2021-09-05 22:56:57][I]:OMGBUSD trigerd
[2021-09-05 22:57:18][I]:IDEXBUSD trigerd
[2021-09-05 22:57:32][I]:IDEXBUSD trigerd
[2021-09-05 22:57:46][I]:IDEXBUSD trigerd
[2021-09-05 22:58:00][I]:IDEXBUSD trigerd
[2021-09-05 22:58:14][I]:IDEXBUSD trigerd
[2021-09-05 22:58:28][I]:IDEXBUSD trigerd
[2021-09-05 22:58:42][I]:IDEXBUSD trigerd
[2021-09-05 22:58:51][I]:OMGBUSD trigerd
[2021-09-05 22:58:59][I]:IDEXBUSD trigerd
[2021-09-05 22:59:13][I]:IDEXBUSD trigerd
[2021-09-05 22:59:47][I]:OMGBUSD trigerd
[2021-09-05 22:59:57][I]:IDEXBUSD trigerd
[2021-09-05 23:00:59][I]:IDEXBUSD trigerd
[2021-09-05 23:01:13][I]:IDEXBUSD trigerd
[2021-09-05 23:01:27][I]:IDEXBUSD trigerd
[2021-09-05 23:01:40][I]:IDEXBUSD trigerd
[2021-09-05 23:01:54][I]:IDEXBUSD trigerd
[2021-09-05 23:03:10][I]:IDEXBUSD trigerd
[2021-09-05 23:03:55][I]:QTUMBUSD trigerd
[2021-09-05 23:04:21][I]:QTUMBUSD trigerd
[2021-09-05 23:04:31][I]:IDEXBUSD trigerd
[2021-09-05 23:04:37][I]:QTUMBUSD trigerd
[2021-09-05 23:04:48][I]:IDEXBUSD trigerd
[2021-09-05 23:04:54][I]:QTUMBUSD trigerd
[2021-09-05 23:06:23][I]:QTUMBUSD trigerd
[2021-09-05 23:06:48][I]:IDEXBUSD trigerd
[2021-09-05 23:07:19][I]:QTUMBUSD trigerd
[2021-09-05 23:09:14][I]:QTUMBUSD trigerd
[2021-09-05 23:09:30][I]:QTUMBUSD trigerd
[2021-09-05 23:09:41][I]:IDEXBUSD trigerd
[2021-09-05 23:09:55][I]:IDEXBUSD trigerd
[2021-09-05 23:10:00][I]:QTUMBUSD trigerd
[2021-09-05 23:10:25][I]:IDEXBUSD trigerd
[2021-09-05 23:10:40][I]:IDEXBUSD trigerd
[2021-09-05 23:11:10][I]:IDEXBUSD trigerd
[2021-09-05 23:11:24][I]:IDEXBUSD trigerd
[2021-09-05 23:11:39][I]:IDEXBUSD trigerd
[2021-09-05 23:11:54][I]:IDEXBUSD trigerd
[2021-09-05 23:12:09][I]:IDEXBUSD trigerd
[2021-09-05 23:12:44][I]:FISBUSD trigerd
[2021-09-05 23:13:08][I]:IDEXBUSD trigerd
[2021-09-05 23:13:15][I]:FISBUSD trigerd
[2021-09-05 23:13:30][I]:FISBUSD trigerd
[2021-09-05 23:13:45][I]:FISBUSD trigerd
[2021-09-05 23:14:14][I]:FISBUSD trigerd
[2021-09-05 23:14:28][I]:FISBUSD trigerd
[2021-09-05 23:14:44][I]:FISBUSD trigerd
[2021-09-05 23:14:59][I]:FISBUSD trigerd
[2021-09-05 23:18:04][I]:IDEXBUSD trigerd
[2021-09-05 23:19:28][I]:IDEXBUSD trigerd
[2021-09-05 23:19:42][I]:IDEXBUSD trigerd
[2021-09-05 23:19:56][I]:IDEXBUSD trigerd
[2021-09-05 23:21:54][I]:ROSEBUSD trigerd
[2021-09-05 23:22:21][I]:ROSEBUSD trigerd
[2021-09-05 23:22:35][I]:ROSEBUSD trigerd
[2021-09-05 23:22:49][I]:ROSEBUSD trigerd
[2021-09-05 23:24:13][I]:QTUMBUSD trigerd
[2021-09-05 23:24:19][I]:RAMPBUSD trigerd
[2021-09-05 23:24:29][I]:ROSEBUSD trigerd
[2021-09-05 23:24:33][I]:QTUMBUSD trigerd
[2021-09-05 23:24:37][I]:RAMPBUSD trigerd
[2021-09-05 23:24:48][I]:ROSEBUSD trigerd
[2021-09-05 23:24:51][I]:QTUMBUSD trigerd
[2021-09-05 23:24:58][I]:RAMPBUSD trigerd
[2021-09-05 23:26:19][I]:RAMPBUSD trigerd
[2021-09-05 23:26:37][I]:RAMPBUSD trigerd
[2021-09-05 23:26:52][I]:RAMPBUSD trigerd
[2021-09-05 23:27:04][I]:ROSEBUSD trigerd
[2021-09-05 23:27:20][I]:ROSEBUSD trigerd
[2021-09-05 23:27:35][I]:ROSEBUSD trigerd
[2021-09-05 23:27:50][I]:ROSEBUSD trigerd
[2021-09-05 23:28:10][I]:RAMPBUSD trigerd
[2021-09-05 23:28:25][I]:RAMPBUSD trigerd
[2021-09-05 23:28:40][I]:RAMPBUSD trigerd
[2021-09-05 23:28:57][I]:RAMPBUSD trigerd
[2021-09-05 23:29:14][I]:RAMPBUSD trigerd
[2021-09-05 23:29:29][I]:RAMPBUSD trigerd
[2021-09-05 23:29:44][I]:ROSEBUSD trigerd
[2021-09-05 23:29:59][I]:QNTBUSD trigerd
[2021-09-05 23:30:03][I]:ROSEBUSD trigerd
[2021-09-05 23:33:14][I]:QNTBUSD trigerd
[2021-09-05 23:33:42][I]:QNTBUSD trigerd
[2021-09-05 23:36:08][I]:SWRVBUSD trigerd
[2021-09-05 23:36:24][I]:SWRVBUSD trigerd
[2021-09-05 23:36:36][I]:SWRVBUSD trigerd
[2021-09-05 23:36:53][I]:SWRVBUSD trigerd
[2021-09-05 23:37:15][I]:SWRVBUSD trigerd
[2021-09-05 23:37:27][I]:SWRVBUSD trigerd
[2021-09-05 23:37:41][I]:SWRVBUSD trigerd
[2021-09-05 23:37:55][I]:SWRVBUSD trigerd
[2021-09-05 23:38:09][I]:SWRVBUSD trigerd
[2021-09-05 23:38:37][I]:SWRVBUSD trigerd
[2021-09-05 23:42:18][I]:SWRVBUSD trigerd
[2021-09-05 23:43:40][I]:SWRVBUSD trigerd
[2021-09-05 23:44:10][I]:SWRVBUSD trigerd
[2021-09-05 23:57:24][I]:IDEXBUSD trigerd
[2021-09-05 23:57:56][I]:IDEXBUSD trigerd
[2021-09-05 23:58:24][I]:IDEXBUSD trigerd
[2021-09-05 23:58:59][I]:FILBUSD trigerd
[2021-09-05 23:59:28][I]:FILBUSD trigerd
[2021-09-05 23:59:55][I]:FILBUSD trigerd
