[2021-08-29 00:01:23][I]:ARBUSD trigerd
[2021-08-29 00:03:06][I]:LUNABUSD trigerd
[2021-08-29 00:03:41][I]:ARBUSD trigerd
[2021-08-29 00:04:16][I]:LUNABUSD trigerd
[2021-08-29 00:04:52][I]:ARBUSD trigerd
[2021-08-29 00:10:52][I]:ARBUSD trigerd
[2021-08-29 00:11:44][I]:ARBUSD trigerd
[2021-08-29 00:13:11][I]:ARBUSD trigerd
[2021-08-29 00:14:51][I]:ARBUSD trigerd
[2021-08-29 00:17:01][I]:EPSBUSD trigerd
[2021-08-29 00:17:42][I]:EPSBUSD trigerd
[2021-08-29 00:18:59][I]:EPSBUSD trigerd
[2021-08-29 00:19:29][I]:EPSBUSD trigerd
[2021-08-29 00:19:56][I]:AUDIOBUSD trigerd
[2021-08-29 00:23:07][I]:AUDIOBUSD trigerd
[2021-08-29 00:23:55][I]:AUDIOBUSD trigerd
[2021-08-29 00:27:57][I]:EPSBUSD trigerd
[2021-08-29 00:29:19][I]:EPSBUSD trigerd
[2021-08-29 00:33:20][I]:FARMBUSD trigerd
[2021-08-29 00:34:23][I]:FARMBUSD trigerd
[2021-08-29 00:45:38][I]:RAYBUSD trigerd
[2021-08-29 00:46:39][I]:RAYBUSD trigerd
[2021-08-29 00:47:42][I]:RAYBUSD trigerd
[2021-08-29 00:48:44][I]:XECBUSD trigerd
[2021-08-29 00:49:47][I]:XECBUSD trigerd
[2021-08-29 00:56:43][I]:GTCBUSD trigerd
[2021-08-29 00:59:51][I]:GTCBUSD trigerd
[2021-08-29 01:01:19][I]:ARBUSD trigerd
[2021-08-29 01:02:42][I]:ARBUSD trigerd
[2021-08-29 01:03:43][I]:ARBUSD trigerd
[2021-08-29 01:04:32][I]:RAYBUSD trigerd
[2021-08-29 01:06:14][I]:RAYBUSD trigerd
[2021-08-29 01:14:51][I]:ARBUSD trigerd
[2021-08-29 01:32:25][I]:GTCBUSD trigerd
[2021-08-29 01:33:23][I]:GTCBUSD trigerd
[2021-08-29 01:34:50][I]:GTCBUSD trigerd
[2021-08-29 01:37:54][I]:XECBUSD trigerd
[2021-08-29 01:42:28][I]:XECBUSD trigerd
[2021-08-29 01:47:25][I]:FARMBUSD trigerd
[2021-08-29 01:48:26][I]:FARMBUSD trigerd
[2021-08-29 01:49:27][I]:FARMBUSD trigerd
[2021-08-29 02:07:50][I]:ARBUSD trigerd
[2021-08-29 02:29:45][I]:FARMBUSD trigerd
[2021-08-29 02:39:10][I]:FARMBUSD trigerd
[2021-08-29 02:51:50][I]:ARBUSD trigerd
[2021-08-29 02:54:17][I]:ARBUSD trigerd
[2021-08-29 02:54:56][I]:ARBUSD trigerd
[2021-08-29 03:06:59][I]:ATABUSD trigerd
[2021-08-29 03:07:23][I]:ATABUSD trigerd
[2021-08-29 03:29:05][I]:LRCBUSD trigerd
[2021-08-29 03:42:27][I]:FARMBUSD trigerd
[2021-08-29 03:43:28][I]:FARMBUSD trigerd
[2021-08-29 03:55:38][I]:XECBUSD trigerd
[2021-08-29 03:56:51][I]:XECBUSD trigerd
[2021-08-29 03:57:32][I]:XECBUSD trigerd
[2021-08-29 03:58:13][I]:XECBUSD trigerd
[2021-08-29 03:59:13][I]:XECBUSD trigerd
[2021-08-29 04:00:52][I]:XECBUSD trigerd
[2021-08-29 04:01:12][I]:XECBUSD trigerd
[2021-08-29 04:03:26][I]:XECBUSD trigerd
[2021-08-29 04:03:48][I]:XECBUSD trigerd
[2021-08-29 04:04:28][I]:XECBUSD trigerd
[2021-08-29 04:11:55][I]:FARMBUSD trigerd
[2021-08-29 04:12:32][I]:FARMBUSD trigerd
[2021-08-29 04:15:48][I]:XECBUSD trigerd
[2021-08-29 04:16:28][I]:XECBUSD trigerd
[2021-08-29 04:18:00][I]:XECBUSD trigerd
[2021-08-29 04:19:16][I]:XECBUSD trigerd
[2021-08-29 04:19:56][I]:XECBUSD trigerd
[2021-08-29 04:22:57][I]:FARMBUSD trigerd
[2021-08-29 04:23:17][I]:FARMBUSD trigerd
[2021-08-29 04:23:22][I]:EPSBUSD trigerd
[2021-08-29 04:24:00][I]:FARMBUSD trigerd
[2021-08-29 04:24:26][I]:EPSBUSD trigerd
[2021-08-29 04:30:33][I]:XECBUSD trigerd
[2021-08-29 04:31:14][I]:XECBUSD trigerd
[2021-08-29 04:34:39][I]:EPSBUSD trigerd
[2021-08-29 04:35:40][I]:GTCBUSD trigerd
[2021-08-29 04:38:10][I]:XECBUSD trigerd
[2021-08-29 04:39:40][I]:FARMBUSD trigerd
[2021-08-29 04:43:04][I]:XECBUSD trigerd
[2021-08-29 04:44:22][I]:XECBUSD trigerd
[2021-08-29 05:01:51][I]:XECBUSD trigerd
[2021-08-29 05:05:45][I]:XECBUSD trigerd
[2021-08-29 05:15:39][I]:GTCBUSD trigerd
[2021-08-29 05:17:03][I]:GTCBUSD trigerd
[2021-08-29 05:18:16][I]:XECBUSD trigerd
[2021-08-29 05:19:21][I]:GTCBUSD trigerd
[2021-08-29 05:19:45][I]:GTCBUSD trigerd
[2021-08-29 05:37:29][I]:XECBUSD trigerd
[2021-08-29 05:37:49][I]:XECBUSD trigerd
[2021-08-29 05:39:15][I]:XECBUSD trigerd
[2021-08-29 06:12:24][I]:TLMBUSD trigerd
[2021-08-29 06:12:29][I]:WINBUSD trigerd
[2021-08-29 06:13:14][I]:WINBUSD trigerd
[2021-08-29 06:13:54][I]:WINBUSD trigerd
[2021-08-29 06:14:36][I]:WINBUSD trigerd
[2021-08-29 06:17:11][I]:WINBUSD trigerd
[2021-08-29 06:17:55][I]:WINBUSD trigerd
[2021-08-29 06:19:26][I]:WINBUSD trigerd
[2021-08-29 06:23:54][I]:HOTBUSD trigerd
[2021-08-29 06:24:35][I]:HOTBUSD trigerd
[2021-08-29 06:28:38][I]:WINBUSD trigerd
[2021-08-29 06:31:09][I]:WINBUSD trigerd
[2021-08-29 06:34:24][I]:CHRBUSD trigerd
[2021-08-29 06:44:53][I]:FARMBUSD trigerd
[2021-08-29 06:58:58][I]:ARBUSD trigerd
[2021-08-29 06:59:41][I]:BTGBUSD trigerd
[2021-08-29 07:02:46][I]:XECBUSD trigerd
[2021-08-29 07:26:03][I]:GTCBUSD trigerd
[2021-08-29 07:26:43][I]:GTCBUSD trigerd
[2021-08-29 07:27:21][I]:GTCBUSD trigerd
[2021-08-29 07:27:39][I]:GTCBUSD trigerd
[2021-08-29 07:28:18][I]:GTCBUSD trigerd
[2021-08-29 07:28:36][I]:XECBUSD trigerd
[2021-08-29 07:29:18][I]:XECBUSD trigerd
[2021-08-29 07:31:18][I]:GTCBUSD trigerd
[2021-08-29 07:31:59][I]:GTCBUSD trigerd
[2021-08-29 07:32:39][I]:GTCBUSD trigerd
[2021-08-29 07:35:58][I]:GTCBUSD trigerd
[2021-08-29 07:39:02][I]:CHRBUSD trigerd
[2021-08-29 07:39:40][I]:CHRBUSD trigerd
[2021-08-29 07:41:41][I]:ARBUSD trigerd
[2021-08-29 07:42:26][I]:ARBUSD trigerd
[2021-08-29 07:43:10][I]:ARBUSD trigerd
[2021-08-29 07:44:58][I]:ARBUSD trigerd
[2021-08-29 07:51:33][I]:WINBUSD trigerd
[2021-08-29 07:53:20][I]:WINBUSD trigerd
[2021-08-29 08:03:14][I]:RAYBUSD trigerd
[2021-08-29 08:04:18][I]:RAYBUSD trigerd
[2021-08-29 08:05:00][I]:RAYBUSD trigerd
[2021-08-29 08:05:50][I]:NEARBUSD trigerd
[2021-08-29 08:07:08][I]:BTGBUSD trigerd
[2021-08-29 08:08:09][I]:BTGBUSD trigerd
[2021-08-29 08:12:26][I]:BTGBUSD trigerd
[2021-08-29 08:13:24][I]:BTGBUSD trigerd
[2021-08-29 08:14:15][I]:BTGBUSD trigerd
[2021-08-29 08:16:42][I]:BTGBUSD trigerd
[2021-08-29 08:19:13][I]:XECBUSD trigerd
[2021-08-29 08:20:45][I]:XECBUSD trigerd
[2021-08-29 08:21:46][I]:XECBUSD trigerd
[2021-08-29 08:22:46][I]:XECBUSD trigerd
[2021-08-29 08:33:41][I]:XECBUSD trigerd
[2021-08-29 08:34:53][I]:XECBUSD trigerd
[2021-08-29 08:38:24][I]:EPSBUSD trigerd
[2021-08-29 08:48:00][I]:ARBUSD trigerd
[2021-08-29 08:48:40][I]:ARBUSD trigerd
[2021-08-29 08:49:20][I]:ARBUSD trigerd
[2021-08-29 08:49:59][I]:ARBUSD trigerd
[2021-08-29 08:55:30][I]:BTGBUSD trigerd
[2021-08-29 08:56:27][I]:BTGBUSD trigerd
[2021-08-29 08:58:10][I]:BTGBUSD trigerd
[2021-08-29 09:01:51][I]:GTCBUSD trigerd
[2021-08-29 09:03:04][I]:GTCBUSD trigerd
[2021-08-29 09:03:24][I]:GTCBUSD trigerd
[2021-08-29 09:13:41][I]:EPSBUSD trigerd
[2021-08-29 09:22:48][I]:BTGBUSD trigerd
[2021-08-29 09:23:26][I]:RAYBUSD trigerd
[2021-08-29 09:23:52][I]:BTGBUSD trigerd
[2021-08-29 09:24:29][I]:RAYBUSD trigerd
[2021-08-29 09:28:25][I]:RAYBUSD trigerd
[2021-08-29 09:33:28][I]:XECBUSD trigerd
[2021-08-29 09:36:39][I]:XECBUSD trigerd
[2021-08-29 09:38:56][I]:FARMBUSD trigerd
[2021-08-29 09:39:36][I]:FARMBUSD trigerd
[2021-08-29 09:40:47][I]:XECBUSD trigerd
[2021-08-29 09:48:44][I]:FARMBUSD trigerd
[2021-08-29 09:49:27][I]:FARMBUSD trigerd
[2021-08-29 10:24:51][I]:BTGBUSD trigerd
[2021-08-29 10:30:00][I]:BTGBUSD trigerd
[2021-08-29 10:33:19][I]:CHRBUSD trigerd
[2021-08-29 10:33:59][I]:CHRBUSD trigerd
[2021-08-29 10:38:56][I]:XECBUSD trigerd
[2021-08-29 10:39:36][I]:XECBUSD trigerd
[2021-08-29 10:48:22][I]:BTGBUSD trigerd
[2021-08-29 10:49:19][I]:BTGBUSD trigerd
[2021-08-29 10:49:56][I]:XECBUSD trigerd
[2021-08-29 10:50:32][I]:XECBUSD trigerd
[2021-08-29 10:53:14][I]:XECBUSD trigerd
[2021-08-29 10:53:37][I]:XECBUSD trigerd
[2021-08-29 11:01:33][I]:BTGBUSD trigerd
[2021-08-29 11:03:58][I]:BTGBUSD trigerd
[2021-08-29 11:04:36][I]:BTGBUSD trigerd
[2021-08-29 11:06:10][I]:BTGBUSD trigerd
[2021-08-29 11:07:03][I]:BTGBUSD trigerd
[2021-08-29 11:07:55][I]:BTGBUSD trigerd
[2021-08-29 11:09:31][I]:BTGBUSD trigerd
[2021-08-29 11:09:48][I]:BTGBUSD trigerd
[2021-08-29 11:14:54][I]:XECBUSD trigerd
[2021-08-29 11:18:55][I]:XECBUSD trigerd
[2021-08-29 11:34:22][I]:XECBUSD trigerd
[2021-08-29 11:35:33][I]:XECBUSD trigerd
[2021-08-29 11:39:20][I]:XECBUSD trigerd
[2021-08-29 11:43:06][I]:XECBUSD trigerd
[2021-08-29 11:43:49][I]:XECBUSD trigerd
[2021-08-29 11:44:31][I]:XECBUSD trigerd
[2021-08-29 11:45:34][I]:XECBUSD trigerd
[2021-08-29 11:47:15][I]:XECBUSD trigerd
[2021-08-29 11:47:55][I]:XECBUSD trigerd
[2021-08-29 11:51:24][I]:UTKBUSD trigerd
[2021-08-29 11:52:03][I]:UTKBUSD trigerd
[2021-08-29 11:53:40][I]:FARMBUSD trigerd
[2021-08-29 11:53:59][I]:FARMBUSD trigerd
[2021-08-29 11:54:37][I]:FARMBUSD trigerd
[2021-08-29 12:14:28][I]:PONDBUSD trigerd
[2021-08-29 12:17:27][I]:PONDBUSD trigerd
[2021-08-29 12:19:23][I]:GTCBUSD trigerd
[2021-08-29 12:24:05][I]:EPSBUSD trigerd
[2021-08-29 12:27:19][I]:PONDBUSD trigerd
[2021-08-29 12:28:59][I]:ARBUSD trigerd
[2021-08-29 12:29:26][I]:PONDBUSD trigerd
[2021-08-29 12:33:24][I]:XECBUSD trigerd
[2021-08-29 12:34:17][I]:SANDBUSD trigerd
[2021-08-29 12:35:24][I]:XECBUSD trigerd
[2021-08-29 12:36:40][I]:XECBUSD trigerd
[2021-08-29 12:37:40][I]:XECBUSD trigerd
[2021-08-29 12:38:40][I]:XECBUSD trigerd
[2021-08-29 12:39:33][I]:SANDBUSD trigerd
[2021-08-29 12:54:30][I]:LRCBUSD trigerd
[2021-08-29 12:56:45][I]:EPSBUSD trigerd
[2021-08-29 12:58:02][I]:EPSBUSD trigerd
[2021-08-29 12:59:37][I]:EPSBUSD trigerd
[2021-08-29 13:02:29][I]:LRCBUSD trigerd
[2021-08-29 13:06:48][I]:CHRBUSD trigerd
[2021-08-29 13:08:19][I]:CHRBUSD trigerd
[2021-08-29 13:12:45][I]:LRCBUSD trigerd
[2021-08-29 13:14:01][I]:LRCBUSD trigerd
[2021-08-29 13:15:02][I]:LRCBUSD trigerd
[2021-08-29 13:18:15][I]:GTCBUSD trigerd
[2021-08-29 13:19:15][I]:GTCBUSD trigerd
[2021-08-29 13:23:29][I]:SANDBUSD trigerd
[2021-08-29 13:24:25][I]:XECBUSD trigerd
[2021-08-29 13:31:37][I]:GTCBUSD trigerd
[2021-08-29 13:32:16][I]:GTCBUSD trigerd
[2021-08-29 13:33:16][I]:GTCBUSD trigerd
[2021-08-29 13:34:30][I]:GTCBUSD trigerd
[2021-08-29 13:36:54][I]:SANDBUSD trigerd
[2021-08-29 13:38:38][I]:SANDBUSD trigerd
[2021-08-29 13:39:39][I]:SANDBUSD trigerd
[2021-08-29 13:48:17][I]:XTZBUSD trigerd
[2021-08-29 13:49:41][I]:XECBUSD trigerd
[2021-08-29 13:51:00][I]:XECBUSD trigerd
[2021-08-29 13:52:13][I]:XECBUSD trigerd
[2021-08-29 13:53:47][I]:XECBUSD trigerd
[2021-08-29 13:54:15][I]:XTZBUSD trigerd
[2021-08-29 13:54:49][I]:XECBUSD trigerd
[2021-08-29 13:57:26][I]:XECBUSD trigerd
[2021-08-29 13:58:27][I]:XECBUSD trigerd
[2021-08-29 14:00:53][I]:XECBUSD trigerd
[2021-08-29 14:02:22][I]:XECBUSD trigerd
[2021-08-29 14:04:21][I]:XECBUSD trigerd
[2021-08-29 14:04:41][I]:XECBUSD trigerd
[2021-08-29 14:09:15][I]:FARMBUSD trigerd
[2021-08-29 14:09:51][I]:FARMBUSD trigerd
[2021-08-29 14:13:09][I]:XECBUSD trigerd
[2021-08-29 14:13:52][I]:XECBUSD trigerd
[2021-08-29 14:15:00][I]:AUDIOBUSD trigerd
[2021-08-29 14:27:38][I]:AUDIOBUSD trigerd
[2021-08-29 14:28:16][I]:SANDBUSD trigerd
[2021-08-29 14:32:45][I]:GTCBUSD trigerd
[2021-08-29 14:33:05][I]:GTCBUSD trigerd
[2021-08-29 14:34:33][I]:GTCBUSD trigerd
[2021-08-29 14:35:00][I]:ARBUSD trigerd
[2021-08-29 14:36:15][I]:LRCBUSD trigerd
[2021-08-29 14:42:30][I]:LRCBUSD trigerd
[2021-08-29 14:43:42][I]:LRCBUSD trigerd
[2021-08-29 14:49:01][I]:XECBUSD trigerd
[2021-08-29 14:56:46][I]:EPSBUSD trigerd
[2021-08-29 14:57:21][I]:AVABUSD trigerd
[2021-08-29 14:58:01][I]:AVABUSD trigerd
[2021-08-29 14:58:45][I]:AVABUSD trigerd
[2021-08-29 15:03:20][I]:XECBUSD trigerd
[2021-08-29 15:04:41][I]:AUDIOBUSD trigerd
[2021-08-29 15:09:31][I]:GTCBUSD trigerd
[2021-08-29 15:16:53][I]:XECBUSD trigerd
[2021-08-29 15:17:55][I]:XECBUSD trigerd
[2021-08-29 15:18:57][I]:XECBUSD trigerd
[2021-08-29 15:20:00][I]:XECBUSD trigerd
[2021-08-29 15:28:12][I]:XECBUSD trigerd
[2021-08-29 15:29:38][I]:WINBUSD trigerd
[2021-08-29 15:34:11][I]:WINBUSD trigerd
[2021-08-29 15:41:52][I]:WINBUSD trigerd
[2021-08-29 15:43:06][I]:WINBUSD trigerd
[2021-08-29 15:44:06][I]:WINBUSD trigerd
[2021-08-29 15:54:23][I]:XECBUSD trigerd
[2021-08-29 15:55:24][I]:XECBUSD trigerd
[2021-08-29 15:56:57][I]:XECBUSD trigerd
[2021-08-29 15:59:31][I]:XECBUSD trigerd
[2021-08-29 16:09:09][I]:DEGOBUSD trigerd
[2021-08-29 16:11:09][I]:DEGOBUSD trigerd
[2021-08-29 16:12:11][I]:DEGOBUSD trigerd
[2021-08-29 16:13:13][I]:DEGOBUSD trigerd
[2021-08-29 16:14:21][I]:DEGOBUSD trigerd
[2021-08-29 16:19:15][I]:XECBUSD trigerd
[2021-08-29 16:25:39][I]:XECBUSD trigerd
[2021-08-29 16:27:26][I]:XECBUSD trigerd
[2021-08-29 16:39:06][I]:ARBUSD trigerd
[2021-08-29 17:10:39][I]:SANDBUSD trigerd
[2021-08-29 17:12:41][I]:SANDBUSD trigerd
[2021-08-29 17:13:41][I]:SANDBUSD trigerd
[2021-08-29 17:14:42][I]:SANDBUSD trigerd
[2021-08-29 17:19:44][I]:LRCBUSD trigerd
[2021-08-29 17:24:35][I]:SANDBUSD trigerd
[2021-08-29 17:31:14][I]:XECBUSD trigerd
[2021-08-29 17:32:19][I]:NEARBUSD trigerd
[2021-08-29 17:33:16][I]:XECBUSD trigerd
[2021-08-29 17:34:24][I]:XECBUSD trigerd
[2021-08-29 17:44:24][I]:XTZBUSD trigerd
[2021-08-29 17:49:51][I]:CHRBUSD trigerd
[2021-08-29 17:56:19][I]:DEGOBUSD trigerd
[2021-08-29 17:58:11][I]:GTCBUSD trigerd
[2021-08-29 17:59:18][I]:XTZBUSD trigerd
[2021-08-29 18:08:16][I]:LRCBUSD trigerd
[2021-08-29 18:18:32][I]:XECBUSD trigerd
[2021-08-29 18:19:30][I]:XECBUSD trigerd
[2021-08-29 18:28:29][I]:LRCBUSD trigerd
[2021-08-29 18:36:16][I]:LRCBUSD trigerd
[2021-08-29 18:36:54][I]:LRCBUSD trigerd
[2021-08-29 18:37:52][I]:LRCBUSD trigerd
[2021-08-29 18:38:30][I]:LRCBUSD trigerd
[2021-08-29 18:48:05][I]:XECBUSD trigerd
[2021-08-29 18:48:26][I]:XECBUSD trigerd
[2021-08-29 18:52:32][I]:CHRBUSD trigerd
[2021-08-29 18:54:19][I]:XECBUSD trigerd
[2021-08-29 19:04:59][I]:XECBUSD trigerd
[2021-08-29 19:16:59][I]:XECBUSD trigerd
[2021-08-29 19:17:38][I]:XECBUSD trigerd
[2021-08-29 19:19:21][I]:XECBUSD trigerd
[2021-08-29 19:32:15][I]:AVABUSD trigerd
[2021-08-29 19:32:51][I]:AVABUSD trigerd
[2021-08-29 19:33:27][I]:AVABUSD trigerd
[2021-08-29 19:34:04][I]:AVABUSD trigerd
[2021-08-29 19:34:43][I]:AVABUSD trigerd
[2021-08-29 19:36:24][I]:AVABUSD trigerd
[2021-08-29 19:42:41][I]:LRCBUSD trigerd
[2021-08-29 19:49:17][I]:SKLBUSD trigerd
[2021-08-29 19:49:55][I]:SKLBUSD trigerd
[2021-08-29 19:52:51][I]:SKLBUSD trigerd
[2021-08-29 19:53:54][I]:CHRBUSD trigerd
[2021-08-29 19:54:33][I]:SKLBUSD trigerd
[2021-08-29 20:02:34][I]:AVABUSD trigerd
[2021-08-29 20:03:13][I]:AVABUSD trigerd
[2021-08-29 20:03:50][I]:AVABUSD trigerd
[2021-08-29 20:04:27][I]:AVABUSD trigerd
[2021-08-29 20:06:17][I]:XECBUSD trigerd
[2021-08-29 20:07:22][I]:XECBUSD trigerd
[2021-08-29 20:07:50][I]:SANDBUSD trigerd
[2021-08-29 20:09:17][I]:SANDBUSD trigerd
[2021-08-29 20:10:52][I]:AVABUSD trigerd
[2021-08-29 20:11:29][I]:AVABUSD trigerd
[2021-08-29 20:12:20][I]:AVABUSD trigerd
[2021-08-29 20:12:56][I]:AVABUSD trigerd
[2021-08-29 20:13:32][I]:AVABUSD trigerd
[2021-08-29 20:14:28][I]:AVABUSD trigerd
[2021-08-29 20:22:15][I]:AVABUSD trigerd
[2021-08-29 20:23:15][I]:AVABUSD trigerd
[2021-08-29 20:31:43][I]:AVABUSD trigerd
[2021-08-29 20:34:25][I]:SANDBUSD trigerd
[2021-08-29 20:44:34][I]:AVABUSD trigerd
[2021-08-29 20:52:54][I]:ALPACABUSD trigerd
[2021-08-29 20:57:22][I]:ENJBUSD trigerd
[2021-08-29 20:58:31][I]:ENJBUSD trigerd
[2021-08-29 20:59:28][I]:ENJBUSD trigerd
[2021-08-29 21:03:32][I]:DEGOBUSD trigerd
[2021-08-29 21:04:29][I]:DEGOBUSD trigerd
[2021-08-29 21:07:55][I]:ALPACABUSD trigerd
[2021-08-29 21:08:33][I]:ALPACABUSD trigerd
[2021-08-29 21:09:23][I]:ALPACABUSD trigerd
[2021-08-29 21:21:00][I]:STMXBUSD trigerd
[2021-08-29 21:21:59][I]:STMXBUSD trigerd
[2021-08-29 21:23:12][I]:STMXBUSD trigerd
[2021-08-29 21:24:07][I]:STMXBUSD trigerd
[2021-08-29 21:29:20][I]:XECBUSD trigerd
[2021-08-29 21:56:42][I]:FLOWBUSD trigerd
[2021-08-29 22:02:21][I]:STMXBUSD trigerd
[2021-08-29 22:12:11][I]:FLOWBUSD trigerd
[2021-08-29 22:12:48][I]:FLOWBUSD trigerd
[2021-08-29 22:13:44][I]:FLOWBUSD trigerd
[2021-08-29 22:14:47][I]:FLOWBUSD trigerd
[2021-08-29 22:21:40][I]:FLOWBUSD trigerd
[2021-08-29 22:22:28][I]:FLOWBUSD trigerd
[2021-08-29 22:24:58][I]:ARBUSD trigerd
[2021-08-29 22:26:46][I]:CTSIBUSD trigerd
[2021-08-29 22:27:22][I]:CTSIBUSD trigerd
[2021-08-29 22:27:57][I]:CTSIBUSD trigerd
[2021-08-29 22:29:11][I]:CTSIBUSD trigerd
[2021-08-29 22:29:44][I]:CTSIBUSD trigerd
[2021-08-29 22:31:53][I]:CTSIBUSD trigerd
[2021-08-29 22:33:07][I]:CTSIBUSD trigerd
[2021-08-29 22:34:36][I]:ALPACABUSD trigerd
[2021-08-29 22:37:30][I]:TLMBUSD trigerd
[2021-08-29 22:39:39][I]:TLMBUSD trigerd
[2021-08-29 22:47:30][I]:XECBUSD trigerd
[2021-08-29 22:48:27][I]:XECBUSD trigerd
[2021-08-29 22:51:40][I]:XECBUSD trigerd
[2021-08-29 22:53:09][I]:XECBUSD trigerd
[2021-08-29 22:54:24][I]:XECBUSD trigerd
[2021-08-29 23:03:27][I]:XECBUSD trigerd
[2021-08-29 23:04:42][I]:XECBUSD trigerd
[2021-08-29 23:21:49][I]:CLVBUSD trigerd
[2021-08-29 23:23:59][I]:CLVBUSD trigerd
[2021-08-29 23:24:58][I]:CLVBUSD trigerd
[2021-08-29 23:39:01][I]:DOCKBUSD trigerd
[2021-08-29 23:41:17][I]:SANDBUSD trigerd
[2021-08-29 23:46:33][I]:XECBUSD trigerd
[2021-08-29 23:53:42][I]:STMXBUSD trigerd
[2021-08-29 23:54:58][I]:STMXBUSD trigerd
