[2021-09-16 00:13:05][I]:价格还未上升进入 波切区间... 
[2021-09-16 00:13:14][I]:价格还未上升进入 波切区间... 
[2021-09-16 00:13:38][I]:价格还未上升进入 波切区间... 
[2021-09-16 00:15:05][I]:价格还未上升进入 波切区间... 
[2021-09-16 00:19:27][I]:FORBUSD trigerd
[2021-09-16 00:19:28][I]:价格还未上升进入 波切区间... 
[2021-09-16 00:19:44][I]:FORBUSD trigerd
[2021-09-16 00:19:45][I]:价格还未上升进入 波切区间... 
[2021-09-16 00:38:45][I]:ACMBUSD trigerd
[2021-09-16 00:38:46][I]:价格上升至非波那契回区间 
[2021-09-16 00:42:50][I]:ACMBUSD trigerd
[2021-09-16 00:42:51][I]:价格上升至非波那契回区间 
[2021-09-16 01:05:40][I]:ACMBUSD trigerd
[2021-09-16 01:05:40][I]:价格上升至非波那契回区间 
[2021-09-16 01:05:56][I]:ACMBUSD trigerd
[2021-09-16 01:05:57][I]:价格上升至非波那契回区间 
[2021-09-16 01:06:41][I]:ACMBUSD trigerd
[2021-09-16 01:06:42][I]:价格上升至非波那契回区间 
[2021-09-16 01:06:58][I]:ACMBUSD trigerd
[2021-09-16 01:06:59][I]:价格上升至非波那契回区间 
[2021-09-16 01:08:21][I]:ACMBUSD trigerd
[2021-09-16 01:08:22][I]:价格上升至非波那契回区间 
[2021-09-16 01:08:42][I]:ACMBUSD trigerd
[2021-09-16 01:08:43][I]:价格上升至非波那契回区间 
[2021-09-16 01:09:01][I]:ACMBUSD trigerd
[2021-09-16 01:09:03][I]:价格上升至非波那契回区间 
[2021-09-16 01:09:22][I]:ACMBUSD trigerd
[2021-09-16 01:09:23][I]:价格上升至非波那契回区间 
[2021-09-16 01:09:41][I]:ACMBUSD trigerd
[2021-09-16 01:09:42][I]:价格上升至非波那契回区间 
[2021-09-16 01:10:22][I]:ACMBUSD trigerd
[2021-09-16 01:10:23][I]:价格上升至非波那契回区间 
[2021-09-16 01:10:52][I]:ACMBUSD trigerd
[2021-09-16 01:10:54][I]:价格上升至非波那契回区间 
[2021-09-16 01:11:12][I]:ACMBUSD trigerd
[2021-09-16 01:11:13][I]:价格上升至非波那契回区间 
[2021-09-16 01:11:29][I]:ACMBUSD trigerd
[2021-09-16 01:11:30][I]:价格上升至非波那契回区间 
[2021-09-16 01:33:20][I]:JUVBUSD trigerd
[2021-09-16 01:33:21][I]:价格还未上升进入 波切区间... 
[2021-09-16 01:33:33][I]:JUVBUSD trigerd
[2021-09-16 01:33:34][I]:价格还未上升进入 波切区间... 
[2021-09-16 01:34:05][I]:JUVBUSD trigerd
[2021-09-16 01:34:06][I]:价格还未上升进入 波切区间... 
[2021-09-16 01:34:17][I]:JUVBUSD trigerd
[2021-09-16 01:34:18][I]:价格还未上升进入 波切区间... 
[2021-09-16 01:34:46][I]:JUVBUSD trigerd
[2021-09-16 01:34:47][I]:价格还未上升进入 波切区间... 
[2021-09-16 01:35:00][I]:JUVBUSD trigerd
[2021-09-16 01:35:00][I]:价格还未上升进入 波切区间... 
[2021-09-16 01:40:45][I]:JUVBUSD trigerd
[2021-09-16 01:40:46][I]:价格还未上升进入 波切区间... 
[2021-09-16 01:41:16][I]:JUVBUSD trigerd
[2021-09-16 01:41:17][I]:价格还未上升进入 波切区间... 
[2021-09-16 01:41:29][I]:JUVBUSD trigerd
[2021-09-16 01:41:30][I]:价格还未上升进入 波切区间... 
[2021-09-16 01:42:00][I]:JUVBUSD trigerd
[2021-09-16 01:42:01][I]:价格还未上升进入 波切区间... 
[2021-09-16 01:42:31][I]:JUVBUSD trigerd
[2021-09-16 01:42:32][I]:价格还未上升进入 波切区间... 
[2021-09-16 01:43:01][I]:JUVBUSD trigerd
[2021-09-16 01:43:02][I]:价格上升至非波那契回区间 
[2021-09-16 01:43:18][I]:JUVBUSD trigerd
[2021-09-16 01:43:19][I]:价格上升至非波那契回区间 
[2021-09-16 01:43:35][I]:JUVBUSD trigerd
[2021-09-16 01:43:36][I]:价格上升至非波那契回区间 
[2021-09-16 01:43:51][I]:JUVBUSD trigerd
[2021-09-16 01:43:52][I]:价格上升至非波那契回区间 
[2021-09-16 01:44:55][I]:JUVBUSD trigerd
[2021-09-16 01:44:56][I]:价格还未上升进入 波切区间... 
[2021-09-16 01:47:54][I]:FORBUSD trigerd
[2021-09-16 01:47:55][I]:价格还未上升进入 波切区间... 
[2021-09-16 01:48:26][I]:FORBUSD trigerd
[2021-09-16 01:48:27][I]:价格还未上升进入 波切区间... 
[2021-09-16 02:03:11][I]:FORBUSD trigerd
[2021-09-16 02:03:12][I]:未进入 波切区间... 
[2021-09-16 02:03:42][I]:FORBUSD trigerd
[2021-09-16 02:03:43][I]:价格上升至非波那契回区间 
[2021-09-16 02:03:59][I]:FORBUSD trigerd
[2021-09-16 02:04:00][I]:价格上升至非波那契回区间 
[2021-09-16 02:04:15][I]:FORBUSD trigerd
[2021-09-16 02:04:16][I]:价格上升至非波那契回区间 
[2021-09-16 02:04:31][I]:FORBUSD trigerd
[2021-09-16 02:04:32][I]:价格上升至非波那契回区间 
[2021-09-16 02:12:13][I]:FORBUSD trigerd
[2021-09-16 02:12:14][I]:价格上升至非波那契回区间 
[2021-09-16 02:12:30][I]:FORBUSD trigerd
[2021-09-16 02:12:31][I]:价格上升至非波那契回区间 
[2021-09-16 02:12:47][I]:FORBUSD trigerd
[2021-09-16 02:12:48][I]:价格上升至非波那契回区间 
[2021-09-16 02:13:13][I]:FORBUSD trigerd
[2021-09-16 02:13:14][I]:价格上升至非波那契回区间 
[2021-09-16 02:13:29][I]:FORBUSD trigerd
[2021-09-16 02:13:30][I]:价格上升至非波那契回区间 
[2021-09-16 02:13:46][I]:FORBUSD trigerd
[2021-09-16 02:13:46][I]:价格上升至非波那契回区间 
[2021-09-16 02:16:25][I]:FORBUSD trigerd
[2021-09-16 02:16:26][I]:价格上升至非波那契回区间 
[2021-09-16 02:19:30][I]:FRONTBUSD trigerd
[2021-09-16 02:19:31][I]:未进入 波切区间... 
[2021-09-16 02:19:54][I]:JUVBUSD trigerd
[2021-09-16 02:19:55][I]:未进入 波切区间... 
[2021-09-16 02:21:12][I]:FRONTBUSD trigerd
[2021-09-16 02:21:13][I]:未进入 波切区间... 
[2021-09-16 02:21:24][I]:FRONTBUSD trigerd
[2021-09-16 02:21:25][I]:未进入 波切区间... 
[2021-09-16 02:26:57][I]:JUVBUSD trigerd
[2021-09-16 02:26:58][I]:未进入 波切区间... 
[2021-09-16 02:27:47][I]:JUVBUSD trigerd
[2021-09-16 02:27:48][I]:未进入 波切区间... 
[2021-09-16 02:46:42][I]:PHABUSD trigerd
[2021-09-16 02:46:50][I]:价格短期持续爆拉升突破前高... 
[2021-09-16 02:47:20][I]:PHABUSD trigerd
[2021-09-16 02:47:21][I]:价格上升至非波那契回区间 
[2021-09-16 02:47:37][I]:PHABUSD trigerd
[2021-09-16 02:47:38][I]:价格上升至非波那契回区间 
[2021-09-16 02:47:53][I]:PHABUSD trigerd
[2021-09-16 02:47:54][I]:价格上升至非波那契回区间 
[2021-09-16 02:48:09][I]:PHABUSD trigerd
[2021-09-16 02:48:10][I]:价格上升至非波那契回区间 
[2021-09-16 02:48:26][I]:PHABUSD trigerd
[2021-09-16 02:48:26][I]:价格上升至非波那契回区间 
[2021-09-16 02:48:42][I]:PHABUSD trigerd
[2021-09-16 02:48:49][I]:价格短期持续爆拉升突破前高... 
[2021-09-16 02:50:55][I]:ZENBUSD trigerd
[2021-09-16 02:50:56][I]:未进入 波切区间... 
[2021-09-16 03:01:50][I]:PHABUSD trigerd
[2021-09-16 03:01:51][I]:未进入 波切区间... 
[2021-09-16 03:02:22][I]:PHABUSD trigerd
[2021-09-16 03:02:23][I]:未进入 波切区间... 
[2021-09-16 03:02:54][I]:PHABUSD trigerd
[2021-09-16 03:02:55][I]:未进入 波切区间... 
[2021-09-16 03:11:12][I]:FORBUSD trigerd
[2021-09-16 03:11:13][I]:价格上升至非波那契回区间 
[2021-09-16 03:11:29][I]:FORBUSD trigerd
[2021-09-16 03:11:30][I]:价格上升至非波那契回区间 
[2021-09-16 03:11:46][I]:FORBUSD trigerd
[2021-09-16 03:11:47][I]:价格上升至非波那契回区间 
[2021-09-16 03:12:03][I]:FORBUSD trigerd
[2021-09-16 03:12:04][I]:价格上升至非波那契回区间 
[2021-09-16 03:12:21][I]:FORBUSD trigerd
[2021-09-16 03:12:22][I]:价格上升至非波那契回区间 
[2021-09-16 03:12:38][I]:FORBUSD trigerd
[2021-09-16 03:12:39][I]:价格上升至非波那契回区间 
[2021-09-16 03:12:54][I]:FORBUSD trigerd
[2021-09-16 03:12:55][I]:价格上升至非波那契回区间 
[2021-09-16 03:13:11][I]:FORBUSD trigerd
[2021-09-16 03:13:12][I]:价格上升至非波那契回区间 
[2021-09-16 03:14:06][I]:FORBUSD trigerd
[2021-09-16 03:14:07][I]:价格上升至非波那契回区间 
[2021-09-16 03:14:51][I]:FORBUSD trigerd
[2021-09-16 03:14:52][I]:价格上升至非波那契回区间 
[2021-09-16 03:16:55][I]:FORBUSD trigerd
[2021-09-16 03:16:56][I]:价格上升至非波那契回区间 
[2021-09-16 03:17:11][I]:FORBUSD trigerd
[2021-09-16 03:17:12][I]:价格上升至非波那契回区间 
[2021-09-16 03:18:19][I]:FORBUSD trigerd
[2021-09-16 03:18:19][I]:价格上升至非波那契回区间 
[2021-09-16 03:18:35][I]:FORBUSD trigerd
[2021-09-16 03:18:36][I]:价格上升至非波那契回区间 
[2021-09-16 03:18:51][I]:FORBUSD trigerd
[2021-09-16 03:18:52][I]:价格上升至非波那契回区间 
[2021-09-16 03:19:07][I]:FORBUSD trigerd
[2021-09-16 03:19:08][I]:价格上升至非波那契回区间 
[2021-09-16 03:19:24][I]:FORBUSD trigerd
[2021-09-16 03:19:31][I]:价格短期持续爆拉升突破前高... 
[2021-09-16 03:22:54][I]:FTMBUSD trigerd
[2021-09-16 03:22:55][I]:价格上升至非波那契回区间 
[2021-09-16 03:23:32][I]:FTMBUSD trigerd
[2021-09-16 03:23:33][I]:价格上升至非波那契回区间 
[2021-09-16 03:23:52][I]:FTMBUSD trigerd
[2021-09-16 03:23:52][I]:价格上升至非波那契回区间 
[2021-09-16 03:24:08][I]:FTMBUSD trigerd
[2021-09-16 03:24:09][I]:价格上升至非波那契回区间 
[2021-09-16 03:24:42][I]:FTMBUSD trigerd
[2021-09-16 03:24:43][I]:价格上升至非波那契回区间 
[2021-09-16 03:37:47][I]:FORBUSD trigerd
[2021-09-16 03:37:48][I]:价格上升至非波那契回区间 
[2021-09-16 03:38:03][I]:FORBUSD trigerd
[2021-09-16 03:38:04][I]:价格上升至非波那契回区间 
[2021-09-16 03:44:54][I]:ACMBUSD trigerd
[2021-09-16 03:44:55][I]:未进入 波切区间... 
[2021-09-16 03:46:39][I]:ACMBUSD trigerd
[2021-09-16 03:46:40][I]:未进入 波切区间... 
[2021-09-16 03:47:11][I]:ACMBUSD trigerd
[2021-09-16 03:47:12][I]:未进入 波切区间... 
[2021-09-16 03:47:43][I]:ACMBUSD trigerd
[2021-09-16 03:47:44][I]:未进入 波切区间... 
[2021-09-16 03:57:26][I]:ZENBUSD trigerd
[2021-09-16 03:57:27][I]:未进入 波切区间... 
[2021-09-16 03:57:53][I]:CRVBUSD trigerd
[2021-09-16 03:57:54][I]:价格上升至非波那契回区间 
[2021-09-16 03:58:07][I]:ZENBUSD trigerd
[2021-09-16 03:58:08][I]:未进入 波切区间... 
[2021-09-16 03:58:40][I]:ZENBUSD trigerd
[2021-09-16 03:58:41][I]:未进入 波切区间... 
[2021-09-16 04:17:31][I]:PHABUSD trigerd
[2021-09-16 04:17:32][I]:未进入 波切区间... 
[2021-09-16 04:18:33][I]:FORBUSD trigerd
[2021-09-16 04:18:34][I]:价格上升至非波那契回区间 
[2021-09-16 04:18:45][I]:PHABUSD trigerd
[2021-09-16 04:18:46][I]:未进入 波切区间... 
[2021-09-16 04:19:13][I]:FORBUSD trigerd
[2021-09-16 04:19:14][I]:价格上升至非波那契回区间 
[2021-09-16 04:19:30][I]:FORBUSD trigerd
[2021-09-16 04:19:31][I]:价格上升至非波那契回区间 
[2021-09-16 04:26:43][I]:FORBUSD trigerd
[2021-09-16 04:26:44][I]:价格上升至非波那契回区间 
[2021-09-16 04:27:09][I]:FORBUSD trigerd
[2021-09-16 04:27:10][I]:价格上升至非波那契回区间 
[2021-09-16 04:27:25][I]:FORBUSD trigerd
[2021-09-16 04:27:26][I]:价格上升至非波那契回区间 
[2021-09-16 04:27:42][I]:FORBUSD trigerd
[2021-09-16 04:27:43][I]:价格上升至非波那契回区间 
[2021-09-16 04:27:59][I]:FORBUSD trigerd
[2021-09-16 04:28:00][I]:价格上升至非波那契回区间 
[2021-09-16 04:28:15][I]:FORBUSD trigerd
[2021-09-16 04:28:23][I]:价格短期持续爆拉升突破前高... 
[2021-09-16 04:29:02][I]:FORBUSD trigerd
[2021-09-16 04:29:03][I]:价格上升至非波那契回区间 
[2021-09-16 04:32:28][I]:FORBUSD trigerd
[2021-09-16 04:32:29][I]:价格上升至非波那契回区间 
[2021-09-16 04:32:45][I]:FORBUSD trigerd
[2021-09-16 04:32:46][I]:价格上升至非波那契回区间 
[2021-09-16 04:37:09][I]:FORBUSD trigerd
[2021-09-16 04:37:10][I]:价格上升至非波那契回区间 
[2021-09-16 04:37:28][I]:FORBUSD trigerd
[2021-09-16 04:37:35][I]:价格短期持续爆拉升突破前高... 
[2021-09-16 04:38:07][I]:FORBUSD trigerd
[2021-09-16 04:38:08][I]:价格上升至非波那契回区间 
[2021-09-16 04:38:23][I]:FORBUSD trigerd
[2021-09-16 04:38:24][I]:价格上升至非波那契回区间 
[2021-09-16 04:38:40][I]:FORBUSD trigerd
[2021-09-16 04:38:41][I]:价格上升至非波那契回区间 
[2021-09-16 04:38:56][I]:FORBUSD trigerd
[2021-09-16 04:38:57][I]:价格上升至非波那契回区间 
[2021-09-16 04:39:23][I]:FORBUSD trigerd
[2021-09-16 04:39:24][I]:价格上升至非波那契回区间 
[2021-09-16 04:39:31][I]:ORNBUSD trigerd
[2021-09-16 04:39:39][I]:价格短期持续爆拉升突破前高... 
[2021-09-16 04:39:49][I]:FORBUSD trigerd
[2021-09-16 04:39:50][I]:价格上升至非波那契回区间 
[2021-09-16 04:39:58][I]:ORNBUSD trigerd
[2021-09-16 04:40:05][I]:价格短期持续爆拉升突破前高... 
[2021-09-16 04:41:39][I]:FORBUSD trigerd
[2021-09-16 04:41:40][I]:价格上升至非波那契回区间 
[2021-09-16 04:41:53][I]:SUSHIBUSD trigerd
[2021-09-16 04:42:01][I]:价格短期持续爆拉升突破前高... 
[2021-09-16 04:42:28][I]:FORBUSD trigerd
[2021-09-16 04:42:29][I]:价格上升至非波那契回区间 
[2021-09-16 04:42:46][I]:FORBUSD trigerd
[2021-09-16 04:42:47][I]:价格上升至非波那契回区间 
[2021-09-16 04:43:04][I]:FORBUSD trigerd
[2021-09-16 04:43:05][I]:价格上升至非波那契回区间 
[2021-09-16 04:43:17][I]:SUSHIBUSD trigerd
[2021-09-16 04:43:18][I]:价格上升至非波那契回区间 
[2021-09-16 04:43:29][I]:FORBUSD trigerd
[2021-09-16 04:43:30][I]:价格上升至非波那契回区间 
[2021-09-16 04:43:41][I]:SUSHIBUSD trigerd
[2021-09-16 04:43:42][I]:价格上升至非波那契回区间 
[2021-09-16 04:43:54][I]:FORBUSD trigerd
[2021-09-16 04:43:55][I]:价格上升至非波那契回区间 
[2021-09-16 04:44:23][I]:FORBUSD trigerd
[2021-09-16 04:44:24][I]:价格上升至非波那契回区间 
[2021-09-16 04:44:41][I]:FORBUSD trigerd
[2021-09-16 04:44:42][I]:价格上升至非波那契回区间 
[2021-09-16 04:44:59][I]:FORBUSD trigerd
[2021-09-16 04:44:59][I]:价格上升至非波那契回区间 
[2021-09-16 04:59:12][I]:ORNBUSD trigerd
[2021-09-16 04:59:13][I]:价格上升至非波那契回区间 
[2021-09-16 04:59:47][I]:ORNBUSD trigerd
[2021-09-16 04:59:54][I]:价格短期持续爆拉升突破前高... 
[2021-09-16 05:03:33][I]:SUSHIBUSD trigerd
[2021-09-16 05:03:40][I]:价格短期持续爆拉升突破前高... 
[2021-09-16 05:04:36][I]:SUSHIBUSD trigerd
[2021-09-16 05:04:37][I]:价格上升至非波那契回区间 
[2021-09-16 05:04:53][I]:SUSHIBUSD trigerd
[2021-09-16 05:04:54][I]:价格上升至非波那契回区间 
[2021-09-16 05:16:32][I]:FORBUSD trigerd
[2021-09-16 05:16:33][I]:价格上升至非波那契回区间 
[2021-09-16 05:16:49][I]:FORBUSD trigerd
[2021-09-16 05:16:50][I]:价格上升至非波那契回区间 
[2021-09-16 05:17:06][I]:FORBUSD trigerd
[2021-09-16 05:17:07][I]:价格上升至非波那契回区间 
[2021-09-16 05:17:23][I]:FORBUSD trigerd
[2021-09-16 05:17:24][I]:价格上升至非波那契回区间 
[2021-09-16 05:17:39][I]:FORBUSD trigerd
[2021-09-16 05:17:40][I]:价格上升至非波那契回区间 
[2021-09-16 05:18:05][I]:FORBUSD trigerd
[2021-09-16 05:18:06][I]:价格上升至非波那契回区间 
[2021-09-16 05:18:22][I]:FORBUSD trigerd
[2021-09-16 05:18:23][I]:价格上升至非波那契回区间 
[2021-09-16 05:18:39][I]:FORBUSD trigerd
[2021-09-16 05:18:40][I]:价格上升至非波那契回区间 
[2021-09-16 05:18:49][I]:SUSHIBUSD trigerd
[2021-09-16 05:18:56][I]:价格短期持续爆拉升突破前高... 
[2021-09-16 05:19:55][I]:SUSHIBUSD trigerd
[2021-09-16 05:19:56][I]:价格上升至非波那契回区间 
[2021-09-16 05:33:59][I]:SLPBUSD trigerd
[2021-09-16 05:34:00][I]:未进入 波切区间... 
[2021-09-16 05:34:31][I]:SLPBUSD trigerd
[2021-09-16 05:34:32][I]:未进入 波切区间... 
[2021-09-16 05:43:43][I]:ORNBUSD trigerd
[2021-09-16 05:43:44][I]:价格上升至非波那契回区间 
[2021-09-16 06:02:25][I]:FORBUSD trigerd
[2021-09-16 06:02:26][I]:价格上升至非波那契回区间 
[2021-09-16 06:02:41][I]:FORBUSD trigerd
[2021-09-16 06:02:42][I]:价格上升至非波那契回区间 
[2021-09-16 06:02:57][I]:FORBUSD trigerd
[2021-09-16 06:02:58][I]:价格上升至非波那契回区间 
[2021-09-16 06:03:23][I]:FORBUSD trigerd
[2021-09-16 06:03:24][I]:价格上升至非波那契回区间 
[2021-09-16 06:04:22][I]:FORBUSD trigerd
[2021-09-16 06:04:23][I]:价格上升至非波那契回区间 
[2021-09-16 06:04:39][I]:FORBUSD trigerd
[2021-09-16 06:04:40][I]:价格上升至非波那契回区间 
[2021-09-16 06:29:41][I]:PHABUSD trigerd
[2021-09-16 06:29:42][I]:未进入 波切区间... 
[2021-09-16 06:29:54][I]:PHABUSD trigerd
[2021-09-16 06:29:55][I]:价格上升至非波那契回区间 
[2021-09-16 06:30:54][I]:FRONTBUSD trigerd
[2021-09-16 06:30:55][I]:未进入 波切区间... 
[2021-09-16 06:31:27][I]:FRONTBUSD trigerd
[2021-09-16 06:31:28][I]:未进入 波切区间... 
[2021-09-16 06:31:39][I]:FRONTBUSD trigerd
[2021-09-16 06:31:40][I]:未进入 波切区间... 
[2021-09-16 06:32:29][I]:FRONTBUSD trigerd
[2021-09-16 06:32:30][I]:未进入 波切区间... 
[2021-09-16 06:32:41][I]:FRONTBUSD trigerd
[2021-09-16 06:32:42][I]:未进入 波切区间... 
[2021-09-16 06:33:04][I]:FRONTBUSD trigerd
[2021-09-16 06:33:05][I]:未进入 波切区间... 
[2021-09-16 06:33:15][I]:FRONTBUSD trigerd
[2021-09-16 06:33:16][I]:未进入 波切区间... 
[2021-09-16 06:33:27][I]:FRONTBUSD trigerd
[2021-09-16 06:33:28][I]:未进入 波切区间... 
[2021-09-16 06:33:39][I]:FRONTBUSD trigerd
[2021-09-16 06:33:40][I]:未进入 波切区间... 
[2021-09-16 06:33:50][I]:FRONTBUSD trigerd
[2021-09-16 06:33:51][I]:未进入 波切区间... 
[2021-09-16 06:34:01][I]:FRONTBUSD trigerd
[2021-09-16 06:34:02][I]:未进入 波切区间... 
[2021-09-16 06:34:11][I]:FORBUSD trigerd
[2021-09-16 06:34:12][I]:价格上升至非波那契回区间 
[2021-09-16 06:34:31][I]:FRONTBUSD trigerd
[2021-09-16 06:34:31][I]:未进入 波切区间... 
[2021-09-16 06:34:40][I]:FORBUSD trigerd
[2021-09-16 06:34:41][I]:价格上升至非波那契回区间 
[2021-09-16 06:34:49][I]:FRONTBUSD trigerd
[2021-09-16 06:34:50][I]:未进入 波切区间... 
[2021-09-16 06:35:00][I]:FRONTBUSD trigerd
[2021-09-16 06:35:01][I]:未进入 波切区间... 
[2021-09-16 06:37:30][I]:FRONTBUSD trigerd
[2021-09-16 06:37:31][I]:未进入 波切区间... 
[2021-09-16 06:37:45][I]:FRONTBUSD trigerd
[2021-09-16 06:37:46][I]:未进入 波切区间... 
[2021-09-16 06:39:51][I]:FRONTBUSD trigerd
[2021-09-16 06:39:52][I]:未进入 波切区间... 
[2021-09-16 06:56:22][I]:FRONTBUSD trigerd
[2021-09-16 06:56:23][I]:未进入 波切区间... 
[2021-09-16 06:56:34][I]:FRONTBUSD trigerd
[2021-09-16 06:56:35][I]:未进入 波切区间... 
[2021-09-16 06:56:45][I]:FRONTBUSD trigerd
[2021-09-16 06:56:45][I]:未进入 波切区间... 
[2021-09-16 06:56:55][I]:FRONTBUSD trigerd
[2021-09-16 06:56:56][I]:未进入 波切区间... 
[2021-09-16 06:57:06][I]:FRONTBUSD trigerd
[2021-09-16 06:57:07][I]:未进入 波切区间... 
[2021-09-16 06:57:17][I]:FRONTBUSD trigerd
[2021-09-16 06:57:18][I]:未进入 波切区间... 
[2021-09-16 06:58:59][I]:FRONTBUSD trigerd
[2021-09-16 06:59:00][I]:未进入 波切区间... 
[2021-09-16 07:04:37][I]:GALABUSD trigerd
[2021-09-16 07:04:44][I]:价格短期持续爆拉升突破前高... 
[2021-09-16 07:04:55][I]:GALABUSD trigerd
[2021-09-16 07:04:56][I]:价格上升至非波那契回区间 
[2021-09-16 07:05:42][I]:FRONTBUSD trigerd
[2021-09-16 07:05:43][I]:未进入 波切区间... 
[2021-09-16 07:06:29][I]:FRONTBUSD trigerd
[2021-09-16 07:06:30][I]:未进入 波切区间... 
[2021-09-16 07:11:38][I]:GALABUSD trigerd
[2021-09-16 07:11:39][I]:价格上升至非波那契回区间 
[2021-09-16 07:11:58][I]:GALABUSD trigerd
[2021-09-16 07:11:59][I]:价格上升至非波那契回区间 
[2021-09-16 07:12:14][I]:GALABUSD trigerd
[2021-09-16 07:12:21][I]:价格短期持续爆拉升突破前高... 
[2021-09-16 07:12:31][I]:GALABUSD trigerd
[2021-09-16 07:12:32][I]:价格上升至非波那契回区间 
[2021-09-16 07:12:48][I]:GALABUSD trigerd
[2021-09-16 07:12:49][I]:价格上升至非波那契回区间 
[2021-09-16 07:13:13][I]:GALABUSD trigerd
[2021-09-16 07:13:14][I]:价格上升至非波那契回区间 
[2021-09-16 07:13:29][I]:GALABUSD trigerd
[2021-09-16 07:13:30][I]:价格上升至非波那契回区间 
[2021-09-16 07:13:45][I]:GALABUSD trigerd
[2021-09-16 07:13:46][I]:价格上升至非波那契回区间 
[2021-09-16 07:14:05][I]:GALABUSD trigerd
[2021-09-16 07:14:06][I]:价格上升至非波那契回区间 
[2021-09-16 07:14:21][I]:GALABUSD trigerd
[2021-09-16 07:14:23][I]:价格上升至非波那契回区间 
[2021-09-16 07:14:39][I]:GALABUSD trigerd
[2021-09-16 07:14:40][I]:价格上升至非波那契回区间 
[2021-09-16 07:14:55][I]:GALABUSD trigerd
[2021-09-16 07:14:56][I]:价格上升至非波那契回区间 
[2021-09-16 07:16:36][I]:SLPBUSD trigerd
[2021-09-16 07:16:37][I]:价格上升至非波那契回区间 
[2021-09-16 07:16:53][I]:SLPBUSD trigerd
[2021-09-16 07:16:54][I]:价格上升至非波那契回区间 
[2021-09-16 07:17:09][I]:SLPBUSD trigerd
[2021-09-16 07:17:10][I]:价格上升至非波那契回区间 
[2021-09-16 07:17:24][I]:GALABUSD trigerd
[2021-09-16 07:17:25][I]:价格上升至非波那契回区间 
[2021-09-16 07:17:40][I]:GALABUSD trigerd
[2021-09-16 07:17:40][I]:价格上升至非波那契回区间 
[2021-09-16 07:17:50][I]:SLPBUSD trigerd
[2021-09-16 07:17:52][I]:价格上升至非波那契回区间 
[2021-09-16 07:18:28][I]:SLPBUSD trigerd
[2021-09-16 07:18:29][I]:价格上升至非波那契回区间 
[2021-09-16 07:18:45][I]:SLPBUSD trigerd
[2021-09-16 07:18:46][I]:价格上升至非波那契回区间 
[2021-09-16 07:19:09][I]:GALABUSD trigerd
[2021-09-16 07:19:10][I]:价格上升至非波那契回区间 
[2021-09-16 07:19:26][I]:GALABUSD trigerd
[2021-09-16 07:19:27][I]:价格上升至非波那契回区间 
[2021-09-16 07:19:43][I]:GALABUSD trigerd
[2021-09-16 07:19:44][I]:价格上升至非波那契回区间 
[2021-09-16 07:21:16][I]:PHABUSD trigerd
[2021-09-16 07:21:24][I]:价格短期持续爆拉升突破前高... 
[2021-09-16 07:21:34][I]:PHABUSD trigerd
[2021-09-16 07:21:35][I]:价格上升至非波那契回区间 
[2021-09-16 07:21:51][I]:PHABUSD trigerd
[2021-09-16 07:21:52][I]:价格上升至非波那契回区间 
[2021-09-16 07:22:08][I]:PHABUSD trigerd
[2021-09-16 07:22:09][I]:价格上升至非波那契回区间 
[2021-09-16 07:22:24][I]:PHABUSD trigerd
[2021-09-16 07:22:25][I]:价格上升至非波那契回区间 
[2021-09-16 07:23:28][I]:PHABUSD trigerd
[2021-09-16 07:23:29][I]:价格上升至非波那契回区间 
[2021-09-16 07:23:45][I]:PHABUSD trigerd
[2021-09-16 07:23:46][I]:价格上升至非波那契回区间 
[2021-09-16 07:24:11][I]:PHABUSD trigerd
[2021-09-16 07:24:12][I]:价格上升至非波那契回区间 
[2021-09-16 07:34:38][I]:FORBUSD trigerd
[2021-09-16 07:34:39][I]:未进入 波切区间... 
[2021-09-16 07:34:50][I]:FORBUSD trigerd
[2021-09-16 07:34:51][I]:未进入 波切区间... 
[2021-09-16 07:58:16][I]:SLPBUSD trigerd
[2021-09-16 07:58:17][I]:价格上升至非波那契回区间 
[2021-09-16 07:58:32][I]:SLPBUSD trigerd
[2021-09-16 07:58:33][I]:价格上升至非波那契回区间 
[2021-09-16 07:58:49][I]:SLPBUSD trigerd
[2021-09-16 07:58:50][I]:价格上升至非波那契回区间 
[2021-09-16 08:01:15][I]:FORBUSD trigerd
[2021-09-16 08:01:16][I]:未进入 波切区间... 
[2021-09-16 08:01:28][I]:FORBUSD trigerd
[2021-09-16 08:01:29][I]:未进入 波切区间... 
[2021-09-16 08:02:00][I]:FORBUSD trigerd
[2021-09-16 08:02:01][I]:未进入 波切区间... 
[2021-09-16 08:08:22][I]:FORBUSD trigerd
[2021-09-16 08:08:23][I]:未进入 波切区间... 
[2021-09-16 08:19:50][I]:GALABUSD trigerd
[2021-09-16 08:19:51][I]:未进入 波切区间... 
[2021-09-16 08:21:20][I]:GALABUSD trigerd
[2021-09-16 08:21:21][I]:未进入 波切区间... 
[2021-09-16 08:21:32][I]:GALABUSD trigerd
[2021-09-16 08:21:33][I]:未进入 波切区间... 
[2021-09-16 08:21:43][I]:GALABUSD trigerd
[2021-09-16 08:21:44][I]:未进入 波切区间... 
[2021-09-16 08:21:55][I]:GALABUSD trigerd
[2021-09-16 08:21:56][I]:未进入 波切区间... 
[2021-09-16 08:23:29][I]:GALABUSD trigerd
[2021-09-16 08:23:30][I]:未进入 波切区间... 
[2021-09-16 08:23:40][I]:GALABUSD trigerd
[2021-09-16 08:23:41][I]:未进入 波切区间... 
[2021-09-16 08:23:51][I]:GALABUSD trigerd
[2021-09-16 08:23:52][I]:未进入 波切区间... 
[2021-09-16 08:24:11][I]:GALABUSD trigerd
[2021-09-16 08:24:12][I]:未进入 波切区间... 
[2021-09-16 08:24:23][I]:GALABUSD trigerd
[2021-09-16 08:24:24][I]:未进入 波切区间... 
[2021-09-16 08:24:34][I]:GALABUSD trigerd
[2021-09-16 08:24:35][I]:未进入 波切区间... 
[2021-09-16 08:24:46][I]:GALABUSD trigerd
[2021-09-16 08:24:47][I]:未进入 波切区间... 
[2021-09-16 08:24:57][I]:GALABUSD trigerd
[2021-09-16 08:24:58][I]:未进入 波切区间... 
[2021-09-16 08:34:00][I]:ZENBUSD trigerd
[2021-09-16 08:34:01][I]:未进入 波切区间... 
[2021-09-16 08:34:57][I]:ZENBUSD trigerd
[2021-09-16 08:34:58][I]:未进入 波切区间... 
[2021-09-16 08:42:29][I]:ZENBUSD trigerd
[2021-09-16 08:42:30][I]:未进入 波切区间... 
[2021-09-16 08:43:00][I]:ZENBUSD trigerd
[2021-09-16 08:43:02][I]:未进入 波切区间... 
[2021-09-16 08:43:42][I]:ZENBUSD trigerd
[2021-09-16 08:43:43][I]:未进入 波切区间... 
[2021-09-16 08:44:13][I]:ZENBUSD trigerd
[2021-09-16 08:44:14][I]:未进入 波切区间... 
[2021-09-16 08:44:40][I]:QUICKBUSD trigerd
[2021-09-16 08:44:41][I]:未进入 波切区间... 
[2021-09-16 08:49:43][I]:GALABUSD trigerd
[2021-09-16 08:49:44][I]:未进入 波切区间... 
[2021-09-16 08:49:55][I]:GALABUSD trigerd
[2021-09-16 08:49:56][I]:未进入 波切区间... 
[2021-09-16 09:13:33][I]:SNXBUSD trigerd
[2021-09-16 09:13:34][I]:价格上升至非波那契回区间 
[2021-09-16 09:13:49][I]:PHABUSD trigerd
[2021-09-16 09:13:50][I]:未进入 波切区间... 
[2021-09-16 09:14:14][I]:SNXBUSD trigerd
[2021-09-16 09:14:15][I]:价格上升至非波那契回区间 
[2021-09-16 09:14:30][I]:PHABUSD trigerd
[2021-09-16 09:14:31][I]:未进入 波切区间... 
[2021-09-16 09:15:03][I]:PHABUSD trigerd
[2021-09-16 09:15:04][I]:未进入 波切区间... 
[2021-09-16 09:34:50][I]:QUICKBUSD trigerd
[2021-09-16 09:34:51][I]:未进入 波切区间... 
[2021-09-16 09:35:20][I]:GALABUSD trigerd
[2021-09-16 09:35:21][I]:未进入 波切区间... 
[2021-09-16 09:35:31][I]:GALABUSD trigerd
[2021-09-16 09:35:32][I]:未进入 波切区间... 
[2021-09-16 09:35:42][I]:GALABUSD trigerd
[2021-09-16 09:35:43][I]:未进入 波切区间... 
[2021-09-16 09:35:54][I]:GALABUSD trigerd
[2021-09-16 09:35:55][I]:未进入 波切区间... 
[2021-09-16 09:36:05][I]:GALABUSD trigerd
[2021-09-16 09:36:05][I]:未进入 波切区间... 
[2021-09-16 09:36:16][I]:GALABUSD trigerd
[2021-09-16 09:36:17][I]:未进入 波切区间... 
[2021-09-16 09:36:26][I]:GALABUSD trigerd
[2021-09-16 09:36:27][I]:未进入 波切区间... 
[2021-09-16 09:36:37][I]:GALABUSD trigerd
[2021-09-16 09:36:38][I]:未进入 波切区间... 
[2021-09-16 09:36:49][I]:GALABUSD trigerd
[2021-09-16 09:36:50][I]:价格上升至非波那契回区间 
[2021-09-16 09:37:10][I]:GALABUSD trigerd
[2021-09-16 09:37:11][I]:价格上升至非波那契回区间 
[2021-09-16 09:37:27][I]:GALABUSD trigerd
[2021-09-16 09:37:28][I]:价格上升至非波那契回区间 
[2021-09-16 09:37:48][I]:GALABUSD trigerd
[2021-09-16 09:37:49][I]:价格上升至非波那契回区间 
[2021-09-16 09:38:10][I]:GALABUSD trigerd
[2021-09-16 09:38:18][I]:价格短期持续爆拉升突破前高... 
[2021-09-16 09:39:07][I]:GALABUSD trigerd
[2021-09-16 09:39:08][I]:价格上升至非波那契回区间 
[2021-09-16 09:39:29][I]:GALABUSD trigerd
[2021-09-16 09:39:30][I]:价格上升至非波那契回区间 
[2021-09-16 09:44:30][I]:GALABUSD trigerd
[2021-09-16 09:44:31][I]:价格上升至非波那契回区间 
[2021-09-16 09:44:50][I]:GALABUSD trigerd
[2021-09-16 09:44:51][I]:价格上升至非波那契回区间 
[2021-09-16 09:49:44][I]:GALABUSD trigerd
[2021-09-16 09:49:45][I]:价格上升至非波那契回区间 
[2021-09-16 09:54:49][I]:GALABUSD trigerd
[2021-09-16 09:54:50][I]:价格上升至非波那契回区间 
[2021-09-16 09:57:55][I]:GALABUSD trigerd
[2021-09-16 09:57:56][I]:价格上升至非波那契回区间 
[2021-09-16 09:58:14][I]:GALABUSD trigerd
[2021-09-16 09:58:16][I]:价格上升至非波那契回区间 
[2021-09-16 09:58:34][I]:GALABUSD trigerd
[2021-09-16 09:58:35][I]:价格上升至非波那契回区间 
[2021-09-16 09:58:50][I]:GALABUSD trigerd
[2021-09-16 09:58:51][I]:价格上升至非波那契回区间 
[2021-09-16 10:12:25][I]:FORBUSD trigerd
[2021-09-16 10:12:26][I]:未进入 波切区间... 
[2021-09-16 10:12:57][I]:FORBUSD trigerd
[2021-09-16 10:12:58][I]:未进入 波切区间... 
[2021-09-16 10:13:57][I]:FORBUSD trigerd
[2021-09-16 10:13:58][I]:未进入 波切区间... 
[2021-09-16 10:37:33][I]:GALABUSD trigerd
[2021-09-16 10:37:34][I]:未进入 波切区间... 
[2021-09-16 10:37:44][I]:GALABUSD trigerd
[2021-09-16 10:37:45][I]:未进入 波切区间... 
[2021-09-16 10:37:56][I]:GALABUSD trigerd
[2021-09-16 10:37:57][I]:价格上升至非波那契回区间 
[2021-09-16 10:38:27][I]:GALABUSD trigerd
[2021-09-16 10:38:28][I]:价格上升至非波那契回区间 
[2021-09-16 10:38:43][I]:GALABUSD trigerd
[2021-09-16 10:38:44][I]:价格上升至非波那契回区间 
[2021-09-16 10:46:45][I]:GALABUSD trigerd
[2021-09-16 10:46:46][I]:价格上升至非波那契回区间 
[2021-09-16 10:47:23][I]:GALABUSD trigerd
[2021-09-16 10:47:24][I]:价格上升至非波那契回区间 
[2021-09-16 10:47:40][I]:GALABUSD trigerd
[2021-09-16 10:47:41][I]:价格上升至非波那契回区间 
[2021-09-16 10:47:57][I]:GALABUSD trigerd
[2021-09-16 10:47:58][I]:价格上升至非波那契回区间 
[2021-09-16 10:48:14][I]:GALABUSD trigerd
[2021-09-16 10:48:15][I]:价格上升至非波那契回区间 
[2021-09-16 10:48:31][I]:GALABUSD trigerd
[2021-09-16 10:48:32][I]:价格上升至非波那契回区间 
[2021-09-16 10:48:47][I]:GALABUSD trigerd
[2021-09-16 10:48:48][I]:价格上升至非波那契回区间 
[2021-09-16 10:49:04][I]:GALABUSD trigerd
[2021-09-16 10:49:05][I]:价格上升至非波那契回区间 
[2021-09-16 10:49:20][I]:GALABUSD trigerd
[2021-09-16 10:49:21][I]:价格上升至非波那契回区间 
[2021-09-16 10:49:37][I]:GALABUSD trigerd
[2021-09-16 10:49:38][I]:价格上升至非波那契回区间 
[2021-09-16 10:50:41][I]:GALABUSD trigerd
[2021-09-16 10:50:42][I]:价格上升至非波那契回区间 
[2021-09-16 10:51:02][I]:GALABUSD trigerd
[2021-09-16 10:51:02][I]:价格上升至非波那契回区间 
[2021-09-16 10:51:21][I]:GALABUSD trigerd
[2021-09-16 10:51:22][I]:价格上升至非波那契回区间 
[2021-09-16 10:51:37][I]:GALABUSD trigerd
[2021-09-16 10:51:38][I]:价格上升至非波那契回区间 
[2021-09-16 10:51:53][I]:GALABUSD trigerd
[2021-09-16 10:51:54][I]:价格上升至非波那契回区间 
[2021-09-16 10:53:49][I]:GALABUSD trigerd
[2021-09-16 10:53:50][I]:价格上升至非波那契回区间 
[2021-09-16 10:58:26][I]:AERGOBUSD trigerd
[2021-09-16 10:58:27][I]:价格上升至非波那契回区间 
[2021-09-16 10:58:59][I]:AERGOBUSD trigerd
[2021-09-16 10:59:01][I]:价格上升至非波那契回区间 
[2021-09-16 11:01:18][I]:AERGOBUSD trigerd
[2021-09-16 11:01:19][I]:价格上升至非波那契回区间 
[2021-09-16 11:01:35][I]:AERGOBUSD trigerd
[2021-09-16 11:01:35][I]:价格上升至非波那契回区间 
[2021-09-16 11:01:59][I]:AERGOBUSD trigerd
[2021-09-16 11:02:00][I]:价格上升至非波那契回区间 
[2021-09-16 11:02:16][I]:AERGOBUSD trigerd
[2021-09-16 11:02:17][I]:价格上升至非波那契回区间 
[2021-09-16 11:02:33][I]:AERGOBUSD trigerd
[2021-09-16 11:02:34][I]:价格上升至非波那契回区间 
[2021-09-16 11:02:49][I]:AERGOBUSD trigerd
[2021-09-16 11:02:50][I]:价格上升至非波那契回区间 
[2021-09-16 11:04:06][I]:AERGOBUSD trigerd
[2021-09-16 11:04:07][I]:价格上升至非波那契回区间 
[2021-09-16 11:04:22][I]:AERGOBUSD trigerd
[2021-09-16 11:04:23][I]:价格上升至非波那契回区间 
[2021-09-16 11:04:39][I]:AERGOBUSD trigerd
[2021-09-16 11:04:40][I]:价格上升至非波那契回区间 
[2021-09-16 11:14:28][I]:AERGOBUSD trigerd
[2021-09-16 11:14:29][I]:价格上升至非波那契回区间 
[2021-09-16 11:19:51][I]:GALABUSD trigerd
[2021-09-16 11:19:52][I]:价格上升至非波那契回区间 
[2021-09-16 11:33:09][I]:AERGOBUSD trigerd
[2021-09-16 11:33:10][I]:价格上升至非波那契回区间 
[2021-09-16 11:33:31][I]:AERGOBUSD trigerd
[2021-09-16 11:33:32][I]:价格上升至非波那契回区间 
[2021-09-16 11:33:49][I]:AERGOBUSD trigerd
[2021-09-16 11:33:50][I]:价格上升至非波那契回区间 
[2021-09-16 11:33:59][I]:DYDXBUSD trigerd
[2021-09-16 11:34:00][I]:价格上升至非波那契回区间 
[2021-09-16 11:34:20][I]:DYDXBUSD trigerd
[2021-09-16 11:34:21][I]:价格上升至非波那契回区间 
[2021-09-16 11:34:38][I]:GALABUSD trigerd
[2021-09-16 11:34:40][I]:价格上升至非波那契回区间 
[2021-09-16 11:34:49][I]:AERGOBUSD trigerd
[2021-09-16 11:34:50][I]:价格上升至非波那契回区间 
[2021-09-16 11:37:37][I]:DYDXBUSD trigerd
[2021-09-16 11:37:38][I]:价格上升至非波那契回区间 
[2021-09-16 11:38:09][I]:DYDXBUSD trigerd
[2021-09-16 11:38:10][I]:价格上升至非波那契回区间 
[2021-09-16 11:38:30][I]:DYDXBUSD trigerd
[2021-09-16 11:38:32][I]:价格上升至非波那契回区间 
[2021-09-16 11:38:50][I]:DYDXBUSD trigerd
[2021-09-16 11:38:51][I]:价格上升至非波那契回区间 
[2021-09-16 11:42:16][I]:PHABUSD trigerd
[2021-09-16 11:42:17][I]:未进入 波切区间... 
[2021-09-16 11:42:50][I]:PHABUSD trigerd
[2021-09-16 11:42:51][I]:未进入 波切区间... 
[2021-09-16 11:44:21][I]:AERGOBUSD trigerd
[2021-09-16 11:44:29][I]:价格短期持续爆拉升突破前高... 
[2021-09-16 11:52:21][I]:未进入 波切区间... 
[2021-09-16 12:02:32][I]:FORBUSD trigerd
[2021-09-16 12:02:33][I]:未进入 波切区间... 
[2021-09-16 12:03:37][I]:FORBUSD trigerd
[2021-09-16 12:03:38][I]:未进入 波切区间... 
[2021-09-16 12:04:37][I]:AVAXBUSD trigerd
[2021-09-16 12:04:38][I]:未进入 波切区间... 
[2021-09-16 12:43:15][I]:未进入 波切区间... 
[2021-09-16 12:43:20][I]:未进入 波切区间... 
[2021-09-16 12:43:43][I]:未进入 波切区间... 
[2021-09-16 12:49:09][I]:GALABUSD trigerd
[2021-09-16 12:49:10][I]:未进入 波切区间... 
[2021-09-16 12:49:21][I]:GALABUSD trigerd
[2021-09-16 12:49:22][I]:未进入 波切区间... 
[2021-09-16 12:49:33][I]:GALABUSD trigerd
[2021-09-16 12:49:34][I]:未进入 波切区间... 
[2021-09-16 12:49:44][I]:GALABUSD trigerd
[2021-09-16 12:49:45][I]:未进入 波切区间... 
[2021-09-16 12:49:55][I]:GALABUSD trigerd
[2021-09-16 12:49:56][I]:未进入 波切区间... 
[2021-09-16 12:53:19][I]:GALABUSD trigerd
[2021-09-16 12:53:20][I]:未进入 波切区间... 
[2021-09-16 12:53:30][I]:GALABUSD trigerd
[2021-09-16 12:53:31][I]:未进入 波切区间... 
[2021-09-16 12:53:41][I]:GALABUSD trigerd
[2021-09-16 12:53:42][I]:未进入 波切区间... 
[2021-09-16 12:53:53][I]:GALABUSD trigerd
[2021-09-16 12:53:54][I]:未进入 波切区间... 
[2021-09-16 12:55:28][I]:GALABUSD trigerd
[2021-09-16 12:55:29][I]:未进入 波切区间... 
[2021-09-16 12:55:40][I]:GALABUSD trigerd
[2021-09-16 12:55:41][I]:未进入 波切区间... 
[2021-09-16 12:55:51][I]:GALABUSD trigerd
[2021-09-16 12:55:52][I]:未进入 波切区间... 
[2021-09-16 12:56:12][I]:GALABUSD trigerd
[2021-09-16 12:56:13][I]:未进入 波切区间... 
[2021-09-16 12:56:23][I]:GALABUSD trigerd
[2021-09-16 12:56:24][I]:未进入 波切区间... 
[2021-09-16 12:56:34][I]:GALABUSD trigerd
[2021-09-16 12:56:35][I]:未进入 波切区间... 
[2021-09-16 12:56:46][I]:GALABUSD trigerd
[2021-09-16 12:56:47][I]:未进入 波切区间... 
[2021-09-16 12:56:57][I]:GALABUSD trigerd
[2021-09-16 12:56:58][I]:未进入 波切区间... 
[2021-09-16 13:07:15][I]:FORBUSD trigerd
[2021-09-16 13:07:16][I]:未进入 波切区间... 
[2021-09-16 13:07:27][I]:FORBUSD trigerd
[2021-09-16 13:07:28][I]:未进入 波切区间... 
[2021-09-16 13:07:58][I]:FORBUSD trigerd
[2021-09-16 13:07:59][I]:未进入 波切区间... 
[2021-09-16 13:09:45][I]:FORBUSD trigerd
[2021-09-16 13:09:46][I]:未进入 波切区间... 
[2021-09-16 13:14:10][I]:FRONTBUSD trigerd
[2021-09-16 13:14:11][I]:未进入 波切区间... 
[2021-09-16 13:14:43][I]:FRONTBUSD trigerd
[2021-09-16 13:14:44][I]:未进入 波切区间... 
[2021-09-16 13:28:51][I]:FORBUSD trigerd
[2021-09-16 13:28:52][I]:未进入 波切区间... 
[2021-09-16 13:34:50][I]:GALABUSD trigerd
[2021-09-16 13:34:51][I]:未进入 波切区间... 
[2021-09-16 13:41:42][I]:GALABUSD trigerd
[2021-09-16 13:41:43][I]:未进入 波切区间... 
[2021-09-16 13:41:53][I]:GALABUSD trigerd
[2021-09-16 13:41:54][I]:未进入 波切区间... 
[2021-09-16 13:42:13][I]:GALABUSD trigerd
[2021-09-16 13:42:14][I]:未进入 波切区间... 
[2021-09-16 13:42:24][I]:GALABUSD trigerd
[2021-09-16 13:42:25][I]:未进入 波切区间... 
[2021-09-16 13:42:35][I]:GALABUSD trigerd
[2021-09-16 13:42:36][I]:未进入 波切区间... 
[2021-09-16 13:43:13][I]:GALABUSD trigerd
[2021-09-16 13:43:14][I]:未进入 波切区间... 
[2021-09-16 13:43:24][I]:GALABUSD trigerd
[2021-09-16 13:43:25][I]:未进入 波切区间... 
[2021-09-16 13:43:35][I]:GALABUSD trigerd
[2021-09-16 13:43:44][I]:价格上升至非波那契回区间... 
[2021-09-16 13:43:54][I]:GALABUSD trigerd
[2021-09-16 13:44:02][I]:价格上升至非波那契回区间... 
[2021-09-16 13:46:56][I]:GALABUSD trigerd
[2021-09-16 13:47:03][I]:价格上升至非波那契回区间... 
[2021-09-16 13:47:13][I]:GALABUSD trigerd
[2021-09-16 13:47:21][I]:价格上升至非波那契回区间... 
[2021-09-16 13:47:30][I]:GALABUSD trigerd
[2021-09-16 13:47:38][I]:价格上升至非波那契回区间... 
[2021-09-16 13:47:48][I]:GALABUSD trigerd
[2021-09-16 13:47:55][I]:价格上升至非波那契回区间... 
[2021-09-16 14:01:55][I]:未进入 波切区间... 
[2021-09-16 14:05:50][I]:未进入 波切区间... 
[2021-09-16 14:06:02][I]:未进入 波切区间... 
[2021-09-16 14:07:18][I]:未进入 波切区间... 
[2021-09-16 14:08:12][I]:未进入 波切区间... 
[2021-09-16 14:09:10][I]:拉升5min后临时 回落进入斐波区间... 
[2021-09-16 14:10:14][I]:拉升5min后临时 回落进入斐波区间... 
[2021-09-16 14:13:03][I]:GALABUSD trigerd
[2021-09-16 14:13:11][I]:拉升5min后临时 回落进入斐波区间... 
[2021-09-16 14:13:33][I]:GALABUSD trigerd
[2021-09-16 14:13:40][I]:拉升5min后临时 回落进入斐波区间... 
[2021-09-16 14:14:27][I]:GALABUSD trigerd
[2021-09-16 14:14:34][I]:拉升5min后临时 回落进入斐波区间... 
[2021-09-16 14:16:20][I]:拉升5min后临时 回落进入斐波区间... 
[2021-09-16 14:18:24][I]:FORBUSD trigerd
[2021-09-16 14:18:25][I]:未进入 波切区间... 
[2021-09-16 14:18:37][I]:FORBUSD trigerd
[2021-09-16 14:18:37][I]:未进入 波切区间... 
[2021-09-16 14:19:08][I]:FORBUSD trigerd
[2021-09-16 14:19:09][I]:未进入 波切区间... 
[2021-09-16 14:19:39][I]:FORBUSD trigerd
[2021-09-16 14:19:41][I]:未进入 波切区间... 
[2021-09-16 14:19:43][I]:价格拉升后45min后，进入斐波区间 
[2021-09-16 14:19:43][I]:high_24h=0.06882 cur=0.06581
[2021-09-16 14:20:13][I]:价格拉升后45min后，进入斐波区间 
[2021-09-16 14:20:13][I]:high_24h=0.06882 cur=0.06588
[2021-09-16 14:21:08][I]:价格拉升后45min后，进入斐波区间 
[2021-09-16 14:21:08][I]:high_24h=0.06882 cur=0.06582
[2021-09-16 14:24:09][I]:价格拉升后45min后，进入斐波区间 
[2021-09-16 14:24:09][I]:high_24h=0.06882 cur=0.06572
[2021-09-16 14:27:09][I]:价格拉升后45min后，进入斐波区间 
[2021-09-16 14:27:09][I]:high_24h=0.06882 cur=0.06569
[2021-09-16 14:27:28][I]:价格拉升后45min后，进入斐波区间 
[2021-09-16 14:27:28][I]:high_24h=0.06882 cur=0.06587
[2021-09-16 14:29:07][I]:价格拉升后45min后，进入斐波区间 
[2021-09-16 14:29:07][I]:high_24h=0.06882 cur=0.06553
[2021-09-16 14:30:10][I]:价格拉升后45min后，进入斐波区间 
[2021-09-16 14:30:10][I]:high_24h=0.06882 cur=0.06533
[2021-09-16 14:33:09][I]:价格拉升后45min后，进入斐波区间 
[2021-09-16 14:33:09][I]:high_24h=0.06882 cur=0.06668
[2021-09-16 14:36:48][I]:价格拉升后45min后，进入斐波区间 
[2021-09-16 14:36:48][I]:high_24h=0.06882 cur=0.06603
[2021-09-16 14:39:21][I]:价格拉升高点5-15min后， 临时 回落进入斐波区间 
[2021-09-16 14:39:21][I]:high_24h=0.06769 cur=0.06635
[2021-09-16 14:44:56][I]:价格 突破 假突破判定区间，入场
[2021-09-16 14:46:04][I]:拉升5min后临时 回落进入斐波区间... 
[2021-09-16 14:46:38][I]:价格短期持续爆拉升突破前高... 
[2021-09-16 14:47:42][I]:价格短期持续爆拉升突破前高... 
[2021-09-16 14:47:57][I]:价格短期持续爆拉升突破前高... 
[2021-09-16 14:48:19][I]:价格短期持续爆拉升突破前高... 
[2021-09-16 14:49:05][I]:价格 突破 假突破判定区间，入场
[2021-09-16 14:50:40][I]:价格 突破 假突破判定区间，入场
[2021-09-16 14:51:05][I]:价格 突破 假突破判定区间，入场
[2021-09-16 14:51:20][I]:价格 突破 假突破判定区间，入场
[2021-09-16 14:52:07][I]:价格 突破 假突破判定区间，入场
[2021-09-16 14:53:42][I]:价格 突破 假突破判定区间，入场
[2021-09-16 14:54:15][I]:价格 突破 假突破判定区间，入场
[2021-09-16 14:54:45][I]:价格 突破 假突破判定区间，入场
[2021-09-16 14:55:18][I]:价格 突破 假突破判定区间，入场
[2021-09-16 15:04:27][I]:拉升5min后临时 回落进入斐波区间... 
[2021-09-16 15:31:55][I]:最高点后的15-45分钟 ， 跌落后进入斐波区间 
[2021-09-16 15:33:22][I]:GALABUSD trigerd
[2021-09-16 15:33:33][I]:最高点后的15-45分钟 ，拉升突破前高...
[2021-09-16 15:33:43][I]:FRONTBUSD trigerd
[2021-09-16 15:33:53][I]:价格拉 后45min内，进入斐波区间下面 
[2021-09-16 15:33:53][I]:high_24h=1.7668 cur=1.8207
[2021-09-16 15:34:11][I]:GALABUSD trigerd
[2021-09-16 15:34:21][I]:最高点后的15-45分钟 ，拉升突破前高...
[2021-09-16 15:34:32][I]:FRONTBUSD trigerd
[2021-09-16 15:34:42][I]:价格拉 后45min内，进入斐波区间下面 
[2021-09-16 15:34:42][I]:high_24h=1.7668 cur=1.8278
[2021-09-16 15:34:49][I]:GALABUSD trigerd
[2021-09-16 15:34:59][I]:最高点后的15-45分钟 ，拉升突破前高...
[2021-09-16 15:35:10][I]:GALABUSD trigerd
[2021-09-16 15:35:21][I]:高点后的15-45分钟，再次进入斐波区间前的拉升 
[2021-09-16 15:35:21][I]:high_24h=0.0775 cur=0.08082
[2021-09-16 15:36:12][I]:GALABUSD trigerd
[2021-09-16 15:36:22][I]:高点后的15-45分钟，再次进入斐波区间前的拉升 
[2021-09-16 15:36:22][I]:high_24h=0.0775 cur=0.0814
[2021-09-16 15:36:53][I]:GALABUSD trigerd
[2021-09-16 15:37:03][I]:高点后的15-45分钟，再次进入斐波区间前的拉升 
[2021-09-16 15:37:03][I]:high_24h=0.0775 cur=0.082
[2021-09-16 15:37:16][I]:GALABUSD trigerd
[2021-09-16 15:37:26][I]:高点后的15-45分钟，再次进入斐波区间前的拉升 
[2021-09-16 15:37:26][I]:high_24h=0.0775 cur=0.08192
[2021-09-16 15:37:57][I]:GALABUSD trigerd
[2021-09-16 15:38:07][I]:高点后的15-45分钟，再次进入斐波区间前的拉升 
[2021-09-16 15:38:07][I]:high_24h=0.0775 cur=0.08294
[2021-09-16 15:38:49][I]:GALABUSD trigerd
[2021-09-16 15:39:00][I]:高点后的15-45分钟，再次进入斐波区间前的拉升 
[2021-09-16 15:39:00][I]:high_24h=0.0775 cur=0.084
[2021-09-16 15:39:12][I]:GALABUSD trigerd
[2021-09-16 15:39:22][I]:高点后的15-45分钟，再次进入斐波区间前的拉升 
[2021-09-16 15:39:22][I]:high_24h=0.0775 cur=0.0845
[2021-09-16 15:39:54][I]:GALABUSD trigerd
[2021-09-16 15:40:05][I]:高点后的15-45分钟，再次进入斐波区间前的拉升 
[2021-09-16 15:40:05][I]:high_24h=0.0775 cur=0.08407
[2021-09-16 15:43:39][I]:高点后的15-45分钟，再次进入斐波区间前的拉升 
[2021-09-16 15:43:39][I]:high_24h=0.0775 cur=0.08174
[2021-09-16 15:44:44][I]:高点后的15-45分钟，再次进入斐波区间前的拉升 
[2021-09-16 15:44:44][I]:high_24h=0.0775 cur=0.08316
[2021-09-16 15:45:22][I]:拉升5min后临时 回落进入斐波区间... 
[2021-09-16 15:47:48][I]:ROSEBUSD trigerd
[2021-09-16 15:47:58][I]:价格拉 后45min内，进入斐波区间下面 
[2021-09-16 15:47:58][I]:high_24h=0.27024 cur=0.27557
[2021-09-16 15:48:09][I]:ROSEBUSD trigerd
[2021-09-16 15:48:19][I]:价格拉 后45min内，进入斐波区间下面 
[2021-09-16 15:48:19][I]:high_24h=0.27024 cur=0.27779
[2021-09-16 15:48:51][I]:ROSEBUSD trigerd
[2021-09-16 15:49:01][I]:价格拉 后45min内，进入斐波区间下面 
[2021-09-16 15:49:01][I]:high_24h=0.27024 cur=0.27771
[2021-09-16 15:49:31][I]:ROSEBUSD trigerd
[2021-09-16 15:49:41][I]:价格拉 后45min内，进入斐波区间下面 
[2021-09-16 15:49:41][I]:high_24h=0.27024 cur=0.27996
[2021-09-16 15:51:36][I]:NUBUSD trigerd
[2021-09-16 15:51:46][I]:价格拉 后45min内，进入斐波区间下面 
[2021-09-16 15:51:46][I]:high_24h=0.3484 cur=0.3645
[2021-09-16 15:53:25][I]:最高点后的0-15分钟,进入斐波区间 
[2021-09-16 15:53:52][I]:NUBUSD trigerd
[2021-09-16 15:54:02][I]:最高点后的0-15分钟，持续爆拉升突破前高10%...
[2021-09-16 15:54:02][I]:high_24h=0.3484 cur=0.3701
[2021-09-16 15:54:32][I]:NUBUSD trigerd
[2021-09-16 15:54:42][I]:最高点后的0-15分钟，持续爆拉升突破前高10%...
[2021-09-16 15:54:42][I]:high_24h=0.3484 cur=0.3756
[2021-09-16 15:54:53][I]:NUBUSD trigerd
[2021-09-16 15:55:03][I]:最高点后的0-15分钟，持续爆拉升突破前高10%...
[2021-09-16 15:55:03][I]:high_24h=0.3484 cur=0.3743
[2021-09-16 16:00:48][I]:GALABUSD trigerd
[2021-09-16 16:00:59][I]:最高点后的15-45分钟 ， 跌落后进入斐波区间 
[2021-09-16 16:01:15][I]:GALABUSD trigerd
[2021-09-16 16:01:25][I]:最高点后的15-45分钟 ， 跌落后进入斐波区间 
[2021-09-16 16:01:41][I]:GALABUSD trigerd
[2021-09-16 16:01:52][I]:最高点后的15-45分钟 ，拉升突破前高...
[2021-09-16 16:02:18][I]:GALABUSD trigerd
[2021-09-16 16:02:28][I]:最高点后的15-45分钟 ，拉升突破前高...
[2021-09-16 16:02:44][I]:GALABUSD trigerd
[2021-09-16 16:02:55][I]:最高点后的15-45分钟 ，拉升突破前高...
[2021-09-16 16:04:19][I]:最高点后的15-45分钟 ，拉升突破前高...
[2021-09-16 16:04:21][I]:GALABUSD trigerd
[2021-09-16 16:04:32][I]:最高点后的15-45分钟 ，拉升突破前高...
[2021-09-16 16:04:47][I]:GALABUSD trigerd
[2021-09-16 16:04:58][I]:最高点后的15-45分钟 ，拉升突破前高...
[2021-09-16 16:05:14][I]:GALABUSD trigerd
[2021-09-16 16:05:24][I]:最高点后的15-45分钟，拉升突破前高10%... 
[2021-09-16 16:05:24][I]:high_24h=0.086 cur=0.08972
[2021-09-16 16:06:08][I]:NUBUSD trigerd
[2021-09-16 16:06:18][I]:最高点后的0-15分钟，持续爆拉升突破前高10%...
[2021-09-16 16:06:18][I]:high_24h=0.3766 cur=0.3818
[2021-09-16 16:06:30][I]:NUBUSD trigerd
[2021-09-16 16:06:40][I]:最高点后的0-15分钟，持续爆拉升突破前高10%...
[2021-09-16 16:06:40][I]:high_24h=0.3766 cur=0.3819
[2021-09-16 16:07:11][I]:NUBUSD trigerd
[2021-09-16 16:07:22][I]:最高点后的0-15分钟，持续爆拉升突破前高10%...
[2021-09-16 16:07:22][I]:high_24h=0.3766 cur=0.3818
[2021-09-16 16:07:52][I]:NUBUSD trigerd
[2021-09-16 16:08:03][I]:最高点后的0-15分钟，持续爆拉升突破前高10%...
[2021-09-16 16:08:03][I]:high_24h=0.3766 cur=0.3841
[2021-09-16 16:09:51][I]:GALABUSD trigerd
[2021-09-16 16:10:01][I]:最高点后的15-45分钟，拉升突破前高10%... 
[2021-09-16 16:10:01][I]:high_24h=0.086 cur=0.09046
[2021-09-16 16:11:08][I]:GALABUSD trigerd
[2021-09-16 16:11:34][I]:最高点后的15-45分钟，拉升突破前高10%... 
[2021-09-16 16:11:34][I]:high_24h=0.086 cur=0.09299
[2021-09-16 16:11:58][I]:GALABUSD trigerd
[2021-09-16 16:12:08][I]:最高点后的15-45分钟，拉升突破前高10%... 
[2021-09-16 16:12:08][I]:high_24h=0.086 cur=0.09349
[2021-09-16 16:12:39][I]:GALABUSD trigerd
[2021-09-16 16:12:50][I]:最高点后的15-45分钟，拉升突破前高10%... 
[2021-09-16 16:12:50][I]:high_24h=0.086 cur=0.09505
[2021-09-16 16:13:58][I]:最高点后的15-45分钟，拉升突破前高10%... 
[2021-09-16 16:13:58][I]:high_24h=0.086 cur=0.09304
[2021-09-16 16:15:36][I]:GALABUSD trigerd
[2021-09-16 16:15:46][I]:最高点后的0-15分钟，持续爆拉升突破前高... 
[2021-09-16 16:16:17][I]:GALABUSD trigerd
[2021-09-16 16:16:28][I]:最高点后的0-15分钟，持续爆拉升突破前高... 
[2021-09-16 16:17:09][I]:GALABUSD trigerd
[2021-09-16 16:17:19][I]:最高点后的0-15分钟，持续爆拉升突破前高... 
[2021-09-16 16:17:43][I]:AERGOBUSD trigerd
[2021-09-16 16:17:53][I]:最高点后的15-45分钟，拉升突破前高10%... 
[2021-09-16 16:17:53][I]:high_24h=0.353 cur=0.3591
[2021-09-16 16:18:34][I]:AERGOBUSD trigerd
[2021-09-16 16:18:44][I]:最高点后的15-45分钟，拉升突破前高10%... 
[2021-09-16 16:18:44][I]:high_24h=0.353 cur=0.3611
[2021-09-16 16:18:58][I]:AERGOBUSD trigerd
[2021-09-16 16:19:08][I]:最高点后的15-45分钟，拉升突破前高10%... 
[2021-09-16 16:19:08][I]:high_24h=0.353 cur=0.3666
[2021-09-16 16:19:41][I]:AERGOBUSD trigerd
[2021-09-16 16:19:51][I]:最高点后的15-45分钟，拉升突破前高10%... 
[2021-09-16 16:19:51][I]:high_24h=0.353 cur=0.3679
[2021-09-16 16:20:50][I]:AERGOBUSD trigerd
[2021-09-16 16:21:00][I]:最高点后的15-45分钟，拉升突破前高10%... 
[2021-09-16 16:21:00][I]:high_24h=0.353 cur=0.3823
[2021-09-16 16:21:13][I]:AERGOBUSD trigerd
[2021-09-16 16:21:23][I]:最高点后的15-45分钟，拉升突破前高10%... 
[2021-09-16 16:21:23][I]:high_24h=0.353 cur=0.3897
[2021-09-16 16:22:06][I]:GALABUSD trigerd
[2021-09-16 16:22:16][I]:最高点后的0-15分钟，持续爆拉升突破前高10%...
[2021-09-16 16:22:16][I]:high_24h=0.09589 cur=0.12014
[2021-09-16 16:22:39][I]:AERGOBUSD trigerd
[2021-09-16 16:22:49][I]:最高点后的15-45分钟，拉升突破前高10%... 
[2021-09-16 16:22:49][I]:high_24h=0.353 cur=0.3898
[2021-09-16 16:23:10][I]:GALABUSD trigerd
[2021-09-16 16:23:21][I]:最高点后的0-15分钟，持续爆拉升突破前高10%...
[2021-09-16 16:23:21][I]:high_24h=0.09589 cur=0.12206
[2021-09-16 16:23:43][I]:AERGOBUSD trigerd
[2021-09-16 16:23:54][I]:最高点后的15-45分钟，拉升突破前高10%... 
[2021-09-16 16:23:54][I]:high_24h=0.353 cur=0.396
[2021-09-16 16:24:06][I]:AERGOBUSD trigerd
[2021-09-16 16:24:16][I]:最高点后的15-45分钟，拉升突破前高10%... 
[2021-09-16 16:24:16][I]:high_24h=0.353 cur=0.4095
[2021-09-16 16:25:05][I]:GALABUSD trigerd
[2021-09-16 16:25:16][I]:最高点后的0-15分钟，持续爆拉升突破前高10%...
[2021-09-16 16:25:16][I]:high_24h=0.09589 cur=0.11136
[2021-09-16 16:30:16][I]:GALABUSD trigerd
[2021-09-16 16:30:26][I]:最高点后的0-15分钟,进入斐波区间 
[2021-09-16 16:30:56][I]:GALABUSD trigerd
[2021-09-16 16:31:07][I]:最高点后的0-15分钟,进入斐波区间 
[2021-09-16 16:31:58][I]:ORNBUSD trigerd
[2021-09-16 16:32:08][I]:高点后的15-45分钟，再次进入斐波区间前的拉升 
[2021-09-16 16:32:08][I]:high_24h=11.95 cur=11.836
[2021-09-16 16:32:20][I]:ORNBUSD trigerd
[2021-09-16 16:32:30][I]:高点后的15-45分钟，再次进入斐波区间前的拉升 
[2021-09-16 16:32:30][I]:high_24h=11.95 cur=11.846
[2021-09-16 16:33:23][I]:ROSEBUSD trigerd
[2021-09-16 16:33:33][I]:最高点后的15-45分钟 ，拉升突破前高...
[2021-09-16 16:33:49][I]:ROSEBUSD trigerd
[2021-09-16 16:33:59][I]:最高点后的15-45分钟，拉升突破前高10%... 
[2021-09-16 16:33:59][I]:high_24h=0.28095 cur=0.28444
[2021-09-16 16:35:00][I]:ROSEBUSD trigerd
[2021-09-16 16:35:10][I]:最高点后的15-45分钟，拉升突破前高10%... 
[2021-09-16 16:35:10][I]:high_24h=0.28095 cur=0.28598
[2021-09-16 16:38:14][I]:ROSEBUSD trigerd
[2021-09-16 16:38:24][I]:最高点后的15-45分钟，拉升突破前高10%... 
[2021-09-16 16:38:24][I]:high_24h=0.28095 cur=0.29007
[2021-09-16 16:45:45][I]:GALABUSD trigerd
[2021-09-16 16:45:55][I]:高点后的15-45分钟，再次进入斐波区间前的拉升 
[2021-09-16 16:45:55][I]:high_24h=0.12333 cur=0.09959
[2021-09-16 16:47:10][I]:GALABUSD trigerd
[2021-09-16 16:47:20][I]:高点后的15-45分钟，再次进入斐波区间前的拉升 
[2021-09-16 16:47:20][I]:high_24h=0.12333 cur=0.09959
[2021-09-16 16:47:50][I]:GALABUSD trigerd
[2021-09-16 16:48:00][I]:高点后的15-45分钟，再次进入斐波区间前的拉升 
[2021-09-16 16:48:00][I]:high_24h=0.12333 cur=0.10292
[2021-09-16 16:49:08][I]:GALABUSD trigerd
[2021-09-16 16:49:18][I]:高点后的15-45分钟，再次进入斐波区间前的拉升 
[2021-09-16 16:49:18][I]:high_24h=0.12333 cur=0.10224
[2021-09-16 16:50:57][I]:GALABUSD trigerd
[2021-09-16 16:51:07][I]:高点后的15-45分钟，再次进入斐波区间前的拉升 
[2021-09-16 16:51:07][I]:high_24h=0.12333 cur=0.09997
[2021-09-16 16:51:39][I]:GALABUSD trigerd
[2021-09-16 16:51:49][I]:高点后的15-45分钟，再次进入斐波区间前的拉升 
[2021-09-16 16:51:49][I]:high_24h=0.12333 cur=0.10038
[2021-09-16 16:54:09][I]:GALABUSD trigerd
[2021-09-16 16:54:19][I]:高点后的15-45分钟，再次进入斐波区间前的拉升 
[2021-09-16 16:54:19][I]:high_24h=0.12333 cur=0.09995
[2021-09-16 16:54:50][I]:GALABUSD trigerd
[2021-09-16 16:55:00][I]:高点后的15-45分钟，再次进入斐波区间前的拉升 
[2021-09-16 16:55:00][I]:high_24h=0.12333 cur=0.10009
[2021-09-16 17:01:13][I]:高点后的15-45分钟，再次进入斐波区间前的拉升 
[2021-09-16 17:01:13][I]:high_24h=0.12333 cur=0.0949
[2021-09-16 17:01:49][I]:ROSEBUSD trigerd
[2021-09-16 17:01:59][I]:最高点后的15-45分钟 ， 跌落后进入斐波区间 
[2021-09-16 17:02:17][I]:ROSEBUSD trigerd
[2021-09-16 17:02:27][I]:最高点后的15-45分钟 ， 跌落后进入斐波区间 
[2021-09-16 17:02:43][I]:AERGOBUSD trigerd
[2021-09-16 17:02:54][I]:高点后的15-45分钟，再次进入斐波区间前的拉升 
[2021-09-16 17:02:54][I]:high_24h=0.41 cur=0.3646
[2021-09-16 17:02:59][I]:ROSEBUSD trigerd
[2021-09-16 17:03:10][I]:最高点后的15-45分钟 ， 跌落后进入斐波区间 
[2021-09-16 17:03:26][I]:AERGOBUSD trigerd
[2021-09-16 17:03:37][I]:高点后的15-45分钟，再次进入斐波区间前的拉升 
[2021-09-16 17:03:37][I]:high_24h=0.41 cur=0.3654
[2021-09-16 17:04:12][I]:AERGOBUSD trigerd
[2021-09-16 17:04:22][I]:高点后的15-45分钟，再次进入斐波区间前的拉升 
[2021-09-16 17:04:22][I]:high_24h=0.41 cur=0.3651
[2021-09-16 17:04:32][I]:AERGOBUSD trigerd
[2021-09-16 17:04:42][I]:高点后的15-45分钟，再次进入斐波区间前的拉升 
[2021-09-16 17:04:42][I]:high_24h=0.41 cur=0.3651
[2021-09-16 17:04:53][I]:AERGOBUSD trigerd
[2021-09-16 17:05:03][I]:高点后的15-45分钟，再次进入斐波区间前的拉升 
[2021-09-16 17:05:03][I]:high_24h=0.41 cur=0.3679
[2021-09-16 17:05:33][I]:AERGOBUSD trigerd
[2021-09-16 17:05:44][I]:高点后的15-45分钟，再次进入斐波区间前的拉升 
[2021-09-16 17:05:44][I]:high_24h=0.41 cur=0.3733
[2021-09-16 17:05:54][I]:AERGOBUSD trigerd
[2021-09-16 17:06:04][I]:高点后的15-45分钟，再次进入斐波区间前的拉升 
[2021-09-16 17:06:04][I]:high_24h=0.41 cur=0.3737
[2021-09-16 17:06:15][I]:AERGOBUSD trigerd
[2021-09-16 17:06:25][I]:高点后的15-45分钟，再次进入斐波区间前的拉升 
[2021-09-16 17:06:25][I]:high_24h=0.41 cur=0.3771
[2021-09-16 17:06:36][I]:AERGOBUSD trigerd
[2021-09-16 17:06:46][I]:高点后的15-45分钟，再次进入斐波区间前的拉升 
[2021-09-16 17:06:46][I]:high_24h=0.41 cur=0.3789
[2021-09-16 17:07:11][I]:AERGOBUSD trigerd
[2021-09-16 17:07:21][I]:高点后的15-45分钟，再次进入斐波区间前的拉升 
[2021-09-16 17:07:21][I]:high_24h=0.41 cur=0.379
[2021-09-16 17:09:36][I]:PHABUSD trigerd
[2021-09-16 17:09:37][I]:最高点后的99.62614078124365分钟， 低谷回落 再次 进入斐波区间 
[2021-09-16 17:09:46][I]:最高点后的45 分钟之后，持续爆拉升突破前高10%... 
[2021-09-16 17:09:46][I]:high_24h=1.1291 cur=1.1365
[2021-09-16 17:09:58][I]:PHABUSD trigerd
[2021-09-16 17:09:59][I]:最高点后的99.98845626513163分钟， 低谷回落 再次 进入斐波区间 
[2021-09-16 17:10:08][I]:最高点后的45 分钟之后，持续爆拉升突破前高10%... 
[2021-09-16 17:10:08][I]:high_24h=1.1291 cur=1.15
[2021-09-16 17:11:39][I]:FORBUSD trigerd
[2021-09-16 17:11:40][I]:最高点后的101.66925879716874分钟， 低谷回落 再次 进入斐波区间 
[2021-09-16 17:11:49][I]:最高点后的45 分钟之后，斐波区间下面的拉升
[2021-09-16 17:11:49][I]:high_24h=0.08869 cur=0.08383
[2021-09-16 17:12:10][I]:FORBUSD trigerd
[2021-09-16 17:12:11][I]:最高点后的102.19000226656595分钟， 低谷回落 再次 进入斐波区间 
[2021-09-16 17:12:20][I]:最高点后的45 分钟之后，斐波区间下面的拉升
[2021-09-16 17:12:20][I]:high_24h=0.08869 cur=0.08466
[2021-09-16 17:12:51][I]:FORBUSD trigerd
[2021-09-16 17:12:52][I]:最高点后的102.87336541414261分钟， 低谷回落 再次 进入斐波区间 
[2021-09-16 17:13:01][I]:最高点后的45 分钟之后，斐波区间下面的拉升
[2021-09-16 17:13:01][I]:high_24h=0.08869 cur=0.08491
[2021-09-16 17:14:48][I]:FORBUSD trigerd
[2021-09-16 17:14:48][I]:最高点后的104.8150287826856分钟， 低谷回落 再次 进入斐波区间 
[2021-09-16 17:14:58][I]:最高点后的45 分钟之后，斐波区间下面的拉升
[2021-09-16 17:14:58][I]:high_24h=0.08869 cur=0.08392
[2021-09-16 17:17:41][I]:最高点后的47.6分钟， 低谷回落 再次 拉升 
[2021-09-16 17:17:51][I]:最高点后的45 分钟之后，斐波区间下面的拉升
[2021-09-16 17:17:51][I]:high_24h=0.12333 cur=0.08921
[2021-09-16 17:19:48][I]:DYDXBUSD trigerd
[2021-09-16 17:19:58][I]:最高点后的0-15分钟，持续爆拉升突破前高10%...
[2021-09-16 17:19:58][I]:high_24h=14.0 cur=14.344
[2021-09-16 17:27:54][I]:最高点后的57.9分钟， 低谷回落 再次 拉升 
[2021-09-16 17:28:05][I]:最高点后的45 分钟之后，斐波区间下面的拉升
[2021-09-16 17:28:05][I]:high_24h=0.12333 cur=0.09268
[2021-09-16 17:31:32][I]:GALABUSD trigerd
[2021-09-16 17:31:32][I]:最高点后的61.5分钟， 低谷回落 再次 拉升 
[2021-09-16 17:31:42][I]:最高点后的45 分钟之后，斐波区间下面的拉升
[2021-09-16 17:31:42][I]:high_24h=0.12333 cur=0.09439
[2021-09-16 17:33:18][I]:GALABUSD trigerd
[2021-09-16 17:33:20][I]:最高点后的63.3分钟， 低谷回落 再次 拉升 
[2021-09-16 17:33:29][I]:最高点后的45 分钟之后，斐波区间下面的拉升
[2021-09-16 17:33:29][I]:high_24h=0.12333 cur=0.09424
[2021-09-16 17:46:18][I]:GALABUSD trigerd
[2021-09-16 17:46:19][I]:最高点后的76.3分钟， 低谷回落 再次 拉升 
[2021-09-16 17:46:28][I]:最高点后的45 分钟之后，斐波区间下面的拉升
[2021-09-16 17:46:28][I]:high_24h=0.12333 cur=0.09262
[2021-09-16 17:46:59][I]:GALABUSD trigerd
[2021-09-16 17:47:00][I]:最高点后的77.0分钟， 低谷回落 再次 拉升 
[2021-09-16 17:47:10][I]:最高点后的45 分钟之后，斐波区间下面的拉升
[2021-09-16 17:47:10][I]:high_24h=0.12333 cur=0.0925
[2021-09-16 17:51:25][I]:MASKBUSD trigerd
[2021-09-16 17:51:35][I]:最高点后的0-15分钟，持续爆拉升突破前高10%...
[2021-09-16 17:51:35][I]:high_24h=12.592 cur=12.888
[2021-09-16 17:53:14][I]:GALABUSD trigerd
[2021-09-16 17:53:17][I]:最高点后的83.2分钟， 低谷回落 再次 拉升 
[2021-09-16 17:53:26][I]:最高点后的45 分钟之后，斐波区间下面的拉升
[2021-09-16 17:53:26][I]:high_24h=0.12333 cur=0.09246
[2021-09-16 17:53:56][I]:GALABUSD trigerd
[2021-09-16 17:53:58][I]:最高点后的83.9分钟， 低谷回落 再次 拉升 
[2021-09-16 17:54:07][I]:最高点后的45 分钟之后，斐波区间下面的拉升
[2021-09-16 17:54:07][I]:high_24h=0.12333 cur=0.09332
[2021-09-16 17:57:43][I]:GALABUSD trigerd
[2021-09-16 17:57:44][I]:最高点后的87.7分钟， 低谷回落 再次 拉升 
[2021-09-16 17:57:54][I]:最高点后的45 分钟之后，斐波区间下面的拉升
[2021-09-16 17:57:54][I]:high_24h=0.12333 cur=0.0933
[2021-09-16 17:58:28][I]:GALABUSD trigerd
[2021-09-16 17:58:30][I]:最高点后的88.5分钟， 低谷回落 再次 拉升 
[2021-09-16 17:58:39][I]:最高点后的45 分钟之后，斐波区间下面的拉升
[2021-09-16 17:58:39][I]:high_24h=0.12333 cur=0.09419
[2021-09-16 17:59:10][I]:GALABUSD trigerd
[2021-09-16 17:59:11][I]:最高点后的89.1分钟， 低谷回落 再次 拉升 
[2021-09-16 17:59:20][I]:最高点后的45 分钟之后，斐波区间下面的拉升
[2021-09-16 17:59:20][I]:high_24h=0.12333 cur=0.09488
[2021-09-16 18:04:18][I]:GALABUSD trigerd
[2021-09-16 18:04:19][I]:最高点后的94.3分钟， 低谷回落 再次 拉升 
[2021-09-16 18:04:29][I]:最高点后的45 分钟之后，斐波区间下面的拉升
[2021-09-16 18:04:29][I]:high_24h=0.12333 cur=0.09673
[2021-09-16 18:05:00][I]:GALABUSD trigerd
[2021-09-16 18:05:01][I]:最高点后的95.0分钟， 低谷回落 再次 拉升 
[2021-09-16 18:05:10][I]:最高点后的45 分钟之后，斐波区间下面的拉升
[2021-09-16 18:05:10][I]:high_24h=0.12333 cur=0.09745
[2021-09-16 18:06:25][I]:GALABUSD trigerd
[2021-09-16 18:06:26][I]:最高点后的96.4分钟， 低谷回落 再次 拉升 
[2021-09-16 18:06:35][I]:最高点后的45 分钟之后，斐波区间下面的拉升
[2021-09-16 18:06:35][I]:high_24h=0.12333 cur=0.0993
[2021-09-16 18:07:06][I]:GALABUSD trigerd
[2021-09-16 18:07:07][I]:最高点后的97.1分钟， 低谷回落 再次 拉升 
[2021-09-16 18:07:16][I]:最高点后的45 分钟之后，斐波区间下面的拉升
[2021-09-16 18:07:16][I]:high_24h=0.12333 cur=0.09959
[2021-09-16 18:07:50][I]:GALABUSD trigerd
[2021-09-16 18:07:51][I]:最高点后的97.8分钟， 低谷回落 再次 拉升 
[2021-09-16 18:08:00][I]:最高点后的45 分钟之后，斐波区间下面的拉升
[2021-09-16 18:08:00][I]:high_24h=0.12333 cur=0.10215
[2021-09-16 18:09:07][I]:GALABUSD trigerd
[2021-09-16 18:09:08][I]:最高点后的99.1分钟， 低谷回落 再次 拉升 
[2021-09-16 18:09:17][I]:最高点后的45 分钟之后，斐波区间下面的拉升
[2021-09-16 18:09:17][I]:high_24h=0.12333 cur=0.10017
[2021-09-16 18:09:48][I]:GALABUSD trigerd
[2021-09-16 18:09:50][I]:最高点后的99.8分钟， 低谷回落 再次 拉升 
[2021-09-16 18:09:59][I]:最高点后的45 分钟之后，斐波区间下面的拉升
[2021-09-16 18:09:59][I]:high_24h=0.12333 cur=0.10066
[2021-09-16 18:24:21][I]:ROSEBUSD trigerd
[2021-09-16 18:24:22][I]:最高点后的99.3分钟， 低谷回落 再次 拉升 
[2021-09-16 18:24:31][I]:最高点后的45 分钟之后，斐波区间下面的拉升
[2021-09-16 18:24:31][I]:high_24h=0.29071 cur=0.27926
[2021-09-16 18:31:57][I]:CELRBUSD trigerd
[2021-09-16 18:32:07][I]:最高点后的15-45分钟 ，拉升突破前高...
[2021-09-16 18:32:26][I]:CELRBUSD trigerd
[2021-09-16 18:32:36][I]:最高点后的15-45分钟 ，拉升突破前高...
[2021-09-16 18:32:52][I]:CELRBUSD trigerd
[2021-09-16 18:33:02][I]:最高点后的15-45分钟 ，拉升突破前高...
[2021-09-16 18:37:30][I]:DYDXBUSD trigerd
[2021-09-16 18:37:31][I]:最高点后的52.5分钟， 低谷回落 再次 拉升 
[2021-09-16 18:37:40][I]:最高点后的45分钟之后， 低谷回落 再次 进入斐波区间 
[2021-09-16 18:37:51][I]:DYDXBUSD trigerd
[2021-09-16 18:37:52][I]:最高点后的52.8分钟， 低谷回落 再次 拉升 
[2021-09-16 18:38:02][I]:最高点后的45分钟之后， 低谷回落 再次 进入斐波区间 
[2021-09-16 18:38:12][I]:DYDXBUSD trigerd
[2021-09-16 18:38:13][I]:最高点后的53.2分钟， 低谷回落 再次 拉升 
[2021-09-16 18:38:22][I]:最高点后的45分钟之后， 低谷回落 再次 进入斐波区间 
[2021-09-16 18:38:37][I]:DYDXBUSD trigerd
[2021-09-16 18:38:39][I]:最高点后的53.6分钟， 低谷回落 再次 拉升 
[2021-09-16 18:38:48][I]:最高点后的45分钟之后， 低谷回落 再次 进入斐波区间 
[2021-09-16 18:39:31][I]:DYDXBUSD trigerd
[2021-09-16 18:39:32][I]:最高点后的54.5分钟， 低谷回落 再次 拉升 
[2021-09-16 18:39:41][I]:最高点后的45分钟之后， 低谷回落 再次 进入斐波区间 
[2021-09-16 18:41:22][I]:DYDXBUSD trigerd
[2021-09-16 18:41:23][I]:最高点后的56.3分钟， 低谷回落 再次 拉升 
[2021-09-16 18:41:32][I]:最高点后的45 分钟之后，短期持续爆拉升突破前高... 
[2021-09-16 18:42:00][I]:DYDXBUSD trigerd
[2021-09-16 18:42:01][I]:最高点后的57.0分钟， 低谷回落 再次 拉升 
[2021-09-16 18:42:11][I]:最高点后的45分钟之后， 低谷回落 再次 进入斐波区间 
[2021-09-16 18:53:11][I]:GALABUSD trigerd
[2021-09-16 18:53:12][I]:最高点后的143.分钟， 低谷回落 再次 拉升 
[2021-09-16 18:53:21][I]:最高点后的45 分钟之后，斐波区间下面的拉升
[2021-09-16 18:53:21][I]:high_24h=0.12333 cur=0.09969
[2021-09-16 18:53:52][I]:GALABUSD trigerd
[2021-09-16 18:53:53][I]:最高点后的143.分钟， 低谷回落 再次 拉升 
[2021-09-16 18:54:02][I]:最高点后的45 分钟之后，斐波区间下面的拉升
[2021-09-16 18:54:02][I]:high_24h=0.12333 cur=0.10268
[2021-09-16 18:54:32][I]:GALABUSD trigerd
[2021-09-16 18:54:33][I]:最高点后的144.分钟， 低谷回落 再次 拉升 
[2021-09-16 18:54:42][I]:最高点后的45 分钟之后，斐波区间下面的拉升
[2021-09-16 18:54:42][I]:high_24h=0.12333 cur=0.10231
[2021-09-16 19:01:58][I]:GALABUSD trigerd
[2021-09-16 19:01:59][I]:最高点后的151.分钟， 低谷回落 再次 拉升 
[2021-09-16 19:02:08][I]:最高点后的45 分钟之后，斐波区间下面的拉升
[2021-09-16 19:02:08][I]:high_24h=0.12333 cur=0.10332
[2021-09-16 19:02:39][I]:GALABUSD trigerd
[2021-09-16 19:02:40][I]:最高点后的152.分钟， 低谷回落 再次 拉升 
[2021-09-16 19:02:49][I]:最高点后的45 分钟之后，斐波区间下面的拉升
[2021-09-16 19:02:49][I]:high_24h=0.12333 cur=0.10399
[2021-09-16 19:03:21][I]:GALABUSD trigerd
[2021-09-16 19:03:21][I]:最高点后的153.分钟， 低谷回落 再次 拉升 
[2021-09-16 19:03:31][I]:最高点后的45 分钟之后，斐波区间下面的拉升
[2021-09-16 19:03:31][I]:high_24h=0.12333 cur=0.10582
[2021-09-16 19:04:01][I]:GALABUSD trigerd
[2021-09-16 19:04:02][I]:最高点后的154.分钟， 低谷回落 再次 拉升 
[2021-09-16 19:04:11][I]:最高点后的45分钟之后， 低谷回落 再次 进入斐波区间 
[2021-09-16 19:07:13][I]:GALABUSD trigerd
[2021-09-16 19:07:14][I]:最高点后的157.分钟， 低谷回落 再次 拉升 
[2021-09-16 19:07:23][I]:最高点后的45分钟之后， 低谷回落 再次 进入斐波区间 
[2021-09-16 19:07:54][I]:GALABUSD trigerd
[2021-09-16 19:07:55][I]:最高点后的157.分钟， 低谷回落 再次 拉升 
[2021-09-16 19:08:04][I]:最高点后的45分钟之后， 低谷回落 再次 进入斐波区间 
[2021-09-16 19:08:34][I]:GALABUSD trigerd
[2021-09-16 19:08:35][I]:最高点后的158.分钟， 低谷回落 再次 拉升 
[2021-09-16 19:08:44][I]:最高点后的45分钟之后， 低谷回落 再次 进入斐波区间 
[2021-09-16 19:09:03][I]:最高点后的159.分钟， 低谷回落 再次 拉升 
[2021-09-16 19:09:03][I]:最高点后的159.分钟， 低谷回落 再次 拉升 
[2021-09-16 19:09:13][I]:最高点后的45分钟之后， 低谷回落 再次 进入斐波区间 
[2021-09-16 19:09:14][I]:最高点后的159.分钟， 低谷回落 再次 拉升 
[2021-09-16 19:09:24][I]:最高点后的45分钟之后， 低谷回落 再次 进入斐波区间 
[2021-09-16 19:09:38][I]:最高点后的159.分钟， 低谷回落 再次 拉升 
[2021-09-16 19:09:48][I]:最高点后的45分钟之后， 大低谷回落 再次 进入斐波区间 
[2021-09-16 19:17:32][I]:GALABUSD trigerd
[2021-09-16 19:17:33][I]:最高点后的167.分钟， 低谷回落 再次 拉升 
[2021-09-16 19:17:39][I]:GALABUSD trigerd
[2021-09-16 19:17:40][I]:最高点后的167.分钟， 低谷回落 再次 拉升 
[2021-09-16 19:17:42][I]:最高点后的45分钟之后， 大低谷回落 再次 进入斐波区间 
[2021-09-16 19:17:49][I]:最高点后的45分钟之后， 低谷回落 再次 进入斐波区间 
[2021-09-16 19:18:04][I]:最高点后的168.分钟， 低谷回落 再次 拉升 
[2021-09-16 19:18:14][I]:最高点后的45分钟之后， 大低谷回落 再次 进入斐波区间 
[2021-09-16 19:20:38][I]:GALABUSD trigerd
[2021-09-16 19:20:39][I]:最高点后的170.分钟， 低谷回落 再次 拉升 
[2021-09-16 19:20:48][I]:最高点后的45分钟之后， 低谷回落 再次 进入斐波区间 
[2021-09-16 19:22:18][I]:GALABUSD trigerd
[2021-09-16 19:22:19][I]:最高点后的172.分钟， 低谷回落 再次 拉升 
[2021-09-16 19:22:28][I]:最高点后的45分钟之后， 低谷回落 再次 进入斐波区间 
[2021-09-16 19:22:59][I]:GALABUSD trigerd
[2021-09-16 19:23:00][I]:最高点后的173.分钟， 低谷回落 再次 拉升 
[2021-09-16 19:23:09][I]:最高点后的45分钟之后， 低谷回落 再次 进入斐波区间 
[2021-09-16 19:23:42][I]:PHABUSD trigerd
[2021-09-16 19:23:43][I]:最高点后的128.分钟， 低谷回落 再次 拉升 
[2021-09-16 19:23:52][I]:最高点后的45分钟之后， 低谷回落 再次 进入斐波区间 
[2021-09-16 19:24:22][I]:GALABUSD trigerd
[2021-09-16 19:24:23][I]:最高点后的174.分钟， 低谷回落 再次 拉升 
[2021-09-16 19:24:32][I]:最高点后的45分钟之后， 低谷回落 再次 进入斐波区间 
[2021-09-16 19:24:55][I]:PHABUSD trigerd
[2021-09-16 19:24:56][I]:最高点后的129.分钟， 低谷回落 再次 拉升 
[2021-09-16 19:25:05][I]:最高点后的45 分钟之后，短期持续爆拉升突破前高... 
[2021-09-16 19:26:24][I]:GALABUSD trigerd
[2021-09-16 19:26:25][I]:最高点后的176.分钟， 低谷回落 再次 拉升 
[2021-09-16 19:26:34][I]:最高点后的45分钟之后， 低谷回落 再次 进入斐波区间 
[2021-09-16 19:27:07][I]:GALABUSD trigerd
[2021-09-16 19:27:08][I]:最高点后的177.分钟， 低谷回落 再次 拉升 
[2021-09-16 19:27:17][I]:最高点后的45分钟之后， 低谷回落 再次 进入斐波区间 
[2021-09-16 19:27:49][I]:GALABUSD trigerd
[2021-09-16 19:27:50][I]:最高点后的177.分钟， 低谷回落 再次 拉升 
[2021-09-16 19:27:59][I]:最高点后的45分钟之后， 低谷回落 再次 进入斐波区间 
[2021-09-16 19:28:40][I]:GALABUSD trigerd
[2021-09-16 19:28:41][I]:最高点后的178.分钟， 低谷回落 再次 拉升 
[2021-09-16 19:28:51][I]:最高点后的45分钟之后， 低谷回落 再次 进入斐波区间 
[2021-09-16 19:29:36][I]:最高点后的179.分钟， 低谷回落 再次 拉升 
[2021-09-16 19:29:46][I]:最高点后的45分钟之后， 大低谷回落 再次 进入斐波区间 
[2021-09-16 19:35:57][I]:DYDXBUSD trigerd
[2021-09-16 19:35:58][I]:最高点后的50.9分钟， 低谷回落 再次 拉升 
[2021-09-16 19:36:07][I]:最高点后的45分钟之后， 大低谷回落 再次 进入斐波区间 
[2021-09-16 19:37:42][I]:DYDXBUSD trigerd
[2021-09-16 19:37:43][I]:最高点后的52.7分钟， 低谷回落 再次 拉升 
[2021-09-16 19:37:52][I]:最高点后的45分钟之后， 大低谷回落 再次 进入斐波区间 
[2021-09-16 19:51:39][I]:MASKBUSD trigerd
[2021-09-16 19:51:40][I]:最高点后的111.分钟， 低谷回落 再次 拉升 
[2021-09-16 19:51:49][I]:最高点后的45分钟之后， 大低谷回落 再次 进入斐波区间 
[2021-09-16 19:52:54][I]:MASKBUSD trigerd
[2021-09-16 19:52:55][I]:最高点后的112.分钟， 低谷回落 再次 拉升 
[2021-09-16 19:53:05][I]:最高点后的45分钟之后， 大低谷回落 再次 进入斐波区间 
[2021-09-16 19:57:54][I]:PHABUSD trigerd
[2021-09-16 19:58:04][I]:最高点后的15-45分钟 ，拉升突破前高...
[2021-09-16 19:58:31][I]:PHABUSD trigerd
[2021-09-16 19:58:42][I]:最高点后的15-45分钟，拉升突破前高10%... 
[2021-09-16 19:58:42][I]:high_24h=1.1946 cur=1.2085
[2021-09-16 19:59:14][I]:PHABUSD trigerd
[2021-09-16 19:59:24][I]:最高点后的15-45分钟，拉升突破前高10%... 
[2021-09-16 19:59:24][I]:high_24h=1.1946 cur=1.2195
[2021-09-16 19:59:53][I]:DYDXBUSD trigerd
[2021-09-16 19:59:55][I]:最高点后的74.9分钟， 低谷回落 再次 拉升 
[2021-09-16 20:00:05][I]:最高点后的45 分钟之后，短期持续爆拉升突破前高... 
[2021-09-16 20:13:27][I]:CELRBUSD trigerd
[2021-09-16 20:13:28][I]:最高点后的88.4分钟， 低谷回落 再次 拉升 
[2021-09-16 20:13:37][I]:最高点后的45 分钟之后，短期持续爆拉升突破前高... 
[2021-09-16 20:16:30][I]:MBOXBUSD trigerd
[2021-09-16 20:16:40][I]:最高点后的0-15分钟，持续爆拉升突破前高10%...
[2021-09-16 20:16:40][I]:high_24h=6.271 cur=6.427
[2021-09-16 20:18:00][I]:MBOXBUSD trigerd
[2021-09-16 20:18:10][I]:最高点后的0-15分钟，持续爆拉升突破前高10%...
[2021-09-16 20:18:11][I]:high_24h=6.271 cur=6.472
[2021-09-16 20:19:09][I]:MBOXBUSD trigerd
[2021-09-16 20:19:19][I]:最高点后的0-15分钟，持续爆拉升突破前高10%...
[2021-09-16 20:19:19][I]:high_24h=6.271 cur=6.462
[2021-09-16 20:19:55][I]:MBOXBUSD trigerd
[2021-09-16 20:20:06][I]:最高点后的0-15分钟，持续爆拉升突破前高10%...
[2021-09-16 20:20:06][I]:high_24h=6.271 cur=6.527
[2021-09-16 20:33:28][I]:GALABUSD trigerd
[2021-09-16 20:33:29][I]:最高点后的63.4分钟， 低谷回落 再次 拉升 
[2021-09-16 20:33:39][I]:最高点后的45分钟之后， 大低谷回落 再次 进入斐波区间 
[2021-09-16 20:34:21][I]:GALABUSD trigerd
[2021-09-16 20:34:22][I]:最高点后的64.3分钟， 低谷回落 再次 拉升 
[2021-09-16 20:34:31][I]:最高点后的45分钟之后， 大低谷回落 再次 进入斐波区间 
[2021-09-16 20:36:22][I]:FORBUSD trigerd
[2021-09-16 20:36:22][I]:最高点后的201.分钟， 低谷回落 再次 拉升 
[2021-09-16 20:36:32][I]:最高点后的45 分钟之后，持续爆拉升突破前高10%... 
[2021-09-16 20:36:32][I]:high_24h=0.085 cur=0.08216
[2021-09-16 20:38:59][I]:MBOXBUSD trigerd
[2021-09-16 20:39:10][I]:最高点后的0-15分钟，持续爆拉升突破前高... 
[2021-09-16 20:44:57][I]:MASKBUSD trigerd
[2021-09-16 20:44:58][I]:最高点后的164.分钟， 低谷回落 再次 拉升 
[2021-09-16 20:45:07][I]:最高点后的45分钟之后， 大低谷回落 再次 进入斐波区间 
[2021-09-16 20:56:57][I]:GALABUSD trigerd
[2021-09-16 20:56:58][I]:最高点后的86.9分钟， 低谷回落 再次 拉升 
[2021-09-16 20:57:08][I]:最高点后的45分钟之后， 大低谷回落 再次 进入斐波区间 
[2021-09-16 21:00:00][I]:GALABUSD trigerd
[2021-09-16 21:00:01][I]:最高点后的90.0分钟， 低谷回落 再次 拉升 
[2021-09-16 21:00:10][I]:最高点后的45分钟之后， 大低谷回落 再次 进入斐波区间 
[2021-09-16 21:03:51][I]:ZRXBUSD trigerd
[2021-09-16 21:04:01][I]:最高点后的15-45分钟，拉升突破前高10%... 
[2021-09-16 21:04:01][I]:high_24h=1.2098 cur=1.2413
[2021-09-16 21:04:33][I]:ZRXBUSD trigerd
[2021-09-16 21:04:43][I]:最高点后的15-45分钟，拉升突破前高10%... 
[2021-09-16 21:04:43][I]:high_24h=1.2098 cur=1.2464
[2021-09-16 21:07:15][I]:GALABUSD trigerd
[2021-09-16 21:07:16][I]:最高点后的97.2分钟， 低谷回落 再次 拉升 
[2021-09-16 21:07:25][I]:最高点后的45分钟之后， 大低谷回落 再次 进入斐波区间 
[2021-09-16 21:07:56][I]:GALABUSD trigerd
[2021-09-16 21:07:57][I]:最高点后的97.9分钟， 低谷回落 再次 拉升 
[2021-09-16 21:08:06][I]:最高点后的45分钟之后， 大低谷回落 再次 进入斐波区间 
[2021-09-16 21:08:51][I]:GALABUSD trigerd
[2021-09-16 21:08:53][I]:最高点后的98.8分钟， 低谷回落 再次 拉升 
[2021-09-16 21:09:02][I]:最高点后的45分钟之后， 大低谷回落 再次 进入斐波区间 
[2021-09-16 21:09:33][I]:GALABUSD trigerd
[2021-09-16 21:09:34][I]:最高点后的99.5分钟， 低谷回落 再次 拉升 
[2021-09-16 21:09:43][I]:最高点后的45分钟之后， 大低谷回落 再次 进入斐波区间 
[2021-09-16 21:14:17][I]:GALABUSD trigerd
[2021-09-16 21:14:17][I]:最高点后的104.分钟， 低谷回落 再次 拉升 
[2021-09-16 21:14:27][I]:最高点后的45 分钟之后，短期持续爆拉升突破前高... 
[2021-09-16 21:14:58][I]:GALABUSD trigerd
[2021-09-16 21:14:58][I]:最高点后的104.分钟， 低谷回落 再次 拉升 
[2021-09-16 21:15:08][I]:最高点后的45 分钟之后，短期持续爆拉升突破前高... 
[2021-09-16 21:15:47][I]:GALABUSD trigerd
[2021-09-16 21:15:57][I]:最高点后的0-15分钟，持续爆拉升突破前高... 
[2021-09-16 21:16:33][I]:GALABUSD trigerd
[2021-09-16 21:16:44][I]:最高点后的0-15分钟，持续爆拉升突破前高... 
[2021-09-16 21:18:04][I]:GALABUSD trigerd
[2021-09-16 21:18:14][I]:最高点后的0-15分钟，持续爆拉升突破前高... 
[2021-09-16 21:18:45][I]:GALABUSD trigerd
[2021-09-16 21:18:55][I]:最高点后的0-15分钟，持续爆拉升突破前高... 
[2021-09-16 21:19:26][I]:GALABUSD trigerd
[2021-09-16 21:19:36][I]:最高点后的0-15分钟，持续爆拉升突破前高10%...
[2021-09-16 21:19:36][I]:high_24h=0.11716 cur=0.12444
[2021-09-16 21:46:26][I]:GALABUSD trigerd
[2021-09-16 21:46:36][I]:最高点后的15-45分钟 ， 跌落后进入斐波区间 
[2021-09-16 21:47:21][I]:GALABUSD trigerd
[2021-09-16 21:47:32][I]:最高点后的15-45分钟 ， 跌落后进入斐波区间 
[2021-09-16 21:47:48][I]:GALABUSD trigerd
[2021-09-16 21:47:58][I]:最高点后的15-45分钟 ， 跌落后进入斐波区间 
[2021-09-16 21:48:15][I]:GALABUSD trigerd
[2021-09-16 21:48:25][I]:最高点后的15-45分钟 ， 跌落后进入斐波区间 
[2021-09-16 21:51:20][I]:GALABUSD trigerd
[2021-09-16 21:51:32][I]:最高点后的15-45分钟 ， 跌落后进入斐波区间 
[2021-09-16 21:51:55][I]:GALABUSD trigerd
[2021-09-16 21:52:06][I]:最高点后的15-45分钟 ， 跌落后进入斐波区间 
[2021-09-16 21:52:22][I]:GALABUSD trigerd
[2021-09-16 21:52:32][I]:最高点后的15-45分钟 ， 跌落后进入斐波区间 
[2021-09-16 21:52:51][I]:GALABUSD trigerd
[2021-09-16 21:53:02][I]:最高点后的15-45分钟 ， 跌落后进入斐波区间 
[2021-09-16 21:59:23][I]:GALABUSD trigerd
[2021-09-16 21:59:34][I]:最高点后的15-45分钟 ， 跌落后进入斐波区间 
[2021-09-16 21:59:52][I]:GALABUSD trigerd
[2021-09-16 22:00:02][I]:最高点后的15-45分钟 ， 跌落后进入斐波区间 
[2021-09-16 22:00:52][I]:GALABUSD trigerd
[2021-09-16 22:01:03][I]:最高点后的15-45分钟 ， 跌落后进入斐波区间 
[2021-09-16 22:02:17][I]:GALABUSD trigerd
[2021-09-16 22:02:28][I]:最高点后的15-45分钟 ， 跌落后进入斐波区间 
[2021-09-16 22:02:41][I]:AVAXBUSD trigerd
[2021-09-16 22:02:43][I]:最高点后的107.分钟， 低谷回落 再次 拉升 
[2021-09-16 22:02:52][I]:最高点后的45 分钟之后，持续爆拉升突破前高10%... 
[2021-09-16 22:02:52][I]:high_24h=61.9 cur=62.6
[2021-09-16 22:04:06][I]:GALABUSD trigerd
[2021-09-16 22:04:16][I]:最高点后的15-45分钟 ， 跌落后进入斐波区间 
[2021-09-16 22:04:28][I]:CELRBUSD trigerd
[2021-09-16 22:04:30][I]:最高点后的94.5分钟， 低谷回落 再次 拉升 
[2021-09-16 22:04:39][I]:最高点后的45分钟之后， 大低谷回落 再次 进入斐波区间 
[2021-09-16 22:07:16][I]:AVAXBUSD trigerd
[2021-09-16 22:07:17][I]:最高点后的112.分钟， 低谷回落 再次 拉升 
[2021-09-16 22:07:26][I]:最高点后的45 分钟之后，持续爆拉升突破前高10%... 
[2021-09-16 22:07:26][I]:high_24h=61.9 cur=63.83
[2021-09-16 22:08:05][I]:AVAXBUSD trigerd
[2021-09-16 22:08:07][I]:最高点后的113.分钟， 低谷回落 再次 拉升 
[2021-09-16 22:08:16][I]:最高点后的45 分钟之后，持续爆拉升突破前高10%... 
[2021-09-16 22:08:16][I]:high_24h=61.9 cur=64.16
[2021-09-16 22:16:07][I]:GALABUSD trigerd
[2021-09-16 22:16:14][I]:最高点后的0-15分钟,进入斐波区间 
[2021-09-16 22:16:47][I]:GALABUSD trigerd
[2021-09-16 22:16:57][I]:最高点后的0-15分钟,进入斐波区间 
[2021-09-16 22:17:30][I]:GALABUSD trigerd
[2021-09-16 22:17:41][I]:最高点后的0-15分钟,进入斐波区间 
[2021-09-16 22:20:32][I]:GALABUSD trigerd
[2021-09-16 22:20:42][I]:最高点后的0-15分钟,进入斐波区间 
[2021-09-16 22:21:59][I]:GALABUSD trigerd
[2021-09-16 22:22:09][I]:最高点后的0-15分钟,进入斐波区间 
[2021-09-16 22:23:05][I]:GALABUSD trigerd
[2021-09-16 22:23:15][I]:最高点后的0-15分钟,进入斐波区间 
[2021-09-16 22:23:51][I]:GALABUSD trigerd
[2021-09-16 22:24:02][I]:最高点后的0-15分钟,进入斐波区间 
[2021-09-16 22:24:34][I]:GALABUSD trigerd
[2021-09-16 22:24:44][I]:最高点后的0-15分钟,进入斐波区间 
[2021-09-16 22:31:19][I]:GALABUSD trigerd
[2021-09-16 22:31:29][I]:最高点后的15-45分钟 ，拉升突破前高...
[2021-09-16 22:31:47][I]:GALABUSD trigerd
[2021-09-16 22:31:57][I]:最高点后的15-45分钟 ， 跌落后进入斐波区间 
[2021-09-16 22:32:24][I]:CELRBUSD trigerd
[2021-09-16 22:32:25][I]:最高点后的122.分钟， 低谷回落 再次 拉升 
[2021-09-16 22:32:35][I]:最高点后的45 分钟之后，短期持续爆拉升突破前高... 
[2021-09-16 22:33:17][I]:CELRBUSD trigerd
[2021-09-16 22:33:18][I]:最高点后的123.分钟， 低谷回落 再次 拉升 
[2021-09-16 22:33:27][I]:最高点后的45 分钟之后，短期持续爆拉升突破前高... 
[2021-09-16 22:34:03][I]:GALABUSD trigerd
[2021-09-16 22:34:13][I]:最高点后的15-45分钟 ，拉升突破前高...
[2021-09-16 22:34:22][I]:CELRBUSD trigerd
[2021-09-16 22:34:23][I]:最高点后的124.分钟， 低谷回落 再次 拉升 
[2021-09-16 22:34:32][I]:最高点后的45 分钟之后，短期持续爆拉升突破前高... 
[2021-09-16 22:36:14][I]:GALABUSD trigerd
[2021-09-16 22:36:24][I]:最高点后的15-45分钟 ，拉升突破前高...
[2021-09-16 22:36:42][I]:GALABUSD trigerd
[2021-09-16 22:36:53][I]:最高点后的15-45分钟 ，拉升突破前高...
[2021-09-16 22:38:07][I]:GALABUSD trigerd
[2021-09-16 22:38:18][I]:最高点后的15-45分钟，拉升突破前高10%... 
[2021-09-16 22:38:18][I]:high_24h=0.127 cur=0.13495
[2021-09-16 22:38:53][I]:GALABUSD trigerd
[2021-09-16 22:39:03][I]:最高点后的15-45分钟，拉升突破前高10%... 
[2021-09-16 22:39:03][I]:high_24h=0.127 cur=0.1385
[2021-09-16 22:41:12][I]:GALABUSD trigerd
[2021-09-16 22:41:22][I]:最高点后的15-45分钟，拉升突破前高10%... 
[2021-09-16 22:41:22][I]:high_24h=0.127 cur=0.13799
[2021-09-16 22:41:59][I]:GALABUSD trigerd
[2021-09-16 22:42:10][I]:最高点后的15-45分钟，拉升突破前高10%... 
[2021-09-16 22:42:10][I]:high_24h=0.127 cur=0.13864
[2021-09-16 22:42:50][I]:GALABUSD trigerd
[2021-09-16 22:43:02][I]:最高点后的15-45分钟，拉升突破前高10%... 
[2021-09-16 22:43:02][I]:high_24h=0.127 cur=0.14297
[2021-09-16 22:43:34][I]:GALABUSD trigerd
[2021-09-16 22:43:45][I]:最高点后的15-45分钟，拉升突破前高10%... 
[2021-09-16 22:43:45][I]:high_24h=0.127 cur=0.14648
[2021-09-16 22:44:16][I]:GALABUSD trigerd
[2021-09-16 22:44:26][I]:最高点后的15-45分钟，拉升突破前高10%... 
[2021-09-16 22:44:26][I]:high_24h=0.127 cur=0.14521
[2021-09-16 22:52:28][I]:MBOXBUSD trigerd
[2021-09-16 22:52:29][I]:最高点后的127.分钟， 低谷回落 再次 拉升 
[2021-09-16 22:52:38][I]:最高点后的45分钟之后， 大低谷回落 再次 进入斐波区间 
[2021-09-16 22:53:10][I]:DYDXBUSD trigerd
[2021-09-16 22:53:11][I]:最高点后的158.分钟， 低谷回落 再次 拉升 
[2021-09-16 22:53:21][I]:最高点后的45分钟之后， 大低谷回落 再次 进入斐波区间 
[2021-09-16 22:54:04][I]:DYDXBUSD trigerd
[2021-09-16 22:54:05][I]:最高点后的159.分钟， 低谷回落 再次 拉升 
[2021-09-16 22:54:14][I]:最高点后的45分钟之后， 大低谷回落 再次 进入斐波区间 
[2021-09-16 22:54:32][I]:DYDXBUSD trigerd
[2021-09-16 22:54:33][I]:最高点后的159.分钟， 低谷回落 再次 拉升 
[2021-09-16 22:54:43][I]:最高点后的45分钟之后， 大低谷回落 再次 进入斐波区间 
[2021-09-16 22:54:55][I]:DYDXBUSD trigerd
[2021-09-16 22:54:56][I]:最高点后的159.分钟， 低谷回落 再次 拉升 
[2021-09-16 22:55:06][I]:最高点后的45分钟之后， 大低谷回落 再次 进入斐波区间 
[2021-09-16 22:56:28][I]:最高点后的0-15分钟,进入斐波区间 
[2021-09-16 22:59:12][I]:MBOXBUSD trigerd
[2021-09-16 22:59:13][I]:最高点后的134.分钟， 低谷回落 再次 拉升 
[2021-09-16 22:59:22][I]:最高点后的45分钟之后， 大低谷回落 再次 进入斐波区间 
[2021-09-16 22:59:54][I]:MBOXBUSD trigerd
[2021-09-16 22:59:55][I]:最高点后的134.分钟， 低谷回落 再次 拉升 
[2021-09-16 23:00:04][I]:最高点后的45分钟之后， 大低谷回落 再次 进入斐波区间 
[2021-09-16 23:01:44][I]:GALABUSD trigerd
[2021-09-16 23:01:55][I]:最高点后的15-45分钟 ， 跌落后进入斐波区间 
[2021-09-16 23:02:14][I]:GALABUSD trigerd
[2021-09-16 23:02:25][I]:最高点后的15-45分钟 ， 跌落后进入斐波区间 
[2021-09-16 23:02:40][I]:GALABUSD trigerd
[2021-09-16 23:02:50][I]:最高点后的15-45分钟 ， 跌落后进入斐波区间 
[2021-09-16 23:04:38][I]:GALABUSD trigerd
[2021-09-16 23:04:48][I]:最高点后的15-45分钟 ， 跌落后进入斐波区间 
[2021-09-16 23:05:51][I]:GALABUSD trigerd
[2021-09-16 23:06:03][I]:最高点后的15-45分钟 ， 跌落后进入斐波区间 
[2021-09-16 23:06:23][I]:GALABUSD trigerd
[2021-09-16 23:06:33][I]:最高点后的15-45分钟 ， 跌落后进入斐波区间 
[2021-09-16 23:06:54][I]:GALABUSD trigerd
[2021-09-16 23:07:05][I]:最高点后的15-45分钟 ， 跌落后进入斐波区间 
[2021-09-16 23:07:58][I]:DYDXBUSD trigerd
[2021-09-16 23:07:59][I]:最高点后的172.分钟， 低谷回落 再次 拉升 
[2021-09-16 23:08:08][I]:最高点后的45 分钟之后，短期持续爆拉升突破前高... 
[2021-09-16 23:08:22][I]:DYDXBUSD trigerd
[2021-09-16 23:08:23][I]:最高点后的173.分钟， 低谷回落 再次 拉升 
[2021-09-16 23:08:32][I]:最高点后的45 分钟之后，短期持续爆拉升突破前高... 
[2021-09-16 23:08:43][I]:DYDXBUSD trigerd
[2021-09-16 23:08:44][I]:最高点后的173.分钟， 低谷回落 再次 拉升 
[2021-09-16 23:08:53][I]:最高点后的45 分钟之后，短期持续爆拉升突破前高... 
[2021-09-16 23:14:45][I]:DYDXBUSD trigerd
[2021-09-16 23:14:46][I]:最高点后的179.分钟， 低谷回落 再次 拉升 
[2021-09-16 23:14:55][I]:最高点后的45 分钟之后，持续爆拉升突破前高10%... 
[2021-09-16 23:14:55][I]:high_24h=15.65 cur=16.102
[2021-09-16 23:16:55][I]:GALABUSD trigerd
[2021-09-16 23:17:06][I]:最高点后的15-45分钟 ， 跌落后进入斐波区间 
[2021-09-16 23:18:01][I]:GALABUSD trigerd
[2021-09-16 23:18:11][I]:最高点后的15-45分钟 ， 跌落后进入斐波区间 
[2021-09-16 23:19:09][I]:GALABUSD trigerd
[2021-09-16 23:19:19][I]:最高点后的15-45分钟 ， 跌落后进入斐波区间 
[2021-09-16 23:19:34][I]:GALABUSD trigerd
[2021-09-16 23:19:45][I]:最高点后的15-45分钟 ， 跌落后进入斐波区间 
[2021-09-16 23:20:00][I]:GALABUSD trigerd
[2021-09-16 23:20:10][I]:最高点后的15-45分钟 ， 跌落后进入斐波区间 
[2021-09-16 23:28:29][I]:MASKBUSD trigerd
[2021-09-16 23:28:30][I]:最高点后的148.分钟， 低谷回落 再次 拉升 
[2021-09-16 23:28:39][I]:最高点后的45分钟之后， 大低谷回落 再次 进入斐波区间 
[2021-09-16 23:30:26][I]:GALABUSD trigerd
[2021-09-16 23:30:27][I]:最高点后的45.4分钟， 低谷回落 再次 拉升 
[2021-09-16 23:30:36][I]:最高点后的45分钟之后， 大低谷回落 再次 进入斐波区间 
[2021-09-16 23:47:43][I]:GALABUSD trigerd
[2021-09-16 23:47:44][I]:最高点后的62.7分钟， 低谷回落 再次 拉升 
[2021-09-16 23:47:53][I]:最高点后的45分钟之后， 大低谷回落 再次 进入斐波区间 
[2021-09-16 23:49:10][I]:GALABUSD trigerd
[2021-09-16 23:49:12][I]:最高点后的64.2分钟， 低谷回落 再次 拉升 
[2021-09-16 23:49:21][I]:最高点后的45分钟之后， 大低谷回落 再次 进入斐波区间 
[2021-09-16 23:51:46][I]:MASKBUSD trigerd
[2021-09-16 23:51:47][I]:最高点后的171.分钟， 低谷回落 再次 拉升 
[2021-09-16 23:51:56][I]:最高点后的45 分钟之后，短期持续爆拉升突破前高... 
[2021-09-16 23:53:14][I]:MASKBUSD trigerd
[2021-09-16 23:53:15][I]:最高点后的173.分钟， 低谷回落 再次 拉升 
[2021-09-16 23:53:25][I]:最高点后的45 分钟之后，短期持续爆拉升突破前高... 
[2021-09-16 23:53:55][I]:MASKBUSD trigerd
[2021-09-16 23:53:56][I]:最高点后的173.分钟， 低谷回落 再次 拉升 
[2021-09-16 23:54:06][I]:最高点后的45 分钟之后，持续爆拉升突破前高10%... 
[2021-09-16 23:54:06][I]:high_24h=12.937 cur=13.152
[2021-09-16 23:58:13][I]:DYDXBUSD trigerd
[2021-09-16 23:58:24][I]:最高点后的15-45分钟 ， 跌落后进入斐波区间 
[2021-09-16 23:58:43][I]:DYDXBUSD trigerd
[2021-09-16 23:58:53][I]:最高点后的15-45分钟 ，拉升突破前高...
