[2021-08-27 00:49:03][I]:OMBUSD trigerd
[2021-08-27 00:49:49][I]:OMBUSD trigerd
[2021-08-27 00:58:39][I]:DEXEBUSD trigerd
[2021-08-27 00:59:15][I]:DEXEBUSD trigerd
[2021-08-27 00:59:54][I]:DEXEBUSD trigerd
[2021-08-27 01:01:50][I]:TORNBUSD trigerd
[2021-08-27 01:04:38][I]:MLNBUSD trigerd
[2021-08-27 01:06:28][I]:TORNBUSD trigerd
[2021-08-27 01:07:07][I]:TORNBUSD trigerd
[2021-08-27 01:08:33][I]:TORNBUSD trigerd
[2021-08-27 01:09:40][I]:TORNBUSD trigerd
[2021-08-27 01:12:30][I]:CFXBUSD trigerd
[2021-08-27 01:13:10][I]:CFXBUSD trigerd
[2021-08-27 01:13:58][I]:GTCBUSD trigerd
[2021-08-27 01:16:30][I]:TORNBUSD trigerd
[2021-08-27 01:18:02][I]:TORNBUSD trigerd
[2021-08-27 01:19:31][I]:TORNBUSD trigerd
[2021-08-27 01:23:35][I]:ATABUSD trigerd
[2021-08-27 01:24:49][I]:ATABUSD trigerd
[2021-08-27 01:26:42][I]:ATABUSD trigerd
[2021-08-27 01:28:08][I]:ATABUSD trigerd
[2021-08-27 01:29:19][I]:ATABUSD trigerd
[2021-08-27 01:30:30][I]:ATABUSD trigerd
[2021-08-27 01:33:17][I]:ATABUSD trigerd
[2021-08-27 01:34:29][I]:ATABUSD trigerd
[2021-08-27 01:35:56][I]:ATABUSD trigerd
[2021-08-27 01:36:48][I]:TKOBUSD trigerd
[2021-08-27 01:37:26][I]:TKOBUSD trigerd
[2021-08-27 01:38:25][I]:TKOBUSD trigerd
[2021-08-27 01:42:35][I]:ATABUSD trigerd
[2021-08-27 01:44:00][I]:ATABUSD trigerd
[2021-08-27 01:45:00][I]:ATABUSD trigerd
[2021-08-27 01:46:01][I]:DEXEBUSD trigerd
[2021-08-27 01:46:59][I]:DEXEBUSD trigerd
[2021-08-27 01:47:57][I]:ATABUSD trigerd
[2021-08-27 01:48:26][I]:DEXEBUSD trigerd
[2021-08-27 01:49:06][I]:DEXEBUSD trigerd
[2021-08-27 01:49:59][I]:DEXEBUSD trigerd
[2021-08-27 01:50:56][I]:MLNBUSD trigerd
[2021-08-27 01:51:22][I]:DEXEBUSD trigerd
[2021-08-27 01:52:45][I]:DEXEBUSD trigerd
[2021-08-27 01:53:24][I]:DEXEBUSD trigerd
[2021-08-27 01:54:01][I]:MLNBUSD trigerd
[2021-08-27 01:55:13][I]:MLNBUSD trigerd
[2021-08-27 01:56:00][I]:TORNBUSD trigerd
[2021-08-27 01:56:37][I]:ATABUSD trigerd
[2021-08-27 01:57:05][I]:DEXEBUSD trigerd
[2021-08-27 01:57:43][I]:DEXEBUSD trigerd
[2021-08-27 01:59:18][I]:DEXEBUSD trigerd
[2021-08-27 02:06:37][I]:DEXEBUSD trigerd
[2021-08-27 02:06:56][I]:DEXEBUSD trigerd
[2021-08-27 02:07:33][I]:DEXEBUSD trigerd
[2021-08-27 02:08:27][I]:MBOXBUSD trigerd
[2021-08-27 02:09:06][I]:MBOXBUSD trigerd
[2021-08-27 02:21:42][I]:TORNBUSD trigerd
[2021-08-27 02:22:17][I]:TORNBUSD trigerd
[2021-08-27 02:22:35][I]:TORNBUSD trigerd
[2021-08-27 02:24:16][I]:TORNBUSD trigerd
[2021-08-27 02:24:55][I]:TORNBUSD trigerd
[2021-08-27 02:27:32][I]:BONDBUSD trigerd
[2021-08-27 02:27:55][I]:BONDBUSD trigerd
[2021-08-27 02:30:29][I]:TORNBUSD trigerd
[2021-08-27 02:31:08][I]:TORNBUSD trigerd
[2021-08-27 02:31:46][I]:TORNBUSD trigerd
[2021-08-27 02:33:49][I]:ATABUSD trigerd
[2021-08-27 02:34:37][I]:BONDBUSD trigerd
[2021-08-27 02:37:32][I]:EPSBUSD trigerd
[2021-08-27 02:38:51][I]:TORNBUSD trigerd
[2021-08-27 02:39:34][I]:EPSBUSD trigerd
[2021-08-27 02:42:37][I]:CFXBUSD trigerd
[2021-08-27 02:43:59][I]:DEXEBUSD trigerd
[2021-08-27 02:46:45][I]:BONDBUSD trigerd
[2021-08-27 02:47:45][I]:BONDBUSD trigerd
[2021-08-27 02:48:31][I]:OMBUSD trigerd
[2021-08-27 02:49:29][I]:BONDBUSD trigerd
[2021-08-27 02:51:02][I]:TORNBUSD trigerd
[2021-08-27 02:51:51][I]:TORNBUSD trigerd
[2021-08-27 02:56:51][I]:BONDBUSD trigerd
[2021-08-27 02:57:50][I]:BONDBUSD trigerd
[2021-08-27 03:02:45][I]:OMBUSD trigerd
[2021-08-27 03:03:22][I]:OMBUSD trigerd
[2021-08-27 03:04:20][I]:OMBUSD trigerd
[2021-08-27 03:04:57][I]:OMBUSD trigerd
[2021-08-27 03:06:24][I]:ATABUSD trigerd
[2021-08-27 03:07:03][I]:ATABUSD trigerd
[2021-08-27 03:08:29][I]:ATABUSD trigerd
[2021-08-27 03:09:17][I]:MLNBUSD trigerd
[2021-08-27 03:10:55][I]:BONDBUSD trigerd
[2021-08-27 03:11:52][I]:MLNBUSD trigerd
[2021-08-27 03:12:52][I]:MLNBUSD trigerd
[2021-08-27 03:13:40][I]:BONDBUSD trigerd
[2021-08-27 03:19:18][I]:BONDBUSD trigerd
[2021-08-27 03:27:12][I]:DEXEBUSD trigerd
[2021-08-27 03:27:59][I]:BONDBUSD trigerd
[2021-08-27 03:29:09][I]:DEXEBUSD trigerd
[2021-08-27 03:29:55][I]:BONDBUSD trigerd
[2021-08-27 03:34:11][I]:GHSTBUSD trigerd
[2021-08-27 03:36:59][I]:EPSBUSD trigerd
[2021-08-27 03:37:57][I]:EPSBUSD trigerd
[2021-08-27 03:40:46][I]:EPSBUSD trigerd
[2021-08-27 03:42:28][I]:EPSBUSD trigerd
[2021-08-27 03:43:26][I]:EPSBUSD trigerd
[2021-08-27 03:44:24][I]:EPSBUSD trigerd
[2021-08-27 03:45:49][I]:BONDBUSD trigerd
[2021-08-27 03:46:30][I]:BONDBUSD trigerd
[2021-08-27 03:49:20][I]:BONDBUSD trigerd
[2021-08-27 03:52:14][I]:GHSTBUSD trigerd
[2021-08-27 03:53:26][I]:GHSTBUSD trigerd
[2021-08-27 04:01:49][I]:GHSTBUSD trigerd
[2021-08-27 04:02:50][I]:GHSTBUSD trigerd
[2021-08-27 04:08:38][I]:WAXPBUSD trigerd
[2021-08-27 04:08:58][I]:WAXPBUSD trigerd
[2021-08-27 04:09:17][I]:WAXPBUSD trigerd
[2021-08-27 04:09:35][I]:WAXPBUSD trigerd
[2021-08-27 04:09:53][I]:WAXPBUSD trigerd
[2021-08-27 04:12:18][I]:LRCBUSD trigerd
[2021-08-27 04:17:57][I]:MLNBUSD trigerd
[2021-08-27 04:18:55][I]:MLNBUSD trigerd
[2021-08-27 04:19:53][I]:MLNBUSD trigerd
[2021-08-27 04:27:58][I]:MLNBUSD trigerd
[2021-08-27 04:29:20][I]:LRCBUSD trigerd
[2021-08-27 04:29:57][I]:MBOXBUSD trigerd
[2021-08-27 04:38:59][I]:MLNBUSD trigerd
[2021-08-27 04:39:37][I]:MLNBUSD trigerd
[2021-08-27 04:57:24][I]:MBOXBUSD trigerd
[2021-08-27 04:58:03][I]:MBOXBUSD trigerd
[2021-08-27 05:01:41][I]:MBOXBUSD trigerd
[2021-08-27 05:02:19][I]:MBOXBUSD trigerd
[2021-08-27 05:04:06][I]:MBOXBUSD trigerd
[2021-08-27 05:07:09][I]:MBOXBUSD trigerd
[2021-08-27 05:07:48][I]:MBOXBUSD trigerd
[2021-08-27 05:09:48][I]:CVPBUSD trigerd
[2021-08-27 05:12:17][I]:CVPBUSD trigerd
[2021-08-27 05:12:57][I]:CVPBUSD trigerd
[2021-08-27 05:13:38][I]:CVPBUSD trigerd
[2021-08-27 05:14:17][I]:CVPBUSD trigerd
[2021-08-27 05:14:55][I]:CVPBUSD trigerd
[2021-08-27 05:22:27][I]:CVPBUSD trigerd
[2021-08-27 05:23:07][I]:CVPBUSD trigerd
[2021-08-27 05:23:48][I]:CVPBUSD trigerd
[2021-08-27 05:29:45][I]:CVPBUSD trigerd
[2021-08-27 05:35:01][I]:UFTBUSD trigerd
[2021-08-27 05:35:39][I]:UFTBUSD trigerd
[2021-08-27 05:47:37][I]:MBOXBUSD trigerd
[2021-08-27 05:49:16][I]:MBOXBUSD trigerd
[2021-08-27 05:57:51][I]:FISBUSD trigerd
[2021-08-27 06:04:51][I]:TRIBEBUSD trigerd
[2021-08-27 06:07:35][I]:TRIBEBUSD trigerd
[2021-08-27 06:08:14][I]:TRIBEBUSD trigerd
[2021-08-27 06:08:53][I]:TRIBEBUSD trigerd
[2021-08-27 06:12:26][I]:TORNBUSD trigerd
[2021-08-27 06:13:26][I]:TORNBUSD trigerd
[2021-08-27 06:14:27][I]:TORNBUSD trigerd
[2021-08-27 06:17:33][I]:MBOXBUSD trigerd
[2021-08-27 06:20:47][I]:MBOXBUSD trigerd
[2021-08-27 06:21:38][I]:COTIBUSD trigerd
[2021-08-27 06:23:25][I]:COTIBUSD trigerd
[2021-08-27 06:26:06][I]:CVPBUSD trigerd
[2021-08-27 06:27:08][I]:CVPBUSD trigerd
[2021-08-27 06:32:11][I]:MBOXBUSD trigerd
[2021-08-27 06:33:10][I]:MBOXBUSD trigerd
[2021-08-27 06:34:20][I]:TKOBUSD trigerd
[2021-08-27 06:35:57][I]:COTIBUSD trigerd
[2021-08-27 06:37:57][I]:MBOXBUSD trigerd
[2021-08-27 06:39:31][I]:MBOXBUSD trigerd
[2021-08-27 06:42:19][I]:COTIBUSD trigerd
[2021-08-27 06:47:36][I]:IOTXBUSD trigerd
[2021-08-27 06:50:00][I]:IOTXBUSD trigerd
[2021-08-27 06:57:58][I]:MBOXBUSD trigerd
[2021-08-27 06:58:57][I]:MBOXBUSD trigerd
[2021-08-27 07:08:04][I]:MBOXBUSD trigerd
[2021-08-27 07:09:02][I]:MBOXBUSD trigerd
[2021-08-27 07:17:18][I]:MBOXBUSD trigerd
[2021-08-27 07:18:04][I]:MLNBUSD trigerd
[2021-08-27 07:23:18][I]:MBOXBUSD trigerd
[2021-08-27 07:24:38][I]:SFPBUSD trigerd
[2021-08-27 07:26:27][I]:DEXEBUSD trigerd
[2021-08-27 07:27:14][I]:MLNBUSD trigerd
[2021-08-27 07:28:36][I]:COTIBUSD trigerd
[2021-08-27 07:29:23][I]:DEXEBUSD trigerd
[2021-08-27 07:32:31][I]:MLNBUSD trigerd
[2021-08-27 07:33:45][I]:MLNBUSD trigerd
[2021-08-27 07:34:43][I]:MLNBUSD trigerd
[2021-08-27 07:39:25][I]:OMBUSD trigerd
[2021-08-27 07:42:18][I]:TORNBUSD trigerd
[2021-08-27 07:43:10][I]:TORNBUSD trigerd
[2021-08-27 07:43:49][I]:TORNBUSD trigerd
[2021-08-27 07:44:27][I]:TORNBUSD trigerd
[2021-08-27 07:47:33][I]:WAXPBUSD trigerd
[2021-08-27 07:47:55][I]:WAXPBUSD trigerd
[2021-08-27 08:01:01][I]:WAXPBUSD trigerd
[2021-08-27 08:01:11][I]:IQBUSD trigerd
[2021-08-27 08:01:45][I]:IQBUSD trigerd
[2021-08-27 08:02:23][I]:IQBUSD trigerd
[2021-08-27 08:02:49][I]:LRCBUSD trigerd
[2021-08-27 08:03:25][I]:MLNBUSD trigerd
[2021-08-27 08:03:50][I]:WAXPBUSD trigerd
[2021-08-27 08:03:54][I]:IQBUSD trigerd
[2021-08-27 08:04:31][I]:WAXPBUSD trigerd
[2021-08-27 08:04:36][I]:IQBUSD trigerd
[2021-08-27 08:05:45][I]:IQBUSD trigerd
[2021-08-27 08:06:23][I]:IQBUSD trigerd
[2021-08-27 08:06:53][I]:DEXEBUSD trigerd
[2021-08-27 08:07:26][I]:WAXPBUSD trigerd
[2021-08-27 08:07:33][I]:DEXEBUSD trigerd
[2021-08-27 08:08:43][I]:WAXPBUSD trigerd
[2021-08-27 08:08:50][I]:DEXEBUSD trigerd
[2021-08-27 08:09:26][I]:WAXPBUSD trigerd
[2021-08-27 08:09:46][I]:WAXPBUSD trigerd
[2021-08-27 08:10:23][I]:IQBUSD trigerd
[2021-08-27 08:11:02][I]:IQBUSD trigerd
[2021-08-27 08:11:44][I]:DEXEBUSD trigerd
[2021-08-27 08:12:22][I]:IQBUSD trigerd
[2021-08-27 08:13:18][I]:DEXEBUSD trigerd
[2021-08-27 08:14:09][I]:DEXEBUSD trigerd
[2021-08-27 08:14:48][I]:DEXEBUSD trigerd
[2021-08-27 08:18:30][I]:MBOXBUSD trigerd
[2021-08-27 08:19:48][I]:MBOXBUSD trigerd
[2021-08-27 08:22:57][I]:IQBUSD trigerd
[2021-08-27 08:23:35][I]:IQBUSD trigerd
[2021-08-27 08:24:26][I]:MBOXBUSD trigerd
[2021-08-27 08:24:51][I]:IQBUSD trigerd
[2021-08-27 08:26:26][I]:IQBUSD trigerd
[2021-08-27 08:31:46][I]:DEXEBUSD trigerd
[2021-08-27 08:32:26][I]:DEXEBUSD trigerd
[2021-08-27 08:33:17][I]:DEXEBUSD trigerd
[2021-08-27 08:35:44][I]:DEXEBUSD trigerd
[2021-08-27 08:36:21][I]:DEXEBUSD trigerd
[2021-08-27 08:36:58][I]:DEXEBUSD trigerd
[2021-08-27 08:37:51][I]:DEXEBUSD trigerd
[2021-08-27 08:38:31][I]:DEXEBUSD trigerd
[2021-08-27 08:38:57][I]:SOLBUSD trigerd
[2021-08-27 08:39:32][I]:DEXEBUSD trigerd
[2021-08-27 08:39:58][I]:SOLBUSD trigerd
[2021-08-27 08:43:53][I]:WAXPBUSD trigerd
[2021-08-27 08:43:59][I]:SOLBUSD trigerd
[2021-08-27 08:44:35][I]:WAXPBUSD trigerd
[2021-08-27 08:44:54][I]:WAXPBUSD trigerd
[2021-08-27 08:57:26][I]:IOTXBUSD trigerd
[2021-08-27 08:58:28][I]:MBOXBUSD trigerd
[2021-08-27 08:59:06][I]:MBOXBUSD trigerd
[2021-08-27 10:43:22][I]:DEXEBUSD trigerd
[2021-08-27 10:43:40][I]:DEXEBUSD trigerd
[2021-08-27 10:48:17][I]:IOTXBUSD trigerd
[2021-08-27 10:48:33][I]:IOTXBUSD trigerd
[2021-08-27 10:51:20][I]:IOTXBUSD trigerd
[2021-08-27 10:51:37][I]:IOTXBUSD trigerd
[2021-08-27 10:52:14][I]:IOTXBUSD trigerd
[2021-08-27 10:52:51][I]:IOTXBUSD trigerd
[2021-08-27 10:53:38][I]:MBOXBUSD trigerd
[2021-08-27 10:54:03][I]:IOTXBUSD trigerd
[2021-08-27 10:54:39][I]:TORNBUSD trigerd
[2021-08-27 10:55:53][I]:ATABUSD trigerd
[2021-08-27 10:56:31][I]:ATABUSD trigerd
[2021-08-27 10:57:55][I]:TORNBUSD trigerd
[2021-08-27 10:59:09][I]:ATABUSD trigerd
[2021-08-27 11:03:23][I]:TORNBUSD trigerd
[2021-08-27 11:03:39][I]:TORNBUSD trigerd
[2021-08-27 11:04:46][I]:TORNBUSD trigerd
[2021-08-27 11:05:47][I]:TKOBUSD trigerd
[2021-08-27 11:06:38][I]:TKOBUSD trigerd
[2021-08-27 11:09:00][I]:IOTXBUSD trigerd
[2021-08-27 11:09:08][I]:TKOBUSD trigerd
[2021-08-27 11:09:40][I]:IOTXBUSD trigerd
[2021-08-27 11:14:55][I]:MLNBUSD trigerd
[2021-08-27 11:15:58][I]:IOTXBUSD trigerd
[2021-08-27 11:17:05][I]:IOTXBUSD trigerd
[2021-08-27 11:17:31][I]:RAYBUSD trigerd
[2021-08-27 11:17:46][I]:MLNBUSD trigerd
[2021-08-27 11:18:11][I]:RAYBUSD trigerd
[2021-08-27 11:18:45][I]:MLNBUSD trigerd
[2021-08-27 11:19:38][I]:IOTXBUSD trigerd
[2021-08-27 11:21:09][I]:IOTXBUSD trigerd
[2021-08-27 11:22:14][I]:IOTXBUSD trigerd
[2021-08-27 11:22:40][I]:RAYBUSD trigerd
[2021-08-27 11:23:15][I]:IOTXBUSD trigerd
[2021-08-27 11:23:39][I]:RAYBUSD trigerd
[2021-08-27 11:27:55][I]:RAYBUSD trigerd
[2021-08-27 11:29:28][I]:RAYBUSD trigerd
[2021-08-27 11:31:13][I]:MBOXBUSD trigerd
[2021-08-27 11:34:24][I]:RAYBUSD trigerd
[2021-08-27 11:36:30][I]:RAYBUSD trigerd
[2021-08-27 11:38:22][I]:MBOXBUSD trigerd
[2021-08-27 11:39:00][I]:MBOXBUSD trigerd
[2021-08-27 11:44:35][I]:LRCBUSD trigerd
[2021-08-27 11:48:56][I]:RAYBUSD trigerd
[2021-08-27 11:49:34][I]:RAYBUSD trigerd
[2021-08-27 11:54:37][I]:MLNBUSD trigerd
[2021-08-27 11:54:55][I]:MLNBUSD trigerd
[2021-08-27 11:56:30][I]:MLNBUSD trigerd
[2021-08-27 11:57:21][I]:MLNBUSD trigerd
[2021-08-27 11:57:59][I]:MLNBUSD trigerd
[2021-08-27 12:02:58][I]:RAYBUSD trigerd
[2021-08-27 12:03:15][I]:RAYBUSD trigerd
[2021-08-27 12:03:53][I]:RAYBUSD trigerd
[2021-08-27 12:04:32][I]:RAYBUSD trigerd
[2021-08-27 12:05:13][I]:DATABUSD trigerd
[2021-08-27 12:05:51][I]:DATABUSD trigerd
[2021-08-27 12:11:39][I]:RAYBUSD trigerd
[2021-08-27 12:16:28][I]:DATABUSD trigerd
[2021-08-27 12:19:09][I]:MLNBUSD trigerd
[2021-08-27 12:19:46][I]:MLNBUSD trigerd
[2021-08-27 12:22:27][I]:BONDBUSD trigerd
[2021-08-27 12:23:24][I]:BONDBUSD trigerd
[2021-08-27 12:26:52][I]:ARBUSD trigerd
[2021-08-27 12:27:43][I]:FORBUSD trigerd
[2021-08-27 12:28:25][I]:FORBUSD trigerd
[2021-08-27 12:28:59][I]:ARBUSD trigerd
[2021-08-27 12:29:09][I]:FORBUSD trigerd
[2021-08-27 12:29:42][I]:ARBUSD trigerd
[2021-08-27 12:29:50][I]:FORBUSD trigerd
[2021-08-27 12:33:28][I]:TORNBUSD trigerd
[2021-08-27 12:33:57][I]:BONDBUSD trigerd
[2021-08-27 12:34:35][I]:DATABUSD trigerd
[2021-08-27 12:37:11][I]:MLNBUSD trigerd
[2021-08-27 12:38:51][I]:MLNBUSD trigerd
[2021-08-27 12:39:29][I]:MLNBUSD trigerd
[2021-08-27 12:42:41][I]:MLNBUSD trigerd
[2021-08-27 12:43:18][I]:MLNBUSD trigerd
[2021-08-27 12:43:56][I]:MLNBUSD trigerd
[2021-08-27 12:44:33][I]:MLNBUSD trigerd
[2021-08-27 12:47:56][I]:DEXEBUSD trigerd
[2021-08-27 12:48:34][I]:DEXEBUSD trigerd
[2021-08-27 12:49:15][I]:DEXEBUSD trigerd
[2021-08-27 12:49:44][I]:MBOXBUSD trigerd
[2021-08-27 12:54:19][I]:TORNBUSD trigerd
[2021-08-27 12:55:40][I]:TORNBUSD trigerd
[2021-08-27 12:56:32][I]:TORNBUSD trigerd
[2021-08-27 12:57:39][I]:TORNBUSD trigerd
[2021-08-27 12:57:44][I]:RAYBUSD trigerd
[2021-08-27 12:58:42][I]:RAYBUSD trigerd
[2021-08-27 12:59:58][I]:RAYBUSD trigerd
[2021-08-27 13:02:57][I]:MLNBUSD trigerd
[2021-08-27 13:03:35][I]:RAYBUSD trigerd
[2021-08-27 13:04:12][I]:RAYBUSD trigerd
[2021-08-27 13:04:49][I]:RAYBUSD trigerd
[2021-08-27 13:07:11][I]:MLNBUSD trigerd
[2021-08-27 13:07:49][I]:MLNBUSD trigerd
[2021-08-27 13:08:28][I]:MLNBUSD trigerd
[2021-08-27 13:12:00][I]:RAYBUSD trigerd
[2021-08-27 13:18:33][I]:RAYBUSD trigerd
[2021-08-27 13:19:14][I]:RAYBUSD trigerd
[2021-08-27 13:19:52][I]:RAYBUSD trigerd
[2021-08-27 13:21:21][I]:RAYBUSD trigerd
[2021-08-27 13:21:37][I]:RAYBUSD trigerd
[2021-08-27 13:24:15][I]:RAYBUSD trigerd
[2021-08-27 13:27:54][I]:IOTXBUSD trigerd
[2021-08-27 13:29:40][I]:RAYBUSD trigerd
[2021-08-27 13:35:47][I]:RAYBUSD trigerd
[2021-08-27 13:36:41][I]:RAYBUSD trigerd
[2021-08-27 13:37:16][I]:RAYBUSD trigerd
[2021-08-27 13:37:33][I]:RAYBUSD trigerd
[2021-08-27 13:37:50][I]:RAYBUSD trigerd
[2021-08-27 13:38:31][I]:RAYBUSD trigerd
[2021-08-27 13:39:01][I]:ARBUSD trigerd
[2021-08-27 13:39:16][I]:RAYBUSD trigerd
[2021-08-27 13:39:26][I]:ARBUSD trigerd
[2021-08-27 13:40:28][I]:TORNBUSD trigerd
[2021-08-27 13:40:48][I]:RAYBUSD trigerd
[2021-08-27 13:40:52][I]:TORNBUSD trigerd
[2021-08-27 13:42:20][I]:TORNBUSD trigerd
[2021-08-27 13:42:41][I]:TORNBUSD trigerd
[2021-08-27 13:43:03][I]:TORNBUSD trigerd
[2021-08-27 13:43:41][I]:TKOBUSD trigerd
[2021-08-27 13:43:59][I]:TKOBUSD trigerd
[2021-08-27 13:44:50][I]:RAYBUSD trigerd
[2021-08-27 13:46:50][I]:RAYBUSD trigerd
[2021-08-27 13:48:10][I]:RAYBUSD trigerd
[2021-08-27 13:48:46][I]:RAYBUSD trigerd
[2021-08-27 13:49:27][I]:EPSBUSD trigerd
[2021-08-27 13:53:13][I]:TORNBUSD trigerd
[2021-08-27 13:54:24][I]:CVPBUSD trigerd
[2021-08-27 13:54:34][I]:ARBUSD trigerd
[2021-08-27 13:55:04][I]:CVPBUSD trigerd
[2021-08-27 14:00:49][I]:RAYBUSD trigerd
[2021-08-27 14:01:21][I]:RAYBUSD trigerd
[2021-08-27 14:01:58][I]:RAYBUSD trigerd
[2021-08-27 14:02:31][I]:RAYBUSD trigerd
[2021-08-27 14:03:12][I]:TORNBUSD trigerd
[2021-08-27 14:03:34][I]:TORNBUSD trigerd
[2021-08-27 14:04:28][I]:TORNBUSD trigerd
[2021-08-27 14:04:45][I]:RAYBUSD trigerd
[2021-08-27 14:04:49][I]:TORNBUSD trigerd
[2021-08-27 14:05:28][I]:RAYBUSD trigerd
[2021-08-27 14:06:11][I]:RAYBUSD trigerd
[2021-08-27 14:06:50][I]:RAYBUSD trigerd
[2021-08-27 14:06:57][I]:LRCBUSD trigerd
[2021-08-27 14:08:18][I]:RAYBUSD trigerd
[2021-08-27 14:08:36][I]:RAYBUSD trigerd
[2021-08-27 14:09:35][I]:CVPBUSD trigerd
[2021-08-27 14:10:39][I]:RAYBUSD trigerd
[2021-08-27 14:11:29][I]:RAYBUSD trigerd
[2021-08-27 14:11:46][I]:RAYBUSD trigerd
[2021-08-27 14:11:51][I]:ARBUSD trigerd
[2021-08-27 14:12:09][I]:ARBUSD trigerd
[2021-08-27 14:12:45][I]:RAYBUSD trigerd
[2021-08-27 14:12:50][I]:ARBUSD trigerd
[2021-08-27 14:12:56][I]:CVPBUSD trigerd
[2021-08-27 14:13:33][I]:ARBUSD trigerd
[2021-08-27 14:14:14][I]:ARBUSD trigerd
[2021-08-27 14:14:32][I]:ARBUSD trigerd
[2021-08-27 14:18:37][I]:MBOXBUSD trigerd
[2021-08-27 14:24:31][I]:RAYBUSD trigerd
[2021-08-27 14:24:48][I]:RAYBUSD trigerd
[2021-08-27 14:29:28][I]:LRCBUSD trigerd
[2021-08-27 14:31:24][I]:MLNBUSD trigerd
[2021-08-27 14:31:41][I]:MLNBUSD trigerd
[2021-08-27 14:32:25][I]:MLNBUSD trigerd
[2021-08-27 14:32:40][I]:MLNBUSD trigerd
[2021-08-27 14:32:56][I]:MLNBUSD trigerd
[2021-08-27 14:33:12][I]:MLNBUSD trigerd
[2021-08-27 14:33:29][I]:MLNBUSD trigerd
[2021-08-27 14:33:39][I]:RAMPBUSD trigerd
[2021-08-27 14:33:47][I]:MLNBUSD trigerd
[2021-08-27 14:36:26][I]:TORNBUSD trigerd
[2021-08-27 14:36:43][I]:TORNBUSD trigerd
[2021-08-27 14:37:48][I]:TORNBUSD trigerd
[2021-08-27 14:39:27][I]:TORNBUSD trigerd
[2021-08-27 14:40:02][I]:TORNBUSD trigerd
[2021-08-27 14:49:46][I]:TORNBUSD trigerd
[2021-08-27 14:51:40][I]:FORBUSD trigerd
[2021-08-27 14:51:57][I]:FORBUSD trigerd
[2021-08-27 14:52:14][I]:FORBUSD trigerd
[2021-08-27 14:52:45][I]:CVPBUSD trigerd
[2021-08-27 14:52:55][I]:FORBUSD trigerd
[2021-08-27 14:53:33][I]:FORBUSD trigerd
[2021-08-27 14:53:45][I]:CVPBUSD trigerd
[2021-08-27 14:53:57][I]:FORBUSD trigerd
[2021-08-27 14:54:13][I]:CVPBUSD trigerd
[2021-08-27 14:54:24][I]:FORBUSD trigerd
[2021-08-27 14:55:00][I]:CVPBUSD trigerd
[2021-08-27 14:57:41][I]:FORBUSD trigerd
[2021-08-27 14:58:44][I]:FORBUSD trigerd
[2021-08-27 14:59:01][I]:FORBUSD trigerd
[2021-08-27 14:59:21][I]:FORBUSD trigerd
[2021-08-27 15:06:17][I]:ARBUSD trigerd
[2021-08-27 15:06:34][I]:ARBUSD trigerd
[2021-08-27 15:06:52][I]:ARBUSD trigerd
[2021-08-27 15:07:49][I]:ARBUSD trigerd
[2021-08-27 15:09:50][I]:ARBUSD trigerd
[2021-08-27 15:11:56][I]:TORNBUSD trigerd
[2021-08-27 15:19:55][I]:UTKBUSD trigerd
[2021-08-27 15:20:29][I]:UTKBUSD trigerd
[2021-08-27 15:21:31][I]:UTKBUSD trigerd
[2021-08-27 15:22:10][I]:UTKBUSD trigerd
[2021-08-27 15:22:43][I]:RAYBUSD trigerd
[2021-08-27 15:23:09][I]:UTKBUSD trigerd
[2021-08-27 15:24:19][I]:UTKBUSD trigerd
[2021-08-27 15:25:01][I]:RAYBUSD trigerd
[2021-08-27 15:27:38][I]:LRCBUSD trigerd
[2021-08-27 15:28:28][I]:MBOXBUSD trigerd
[2021-08-27 15:29:06][I]:MBOXBUSD trigerd
[2021-08-27 15:29:51][I]:MBOXBUSD trigerd
[2021-08-27 15:46:56][I]:UTKBUSD trigerd
[2021-08-27 15:49:40][I]:UTKBUSD trigerd
[2021-08-27 15:52:26][I]:DEXEBUSD trigerd
[2021-08-27 15:52:58][I]:RAYBUSD trigerd
[2021-08-27 15:53:29][I]:DEXEBUSD trigerd
[2021-08-27 15:54:57][I]:RAYBUSD trigerd
[2021-08-27 15:56:10][I]:EPSBUSD trigerd
[2021-08-27 15:56:39][I]:DEXEBUSD trigerd
[2021-08-27 15:57:35][I]:RAYBUSD trigerd
[2021-08-27 15:58:20][I]:EPSBUSD trigerd
[2021-08-27 15:59:16][I]:RAYBUSD trigerd
[2021-08-27 16:04:54][I]:TKOBUSD trigerd
[2021-08-27 16:06:17][I]:DEXEBUSD trigerd
[2021-08-27 16:06:57][I]:DEXEBUSD trigerd
[2021-08-27 16:07:55][I]:DEXEBUSD trigerd
[2021-08-27 16:27:54][I]:IOTXBUSD trigerd
[2021-08-27 16:36:56][I]:EPSBUSD trigerd
[2021-08-27 16:37:15][I]:EPSBUSD trigerd
[2021-08-27 16:37:54][I]:EPSBUSD trigerd
[2021-08-27 16:39:09][I]:MBOXBUSD trigerd
[2021-08-27 16:43:15][I]:MBOXBUSD trigerd
[2021-08-27 16:43:53][I]:MBOXBUSD trigerd
[2021-08-27 16:57:59][I]:ARBUSD trigerd
[2021-08-27 16:59:24][I]:ARBUSD trigerd
[2021-08-27 17:12:14][I]:TORNBUSD trigerd
[2021-08-27 17:13:39][I]:RAYBUSD trigerd
[2021-08-27 17:27:30][I]:ARBUSD trigerd
[2021-08-27 17:28:32][I]:ARBUSD trigerd
[2021-08-27 17:29:23][I]:UTKBUSD trigerd
[2021-08-27 17:42:25][I]:DEXEBUSD trigerd
[2021-08-27 17:43:25][I]:DEXEBUSD trigerd
[2021-08-27 17:46:21][I]:FISBUSD trigerd
[2021-08-27 17:46:59][I]:FISBUSD trigerd
[2021-08-27 17:47:36][I]:FISBUSD trigerd
[2021-08-27 17:47:52][I]:FISBUSD trigerd
[2021-08-27 17:48:10][I]:FISBUSD trigerd
[2021-08-27 17:48:47][I]:FISBUSD trigerd
[2021-08-27 17:49:07][I]:FISBUSD trigerd
[2021-08-27 17:49:43][I]:FISBUSD trigerd
[2021-08-27 17:50:31][I]:UTKBUSD trigerd
[2021-08-27 17:57:13][I]:UTKBUSD trigerd
[2021-08-27 17:57:31][I]:UTKBUSD trigerd
[2021-08-27 17:59:55][I]:TORNBUSD trigerd
[2021-08-27 18:03:53][I]:RAYBUSD trigerd
[2021-08-27 18:04:27][I]:FISBUSD trigerd
[2021-08-27 18:07:06][I]:CVPBUSD trigerd
[2021-08-27 18:07:59][I]:RAYBUSD trigerd
[2021-08-27 18:09:11][I]:RAYBUSD trigerd
[2021-08-27 18:09:31][I]:RAYBUSD trigerd
[2021-08-27 18:10:40][I]:RAYBUSD trigerd
[2021-08-27 18:11:00][I]:RAYBUSD trigerd
[2021-08-27 18:11:19][I]:RAYBUSD trigerd
[2021-08-27 18:11:50][I]:FISBUSD trigerd
[2021-08-27 18:12:22][I]:RAYBUSD trigerd
[2021-08-27 18:12:54][I]:FISBUSD trigerd
[2021-08-27 18:13:29][I]:RAYBUSD trigerd
[2021-08-27 18:13:40][I]:FISBUSD trigerd
[2021-08-27 18:14:01][I]:FISBUSD trigerd
[2021-08-27 18:14:15][I]:RAYBUSD trigerd
[2021-08-27 18:19:37][I]:ARBUSD trigerd
[2021-08-27 18:19:56][I]:ARBUSD trigerd
[2021-08-27 18:20:31][I]:FISBUSD trigerd
[2021-08-27 18:20:50][I]:FISBUSD trigerd
[2021-08-27 18:21:50][I]:FISBUSD trigerd
[2021-08-27 18:23:23][I]:FISBUSD trigerd
[2021-08-27 18:24:02][I]:FISBUSD trigerd
[2021-08-27 18:27:34][I]:RAYBUSD trigerd
[2021-08-27 18:28:14][I]:RAYBUSD trigerd
[2021-08-27 18:28:41][I]:ARBUSD trigerd
[2021-08-27 18:29:24][I]:RAYBUSD trigerd
[2021-08-27 18:29:52][I]:UTKBUSD trigerd
[2021-08-27 18:31:55][I]:RAYBUSD trigerd
[2021-08-27 18:34:25][I]:RAYBUSD trigerd
[2021-08-27 18:34:44][I]:RAYBUSD trigerd
[2021-08-27 18:35:21][I]:RAYBUSD trigerd
[2021-08-27 18:35:48][I]:RAYBUSD trigerd
[2021-08-27 18:36:38][I]:RAYBUSD trigerd
[2021-08-27 18:37:10][I]:RAYBUSD trigerd
[2021-08-27 18:37:52][I]:RAYBUSD trigerd
[2021-08-27 18:40:22][I]:RAYBUSD trigerd
[2021-08-27 18:41:01][I]:RAYBUSD trigerd
[2021-08-27 18:43:49][I]:RAYBUSD trigerd
[2021-08-27 18:46:11][I]:RAYBUSD trigerd
[2021-08-27 18:46:29][I]:RAYBUSD trigerd
[2021-08-27 18:48:24][I]:RAYBUSD trigerd
[2021-08-27 18:52:29][I]:RAYBUSD trigerd
[2021-08-27 18:57:02][I]:LUNABUSD trigerd
[2021-08-27 18:57:41][I]:LUNABUSD trigerd
[2021-08-27 18:58:20][I]:TORNBUSD trigerd
[2021-08-27 18:59:02][I]:TORNBUSD trigerd
[2021-08-27 18:59:51][I]:LUNABUSD trigerd
[2021-08-27 19:04:11][I]:ARBUSD trigerd
[2021-08-27 19:04:50][I]:ARBUSD trigerd
[2021-08-27 19:16:41][I]:TORNBUSD trigerd
[2021-08-27 19:18:04][I]:TORNBUSD trigerd
[2021-08-27 19:18:46][I]:TORNBUSD trigerd
[2021-08-27 19:19:27][I]:UTKBUSD trigerd
[2021-08-27 19:20:34][I]:TORNBUSD trigerd
[2021-08-27 19:21:30][I]:TORNBUSD trigerd
[2021-08-27 19:23:11][I]:RAYBUSD trigerd
[2021-08-27 19:24:15][I]:RAYBUSD trigerd
[2021-08-27 19:24:58][I]:RAYBUSD trigerd
[2021-08-27 19:37:29][I]:TORNBUSD trigerd
[2021-08-27 19:37:54][I]:TORNBUSD trigerd
[2021-08-27 19:38:45][I]:TORNBUSD trigerd
[2021-08-27 19:39:28][I]:TORNBUSD trigerd
[2021-08-27 19:39:54][I]:CVPBUSD trigerd
[2021-08-27 19:42:30][I]:TORNBUSD trigerd
[2021-08-27 19:44:05][I]:TORNBUSD trigerd
[2021-08-27 19:44:54][I]:TORNBUSD trigerd
[2021-08-27 19:47:24][I]:CVPBUSD trigerd
[2021-08-27 19:48:57][I]:CVPBUSD trigerd
[2021-08-27 20:04:23][I]:RAYBUSD trigerd
[2021-08-27 20:07:16][I]:RAYBUSD trigerd
[2021-08-27 20:07:48][I]:RAYBUSD trigerd
[2021-08-27 20:08:47][I]:RAYBUSD trigerd
[2021-08-27 20:11:56][I]:CVPBUSD trigerd
[2021-08-27 20:12:22][I]:CVPBUSD trigerd
[2021-08-27 20:13:02][I]:CVPBUSD trigerd
[2021-08-27 20:13:22][I]:CVPBUSD trigerd
[2021-08-27 20:14:08][I]:CVPBUSD trigerd
[2021-08-27 20:19:01][I]:CVPBUSD trigerd
[2021-08-27 20:19:24][I]:CVPBUSD trigerd
[2021-08-27 20:28:54][I]:ATABUSD trigerd
[2021-08-27 20:30:40][I]:ATABUSD trigerd
[2021-08-27 20:30:59][I]:ATABUSD trigerd
[2021-08-27 20:31:40][I]:ATABUSD trigerd
[2021-08-27 20:32:08][I]:ATABUSD trigerd
[2021-08-27 20:32:47][I]:ATABUSD trigerd
[2021-08-27 20:33:51][I]:ATABUSD trigerd
[2021-08-27 20:43:33][I]:MBOXBUSD trigerd
[2021-08-27 20:44:40][I]:RAYBUSD trigerd
[2021-08-27 20:47:00][I]:RAYBUSD trigerd
[2021-08-27 20:48:26][I]:KP3RBUSD trigerd
[2021-08-27 20:48:45][I]:RAYBUSD trigerd
[2021-08-27 20:50:47][I]:KP3RBUSD trigerd
[2021-08-27 20:52:55][I]:RAYBUSD trigerd
[2021-08-27 20:53:56][I]:KP3RBUSD trigerd
[2021-08-27 21:01:13][I]:RAYBUSD trigerd
[2021-08-27 21:02:35][I]:XECBUSD trigerd
[2021-08-27 21:03:37][I]:FXSBUSD trigerd
[2021-08-27 21:04:30][I]:MBOXBUSD trigerd
[2021-08-27 21:10:46][I]:MBOXBUSD trigerd
[2021-08-27 21:12:35][I]:MBOXBUSD trigerd
[2021-08-27 21:14:06][I]:MBOXBUSD trigerd
[2021-08-27 21:28:11][I]:CVPBUSD trigerd
[2021-08-27 21:29:29][I]:CVPBUSD trigerd
[2021-08-27 21:32:01][I]:UTKBUSD trigerd
[2021-08-27 21:33:25][I]:UTKBUSD trigerd
[2021-08-27 21:34:21][I]:MBOXBUSD trigerd
[2021-08-27 21:38:38][I]:MBOXBUSD trigerd
[2021-08-27 21:42:13][I]:UTKBUSD trigerd
[2021-08-27 21:43:09][I]:MBOXBUSD trigerd
[2021-08-27 21:44:18][I]:UTKBUSD trigerd
[2021-08-27 21:48:58][I]:ATABUSD trigerd
[2021-08-27 21:49:17][I]:ARBUSD trigerd
[2021-08-27 21:49:55][I]:ARBUSD trigerd
[2021-08-27 22:01:46][I]:ATABUSD trigerd
[2021-08-27 22:02:28][I]:ATABUSD trigerd
[2021-08-27 22:03:45][I]:ATABUSD trigerd
[2021-08-27 22:04:09][I]:ATABUSD trigerd
[2021-08-27 22:04:50][I]:ATABUSD trigerd
[2021-08-27 22:09:15][I]:TORNBUSD trigerd
[2021-08-27 22:13:59][I]:ARBUSD trigerd
[2021-08-27 22:20:56][I]:DEXEBUSD trigerd
[2021-08-27 22:21:35][I]:DEXEBUSD trigerd
[2021-08-27 22:23:30][I]:ERNBUSD trigerd
[2021-08-27 22:24:29][I]:ERNBUSD trigerd
[2021-08-27 22:25:45][I]:ERNBUSD trigerd
[2021-08-27 22:26:51][I]:ERNBUSD trigerd
[2021-08-27 22:28:10][I]:ERNBUSD trigerd
[2021-08-27 22:29:14][I]:ERNBUSD trigerd
[2021-08-27 22:30:40][I]:ERNBUSD trigerd
[2021-08-27 22:32:18][I]:ERNBUSD trigerd
[2021-08-27 22:33:24][I]:ERNBUSD trigerd
[2021-08-27 22:34:28][I]:ERNBUSD trigerd
[2021-08-27 22:37:24][I]:ATABUSD trigerd
[2021-08-27 22:38:44][I]:UTKBUSD trigerd
[2021-08-27 22:39:33][I]:ATABUSD trigerd
[2021-08-27 22:43:41][I]:ATABUSD trigerd
[2021-08-27 22:44:03][I]:ATABUSD trigerd
[2021-08-27 22:44:26][I]:ATABUSD trigerd
[2021-08-27 22:49:27][I]:RAYBUSD trigerd
[2021-08-27 22:49:44][I]:RAYBUSD trigerd
[2021-08-27 22:55:50][I]:ATABUSD trigerd
[2021-08-27 22:56:31][I]:XTZBUSD trigerd
[2021-08-27 22:56:54][I]:XTZBUSD trigerd
[2021-08-27 22:57:36][I]:XTZBUSD trigerd
[2021-08-27 23:02:51][I]:ERNBUSD trigerd
[2021-08-27 23:03:53][I]:ATABUSD trigerd
[2021-08-27 23:04:19][I]:ATABUSD trigerd
[2021-08-27 23:07:30][I]:SRMBUSD trigerd
[2021-08-27 23:14:14][I]:ATABUSD trigerd
[2021-08-27 23:14:42][I]:ATABUSD trigerd
[2021-08-27 23:26:48][I]:RAYBUSD trigerd
[2021-08-27 23:27:16][I]:RAYBUSD trigerd
[2021-08-27 23:28:18][I]:RAYBUSD trigerd
[2021-08-27 23:32:10][I]:RAYBUSD trigerd
[2021-08-27 23:32:52][I]:RAYBUSD trigerd
[2021-08-27 23:33:15][I]:RAYBUSD trigerd
[2021-08-27 23:33:40][I]:RAYBUSD trigerd
[2021-08-27 23:34:21][I]:RAYBUSD trigerd
[2021-08-27 23:34:39][I]:RAYBUSD trigerd
[2021-08-27 23:39:46][I]:CVPBUSD trigerd
[2021-08-27 23:41:56][I]:RAYBUSD trigerd
[2021-08-27 23:51:32][I]:MBOXBUSD trigerd
[2021-08-27 23:52:00][I]:MBOXBUSD trigerd
[2021-08-27 23:52:59][I]:ATABUSD trigerd
[2021-08-27 23:53:26][I]:ATABUSD trigerd
[2021-08-27 23:53:59][I]:ATABUSD trigerd
[2021-08-27 23:57:55][I]:UTKBUSD trigerd
[2021-08-27 23:58:22][I]:UTKBUSD trigerd
