[2021-09-15 00:01:42][I]:COVERBUSD trigerd
[2021-09-15 00:12:54][I]:TORNBUSD trigerd
[2021-09-15 00:13:27][I]:TORNBUSD trigerd
[2021-09-15 00:14:09][I]:TORNBUSD trigerd
[2021-09-15 00:14:40][I]:TORNBUSD trigerd
[2021-09-15 00:17:37][I]:TORNBUSD trigerd
[2021-09-15 00:18:10][I]:TORNBUSD trigerd
[2021-09-15 00:18:43][I]:TORNBUSD trigerd
[2021-09-15 00:19:17][I]:TORNBUSD trigerd
[2021-09-15 00:19:49][I]:TORNBUSD trigerd
[2021-09-15 00:20:45][I]:TORNBUSD trigerd
[2021-09-15 00:22:50][I]:COVERBUSD trigerd
[2021-09-15 00:24:18][I]:COVERBUSD trigerd
[2021-09-15 00:24:52][I]:COVERBUSD trigerd
[2021-09-15 00:29:19][I]:COVERBUSD trigerd
[2021-09-15 00:29:52][I]:COVERBUSD trigerd
[2021-09-15 00:30:32][I]:COVERBUSD trigerd
[2021-09-15 00:33:20][I]:COVERBUSD trigerd
[2021-09-15 00:33:52][I]:COVERBUSD trigerd
[2021-09-15 00:34:23][I]:COVERBUSD trigerd
[2021-09-15 00:35:00][I]:COVERBUSD trigerd
[2021-09-15 00:35:24][I]:AUCTIONBUSD trigerd
[2021-09-15 00:36:48][I]:AUCTIONBUSD trigerd
[2021-09-15 00:39:17][I]:AUCTIONBUSD trigerd
[2021-09-15 00:41:11][I]:AUCTIONBUSD trigerd
[2021-09-15 00:41:44][I]:AUCTIONBUSD trigerd
[2021-09-15 00:42:30][I]:AUCTIONBUSD trigerd
[2021-09-15 00:44:11][I]:AUCTIONBUSD trigerd
[2021-09-15 00:44:52][I]:AUCTIONBUSD trigerd
[2021-09-15 00:46:36][I]:TORNBUSD trigerd
[2021-09-15 00:47:20][I]:TORNBUSD trigerd
[2021-09-15 01:01:52][I]:AUCTIONBUSD trigerd
[2021-09-15 01:02:24][I]:AUCTIONBUSD trigerd
[2021-09-15 01:02:54][I]:AUCTIONBUSD trigerd
[2021-09-15 01:03:29][I]:TWTBUSD trigerd
[2021-09-15 01:04:02][I]:TWTBUSD trigerd
[2021-09-15 01:04:33][I]:TWTBUSD trigerd
[2021-09-15 01:12:19][I]:AUCTIONBUSD trigerd
[2021-09-15 01:12:50][I]:AUCTIONBUSD trigerd
[2021-09-15 01:13:21][I]:AUCTIONBUSD trigerd
[2021-09-15 01:13:53][I]:AUCTIONBUSD trigerd
[2021-09-15 01:14:25][I]:AUCTIONBUSD trigerd
[2021-09-15 01:14:56][I]:AUCTIONBUSD trigerd
[2021-09-15 01:27:20][I]:AUCTIONBUSD trigerd
[2021-09-15 01:28:33][I]:AUCTIONBUSD trigerd
[2021-09-15 01:29:04][I]:AUCTIONBUSD trigerd
[2021-09-15 01:39:24][I]:XECBUSD trigerd
[2021-09-15 01:47:26][I]:AUCTIONBUSD trigerd
[2021-09-15 01:53:17][I]:AUCTIONBUSD trigerd
[2021-09-15 01:53:48][I]:AUCTIONBUSD trigerd
[2021-09-15 01:54:32][I]:TWTBUSD trigerd
[2021-09-15 01:55:01][I]:AUCTIONBUSD trigerd
[2021-09-15 02:28:51][I]:MLNBUSD trigerd
[2021-09-15 02:29:27][I]:MLNBUSD trigerd
[2021-09-15 02:30:00][I]:MLNBUSD trigerd
[2021-09-15 02:30:31][I]:MLNBUSD trigerd
[2021-09-15 02:31:08][I]:MLNBUSD trigerd
[2021-09-15 02:31:41][I]:MLNBUSD trigerd
[2021-09-15 02:33:10][I]:MLNBUSD trigerd
[2021-09-15 02:33:43][I]:MLNBUSD trigerd
[2021-09-15 02:34:14][I]:MLNBUSD trigerd
[2021-09-15 02:34:48][I]:MLNBUSD trigerd
[2021-09-15 02:35:19][I]:MLNBUSD trigerd
[2021-09-15 02:35:51][I]:MLNBUSD trigerd
[2021-09-15 02:38:14][I]:MLNBUSD trigerd
[2021-09-15 02:38:46][I]:MLNBUSD trigerd
[2021-09-15 02:40:24][I]:MLNBUSD trigerd
[2021-09-15 02:41:14][I]:MLNBUSD trigerd
[2021-09-15 02:41:47][I]:MLNBUSD trigerd
[2021-09-15 02:42:21][I]:MLNBUSD trigerd
[2021-09-15 02:44:14][I]:MLNBUSD trigerd
[2021-09-15 02:44:46][I]:MLNBUSD trigerd
[2021-09-15 02:47:18][I]:MLNBUSD trigerd
[2021-09-15 02:47:52][I]:MLNBUSD trigerd
[2021-09-15 02:48:30][I]:ACMBUSD trigerd
[2021-09-15 02:50:29][I]:ACMBUSD trigerd
[2021-09-15 02:52:04][I]:ACMBUSD trigerd
[2021-09-15 02:52:33][I]:ACMBUSD trigerd
[2021-09-15 02:53:04][I]:ACMBUSD trigerd
[2021-09-15 02:53:34][I]:AUCTIONBUSD trigerd
[2021-09-15 02:54:16][I]:AUCTIONBUSD trigerd
[2021-09-15 02:54:47][I]:AUCTIONBUSD trigerd
[2021-09-15 02:56:18][I]:ACMBUSD trigerd
[2021-09-15 02:56:50][I]:ACMBUSD trigerd
[2021-09-15 02:58:33][I]:CRVBUSD trigerd
[2021-09-15 03:01:35][I]:ACMBUSD trigerd
[2021-09-15 03:02:15][I]:ACMBUSD trigerd
[2021-09-15 03:02:48][I]:ACMBUSD trigerd
[2021-09-15 03:03:30][I]:ACMBUSD trigerd
[2021-09-15 03:04:10][I]:ACMBUSD trigerd
[2021-09-15 03:04:42][I]:ACMBUSD trigerd
[2021-09-15 03:06:18][I]:ACMBUSD trigerd
[2021-09-15 03:06:50][I]:ACMBUSD trigerd
[2021-09-15 03:07:23][I]:ACMBUSD trigerd
[2021-09-15 03:08:05][I]:ACMBUSD trigerd
[2021-09-15 03:08:37][I]:ACMBUSD trigerd
[2021-09-15 03:09:08][I]:ACMBUSD trigerd
[2021-09-15 03:09:40][I]:ACMBUSD trigerd
[2021-09-15 03:10:50][I]:XECBUSD trigerd
[2021-09-15 03:11:25][I]:XECBUSD trigerd
[2021-09-15 03:11:58][I]:XECBUSD trigerd
[2021-09-15 03:14:23][I]:XECBUSD trigerd
[2021-09-15 03:14:55][I]:XECBUSD trigerd
[2021-09-15 03:17:32][I]:MLNBUSD trigerd
[2021-09-15 03:18:58][I]:TORNBUSD trigerd
[2021-09-15 03:20:28][I]:ACMBUSD trigerd
[2021-09-15 03:20:59][I]:ACMBUSD trigerd
[2021-09-15 03:24:36][I]:MLNBUSD trigerd
[2021-09-15 03:41:28][I]:ACMBUSD trigerd
[2021-09-15 03:44:16][I]:ACMBUSD trigerd
[2021-09-15 03:44:49][I]:ACMBUSD trigerd
[2021-09-15 04:01:12][I]:XECBUSD trigerd
[2021-09-15 04:01:44][I]:XECBUSD trigerd
[2021-09-15 04:02:57][I]:COVERBUSD trigerd
[2021-09-15 04:04:38][I]:XECBUSD trigerd
[2021-09-15 04:06:38][I]:XECBUSD trigerd
[2021-09-15 04:09:50][I]:XECBUSD trigerd
[2021-09-15 04:13:25][I]:CELRBUSD trigerd
[2021-09-15 04:14:46][I]:CELRBUSD trigerd
[2021-09-15 04:17:41][I]:MLNBUSD trigerd
[2021-09-15 04:18:32][I]:MLNBUSD trigerd
[2021-09-15 04:19:06][I]:MLNBUSD trigerd
[2021-09-15 04:19:39][I]:MLNBUSD trigerd
[2021-09-15 04:20:49][I]:ACMBUSD trigerd
[2021-09-15 04:21:22][I]:ACMBUSD trigerd
[2021-09-15 04:28:42][I]:ACMBUSD trigerd
[2021-09-15 04:32:11][I]:COVERBUSD trigerd
[2021-09-15 04:32:43][I]:COVERBUSD trigerd
[2021-09-15 04:40:36][I]:COVERBUSD trigerd
[2021-09-15 04:41:09][I]:COVERBUSD trigerd
[2021-09-15 04:41:43][I]:COVERBUSD trigerd
[2021-09-15 04:44:40][I]:COVERBUSD trigerd
[2021-09-15 04:54:59][I]:COVERBUSD trigerd
[2021-09-15 04:58:15][I]:COVERBUSD trigerd
[2021-09-15 04:58:48][I]:COVERBUSD trigerd
[2021-09-15 05:02:07][I]:ACMBUSD trigerd
[2021-09-15 05:02:40][I]:ACMBUSD trigerd
[2021-09-15 05:03:13][I]:ACMBUSD trigerd
[2021-09-15 05:03:46][I]:ACMBUSD trigerd
[2021-09-15 05:04:18][I]:ACMBUSD trigerd
[2021-09-15 05:06:31][I]:SKLBUSD trigerd
[2021-09-15 05:07:14][I]:SKLBUSD trigerd
[2021-09-15 05:36:18][I]:COVERBUSD trigerd
[2021-09-15 05:40:49][I]:COVERBUSD trigerd
[2021-09-15 05:43:40][I]:COVERBUSD trigerd
[2021-09-15 05:44:13][I]:COVERBUSD trigerd
[2021-09-15 05:44:47][I]:COVERBUSD trigerd
[2021-09-15 05:56:47][I]:COVERBUSD trigerd
[2021-09-15 06:05:02][I]:ACMBUSD trigerd
[2021-09-15 06:36:59][I]:AUCTIONBUSD trigerd
[2021-09-15 06:39:50][I]:AUCTIONBUSD trigerd
[2021-09-15 06:43:45][I]:ALPACABUSD trigerd
[2021-09-15 06:43:57][I]:ALPACABUSD trigerd
[2021-09-15 06:44:19][I]:ALPACABUSD trigerd
[2021-09-15 06:44:42][I]:ALPACABUSD trigerd
[2021-09-15 06:59:33][I]:COVERBUSD trigerd
[2021-09-15 07:49:13][I]:TORNBUSD trigerd
[2021-09-15 07:49:45][I]:COVERBUSD trigerd
[2021-09-15 07:57:57][I]:COVERBUSD trigerd
[2021-09-15 07:58:40][I]:COVERBUSD trigerd
[2021-09-15 07:59:14][I]:COVERBUSD trigerd
[2021-09-15 07:59:47][I]:COVERBUSD trigerd
[2021-09-15 08:03:46][I]:CELRBUSD trigerd
[2021-09-15 08:04:20][I]:CELRBUSD trigerd
[2021-09-15 08:06:16][I]:CELRBUSD trigerd
[2021-09-15 08:06:31][I]:CELRBUSD trigerd
[2021-09-15 08:08:25][I]:CELRBUSD trigerd
[2021-09-15 08:08:58][I]:CELRBUSD trigerd
[2021-09-15 08:09:31][I]:CELRBUSD trigerd
[2021-09-15 08:09:47][I]:CELRBUSD trigerd
[2021-09-15 08:12:02][I]:TORNBUSD trigerd
[2021-09-15 08:12:36][I]:TORNBUSD trigerd
[2021-09-15 08:13:11][I]:TORNBUSD trigerd
[2021-09-15 08:13:44][I]:TORNBUSD trigerd
[2021-09-15 08:18:31][I]:AUCTIONBUSD trigerd
[2021-09-15 08:19:07][I]:AUCTIONBUSD trigerd
[2021-09-15 08:19:43][I]:AUCTIONBUSD trigerd
[2021-09-15 08:20:52][I]:AUCTIONBUSD trigerd
[2021-09-15 08:21:26][I]:AUCTIONBUSD trigerd
[2021-09-15 08:23:57][I]:CELRBUSD trigerd
[2021-09-15 08:26:17][I]:CELRBUSD trigerd
[2021-09-15 08:26:33][I]:CELRBUSD trigerd
[2021-09-15 08:28:26][I]:CELRBUSD trigerd
[2021-09-15 08:29:09][I]:CELRBUSD trigerd
[2021-09-15 08:29:45][I]:CELRBUSD trigerd
[2021-09-15 08:35:33][I]:AUCTIONBUSD trigerd
[2021-09-15 08:36:14][I]:AUCTIONBUSD trigerd
[2021-09-15 08:36:47][I]:AUCTIONBUSD trigerd
[2021-09-15 08:37:20][I]:AUCTIONBUSD trigerd
[2021-09-15 08:37:53][I]:AUCTIONBUSD trigerd
[2021-09-15 08:40:40][I]:AUCTIONBUSD trigerd
[2021-09-15 08:42:14][I]:IDEXBUSD trigerd
[2021-09-15 08:42:46][I]:IDEXBUSD trigerd
[2021-09-15 08:43:30][I]:IDEXBUSD trigerd
[2021-09-15 08:44:13][I]:HBARBUSD trigerd
[2021-09-15 08:44:38][I]:IDEXBUSD trigerd
[2021-09-15 08:46:33][I]:IDEXBUSD trigerd
[2021-09-15 08:48:22][I]:IDEXBUSD trigerd
[2021-09-15 08:49:16][I]:IDEXBUSD trigerd
[2021-09-15 08:49:48][I]:AUCTIONBUSD trigerd
[2021-09-15 08:51:20][I]:COVERBUSD trigerd
[2021-09-15 08:52:05][I]:AUCTIONBUSD trigerd
[2021-09-15 08:52:41][I]:AUCTIONBUSD trigerd
[2021-09-15 08:53:13][I]:COVERBUSD trigerd
[2021-09-15 08:53:47][I]:COVERBUSD trigerd
[2021-09-15 08:57:22][I]:DYDXBUSD trigerd
[2021-09-15 09:27:58][I]:BADGERBUSD trigerd
[2021-09-15 09:28:32][I]:BADGERBUSD trigerd
[2021-09-15 09:34:05][I]:HBARBUSD trigerd
[2021-09-15 09:34:39][I]:HBARBUSD trigerd
[2021-09-15 09:37:58][I]:HBARBUSD trigerd
[2021-09-15 09:38:44][I]:HBARBUSD trigerd
[2021-09-15 09:40:56][I]:CELRBUSD trigerd
[2021-09-15 09:42:13][I]:CELRBUSD trigerd
[2021-09-15 09:42:28][I]:CELRBUSD trigerd
[2021-09-15 09:43:02][I]:CELRBUSD trigerd
[2021-09-15 09:43:42][I]:IOSTBUSD trigerd
[2021-09-15 09:44:13][I]:CELRBUSD trigerd
[2021-09-15 09:44:50][I]:CELRBUSD trigerd
[2021-09-15 09:51:25][I]:MLNBUSD trigerd
[2021-09-15 09:52:08][I]:MLNBUSD trigerd
[2021-09-15 09:52:41][I]:MLNBUSD trigerd
[2021-09-15 10:08:20][I]:MLNBUSD trigerd
[2021-09-15 10:08:34][I]:MLNBUSD trigerd
[2021-09-15 10:09:18][I]:MLNBUSD trigerd
[2021-09-15 10:10:00][I]:MLNBUSD trigerd
[2021-09-15 10:14:37][I]:TORNBUSD trigerd
[2021-09-15 10:58:46][I]:COVERBUSD trigerd
[2021-09-15 10:59:19][I]:COVERBUSD trigerd
[2021-09-15 10:59:51][I]:COVERBUSD trigerd
[2021-09-15 11:19:28][I]:COVERBUSD trigerd
[2021-09-15 11:20:01][I]:COVERBUSD trigerd
[2021-09-15 11:25:00][I]:COVERBUSD trigerd
[2021-09-15 11:41:23][I]:ACMBUSD trigerd
[2021-09-15 11:41:56][I]:ACMBUSD trigerd
[2021-09-15 11:42:57][I]:ACMBUSD trigerd
[2021-09-15 11:43:30][I]:ACMBUSD trigerd
[2021-09-15 11:44:03][I]:ACMBUSD trigerd
[2021-09-15 11:44:21][I]:ACMBUSD trigerd
[2021-09-15 11:44:36][I]:ACMBUSD trigerd
[2021-09-15 11:44:55][I]:ACMBUSD trigerd
[2021-09-15 12:09:11][I]:ACMBUSD trigerd
[2021-09-15 12:09:44][I]:ACMBUSD trigerd
[2021-09-15 12:14:28][I]:MLNBUSD trigerd
[2021-09-15 12:14:42][I]:MLNBUSD trigerd
[2021-09-15 12:18:37][I]:ACMBUSD trigerd
[2021-09-15 12:19:13][I]:ACMBUSD trigerd
[2021-09-15 12:19:30][I]:ACMBUSD trigerd
[2021-09-15 12:19:47][I]:ACMBUSD trigerd
[2021-09-15 12:26:22][I]:ACMBUSD trigerd
[2021-09-15 12:26:50][I]:ACMBUSD trigerd
[2021-09-15 12:27:06][I]:ACMBUSD trigerd
[2021-09-15 12:27:24][I]:ACMBUSD trigerd
[2021-09-15 12:27:41][I]:ACMBUSD trigerd
[2021-09-15 12:27:59][I]:ACMBUSD trigerd
[2021-09-15 12:29:17][I]:ACMBUSD trigerd
[2021-09-15 13:01:10][I]:COVERBUSD trigerd
[2021-09-15 13:01:26][I]:COVERBUSD trigerd
[2021-09-15 13:23:56][I]:COVERBUSD trigerd
[2021-09-15 13:24:10][I]:COVERBUSD trigerd
[2021-09-15 13:24:51][I]:COVERBUSD trigerd
[2021-09-15 13:36:18][I]:COVERBUSD trigerd
[2021-09-15 13:36:33][I]:COVERBUSD trigerd
[2021-09-15 13:57:34][I]:AUCTIONBUSD trigerd
[2021-09-15 13:58:17][I]:AUCTIONBUSD trigerd
[2021-09-15 13:58:51][I]:AUCTIONBUSD trigerd
[2021-09-15 13:59:24][I]:AUCTIONBUSD trigerd
[2021-09-15 13:59:58][I]:AUCTIONBUSD trigerd
[2021-09-15 14:03:20][I]:AUCTIONBUSD trigerd
[2021-09-15 14:09:45][I]:ACMBUSD trigerd
[2021-09-15 14:10:01][I]:ACMBUSD trigerd
[2021-09-15 14:13:19][I]:COVERBUSD trigerd
[2021-09-15 14:13:57][I]:COVERBUSD trigerd
[2021-09-15 14:14:57][I]:COVERBUSD trigerd
[2021-09-15 14:16:38][I]:COVERBUSD trigerd
[2021-09-15 14:28:56][I]:ACMBUSD trigerd
[2021-09-15 14:29:37][I]:ACMBUSD trigerd
[2021-09-15 15:14:17][I]:AUCTIONBUSD trigerd
[2021-09-15 15:14:31][I]:AUCTIONBUSD trigerd
[2021-09-15 15:15:06][I]:AUCTIONBUSD trigerd
[2021-09-15 15:19:49][I]:ORNBUSD trigerd
[2021-09-15 15:24:40][I]:ORNBUSD trigerd
[2021-09-15 15:24:57][I]:ORNBUSD trigerd
[2021-09-15 16:13:18][I]:DYDXBUSD trigerd
[2021-09-15 16:51:54][I]:QUICKBUSD trigerd
[2021-09-15 16:52:35][I]:QUICKBUSD trigerd
[2021-09-15 16:53:35][I]:COVERBUSD trigerd
[2021-09-15 16:54:09][I]:QUICKBUSD trigerd
[2021-09-15 16:57:09][I]:COVERBUSD trigerd
[2021-09-15 16:57:26][I]:COVERBUSD trigerd
[2021-09-15 16:57:42][I]:COVERBUSD trigerd
[2021-09-15 16:57:58][I]:COVERBUSD trigerd
[2021-09-15 16:58:35][I]:QUICKBUSD trigerd
[2021-09-15 17:01:28][I]:QUICKBUSD trigerd
[2021-09-15 17:04:37][I]:QUICKBUSD trigerd
[2021-09-15 17:12:13][I]:MLNBUSD trigerd
[2021-09-15 17:12:39][I]:MLNBUSD trigerd
[2021-09-15 17:22:18][I]:ACMBUSD trigerd
[2021-09-15 17:24:13][I]:ACMBUSD trigerd
[2021-09-15 17:27:23][I]:ACMBUSD trigerd
[2021-09-15 17:31:04][I]:ACMBUSD trigerd
[2021-09-15 17:34:40][I]:KEEPBUSD trigerd
[2021-09-15 17:38:12][I]:COVERBUSD trigerd
[2021-09-15 17:38:26][I]:COVERBUSD trigerd
[2021-09-15 17:38:40][I]:COVERBUSD trigerd
[2021-09-15 17:38:53][I]:COVERBUSD trigerd
[2021-09-15 17:39:30][I]:ACMBUSD trigerd
[2021-09-15 17:43:08][I]:ACMBUSD trigerd
[2021-09-15 17:51:05][I]:ACMBUSD trigerd
[2021-09-15 17:51:09][I]:ACMBUSD trigerd
[2021-09-15 17:51:10][I]:ACMBUSD价格上升至非波那契回区间 
[2021-09-15 17:51:27][I]:ACMBUSD trigerd
[2021-09-15 17:51:28][I]:ACMBUSD价格上升至非波那契回区间 
[2021-09-15 17:51:44][I]:ACMBUSD trigerd
[2021-09-15 17:51:45][I]:ACMBUSD价格上升至非波那契回区间 
[2021-09-15 17:52:01][I]:ACMBUSD trigerd
[2021-09-15 17:52:02][I]:ACMBUSD价格上升至非波那契回区间 
[2021-09-15 17:52:18][I]:ACMBUSD trigerd
[2021-09-15 17:52:19][I]:ACMBUSD价格上升至非波那契回区间 
[2021-09-15 17:52:44][I]:ACMBUSD trigerd
[2021-09-15 17:52:45][I]:ACMBUSD价格上升至非波那契回区间 
[2021-09-15 17:53:01][I]:ACMBUSD trigerd
[2021-09-15 17:53:02][I]:ACMBUSD价格上升至非波那契回区间 
[2021-09-15 17:53:10][I]:ACMBUSD trigerd
[2021-09-15 17:53:24][I]:ACMBUSD trigerd
[2021-09-15 17:53:38][I]:ACMBUSD trigerd
[2021-09-15 17:57:11][I]:JUVBUSD trigerd
[2021-09-15 17:57:43][I]:JUVBUSD trigerd
[2021-09-15 17:58:33][I]:JUVBUSD trigerd
[2021-09-15 17:59:06][I]:JUVBUSD trigerd
[2021-09-15 17:59:38][I]:JUVBUSD trigerd
[2021-09-15 18:01:24][I]:JUVBUSD trigerd
[2021-09-15 18:01:54][I]:JUVBUSD trigerd
[2021-09-15 18:02:26][I]:JUVBUSD trigerd
[2021-09-15 18:02:59][I]:JUVBUSD trigerd
[2021-09-15 18:14:30][I]:ACMBUSD trigerd
[2021-09-15 18:14:30][I]:ACMBUSD价格上升至非波那契回区间 
[2021-09-15 18:14:47][I]:ACMBUSD trigerd
[2021-09-15 18:14:48][I]:ACMBUSD价格上升至非波那契回区间 
[2021-09-15 18:19:57][I]:ACMBUSD trigerd
[2021-09-15 18:21:19][I]:HBARBUSD trigerd
[2021-09-15 18:21:34][I]:HBARBUSD trigerd
[2021-09-15 18:21:49][I]:HBARBUSD trigerd
[2021-09-15 18:23:13][I]:HBARBUSD trigerd
[2021-09-15 18:23:29][I]:HBARBUSD trigerd
[2021-09-15 18:23:56][I]:HBARBUSD trigerd
[2021-09-15 18:24:12][I]:JUVBUSD trigerd
[2021-09-15 18:24:23][I]:ACMBUSD trigerd
[2021-09-15 18:24:31][I]:HBARBUSD trigerd
[2021-09-15 18:24:38][I]:JUVBUSD trigerd
[2021-09-15 18:24:51][I]:HBARBUSD trigerd
[2021-09-15 18:24:58][I]:JUVBUSD trigerd
[2021-09-15 18:25:56][I]:JUVBUSD trigerd
[2021-09-15 18:26:10][I]:JUVBUSD trigerd
[2021-09-15 18:27:55][I]:JUVBUSD trigerd
[2021-09-15 18:36:12][I]:ATMBUSD trigerd
[2021-09-15 18:36:13][I]:ATMBUSD价格上升至非波那契回区间 
[2021-09-15 18:36:29][I]:ATMBUSD trigerd
[2021-09-15 18:36:30][I]:ATMBUSD价格上升至非波那契回区间 
[2021-09-15 18:36:46][I]:ATMBUSD trigerd
[2021-09-15 18:36:47][I]:ATMBUSD价格上升至非波那契回区间 
[2021-09-15 18:37:11][I]:ATMBUSD trigerd
[2021-09-15 18:37:12][I]:ATMBUSD价格上升至非波那契回区间 
[2021-09-15 18:37:38][I]:ATMBUSD trigerd
[2021-09-15 18:37:39][I]:ATMBUSD价格上升至非波那契回区间 
[2021-09-15 18:37:55][I]:ATMBUSD trigerd
[2021-09-15 18:37:56][I]:ATMBUSD价格上升至非波那契回区间 
[2021-09-15 18:38:12][I]:ATMBUSD trigerd
[2021-09-15 18:38:13][I]:ATMBUSD价格上升至非波那契回区间 
[2021-09-15 18:57:57][I]:QUICKBUSD trigerd
[2021-09-15 18:59:20][I]:QUICKBUSD trigerd
[2021-09-15 19:04:10][I]:FORBUSD trigerd
[2021-09-15 19:04:11][I]:FORBUSD价格上升至非波那契回区间 
[2021-09-15 19:04:28][I]:FORBUSD trigerd
[2021-09-15 19:04:29][I]:FORBUSD价格上升至非波那契回区间 
[2021-09-15 19:04:44][I]:FORBUSD trigerd
[2021-09-15 19:04:45][I]:FORBUSD价格上升至非波那契回区间 
[2021-09-15 19:05:27][I]:FORBUSD trigerd
[2021-09-15 19:05:29][I]:FORBUSD价格上升至非波那契回区间 
[2021-09-15 19:06:02][I]:FORBUSD trigerd
[2021-09-15 19:06:03][I]:FORBUSD价格上升至非波那契回区间 
[2021-09-15 19:06:18][I]:FORBUSD trigerd
[2021-09-15 19:06:19][I]:FORBUSD价格上升至非波那契回区间 
[2021-09-15 19:17:53][I]:COVERBUSD trigerd
[2021-09-15 19:23:24][I]:COVERBUSD trigerd
[2021-09-15 19:23:58][I]:COVERBUSD trigerd
[2021-09-15 19:24:33][I]:COVERBUSD trigerd
[2021-09-15 19:29:23][I]:ORNBUSD trigerd
[2021-09-15 19:29:24][I]:ORNBUSD价格上升至非波那契回区间 
[2021-09-15 19:29:40][I]:ORNBUSD trigerd
[2021-09-15 19:29:41][I]:ORNBUSD价格上升至非波那契回区间 
[2021-09-15 19:29:57][I]:ORNBUSD trigerd
[2021-09-15 19:29:58][I]:ORNBUSD价格上升至非波那契回区间 
[2021-09-15 20:19:39][I]:MLNBUSD trigerd
[2021-09-15 20:27:57][I]:LRCBUSD trigerd
[2021-09-15 20:43:13][I]:价格还未上升进入 波切区间... 
[2021-09-15 20:45:55][I]:BTCBUSD价格还未上升进入 波切区间... 
[2021-09-15 20:46:26][I]:MLNBUSD价格还未上升进入 波切区间... 
[2021-09-15 20:46:41][I]:MLNBUSD trigerd
[2021-09-15 20:47:20][I]:价格还未上升进入 波切区间... 
[2021-09-15 20:47:29][I]:价格还未上升进入 波切区间... 
[2021-09-15 20:48:09][I]:MLNBUSD trigerd
[2021-09-15 20:48:10][I]:价格还未上升进入 波切区间... 
[2021-09-15 20:48:40][I]:ACMBUSD trigerd
[2021-09-15 20:48:41][I]:价格上升至非波那契回区间 
[2021-09-15 20:48:49][I]:MLNBUSD trigerd
[2021-09-15 20:48:50][I]:价格还未上升进入 波切区间... 
[2021-09-15 20:49:20][I]:MLNBUSD trigerd
[2021-09-15 20:49:21][I]:价格还未上升进入 波切区间... 
[2021-09-15 20:49:52][I]:MLNBUSD trigerd
[2021-09-15 20:49:53][I]:价格还未上升进入 波切区间... 
[2021-09-15 20:50:41][I]:MLNBUSD trigerd
[2021-09-15 20:50:42][I]:价格还未上升进入 波切区间... 
[2021-09-15 20:51:12][I]:MLNBUSD trigerd
[2021-09-15 20:51:13][I]:价格还未上升进入 波切区间... 
[2021-09-15 20:51:45][I]:MLNBUSD trigerd
[2021-09-15 20:51:46][I]:价格还未上升进入 波切区间... 
[2021-09-15 20:53:09][I]:MLNBUSD trigerd
[2021-09-15 20:53:10][I]:价格还未上升进入 波切区间... 
[2021-09-15 20:54:42][I]:MLNBUSD trigerd
[2021-09-15 20:54:43][I]:价格还未上升进入 波切区间... 
[2021-09-15 20:56:57][I]:FRONTBUSD trigerd
[2021-09-15 20:56:59][I]:价格上升至非波那契回区间 
[2021-09-15 20:57:25][I]:FRONTBUSD trigerd
[2021-09-15 20:57:26][I]:价格上升至非波那契回区间 
[2021-09-15 20:57:39][I]:ACMBUSD trigerd
[2021-09-15 20:57:40][I]:价格上升至非波那契回区间 
[2021-09-15 20:57:50][I]:FRONTBUSD trigerd
[2021-09-15 20:57:51][I]:价格上升至非波那契回区间 
[2021-09-15 20:58:07][I]:FRONTBUSD trigerd
[2021-09-15 20:58:08][I]:价格上升至非波那契回区间 
[2021-09-15 20:58:21][I]:ACMBUSD trigerd
[2021-09-15 20:58:22][I]:价格上升至非波那契回区间 
[2021-09-15 20:58:32][I]:FRONTBUSD trigerd
[2021-09-15 20:58:33][I]:价格上升至非波那契回区间 
[2021-09-15 20:58:57][I]:ACMBUSD trigerd
[2021-09-15 20:58:58][I]:价格上升至非波那契回区间 
[2021-09-15 20:59:08][I]:FRONTBUSD trigerd
[2021-09-15 20:59:09][I]:价格上升至非波那契回区间 
[2021-09-15 20:59:27][I]:FRONTBUSD trigerd
[2021-09-15 21:01:04][I]:FRONTBUSD trigerd
[2021-09-15 21:01:06][I]:价格上升至非波那契回区间 
[2021-09-15 21:01:22][I]:FRONTBUSD trigerd
[2021-09-15 21:07:14][I]:KEEPBUSD trigerd
[2021-09-15 21:07:15][I]:价格上升至非波那契回区间 
[2021-09-15 21:07:32][I]:KEEPBUSD trigerd
[2021-09-15 21:07:33][I]:价格上升至非波那契回区间 
[2021-09-15 21:07:49][I]:KEEPBUSD trigerd
[2021-09-15 21:07:50][I]:价格上升至非波那契回区间 
[2021-09-15 21:08:42][I]:CTSIBUSD trigerd
[2021-09-15 21:08:43][I]:价格上升至非波那契回区间 
[2021-09-15 21:09:22][I]:CTSIBUSD trigerd
[2021-09-15 21:09:23][I]:价格上升至非波那契回区间 
[2021-09-15 21:09:40][I]:CTSIBUSD trigerd
[2021-09-15 21:09:41][I]:价格上升至非波那契回区间 
[2021-09-15 21:09:56][I]:CTSIBUSD trigerd
[2021-09-15 21:09:56][I]:价格上升至非波那契回区间 
[2021-09-15 21:10:44][I]:CTSIBUSD trigerd
[2021-09-15 21:10:45][I]:价格上升至非波那契回区间 
[2021-09-15 21:18:14][I]:CTSIBUSD trigerd
[2021-09-15 21:23:31][I]:FRONTBUSD trigerd
[2021-09-15 21:23:33][I]:价格上升至非波那契回区间 
[2021-09-15 21:23:49][I]:FRONTBUSD trigerd
[2021-09-15 21:23:51][I]:价格上升至非波那契回区间 
[2021-09-15 21:39:10][I]:SLPBUSD trigerd
[2021-09-15 21:44:07][I]:SLPBUSD trigerd
[2021-09-15 21:44:08][I]:价格上升至非波那契回区间 
[2021-09-15 21:44:25][I]:SLPBUSD trigerd
[2021-09-15 21:44:26][I]:价格上升至非波那契回区间 
[2021-09-15 22:06:37][I]:KEEPBUSD trigerd
[2021-09-15 22:06:38][I]:价格上升至非波那契回区间 
[2021-09-15 22:13:31][I]:FORBUSD trigerd
[2021-09-15 22:13:32][I]:价格还未上升进入 波切区间... 
[2021-09-15 22:14:02][I]:FORBUSD trigerd
[2021-09-15 22:14:03][I]:价格上升至非波那契回区间 
[2021-09-15 22:19:32][I]:FORBUSD trigerd
[2021-09-15 22:19:32][I]:价格上升至非波那契回区间 
[2021-09-15 22:19:48][I]:FORBUSD trigerd
[2021-09-15 22:19:49][I]:价格上升至非波那契回区间 
[2021-09-15 22:24:48][I]:FORBUSD trigerd
[2021-09-15 22:24:49][I]:价格上升至非波那契回区间 
[2021-09-15 22:25:26][I]:SLPBUSD trigerd
[2021-09-15 22:25:27][I]:价格上升至非波那契回区间 
[2021-09-15 22:27:51][I]:SLPBUSD trigerd
[2021-09-15 22:27:52][I]:价格上升至非波那契回区间 
[2021-09-15 22:28:08][I]:SLPBUSD trigerd
[2021-09-15 22:28:08][I]:价格上升至非波那契回区间 
[2021-09-15 22:28:23][I]:SLPBUSD trigerd
[2021-09-15 22:28:24][I]:价格上升至非波那契回区间 
[2021-09-15 22:28:40][I]:SLPBUSD trigerd
[2021-09-15 22:28:40][I]:价格上升至非波那契回区间 
[2021-09-15 22:28:57][I]:SLPBUSD trigerd
[2021-09-15 22:28:58][I]:价格上升至非波那契回区间 
[2021-09-15 22:29:14][I]:SLPBUSD trigerd
[2021-09-15 22:29:15][I]:价格上升至非波那契回区间 
[2021-09-15 22:29:30][I]:FORBUSD trigerd
[2021-09-15 22:29:31][I]:价格上升至非波那契回区间 
[2021-09-15 22:29:48][I]:FORBUSD trigerd
[2021-09-15 22:29:50][I]:价格上升至非波那契回区间 
[2021-09-15 22:32:19][I]:FORBUSD trigerd
[2021-09-15 22:32:19][I]:价格上升至非波那契回区间 
[2021-09-15 22:32:35][I]:FORBUSD trigerd
[2021-09-15 22:32:36][I]:价格上升至非波那契回区间 
[2021-09-15 22:32:52][I]:FORBUSD trigerd
[2021-09-15 22:32:53][I]:价格上升至非波那契回区间 
[2021-09-15 22:33:08][I]:FORBUSD trigerd
[2021-09-15 22:33:09][I]:价格上升至非波那契回区间 
[2021-09-15 22:34:54][I]:SLPBUSD trigerd
[2021-09-15 22:34:55][I]:短期持续爆拉升突破前高... 
[2021-09-15 22:53:05][I]:ORNBUSD trigerd
[2021-09-15 22:53:06][I]:价格上升至非波那契回区间 
[2021-09-15 22:57:06][I]:FORBUSD trigerd
[2021-09-15 22:57:07][I]:价格还未上升进入 波切区间... 
[2021-09-15 22:57:38][I]:FORBUSD trigerd
[2021-09-15 22:57:39][I]:价格上升至非波那契回区间 
[2021-09-15 22:57:54][I]:FORBUSD trigerd
[2021-09-15 22:57:55][I]:价格上升至非波那契回区间 
[2021-09-15 22:58:11][I]:FORBUSD trigerd
[2021-09-15 22:58:11][I]:价格上升至非波那契回区间 
[2021-09-15 22:58:35][I]:FORBUSD trigerd
[2021-09-15 22:58:36][I]:价格上升至非波那契回区间 
[2021-09-15 22:58:52][I]:FORBUSD trigerd
[2021-09-15 22:58:53][I]:价格上升至非波那契回区间 
[2021-09-15 22:59:10][I]:FORBUSD trigerd
[2021-09-15 22:59:11][I]:价格上升至非波那契回区间 
[2021-09-15 23:14:09][I]:FORBUSD trigerd
[2021-09-15 23:14:10][I]:价格上升至非波那契回区间 
[2021-09-15 23:14:34][I]:ACMBUSD trigerd
[2021-09-15 23:14:35][I]:价格上升至非波那契回区间 
[2021-09-15 23:44:29][I]:FRONTBUSD trigerd
[2021-09-15 23:44:30][I]:价格还未上升进入 波切区间... 
[2021-09-15 23:45:00][I]:FRONTBUSD trigerd
[2021-09-15 23:45:01][I]:价格还未上升进入 波切区间... 
[2021-09-15 23:45:30][I]:FRONTBUSD trigerd
[2021-09-15 23:45:31][I]:价格还未上升进入 波切区间... 
[2021-09-15 23:46:11][I]:FRONTBUSD trigerd
[2021-09-15 23:46:12][I]:价格还未上升进入 波切区间... 
[2021-09-15 23:46:39][I]:FRONTBUSD trigerd
[2021-09-15 23:46:40][I]:价格上升至非波那契回区间 
[2021-09-15 23:46:57][I]:FRONTBUSD trigerd
[2021-09-15 23:46:58][I]:价格上升至非波那契回区间 
[2021-09-15 23:47:13][I]:FRONTBUSD trigerd
[2021-09-15 23:47:14][I]:价格上升至非波那契回区间 
[2021-09-15 23:47:30][I]:FRONTBUSD trigerd
[2021-09-15 23:47:31][I]:价格上升至非波那契回区间 
[2021-09-15 23:48:23][I]:FRONTBUSD trigerd
[2021-09-15 23:48:24][I]:价格上升至非波那契回区间 
[2021-09-15 23:48:40][I]:FRONTBUSD trigerd
[2021-09-15 23:48:41][I]:价格上升至非波那契回区间 
[2021-09-15 23:48:56][I]:FRONTBUSD trigerd
[2021-09-15 23:48:57][I]:价格上升至非波那契回区间 
[2021-09-15 23:49:50][I]:FRONTBUSD trigerd
[2021-09-15 23:49:51][I]:价格上升至非波那契回区间 
[2021-09-15 23:50:16][I]:FRONTBUSD trigerd
[2021-09-15 23:50:16][I]:价格上升至非波那契回区间 
[2021-09-15 23:50:32][I]:FRONTBUSD trigerd
[2021-09-15 23:50:33][I]:价格上升至非波那契回区间 
[2021-09-15 23:50:48][I]:FRONTBUSD trigerd
[2021-09-15 23:50:49][I]:价格上升至非波那契回区间 
[2021-09-15 23:52:08][I]:FRONTBUSD trigerd
[2021-09-15 23:52:09][I]:价格上升至非波那契回区间 
[2021-09-15 23:53:19][I]:QUICKBUSD trigerd
[2021-09-15 23:53:20][I]:价格还未上升进入 波切区间... 
[2021-09-15 23:53:37][I]:QUICKBUSD trigerd
[2021-09-15 23:53:37][I]:价格还未上升进入 波切区间... 
[2021-09-15 23:53:54][I]:QUICKBUSD trigerd
[2021-09-15 23:53:55][I]:价格还未上升进入 波切区间... 
[2021-09-15 23:54:27][I]:QUICKBUSD trigerd
[2021-09-15 23:54:27][I]:价格还未上升进入 波切区间... 
[2021-09-15 23:54:44][I]:QUICKBUSD trigerd
[2021-09-15 23:54:45][I]:价格还未上升进入 波切区间... 
[2021-09-15 23:56:38][I]:FRONTBUSD trigerd
[2021-09-15 23:56:39][I]:价格上升至非波那契回区间 
[2021-09-15 23:57:05][I]:FRONTBUSD trigerd
[2021-09-15 23:57:06][I]:价格上升至非波那契回区间 
[2021-09-15 23:58:24][I]:MLNBUSD trigerd
[2021-09-15 23:58:25][I]:价格还未上升进入 波切区间... 
[2021-09-15 23:58:42][I]:MLNBUSD trigerd
[2021-09-15 23:58:43][I]:价格还未上升进入 波切区间... 
[2021-09-15 23:59:00][I]:MLNBUSD trigerd
[2021-09-15 23:59:01][I]:价格还未上升进入 波切区间... 
