[2021-08-26 00:05:36][I]:MASKBUSD trigerd
[2021-08-26 00:11:14][I]:C98BUSD trigerd
[2021-08-26 00:11:40][I]:C98BUSD trigerd
[2021-08-26 00:12:40][I]:C98BUSD trigerd
[2021-08-26 00:14:33][I]:SLPBUSD trigerd
[2021-08-26 00:14:47][I]:ATABUSD trigerd
[2021-08-26 00:15:42][I]:ATABUSD trigerd
[2021-08-26 00:16:26][I]:SLPBUSD trigerd
[2021-08-26 00:16:46][I]:SLPBUSD trigerd
[2021-08-26 00:23:41][I]:TKOBUSD trigerd
[2021-08-26 00:24:35][I]:TKOBUSD trigerd
[2021-08-26 00:24:57][I]:TKOBUSD trigerd
[2021-08-26 00:43:44][I]:DEXEBUSD trigerd
[2021-08-26 00:44:32][I]:DEXEBUSD trigerd
[2021-08-26 00:44:50][I]:DEXEBUSD trigerd
[2021-08-26 00:49:38][I]:MASKBUSD trigerd
[2021-08-26 00:52:19][I]:TLMBUSD trigerd
[2021-08-26 00:52:40][I]:TLMBUSD trigerd
[2021-08-26 00:53:21][I]:TLMBUSD trigerd
[2021-08-26 00:59:18][I]:MDXBUSD trigerd
[2021-08-26 01:02:16][I]:TORNBUSD trigerd
[2021-08-26 01:04:28][I]:TORNBUSD trigerd
[2021-08-26 01:21:46][I]:MASKBUSD trigerd
[2021-08-26 01:22:19][I]:MASKBUSD trigerd
[2021-08-26 01:22:58][I]:MASKBUSD trigerd
[2021-08-26 01:24:20][I]:MBOXBUSD trigerd
[2021-08-26 01:24:40][I]:MBOXBUSD trigerd
[2021-08-26 01:28:47][I]:MASKBUSD trigerd
[2021-08-26 01:29:19][I]:MASKBUSD trigerd
[2021-08-26 01:29:56][I]:MASKBUSD trigerd
[2021-08-26 01:37:16][I]:MASKBUSD trigerd
[2021-08-26 01:37:52][I]:MASKBUSD trigerd
[2021-08-26 01:39:53][I]:MBOXBUSD trigerd
[2021-08-26 01:44:54][I]:TKOBUSD trigerd
[2021-08-26 01:52:53][I]:FORTHBUSD trigerd
[2021-08-26 01:53:12][I]:FORTHBUSD trigerd
[2021-08-26 01:56:32][I]:FORTHBUSD trigerd
[2021-08-26 02:02:08][I]:FORTHBUSD trigerd
[2021-08-26 02:04:44][I]:ATABUSD trigerd
[2021-08-26 02:06:18][I]:OMBUSD trigerd
[2021-08-26 02:06:38][I]:OMBUSD trigerd
[2021-08-26 02:08:26][I]:ATABUSD trigerd
[2021-08-26 02:08:45][I]:ATABUSD trigerd
[2021-08-26 02:10:36][I]:ATABUSD trigerd
[2021-08-26 02:10:56][I]:ATABUSD trigerd
[2021-08-26 02:11:34][I]:ATABUSD trigerd
[2021-08-26 02:48:21][I]:ATABUSD trigerd
[2021-08-26 02:54:38][I]:FORBUSD trigerd
[2021-08-26 02:59:17][I]:ATABUSD trigerd
[2021-08-26 02:59:52][I]:TORNBUSD trigerd
[2021-08-26 03:01:37][I]:TORNBUSD trigerd
[2021-08-26 03:02:52][I]:TORNBUSD trigerd
[2021-08-26 03:09:12][I]:ATABUSD trigerd
[2021-08-26 03:10:30][I]:ATABUSD trigerd
[2021-08-26 03:21:33][I]:ATABUSD trigerd
[2021-08-26 03:22:14][I]:ATABUSD trigerd
[2021-08-26 03:22:52][I]:ATABUSD trigerd
[2021-08-26 03:23:31][I]:ATABUSD trigerd
[2021-08-26 03:26:52][I]:TORNBUSD trigerd
[2021-08-26 03:27:48][I]:TORNBUSD trigerd
[2021-08-26 03:28:28][I]:TORNBUSD trigerd
[2021-08-26 03:29:05][I]:TORNBUSD trigerd
[2021-08-26 03:30:34][I]:TORNBUSD trigerd
[2021-08-26 03:31:11][I]:ATABUSD trigerd
[2021-08-26 03:31:52][I]:ATABUSD trigerd
[2021-08-26 03:32:19][I]:TORNBUSD trigerd
[2021-08-26 03:36:05][I]:ATABUSD trigerd
[2021-08-26 03:36:37][I]:TORNBUSD trigerd
[2021-08-26 03:37:17][I]:ATABUSD trigerd
[2021-08-26 03:37:47][I]:TKOBUSD trigerd
[2021-08-26 03:38:41][I]:ATABUSD trigerd
[2021-08-26 03:39:17][I]:TKOBUSD trigerd
[2021-08-26 03:39:59][I]:TKOBUSD trigerd
[2021-08-26 03:40:36][I]:ATABUSD trigerd
[2021-08-26 03:43:00][I]:TORNBUSD trigerd
[2021-08-26 03:45:30][I]:ATABUSD trigerd
[2021-08-26 03:47:20][I]:ATABUSD trigerd
[2021-08-26 03:50:56][I]:TORNBUSD trigerd
[2021-08-26 03:51:37][I]:TORNBUSD trigerd
[2021-08-26 03:52:17][I]:TORNBUSD trigerd
[2021-08-26 03:53:15][I]:TORNBUSD trigerd
[2021-08-26 03:53:41][I]:TKOBUSD trigerd
[2021-08-26 03:55:25][I]:ATABUSD trigerd
[2021-08-26 03:56:30][I]:GTCBUSD trigerd
[2021-08-26 03:57:06][I]:TKOBUSD trigerd
[2021-08-26 03:57:46][I]:TKOBUSD trigerd
[2021-08-26 04:00:33][I]:TKOBUSD trigerd
[2021-08-26 04:01:12][I]:ATABUSD trigerd
[2021-08-26 04:01:51][I]:ATABUSD trigerd
[2021-08-26 04:02:24][I]:GTCBUSD trigerd
[2021-08-26 04:02:36][I]:ATABUSD trigerd
[2021-08-26 04:03:06][I]:TLMBUSD trigerd
[2021-08-26 04:03:32][I]:GTCBUSD trigerd
[2021-08-26 04:03:43][I]:ATABUSD trigerd
[2021-08-26 04:04:18][I]:OMBUSD trigerd
[2021-08-26 04:04:49][I]:ATABUSD trigerd
[2021-08-26 04:05:18][I]:GTCBUSD trigerd
[2021-08-26 04:05:59][I]:GTCBUSD trigerd
[2021-08-26 04:06:24][I]:OMBUSD trigerd
[2021-08-26 04:07:00][I]:GTCBUSD trigerd
[2021-08-26 04:07:41][I]:GTCBUSD trigerd
[2021-08-26 04:08:00][I]:GTCBUSD trigerd
[2021-08-26 04:08:31][I]:SFPBUSD trigerd
[2021-08-26 04:09:04][I]:MASKBUSD trigerd
[2021-08-26 04:12:29][I]:DEXEBUSD trigerd
[2021-08-26 04:12:51][I]:DEXEBUSD trigerd
[2021-08-26 04:13:26][I]:ATABUSD trigerd
[2021-08-26 04:14:32][I]:DEXEBUSD trigerd
[2021-08-26 04:14:56][I]:DEXEBUSD trigerd
[2021-08-26 04:15:55][I]:ATABUSD trigerd
[2021-08-26 04:16:12][I]:ATABUSD trigerd
[2021-08-26 04:16:42][I]:DEXEBUSD trigerd
[2021-08-26 04:16:57][I]:ATABUSD trigerd
[2021-08-26 04:17:17][I]:ATABUSD trigerd
[2021-08-26 04:17:30][I]:TLMBUSD trigerd
[2021-08-26 04:18:10][I]:DEXEBUSD trigerd
[2021-08-26 04:18:47][I]:ATABUSD trigerd
[2021-08-26 04:19:13][I]:TORNBUSD trigerd
[2021-08-26 04:19:42][I]:DEXEBUSD trigerd
[2021-08-26 04:21:38][I]:TORNBUSD trigerd
[2021-08-26 04:24:36][I]:XTZBUSD trigerd
[2021-08-26 04:31:08][I]:ATABUSD trigerd
[2021-08-26 04:32:04][I]:OMBUSD trigerd
[2021-08-26 04:33:33][I]:MASKBUSD trigerd
[2021-08-26 04:34:03][I]:OMBUSD trigerd
[2021-08-26 04:34:39][I]:MASKBUSD trigerd
[2021-08-26 04:36:09][I]:DEXEBUSD trigerd
[2021-08-26 04:37:11][I]:DEXEBUSD trigerd
[2021-08-26 04:38:12][I]:DEXEBUSD trigerd
[2021-08-26 04:38:46][I]:SLPBUSD trigerd
[2021-08-26 04:39:47][I]:SLPBUSD trigerd
[2021-08-26 04:42:26][I]:XTZBUSD trigerd
[2021-08-26 04:42:45][I]:XTZBUSD trigerd
[2021-08-26 04:43:46][I]:XTZBUSD trigerd
[2021-08-26 04:46:32][I]:DEXEBUSD trigerd
[2021-08-26 04:47:31][I]:DEXEBUSD trigerd
[2021-08-26 04:50:40][I]:DEXEBUSD trigerd
[2021-08-26 04:51:39][I]:DEXEBUSD trigerd
[2021-08-26 04:52:39][I]:DEXEBUSD trigerd
[2021-08-26 04:54:10][I]:GTCBUSD trigerd
[2021-08-26 04:54:46][I]:DEXEBUSD trigerd
[2021-08-26 04:56:27][I]:DEXEBUSD trigerd
[2021-08-26 04:57:07][I]:DEXEBUSD trigerd
[2021-08-26 04:57:47][I]:DEXEBUSD trigerd
[2021-08-26 04:58:14][I]:TORNBUSD trigerd
[2021-08-26 04:59:47][I]:TORNBUSD trigerd
[2021-08-26 05:00:26][I]:DEXEBUSD trigerd
[2021-08-26 05:00:49][I]:DEXEBUSD trigerd
[2021-08-26 05:01:52][I]:DEXEBUSD trigerd
[2021-08-26 05:02:32][I]:DEXEBUSD trigerd
[2021-08-26 05:03:20][I]:TORNBUSD trigerd
[2021-08-26 05:03:56][I]:DEXEBUSD trigerd
[2021-08-26 05:06:38][I]:TORNBUSD trigerd
[2021-08-26 05:06:56][I]:TORNBUSD trigerd
[2021-08-26 05:08:13][I]:TORNBUSD trigerd
[2021-08-26 05:08:32][I]:TORNBUSD trigerd
[2021-08-26 05:08:52][I]:TORNBUSD trigerd
[2021-08-26 05:09:51][I]:TORNBUSD trigerd
[2021-08-26 05:10:10][I]:TORNBUSD trigerd
[2021-08-26 05:14:11][I]:TKOBUSD trigerd
[2021-08-26 05:14:32][I]:TKOBUSD trigerd
[2021-08-26 05:18:07][I]:GTCBUSD trigerd
[2021-08-26 05:22:43][I]:DEXEBUSD trigerd
[2021-08-26 05:23:53][I]:GTCBUSD trigerd
[2021-08-26 05:24:32][I]:GTCBUSD trigerd
[2021-08-26 05:25:27][I]:GTCBUSD trigerd
[2021-08-26 05:26:28][I]:GTCBUSD trigerd
[2021-08-26 05:26:49][I]:GTCBUSD trigerd
[2021-08-26 05:31:47][I]:ATABUSD trigerd
[2021-08-26 05:32:05][I]:ATABUSD trigerd
[2021-08-26 05:32:33][I]:MASKBUSD trigerd
[2021-08-26 05:33:16][I]:MASKBUSD trigerd
[2021-08-26 05:34:12][I]:ATABUSD trigerd
[2021-08-26 05:34:41][I]:MASKBUSD trigerd
[2021-08-26 05:35:38][I]:ATABUSD trigerd
[2021-08-26 05:38:00][I]:AERGOBUSD trigerd
[2021-08-26 05:42:24][I]:MASKBUSD trigerd
[2021-08-26 05:42:57][I]:MASKBUSD trigerd
[2021-08-26 05:43:35][I]:MASKBUSD trigerd
[2021-08-26 05:44:42][I]:MASKBUSD trigerd
[2021-08-26 05:46:39][I]:DEXEBUSD trigerd
[2021-08-26 05:47:02][I]:DEXEBUSD trigerd
[2021-08-26 05:47:20][I]:DEXEBUSD trigerd
[2021-08-26 05:47:38][I]:DEXEBUSD trigerd
[2021-08-26 05:48:18][I]:DEXEBUSD trigerd
[2021-08-26 05:51:23][I]:DEXEBUSD trigerd
[2021-08-26 05:51:42][I]:DEXEBUSD trigerd
[2021-08-26 05:52:00][I]:DEXEBUSD trigerd
[2021-08-26 05:52:28][I]:SLPBUSD trigerd
[2021-08-26 05:53:08][I]:SLPBUSD trigerd
[2021-08-26 05:54:14][I]:DEXEBUSD trigerd
[2021-08-26 05:57:39][I]:DEXEBUSD trigerd
[2021-08-26 05:59:13][I]:SANDBUSD trigerd
[2021-08-26 05:59:32][I]:SANDBUSD trigerd
[2021-08-26 06:18:12][I]:TORNBUSD trigerd
[2021-08-26 06:18:31][I]:TORNBUSD trigerd
[2021-08-26 06:19:11][I]:TORNBUSD trigerd
[2021-08-26 06:23:56][I]:ATABUSD trigerd
[2021-08-26 06:24:15][I]:ATABUSD trigerd
[2021-08-26 06:24:34][I]:ATABUSD trigerd
[2021-08-26 06:31:20][I]:GTCBUSD trigerd
[2021-08-26 06:31:38][I]:GTCBUSD trigerd
[2021-08-26 06:32:22][I]:GTCBUSD trigerd
[2021-08-26 06:32:40][I]:GTCBUSD trigerd
[2021-08-26 06:33:20][I]:GTCBUSD trigerd
[2021-08-26 06:34:36][I]:ATABUSD trigerd
[2021-08-26 06:35:38][I]:ATABUSD trigerd
[2021-08-26 06:35:56][I]:ATABUSD trigerd
[2021-08-26 06:36:16][I]:ATABUSD trigerd
[2021-08-26 06:36:40][I]:ATABUSD trigerd
[2021-08-26 06:37:02][I]:ATABUSD trigerd
[2021-08-26 06:37:42][I]:ATABUSD trigerd
[2021-08-26 06:39:24][I]:ATABUSD trigerd
[2021-08-26 06:39:40][I]:ATABUSD trigerd
[2021-08-26 06:39:58][I]:ATABUSD trigerd
[2021-08-26 06:46:31][I]:ATABUSD trigerd
[2021-08-26 06:47:00][I]:ATABUSD trigerd
[2021-08-26 06:47:17][I]:ATABUSD trigerd
[2021-08-26 06:47:34][I]:ATABUSD trigerd
[2021-08-26 06:47:52][I]:ATABUSD trigerd
[2021-08-26 06:48:23][I]:ATABUSD trigerd
[2021-08-26 06:49:09][I]:ATABUSD trigerd
[2021-08-26 06:49:27][I]:ATABUSD trigerd
[2021-08-26 06:49:44][I]:ATABUSD trigerd
[2021-08-26 06:51:38][I]:ATABUSD trigerd
[2021-08-26 06:55:55][I]:ATABUSD trigerd
[2021-08-26 06:57:12][I]:DEXEBUSD trigerd
[2021-08-26 06:57:28][I]:ATABUSD trigerd
[2021-08-26 06:57:34][I]:DEXEBUSD trigerd
[2021-08-26 06:58:11][I]:ATABUSD trigerd
[2021-08-26 06:58:30][I]:ATABUSD trigerd
[2021-08-26 06:58:36][I]:DEXEBUSD trigerd
[2021-08-26 06:58:52][I]:ATABUSD trigerd
[2021-08-26 06:59:12][I]:ATABUSD trigerd
[2021-08-26 06:59:56][I]:DEXEBUSD trigerd
[2021-08-26 07:05:50][I]:GTCBUSD trigerd
[2021-08-26 07:06:08][I]:GTCBUSD trigerd
[2021-08-26 07:06:26][I]:GTCBUSD trigerd
[2021-08-26 07:06:45][I]:GTCBUSD trigerd
[2021-08-26 07:07:02][I]:GTCBUSD trigerd
[2021-08-26 07:07:20][I]:GTCBUSD trigerd
[2021-08-26 07:07:37][I]:GTCBUSD trigerd
[2021-08-26 07:07:56][I]:GTCBUSD trigerd
[2021-08-26 07:08:57][I]:GTCBUSD trigerd
[2021-08-26 07:09:15][I]:GTCBUSD trigerd
[2021-08-26 07:09:32][I]:GTCBUSD trigerd
[2021-08-26 07:09:50][I]:MBOXBUSD trigerd
[2021-08-26 07:11:00][I]:GTCBUSD trigerd
[2021-08-26 07:14:45][I]:FORTHBUSD trigerd
[2021-08-26 07:15:04][I]:EPSBUSD trigerd
[2021-08-26 07:18:46][I]:TKOBUSD trigerd
[2021-08-26 07:21:50][I]:MASKBUSD trigerd
[2021-08-26 07:22:48][I]:MASKBUSD trigerd
[2021-08-26 07:24:30][I]:SLPBUSD trigerd
[2021-08-26 07:25:04][I]:CFXBUSD trigerd
[2021-08-26 07:27:18][I]:TKOBUSD trigerd
[2021-08-26 07:28:10][I]:CFXBUSD trigerd
[2021-08-26 07:28:43][I]:MASKBUSD trigerd
[2021-08-26 07:29:45][I]:TKOBUSD trigerd
[2021-08-26 07:37:52][I]:MBOXBUSD trigerd
[2021-08-26 07:39:06][I]:MBOXBUSD trigerd
[2021-08-26 07:40:10][I]:COTIBUSD trigerd
[2021-08-26 07:41:06][I]:MBOXBUSD trigerd
[2021-08-26 07:43:32][I]:COTIBUSD trigerd
[2021-08-26 07:44:13][I]:COTIBUSD trigerd
[2021-08-26 07:44:52][I]:COTIBUSD trigerd
[2021-08-26 07:48:22][I]:TKOBUSD trigerd
[2021-08-26 07:51:33][I]:MBOXBUSD trigerd
[2021-08-26 07:53:14][I]:MBOXBUSD trigerd
[2021-08-26 07:56:42][I]:SANDBUSD trigerd
[2021-08-26 07:58:31][I]:COTIBUSD trigerd
[2021-08-26 08:01:21][I]:ATABUSD trigerd
[2021-08-26 08:02:09][I]:MBOXBUSD trigerd
[2021-08-26 08:03:12][I]:MBOXBUSD trigerd
[2021-08-26 08:04:06][I]:SANDBUSD trigerd
[2021-08-26 08:08:04][I]:TLMBUSD trigerd
[2021-08-26 08:14:16][I]:TLMBUSD trigerd
[2021-08-26 08:14:56][I]:TLMBUSD trigerd
[2021-08-26 08:18:18][I]:DEXEBUSD trigerd
[2021-08-26 08:18:58][I]:DEXEBUSD trigerd
[2021-08-26 08:20:41][I]:SWRVBUSD trigerd
[2021-08-26 08:21:21][I]:TLMBUSD trigerd
[2021-08-26 08:21:53][I]:SWRVBUSD trigerd
[2021-08-26 08:22:46][I]:TLMBUSD trigerd
[2021-08-26 08:24:08][I]:TLMBUSD trigerd
[2021-08-26 08:24:39][I]:CHRBUSD trigerd
[2021-08-26 08:25:55][I]:MBOXBUSD trigerd
[2021-08-26 08:27:05][I]:MBOXBUSD trigerd
[2021-08-26 08:28:03][I]:MBOXBUSD trigerd
[2021-08-26 08:28:33][I]:ALICEBUSD trigerd
[2021-08-26 08:29:41][I]:DEGOBUSD trigerd
[2021-08-26 08:34:46][I]:MBOXBUSD trigerd
[2021-08-26 08:37:45][I]:SWRVBUSD trigerd
[2021-08-26 08:51:10][I]:GTCBUSD trigerd
[2021-08-26 08:51:30][I]:GTCBUSD trigerd
[2021-08-26 08:52:18][I]:TKOBUSD trigerd
[2021-08-26 08:52:56][I]:GTCBUSD trigerd
[2021-08-26 08:53:35][I]:GTCBUSD trigerd
[2021-08-26 08:54:14][I]:GTCBUSD trigerd
[2021-08-26 08:54:20][I]:TKOBUSD trigerd
[2021-08-26 08:54:59][I]:TKOBUSD trigerd
[2021-08-26 09:01:11][I]:GTCBUSD trigerd
[2021-08-26 09:01:55][I]:GTCBUSD trigerd
[2021-08-26 09:03:10][I]:GTCBUSD trigerd
[2021-08-26 09:09:08][I]:DEXEBUSD trigerd
[2021-08-26 09:09:38][I]:DEXEBUSD trigerd
[2021-08-26 09:14:40][I]:SANDBUSD trigerd
[2021-08-26 09:16:42][I]:DEXEBUSD trigerd
[2021-08-26 09:17:21][I]:DEXEBUSD trigerd
[2021-08-26 09:17:59][I]:DEXEBUSD trigerd
[2021-08-26 09:18:32][I]:DEXEBUSD trigerd
[2021-08-26 09:18:53][I]:DEXEBUSD trigerd
[2021-08-26 09:19:12][I]:DEXEBUSD trigerd
[2021-08-26 09:20:50][I]:MBOXBUSD trigerd
[2021-08-26 09:21:30][I]:MBOXBUSD trigerd
[2021-08-26 09:22:57][I]:ATABUSD trigerd
[2021-08-26 09:23:06][I]:MBOXBUSD trigerd
[2021-08-26 09:23:44][I]:ATABUSD trigerd
[2021-08-26 09:23:50][I]:MBOXBUSD trigerd
[2021-08-26 09:24:29][I]:ATABUSD trigerd
[2021-08-26 09:24:35][I]:MBOXBUSD trigerd
[2021-08-26 09:24:55][I]:ATABUSD trigerd
[2021-08-26 09:25:00][I]:MBOXBUSD trigerd
[2021-08-26 09:26:51][I]:SANDBUSD trigerd
[2021-08-26 09:28:57][I]:DEXEBUSD trigerd
[2021-08-26 09:29:23][I]:COTIBUSD trigerd
[2021-08-26 09:29:53][I]:SANDBUSD trigerd
[2021-08-26 09:30:06][I]:DEXEBUSD trigerd
[2021-08-26 09:33:06][I]:DEXEBUSD trigerd
[2021-08-26 09:36:21][I]:DEXEBUSD trigerd
[2021-08-26 09:36:40][I]:DEXEBUSD trigerd
[2021-08-26 09:36:57][I]:DEXEBUSD trigerd
[2021-08-26 09:37:35][I]:DEXEBUSD trigerd
[2021-08-26 09:38:07][I]:DEXEBUSD trigerd
[2021-08-26 09:38:26][I]:DEXEBUSD trigerd
[2021-08-26 09:39:05][I]:MBOXBUSD trigerd
[2021-08-26 09:39:27][I]:MBOXBUSD trigerd
[2021-08-26 09:42:20][I]:MBOXBUSD trigerd
[2021-08-26 09:42:40][I]:MBOXBUSD trigerd
[2021-08-26 09:43:07][I]:DEXEBUSD trigerd
[2021-08-26 09:43:53][I]:DEXEBUSD trigerd
[2021-08-26 09:44:34][I]:MBOXBUSD trigerd
[2021-08-26 09:54:21][I]:MBOXBUSD trigerd
[2021-08-26 09:54:43][I]:MBOXBUSD trigerd
[2021-08-26 09:58:22][I]:GTCBUSD trigerd
[2021-08-26 10:01:34][I]:ATABUSD trigerd
[2021-08-26 10:01:40][I]:GTCBUSD trigerd
[2021-08-26 10:01:56][I]:ATABUSD trigerd
[2021-08-26 10:02:03][I]:GTCBUSD trigerd
[2021-08-26 10:03:15][I]:ATABUSD trigerd
[2021-08-26 10:03:33][I]:ATABUSD trigerd
[2021-08-26 10:03:50][I]:ATABUSD trigerd
[2021-08-26 10:04:06][I]:ATABUSD trigerd
[2021-08-26 10:04:16][I]:DEXEBUSD trigerd
[2021-08-26 10:04:22][I]:GTCBUSD trigerd
[2021-08-26 10:04:51][I]:FORTHBUSD trigerd
[2021-08-26 10:08:34][I]:WAXPBUSD trigerd
[2021-08-26 10:08:48][I]:TLMBUSD trigerd
[2021-08-26 10:08:58][I]:WAXPBUSD trigerd
[2021-08-26 10:09:21][I]:WAXPBUSD trigerd
[2021-08-26 10:12:31][I]:WAXPBUSD trigerd
[2021-08-26 10:13:23][I]:WAXPBUSD trigerd
[2021-08-26 10:13:44][I]:WAXPBUSD trigerd
[2021-08-26 10:16:31][I]:WAXPBUSD trigerd
[2021-08-26 10:24:16][I]:WAXPBUSD trigerd
[2021-08-26 10:26:42][I]:COTIBUSD trigerd
[2021-08-26 10:29:54][I]:TORNBUSD trigerd
[2021-08-26 10:44:18][I]:WAXPBUSD trigerd
[2021-08-26 10:44:39][I]:WAXPBUSD trigerd
[2021-08-26 10:45:00][I]:WAXPBUSD trigerd
[2021-08-26 10:47:24][I]:TLMBUSD trigerd
[2021-08-26 10:47:43][I]:TLMBUSD trigerd
[2021-08-26 10:48:21][I]:TLMBUSD trigerd
[2021-08-26 11:09:04][I]:MBOXBUSD trigerd
[2021-08-26 11:09:23][I]:MBOXBUSD trigerd
[2021-08-26 11:18:38][I]:ATABUSD trigerd
[2021-08-26 11:22:23][I]:ATABUSD trigerd
[2021-08-26 11:22:41][I]:ATABUSD trigerd
[2021-08-26 11:23:23][I]:ATABUSD trigerd
[2021-08-26 11:23:49][I]:DEXEBUSD trigerd
[2021-08-26 11:24:26][I]:ATABUSD trigerd
[2021-08-26 11:24:52][I]:DEXEBUSD trigerd
[2021-08-26 11:26:49][I]:DEXEBUSD trigerd
[2021-08-26 11:28:25][I]:DEXEBUSD trigerd
[2021-08-26 11:28:45][I]:DEXEBUSD trigerd
[2021-08-26 11:29:25][I]:DEXEBUSD trigerd
[2021-08-26 11:31:15][I]:GTCBUSD trigerd
[2021-08-26 11:32:28][I]:FIOBUSD trigerd
[2021-08-26 11:32:45][I]:GTCBUSD trigerd
[2021-08-26 11:33:27][I]:GTCBUSD trigerd
[2021-08-26 11:36:15][I]:MBOXBUSD trigerd
[2021-08-26 11:36:55][I]:MBOXBUSD trigerd
[2021-08-26 11:38:10][I]:MBOXBUSD trigerd
[2021-08-26 11:38:54][I]:MBOXBUSD trigerd
[2021-08-26 11:39:55][I]:MBOXBUSD trigerd
[2021-08-26 11:48:19][I]:DEXEBUSD trigerd
[2021-08-26 11:49:08][I]:MASKBUSD trigerd
[2021-08-26 11:52:35][I]:DEXEBUSD trigerd
[2021-08-26 11:54:06][I]:DEXEBUSD trigerd
[2021-08-26 11:54:45][I]:DEXEBUSD trigerd
[2021-08-26 12:01:45][I]:DEXEBUSD trigerd
[2021-08-26 12:04:36][I]:DEXEBUSD trigerd
[2021-08-26 12:06:28][I]:DEXEBUSD trigerd
[2021-08-26 12:07:42][I]:DEXEBUSD trigerd
[2021-08-26 12:11:25][I]:TORNBUSD trigerd
[2021-08-26 12:12:09][I]:CFXBUSD trigerd
[2021-08-26 12:12:51][I]:CFXBUSD trigerd
[2021-08-26 12:17:11][I]:WAXPBUSD trigerd
[2021-08-26 12:17:29][I]:WAXPBUSD trigerd
[2021-08-26 12:17:50][I]:WAXPBUSD trigerd
[2021-08-26 12:18:10][I]:WAXPBUSD trigerd
[2021-08-26 12:18:28][I]:WAXPBUSD trigerd
[2021-08-26 12:18:46][I]:WAXPBUSD trigerd
[2021-08-26 12:19:19][I]:WAXPBUSD trigerd
[2021-08-26 12:22:54][I]:ALICEBUSD trigerd
[2021-08-26 12:24:42][I]:ALICEBUSD trigerd
[2021-08-26 12:27:35][I]:CFXBUSD trigerd
[2021-08-26 12:28:14][I]:TKOBUSD trigerd
[2021-08-26 12:38:51][I]:ATABUSD trigerd
[2021-08-26 12:40:55][I]:WAXPBUSD trigerd
[2021-08-26 12:42:13][I]:WAXPBUSD trigerd
[2021-08-26 12:42:32][I]:WAXPBUSD trigerd
[2021-08-26 12:42:51][I]:WAXPBUSD trigerd
[2021-08-26 12:43:11][I]:WAXPBUSD trigerd
[2021-08-26 12:43:32][I]:WAXPBUSD trigerd
[2021-08-26 12:43:52][I]:WAXPBUSD trigerd
[2021-08-26 12:44:13][I]:WAXPBUSD trigerd
[2021-08-26 12:44:33][I]:WAXPBUSD trigerd
[2021-08-26 12:47:47][I]:CFXBUSD trigerd
[2021-08-26 12:48:33][I]:CFXBUSD trigerd
[2021-08-26 12:57:29][I]:FISBUSD trigerd
[2021-08-26 12:58:36][I]:CFXBUSD trigerd
[2021-08-26 13:01:19][I]:TORNBUSD trigerd
[2021-08-26 13:02:29][I]:ATABUSD trigerd
[2021-08-26 13:03:28][I]:ATABUSD trigerd
[2021-08-26 13:04:59][I]:ATABUSD trigerd
[2021-08-26 13:12:40][I]:ATABUSD trigerd
[2021-08-26 13:14:08][I]:ATABUSD trigerd
[2021-08-26 13:16:23][I]:ATABUSD trigerd
[2021-08-26 13:17:04][I]:ATABUSD trigerd
[2021-08-26 13:17:48][I]:ATABUSD trigerd
[2021-08-26 13:18:32][I]:ATABUSD trigerd
[2021-08-26 13:19:13][I]:ATABUSD trigerd
[2021-08-26 13:20:05][I]:TORNBUSD trigerd
[2021-08-26 13:22:22][I]:ATABUSD trigerd
[2021-08-26 13:26:20][I]:ATABUSD trigerd
[2021-08-26 13:27:06][I]:ATABUSD trigerd
[2021-08-26 13:28:06][I]:ATABUSD trigerd
[2021-08-26 13:31:01][I]:ATABUSD trigerd
[2021-08-26 13:36:35][I]:MBOXBUSD trigerd
[2021-08-26 13:38:17][I]:ATABUSD trigerd
[2021-08-26 13:42:56][I]:MBOXBUSD trigerd
[2021-08-26 13:43:56][I]:MBOXBUSD trigerd
[2021-08-26 13:44:51][I]:MBOXBUSD trigerd
[2021-08-26 13:52:36][I]:ATABUSD trigerd
[2021-08-26 13:53:45][I]:ATABUSD trigerd
[2021-08-26 13:57:39][I]:SANDBUSD trigerd
[2021-08-26 13:58:40][I]:SANDBUSD trigerd
[2021-08-26 14:03:53][I]:ATABUSD trigerd
[2021-08-26 14:04:24][I]:SANDBUSD trigerd
[2021-08-26 14:06:10][I]:DEXEBUSD trigerd
[2021-08-26 14:07:16][I]:CHRBUSD trigerd
[2021-08-26 14:08:10][I]:GTCBUSD trigerd
[2021-08-26 14:08:38][I]:DEXEBUSD trigerd
[2021-08-26 14:09:17][I]:GTCBUSD trigerd
[2021-08-26 14:11:58][I]:MBOXBUSD trigerd
[2021-08-26 14:32:00][I]:ATABUSD trigerd
[2021-08-26 14:32:20][I]:ATABUSD trigerd
[2021-08-26 14:32:54][I]:TORNBUSD trigerd
[2021-08-26 14:33:14][I]:TORNBUSD trigerd
[2021-08-26 14:33:53][I]:ATABUSD trigerd
[2021-08-26 14:34:22][I]:TORNBUSD trigerd
[2021-08-26 14:37:53][I]:ATABUSD trigerd
[2021-08-26 14:39:52][I]:TORNBUSD trigerd
[2021-08-26 14:43:02][I]:ATABUSD trigerd
[2021-08-26 14:43:26][I]:ATABUSD trigerd
[2021-08-26 14:44:19][I]:ATABUSD trigerd
[2021-08-26 14:44:39][I]:ATABUSD trigerd
[2021-08-26 14:44:53][I]:TKOBUSD trigerd
[2021-08-26 14:47:10][I]:MBOXBUSD trigerd
[2021-08-26 14:47:23][I]:CFXBUSD trigerd
[2021-08-26 14:48:37][I]:CFXBUSD trigerd
[2021-08-26 14:49:55][I]:MBOXBUSD trigerd
[2021-08-26 14:57:12][I]:MBOXBUSD trigerd
[2021-08-26 14:58:14][I]:MBOXBUSD trigerd
[2021-08-26 14:58:44][I]:CFXBUSD trigerd
[2021-08-26 15:29:05][I]:TKOBUSD trigerd
[2021-08-26 15:29:25][I]:TKOBUSD trigerd
[2021-08-26 15:29:51][I]:CHRBUSD trigerd
[2021-08-26 15:33:24][I]:MBOXBUSD trigerd
[2021-08-26 15:34:09][I]:CHRBUSD trigerd
[2021-08-26 15:37:57][I]:MBOXBUSD trigerd
[2021-08-26 15:38:30][I]:CFXBUSD trigerd
[2021-08-26 15:39:39][I]:CFXBUSD trigerd
[2021-08-26 15:44:58][I]:CHRBUSD trigerd
[2021-08-26 15:49:54][I]:CHRBUSD trigerd
[2021-08-26 16:01:41][I]:CHRBUSD trigerd
[2021-08-26 16:02:12][I]:REEFBUSD trigerd
[2021-08-26 16:02:54][I]:REEFBUSD trigerd
[2021-08-26 16:04:21][I]:REEFBUSD trigerd
[2021-08-26 16:06:42][I]:TKOBUSD trigerd
[2021-08-26 16:08:12][I]:CHRBUSD trigerd
[2021-08-26 16:08:33][I]:CHRBUSD trigerd
[2021-08-26 16:09:32][I]:CFXBUSD trigerd
[2021-08-26 16:10:23][I]:TORNBUSD trigerd
[2021-08-26 16:18:38][I]:ATABUSD trigerd
[2021-08-26 16:23:22][I]:CHRBUSD trigerd
[2021-08-26 16:23:41][I]:CHRBUSD trigerd
[2021-08-26 16:27:17][I]:ATABUSD trigerd
[2021-08-26 16:27:57][I]:ATABUSD trigerd
[2021-08-26 16:28:56][I]:ATABUSD trigerd
[2021-08-26 16:38:01][I]:REEFBUSD trigerd
[2021-08-26 16:43:15][I]:MLNBUSD trigerd
[2021-08-26 16:44:17][I]:MLNBUSD trigerd
[2021-08-26 16:48:28][I]:MLNBUSD trigerd
[2021-08-26 16:49:23][I]:PONDBUSD trigerd
[2021-08-26 16:50:30][I]:MLNBUSD trigerd
[2021-08-26 16:51:30][I]:MLNBUSD trigerd
[2021-08-26 16:52:30][I]:MLNBUSD trigerd
[2021-08-26 16:53:30][I]:MLNBUSD trigerd
[2021-08-26 16:54:24][I]:PONDBUSD trigerd
[2021-08-26 16:59:34][I]:COTIBUSD trigerd
[2021-08-26 17:01:35][I]:IOSTBUSD trigerd
[2021-08-26 17:02:23][I]:PONDBUSD trigerd
[2021-08-26 17:03:17][I]:MLNBUSD trigerd
[2021-08-26 17:04:37][I]:MLNBUSD trigerd
[2021-08-26 17:07:34][I]:MLNBUSD trigerd
[2021-08-26 17:09:03][I]:MLNBUSD trigerd
[2021-08-26 17:13:07][I]:PONDBUSD trigerd
[2021-08-26 17:14:35][I]:PONDBUSD trigerd
[2021-08-26 17:15:19][I]:MLNBUSD trigerd
[2021-08-26 17:16:19][I]:MLNBUSD trigerd
[2021-08-26 17:17:19][I]:COTIBUSD trigerd
[2021-08-26 17:18:09][I]:PONDBUSD trigerd
[2021-08-26 17:19:16][I]:COTIBUSD trigerd
[2021-08-26 17:26:58][I]:PONDBUSD trigerd
[2021-08-26 17:30:46][I]:MLNBUSD trigerd
[2021-08-26 17:32:09][I]:PONDBUSD trigerd
[2021-08-26 17:33:39][I]:PONDBUSD trigerd
[2021-08-26 17:38:00][I]:ATABUSD trigerd
[2021-08-26 17:39:05][I]:ATABUSD trigerd
[2021-08-26 17:42:53][I]:TKOBUSD trigerd
[2021-08-26 17:43:52][I]:TKOBUSD trigerd
[2021-08-26 17:44:43][I]:OMBUSD trigerd
[2021-08-26 17:46:54][I]:PONDBUSD trigerd
[2021-08-26 17:47:33][I]:PONDBUSD trigerd
[2021-08-26 17:49:29][I]:OMBUSD trigerd
[2021-08-26 17:51:28][I]:PONDBUSD trigerd
[2021-08-26 17:55:36][I]:PONDBUSD trigerd
[2021-08-26 17:56:39][I]:PONDBUSD trigerd
[2021-08-26 17:58:47][I]:PONDBUSD trigerd
[2021-08-26 17:59:39][I]:MASKBUSD trigerd
[2021-08-26 18:01:23][I]:MASKBUSD trigerd
[2021-08-26 18:02:37][I]:TKOBUSD trigerd
[2021-08-26 18:03:30][I]:EPSBUSD trigerd
[2021-08-26 18:07:10][I]:MASKBUSD trigerd
[2021-08-26 18:08:10][I]:TKOBUSD trigerd
[2021-08-26 18:08:58][I]:MASKBUSD trigerd
[2021-08-26 18:09:58][I]:TKOBUSD trigerd
[2021-08-26 18:11:19][I]:TKOBUSD trigerd
[2021-08-26 18:12:36][I]:TKOBUSD trigerd
[2021-08-26 18:13:55][I]:COTIBUSD trigerd
[2021-08-26 18:18:23][I]:TKOBUSD trigerd
[2021-08-26 18:23:49][I]:TKOBUSD trigerd
[2021-08-26 18:24:50][I]:TKOBUSD trigerd
[2021-08-26 18:27:47][I]:CFXBUSD trigerd
[2021-08-26 18:31:31][I]:MASKBUSD trigerd
[2021-08-26 18:31:58][I]:EPSBUSD trigerd
[2021-08-26 18:32:37][I]:TKOBUSD trigerd
[2021-08-26 18:33:26][I]:MASKBUSD trigerd
[2021-08-26 18:34:04][I]:TKOBUSD trigerd
[2021-08-26 18:34:46][I]:TKOBUSD trigerd
[2021-08-26 18:37:59][I]:TKOBUSD trigerd
[2021-08-26 18:41:21][I]:EPSBUSD trigerd
[2021-08-26 18:42:20][I]:EPSBUSD trigerd
[2021-08-26 18:44:33][I]:EPSBUSD trigerd
[2021-08-26 18:47:30][I]:PONDBUSD trigerd
[2021-08-26 18:50:00][I]:PONDBUSD trigerd
[2021-08-26 18:51:50][I]:MLNBUSD trigerd
[2021-08-26 18:54:43][I]:EPSBUSD trigerd
[2021-08-26 18:55:32][I]:TORNBUSD trigerd
[2021-08-26 18:57:23][I]:TORNBUSD trigerd
[2021-08-26 18:58:23][I]:TORNBUSD trigerd
[2021-08-26 18:59:22][I]:EPSBUSD trigerd
[2021-08-26 19:01:00][I]:COTIBUSD trigerd
[2021-08-26 19:07:38][I]:ATABUSD trigerd
[2021-08-26 19:08:28][I]:TKOBUSD trigerd
[2021-08-26 19:09:30][I]:ATABUSD trigerd
[2021-08-26 19:21:29][I]:MBOXBUSD trigerd
[2021-08-26 19:24:05][I]:ATABUSD trigerd
[2021-08-26 19:25:16][I]:ATABUSD trigerd
[2021-08-26 19:27:41][I]:CFXBUSD trigerd
[2021-08-26 19:28:16][I]:ATABUSD trigerd
[2021-08-26 19:29:16][I]:ATABUSD trigerd
[2021-08-26 19:33:50][I]:PONDBUSD trigerd
[2021-08-26 19:34:48][I]:EPSBUSD trigerd
[2021-08-26 19:35:53][I]:PONDBUSD trigerd
[2021-08-26 19:36:54][I]:EPSBUSD trigerd
[2021-08-26 19:37:42][I]:PONDBUSD trigerd
[2021-08-26 19:38:45][I]:EPSBUSD trigerd
[2021-08-26 19:40:31][I]:EPSBUSD trigerd
[2021-08-26 19:42:08][I]:PONDBUSD trigerd
[2021-08-26 20:04:27][I]:TORNBUSD trigerd
[2021-08-26 20:15:46][I]:EPSBUSD trigerd
[2021-08-26 20:18:07][I]:COTIBUSD trigerd
[2021-08-26 20:21:45][I]:TORNBUSD trigerd
[2021-08-26 20:24:11][I]:TORNBUSD trigerd
[2021-08-26 20:28:39][I]:TORNBUSD trigerd
[2021-08-26 20:31:42][I]:TORNBUSD trigerd
[2021-08-26 20:33:38][I]:TORNBUSD trigerd
[2021-08-26 20:41:38][I]:MLNBUSD trigerd
[2021-08-26 20:42:22][I]:MLNBUSD trigerd
[2021-08-26 20:46:16][I]:PONDBUSD trigerd
[2021-08-26 21:01:21][I]:EPSBUSD trigerd
[2021-08-26 21:03:10][I]:TKOBUSD trigerd
[2021-08-26 21:06:47][I]:DEXEBUSD trigerd
[2021-08-26 21:09:29][I]:DEXEBUSD trigerd
[2021-08-26 21:12:13][I]:DEXEBUSD trigerd
[2021-08-26 21:19:32][I]:TKOBUSD trigerd
[2021-08-26 21:27:54][I]:MBOXBUSD trigerd
[2021-08-26 21:40:56][I]:FXSBUSD trigerd
[2021-08-26 21:47:18][I]:WAXPBUSD trigerd
[2021-08-26 21:48:28][I]:WAXPBUSD trigerd
[2021-08-26 21:51:38][I]:MLNBUSD trigerd
[2021-08-26 21:54:06][I]:MLNBUSD trigerd
[2021-08-26 21:57:26][I]:MBOXBUSD trigerd
[2021-08-26 22:01:11][I]:TKOBUSD trigerd
[2021-08-26 22:02:20][I]:MBOXBUSD trigerd
[2021-08-26 22:03:16][I]:MLNBUSD trigerd
[2021-08-26 22:06:06][I]:COTIBUSD trigerd
[2021-08-26 22:09:22][I]:OMBUSD trigerd
[2021-08-26 22:12:14][I]:OMBUSD trigerd
[2021-08-26 22:12:25][I]:SOLBUSD trigerd
[2021-08-26 22:15:44][I]:OMBUSD trigerd
[2021-08-26 22:18:10][I]:DEXEBUSD trigerd
[2021-08-26 22:21:28][I]:TORNBUSD trigerd
[2021-08-26 22:24:05][I]:COTIBUSD trigerd
[2021-08-26 22:27:05][I]:TORNBUSD trigerd
[2021-08-26 22:31:40][I]:MLNBUSD trigerd
[2021-08-26 22:32:16][I]:DEXEBUSD trigerd
[2021-08-26 22:33:10][I]:DEXEBUSD trigerd
[2021-08-26 22:33:34][I]:DEXEBUSD trigerd
[2021-08-26 22:42:30][I]:DEXEBUSD trigerd
[2021-08-26 22:46:07][I]:TORNBUSD trigerd
[2021-08-26 22:47:51][I]:TORNBUSD trigerd
[2021-08-26 22:48:23][I]:TORNBUSD trigerd
[2021-08-26 22:51:36][I]:MLNBUSD trigerd
[2021-08-26 22:57:05][I]:MLNBUSD trigerd
[2021-08-26 23:01:32][I]:MLNBUSD trigerd
[2021-08-26 23:03:05][I]:MLNBUSD trigerd
[2021-08-26 23:09:14][I]:TORNBUSD trigerd
[2021-08-26 23:12:10][I]:EPSBUSD trigerd
[2021-08-26 23:16:04][I]:TORNBUSD trigerd
[2021-08-26 23:18:05][I]:TORNBUSD trigerd
[2021-08-26 23:21:08][I]:DEXEBUSD trigerd
[2021-08-26 23:24:21][I]:DEXEBUSD trigerd
[2021-08-26 23:27:06][I]:TORNBUSD trigerd
[2021-08-26 23:31:50][I]:MLNBUSD trigerd
[2021-08-26 23:33:09][I]:MLNBUSD trigerd
[2021-08-26 23:39:30][I]:TORNBUSD trigerd
[2021-08-26 23:39:50][I]:TORNBUSD trigerd
[2021-08-26 23:45:51][I]:TORNBUSD trigerd
[2021-08-26 23:49:54][I]:MBOXBUSD trigerd
[2021-08-26 23:51:47][I]:TORNBUSD trigerd
[2021-08-26 23:54:23][I]:DEXEBUSD trigerd
[2021-08-26 23:57:08][I]:TORNBUSD trigerd
