[2021-08-30 00:01:22][I]:XECBUSD trigerd
[2021-08-30 00:02:18][I]:XECBUSD trigerd
[2021-08-30 00:03:19][I]:XECBUSD trigerd
[2021-08-30 00:12:33][I]:DOCKBUSD trigerd
[2021-08-30 00:14:12][I]:DOCKBUSD trigerd
[2021-08-30 00:18:14][I]:FLOWBUSD trigerd
[2021-08-30 00:19:10][I]:FLOWBUSD trigerd
[2021-08-30 00:19:56][I]:DOCKBUSD trigerd
[2021-08-30 00:22:33][I]:FLOWBUSD trigerd
[2021-08-30 00:37:04][I]:DOCKBUSD trigerd
[2021-08-30 00:46:17][I]:SANDBUSD trigerd
[2021-08-30 00:47:50][I]:SANDBUSD trigerd
[2021-08-30 00:49:11][I]:SANDBUSD trigerd
[2021-08-30 00:50:00][I]:ARBUSD trigerd
[2021-08-30 01:06:55][I]:FLOWBUSD trigerd
[2021-08-30 01:07:58][I]:FLOWBUSD trigerd
[2021-08-30 01:08:56][I]:FLOWBUSD trigerd
[2021-08-30 01:12:12][I]:FLOWBUSD trigerd
[2021-08-30 01:24:08][I]:MANABUSD trigerd
[2021-08-30 01:37:22][I]:FLOWBUSD trigerd
[2021-08-30 01:38:32][I]:FLOWBUSD trigerd
[2021-08-30 01:48:25][I]:XECBUSD trigerd
[2021-08-30 01:49:22][I]:XECBUSD trigerd
[2021-08-30 01:59:25][I]:WINBUSD trigerd
[2021-08-30 02:06:47][I]:XECBUSD trigerd
[2021-08-30 02:07:44][I]:XECBUSD trigerd
[2021-08-30 02:08:41][I]:XECBUSD trigerd
[2021-08-30 02:37:45][I]:ICPBUSD trigerd
[2021-08-30 02:47:42][I]:XECBUSD trigerd
[2021-08-30 03:04:04][I]:STMXBUSD trigerd
[2021-08-30 03:05:01][I]:STMXBUSD trigerd
[2021-08-30 03:23:27][I]:XTZBUSD trigerd
[2021-08-30 03:53:31][I]:XECBUSD trigerd
[2021-08-30 03:54:28][I]:XECBUSD trigerd
[2021-08-30 03:55:29][I]:DEGOBUSD trigerd
[2021-08-30 04:29:27][I]:AVABUSD trigerd
[2021-08-30 04:48:30][I]:SKLBUSD trigerd
[2021-08-30 04:49:27][I]:SKLBUSD trigerd
[2021-08-30 05:11:43][I]:DEGOBUSD trigerd
[2021-08-30 05:12:41][I]:DEGOBUSD trigerd
[2021-08-30 05:13:38][I]:DEGOBUSD trigerd
[2021-08-30 05:14:35][I]:DEGOBUSD trigerd
[2021-08-30 05:39:50][I]:ALPACABUSD trigerd
[2021-08-30 05:47:54][I]:KP3RBUSD trigerd
[2021-08-30 05:53:20][I]:STMXBUSD trigerd
[2021-08-30 05:54:35][I]:FTMBUSD trigerd
[2021-08-30 06:01:37][I]:XECBUSD trigerd
[2021-08-30 06:03:17][I]:XECBUSD trigerd
[2021-08-30 06:04:14][I]:XECBUSD trigerd
[2021-08-30 06:04:49][I]:XECBUSD trigerd
[2021-08-30 06:05:45][I]:XECBUSD trigerd
[2021-08-30 06:07:22][I]:XECBUSD trigerd
[2021-08-30 06:09:35][I]:XECBUSD trigerd
[2021-08-30 06:13:38][I]:XECBUSD trigerd
[2021-08-30 06:14:15][I]:XECBUSD trigerd
[2021-08-30 06:22:46][I]:KP3RBUSD trigerd
[2021-08-30 06:24:09][I]:KP3RBUSD trigerd
[2021-08-30 06:39:57][I]:FLOWBUSD trigerd
[2021-08-30 06:45:33][I]:XECBUSD trigerd
[2021-08-30 06:47:42][I]:XECBUSD trigerd
[2021-08-30 06:48:17][I]:XECBUSD trigerd
[2021-08-30 06:48:52][I]:XECBUSD trigerd
[2021-08-30 06:49:29][I]:XECBUSD trigerd
[2021-08-30 07:23:01][I]:ALPACABUSD trigerd
[2021-08-30 07:23:37][I]:ALPACABUSD trigerd
[2021-08-30 07:24:13][I]:ALPACABUSD trigerd
[2021-08-30 07:24:51][I]:ALPACABUSD trigerd
[2021-08-30 07:38:45][I]:FLOWBUSD trigerd
[2021-08-30 07:39:22][I]:FLOWBUSD trigerd
[2021-08-30 07:42:14][I]:SKLBUSD trigerd
[2021-08-30 07:52:15][I]:AXSBUSD trigerd
[2021-08-30 08:00:55][I]:FLOWBUSD trigerd
[2021-08-30 08:01:32][I]:FLOWBUSD trigerd
[2021-08-30 08:06:06][I]:SANDBUSD trigerd
[2021-08-30 08:07:04][I]:SANDBUSD trigerd
[2021-08-30 08:08:27][I]:SANDBUSD trigerd
[2021-08-30 08:09:19][I]:TLMBUSD trigerd
[2021-08-30 08:12:15][I]:FTMBUSD trigerd
[2021-08-30 08:13:14][I]:FTMBUSD trigerd
[2021-08-30 08:14:14][I]:MANABUSD trigerd
[2021-08-30 08:16:47][I]:SANDBUSD trigerd
[2021-08-30 08:17:56][I]:SANDBUSD trigerd
[2021-08-30 08:19:37][I]:CHRBUSD trigerd
[2021-08-30 08:23:39][I]:TLMBUSD trigerd
[2021-08-30 08:24:43][I]:TLMBUSD trigerd
[2021-08-30 08:25:43][I]:SANDBUSD trigerd
[2021-08-30 08:26:45][I]:SANDBUSD trigerd
[2021-08-30 08:27:55][I]:SANDBUSD trigerd
[2021-08-30 08:36:59][I]:FLOWBUSD trigerd
[2021-08-30 08:39:29][I]:TVKBUSD trigerd
[2021-08-30 08:42:29][I]:TVKBUSD trigerd
[2021-08-30 08:43:24][I]:TVKBUSD trigerd
[2021-08-30 08:48:08][I]:TVKBUSD trigerd
[2021-08-30 08:49:17][I]:TVKBUSD trigerd
[2021-08-30 09:02:12][I]:FTMBUSD trigerd
[2021-08-30 09:04:19][I]:FTMBUSD trigerd
[2021-08-30 09:06:40][I]:SANDBUSD trigerd
[2021-08-30 09:11:35][I]:SANDBUSD trigerd
[2021-08-30 09:12:20][I]:FLOWBUSD trigerd
[2021-08-30 09:13:17][I]:FLOWBUSD trigerd
[2021-08-30 09:14:28][I]:FLOWBUSD trigerd
[2021-08-30 09:14:56][I]:ENJBUSD trigerd
[2021-08-30 09:17:15][I]:FTMBUSD trigerd
[2021-08-30 09:18:57][I]:DEGOBUSD trigerd
[2021-08-30 09:19:43][I]:FTMBUSD trigerd
[2021-08-30 09:23:12][I]:SUPERBUSD trigerd
[2021-08-30 09:24:47][I]:SUPERBUSD trigerd
[2021-08-30 09:29:44][I]:TVKBUSD trigerd
[2021-08-30 09:49:21][I]:CHRBUSD trigerd
[2021-08-30 09:59:28][I]:SUPERBUSD trigerd
[2021-08-30 10:09:37][I]:NUBUSD trigerd
[2021-08-30 10:14:08][I]:NUBUSD trigerd
[2021-08-30 10:23:28][I]:AUCTIONBUSD trigerd
[2021-08-30 10:24:03][I]:AUCTIONBUSD trigerd
[2021-08-30 10:24:57][I]:AUCTIONBUSD trigerd
[2021-08-30 10:27:36][I]:AUCTIONBUSD trigerd
[2021-08-30 10:29:07][I]:AUCTIONBUSD trigerd
[2021-08-30 11:06:01][I]:RAYBUSD trigerd
[2021-08-30 11:06:55][I]:RAYBUSD trigerd
[2021-08-30 11:08:00][I]:RAYBUSD trigerd
[2021-08-30 11:24:51][I]:KP3RBUSD trigerd
[2021-08-30 11:25:35][I]:KP3RBUSD trigerd
[2021-08-30 11:26:30][I]:KP3RBUSD trigerd
[2021-08-30 11:27:28][I]:KP3RBUSD trigerd
[2021-08-30 11:28:29][I]:KP3RBUSD trigerd
[2021-08-30 11:29:25][I]:KP3RBUSD trigerd
[2021-08-30 11:31:40][I]:KP3RBUSD trigerd
[2021-08-30 11:34:53][I]:KP3RBUSD trigerd
[2021-08-30 11:36:05][I]:KP3RBUSD trigerd
[2021-08-30 11:36:44][I]:KP3RBUSD trigerd
[2021-08-30 11:38:16][I]:KP3RBUSD trigerd
[2021-08-30 11:38:42][I]:RAYBUSD trigerd
[2021-08-30 11:42:22][I]:CTKBUSD trigerd
[2021-08-30 11:42:59][I]:CTKBUSD trigerd
[2021-08-30 11:43:56][I]:CTKBUSD trigerd
[2021-08-30 11:44:33][I]:CTKBUSD trigerd
[2021-08-30 11:54:24][I]:NUBUSD trigerd
[2021-08-30 11:56:18][I]:KP3RBUSD trigerd
[2021-08-30 11:57:16][I]:KP3RBUSD trigerd
[2021-08-30 11:58:19][I]:KP3RBUSD trigerd
[2021-08-30 11:59:08][I]:AUCTIONBUSD trigerd
[2021-08-30 12:00:15][I]:AUCTIONBUSD trigerd
[2021-08-30 12:01:49][I]:AUCTIONBUSD trigerd
[2021-08-30 12:02:25][I]:AUCTIONBUSD trigerd
[2021-08-30 12:03:24][I]:AUCTIONBUSD trigerd
[2021-08-30 12:04:20][I]:AUCTIONBUSD trigerd
[2021-08-30 12:05:45][I]:AUCTIONBUSD trigerd
[2021-08-30 12:06:33][I]:AUCTIONBUSD trigerd
[2021-08-30 12:07:30][I]:AUCTIONBUSD trigerd
[2021-08-30 12:08:30][I]:FTMBUSD trigerd
[2021-08-30 12:09:46][I]:AUCTIONBUSD trigerd
[2021-08-30 12:10:58][I]:FTMBUSD trigerd
[2021-08-30 12:11:54][I]:FTMBUSD trigerd
[2021-08-30 12:13:42][I]:FTMBUSD trigerd
[2021-08-30 12:16:08][I]:FTMBUSD trigerd
[2021-08-30 12:17:41][I]:FTMBUSD trigerd
[2021-08-30 12:18:38][I]:FTMBUSD trigerd
[2021-08-30 12:25:24][I]:FTMBUSD trigerd
[2021-08-30 12:28:14][I]:FTMBUSD trigerd
[2021-08-30 12:29:02][I]:NUBUSD trigerd
[2021-08-30 12:29:55][I]:FTMBUSD trigerd
[2021-08-30 12:31:59][I]:NUBUSD trigerd
[2021-08-30 12:32:56][I]:NUBUSD trigerd
[2021-08-30 12:33:50][I]:FTMBUSD trigerd
[2021-08-30 12:37:09][I]:KP3RBUSD trigerd
[2021-08-30 12:37:46][I]:KP3RBUSD trigerd
[2021-08-30 12:38:57][I]:KP3RBUSD trigerd
[2021-08-30 12:39:53][I]:KP3RBUSD trigerd
[2021-08-30 12:40:54][I]:PROMBUSD trigerd
[2021-08-30 12:41:50][I]:PROMBUSD trigerd
[2021-08-30 12:42:45][I]:KP3RBUSD trigerd
[2021-08-30 12:43:32][I]:PROMBUSD trigerd
[2021-08-30 12:44:09][I]:PROMBUSD trigerd
[2021-08-30 12:46:27][I]:KP3RBUSD trigerd
[2021-08-30 12:48:07][I]:PROMBUSD trigerd
[2021-08-30 12:49:02][I]:AUCTIONBUSD trigerd
[2021-08-30 12:50:52][I]:PROMBUSD trigerd
[2021-08-30 12:54:51][I]:AUCTIONBUSD trigerd
[2021-08-30 12:57:29][I]:ZENBUSD trigerd
[2021-08-30 12:58:06][I]:ZENBUSD trigerd
[2021-08-30 13:01:04][I]:AUCTIONBUSD trigerd
[2021-08-30 13:02:01][I]:AUCTIONBUSD trigerd
[2021-08-30 13:03:01][I]:AUCTIONBUSD trigerd
[2021-08-30 13:03:38][I]:AUCTIONBUSD trigerd
[2021-08-30 13:04:27][I]:PROMBUSD trigerd
[2021-08-30 13:05:39][I]:PROMBUSD trigerd
[2021-08-30 13:06:25][I]:NUBUSD trigerd
[2021-08-30 13:08:24][I]:KP3RBUSD trigerd
[2021-08-30 13:09:04][I]:KP3RBUSD trigerd
[2021-08-30 13:09:51][I]:NUBUSD trigerd
[2021-08-30 13:10:59][I]:AUCTIONBUSD trigerd
[2021-08-30 13:12:45][I]:DNTBUSD trigerd
[2021-08-30 13:13:22][I]:AUCTIONBUSD trigerd
[2021-08-30 13:32:45][I]:KP3RBUSD trigerd
[2021-08-30 13:33:42][I]:KP3RBUSD trigerd
[2021-08-30 13:49:21][I]:DNTBUSD trigerd
[2021-08-30 13:52:46][I]:DNTBUSD trigerd
[2021-08-30 13:53:32][I]:PROMBUSD trigerd
[2021-08-30 13:54:27][I]:DNTBUSD trigerd
[2021-08-30 13:55:53][I]:DNTBUSD trigerd
[2021-08-30 13:56:52][I]:DNTBUSD trigerd
[2021-08-30 13:58:00][I]:DNTBUSD trigerd
[2021-08-30 14:02:18][I]:GNOBUSD trigerd
[2021-08-30 14:02:37][I]:GNOBUSD trigerd
[2021-08-30 14:02:54][I]:GNOBUSD trigerd
[2021-08-30 14:04:11][I]:AUCTIONBUSD trigerd
[2021-08-30 14:04:51][I]:AUCTIONBUSD trigerd
[2021-08-30 14:07:46][I]:GNOBUSD trigerd
[2021-08-30 14:09:31][I]:GNOBUSD trigerd
[2021-08-30 14:20:35][I]:GNOBUSD trigerd
[2021-08-30 14:21:07][I]:GNOBUSD trigerd
[2021-08-30 14:21:26][I]:GNOBUSD trigerd
[2021-08-30 14:21:45][I]:GNOBUSD trigerd
[2021-08-30 14:22:17][I]:GNOBUSD trigerd
[2021-08-30 14:22:35][I]:GNOBUSD trigerd
[2021-08-30 14:22:53][I]:GNOBUSD trigerd
[2021-08-30 14:23:17][I]:DNTBUSD trigerd
[2021-08-30 14:23:56][I]:DNTBUSD trigerd
[2021-08-30 14:24:56][I]:DNTBUSD trigerd
[2021-08-30 14:29:25][I]:FTMBUSD trigerd
[2021-08-30 14:31:58][I]:GNOBUSD trigerd
[2021-08-30 14:32:18][I]:GNOBUSD trigerd
[2021-08-30 14:33:46][I]:GNOBUSD trigerd
[2021-08-30 14:34:35][I]:GNOBUSD trigerd
[2021-08-30 14:34:55][I]:GNOBUSD trigerd
[2021-08-30 14:36:26][I]:DNTBUSD trigerd
[2021-08-30 14:37:22][I]:AUCTIONBUSD trigerd
[2021-08-30 14:38:23][I]:AUCTIONBUSD trigerd
[2021-08-30 14:38:52][I]:DNTBUSD trigerd
[2021-08-30 14:39:48][I]:FTMBUSD trigerd
[2021-08-30 14:40:50][I]:FTMBUSD trigerd
[2021-08-30 14:42:06][I]:KP3RBUSD trigerd
[2021-08-30 14:43:21][I]:KP3RBUSD trigerd
[2021-08-30 14:44:19][I]:FTMBUSD trigerd
[2021-08-30 14:58:32][I]:GNOBUSD trigerd
[2021-08-30 14:58:50][I]:GNOBUSD trigerd
[2021-08-30 14:59:09][I]:GNOBUSD trigerd
[2021-08-30 14:59:27][I]:GNOBUSD trigerd
[2021-08-30 14:59:45][I]:GNOBUSD trigerd
[2021-08-30 14:59:56][I]:MBOXBUSD trigerd
[2021-08-30 15:05:00][I]:MBOXBUSD trigerd
[2021-08-30 15:23:38][I]:MBOXBUSD trigerd
[2021-08-30 15:26:18][I]:MBOXBUSD trigerd
[2021-08-30 15:48:48][I]:KP3RBUSD trigerd
[2021-08-30 15:54:03][I]:KP3RBUSD trigerd
[2021-08-30 16:03:57][I]:GNOBUSD trigerd
[2021-08-30 16:13:43][I]:TVKBUSD trigerd
[2021-08-30 16:14:40][I]:TVKBUSD trigerd
[2021-08-30 16:24:29][I]:KP3RBUSD trigerd
[2021-08-30 16:41:42][I]:FTMBUSD trigerd
[2021-08-30 16:42:41][I]:FTMBUSD trigerd
[2021-08-30 16:43:39][I]:FTMBUSD trigerd
[2021-08-30 16:44:36][I]:FTMBUSD trigerd
[2021-08-30 17:12:49][I]:AUCTIONBUSD trigerd
[2021-08-30 17:13:48][I]:AUCTIONBUSD trigerd
[2021-08-30 17:14:47][I]:AUCTIONBUSD trigerd
[2021-08-30 17:36:42][I]:WAVESBUSD trigerd
[2021-08-30 17:37:38][I]:WAVESBUSD trigerd
[2021-08-30 17:38:37][I]:WAVESBUSD trigerd
[2021-08-30 17:40:39][I]:WAVESBUSD trigerd
[2021-08-30 18:37:23][I]:AUCTIONBUSD trigerd
[2021-08-30 18:38:23][I]:AUCTIONBUSD trigerd
[2021-08-30 18:39:03][I]:AUCTIONBUSD trigerd
[2021-08-30 18:40:01][I]:AUCTIONBUSD trigerd
[2021-08-30 18:43:48][I]:NUBUSD trigerd
[2021-08-30 18:44:47][I]:NUBUSD trigerd
[2021-08-30 18:58:46][I]:AUCTIONBUSD trigerd
[2021-08-30 18:59:44][I]:AUCTIONBUSD trigerd
[2021-08-30 19:54:32][I]:DNTBUSD trigerd
[2021-08-30 19:58:55][I]:KP3RBUSD trigerd
[2021-08-30 20:11:49][I]:KP3RBUSD trigerd
[2021-08-30 20:14:35][I]:KP3RBUSD trigerd
[2021-08-30 20:16:28][I]:INJBUSD trigerd
[2021-08-30 20:17:26][I]:INJBUSD trigerd
[2021-08-30 20:18:26][I]:INJBUSD trigerd
[2021-08-30 20:24:40][I]:KP3RBUSD trigerd
[2021-08-30 20:27:04][I]:KP3RBUSD trigerd
[2021-08-30 20:32:29][I]:KP3RBUSD trigerd
[2021-08-30 20:34:23][I]:KP3RBUSD trigerd
[2021-08-30 20:43:27][I]:KP3RBUSD trigerd
[2021-08-30 20:44:47][I]:KP3RBUSD trigerd
[2021-08-30 20:48:46][I]:GNOBUSD trigerd
[2021-08-30 20:49:16][I]:GNOBUSD trigerd
[2021-08-30 20:49:35][I]:GNOBUSD trigerd
[2021-08-30 21:02:29][I]:KP3RBUSD trigerd
[2021-08-30 21:03:28][I]:KP3RBUSD trigerd
[2021-08-30 21:08:28][I]:PROMBUSD trigerd
[2021-08-30 21:12:57][I]:PROMBUSD trigerd
[2021-08-30 21:13:56][I]:PROMBUSD trigerd
[2021-08-30 21:14:54][I]:PROMBUSD trigerd
[2021-08-30 21:18:36][I]:EGLDBUSD trigerd
[2021-08-30 21:19:26][I]:KAVABUSD trigerd
[2021-08-30 21:20:32][I]:FTMBUSD trigerd
[2021-08-30 21:21:31][I]:FTMBUSD trigerd
[2021-08-30 21:24:15][I]:FTMBUSD trigerd
[2021-08-30 21:30:44][I]:FTMBUSD trigerd
[2021-08-30 21:31:44][I]:FTMBUSD trigerd
[2021-08-30 21:32:42][I]:FTMBUSD trigerd
[2021-08-30 21:33:44][I]:FTMBUSD trigerd
[2021-08-30 21:34:35][I]:KAVABUSD trigerd
[2021-08-30 21:35:58][I]:FTMBUSD trigerd
[2021-08-30 21:39:32][I]:KP3RBUSD trigerd
[2021-08-30 21:41:41][I]:FTMBUSD trigerd
[2021-08-30 21:43:30][I]:NUBUSD trigerd
[2021-08-30 21:44:44][I]:FTMBUSD trigerd
[2021-08-30 21:47:32][I]:PERPBUSD trigerd
[2021-08-30 21:48:50][I]:PERPBUSD trigerd
[2021-08-30 21:49:50][I]:PERPBUSD trigerd
[2021-08-30 21:53:15][I]:NUBUSD trigerd
[2021-08-30 21:57:30][I]:PERPBUSD trigerd
[2021-08-30 22:01:29][I]:PERPBUSD trigerd
[2021-08-30 22:02:59][I]:PROMBUSD trigerd
[2021-08-30 22:06:53][I]:EGLDBUSD trigerd
[2021-08-30 22:09:07][I]:PERPBUSD trigerd
[2021-08-30 22:10:56][I]:PERPBUSD trigerd
[2021-08-30 22:11:44][I]:DNTBUSD trigerd
[2021-08-30 22:12:43][I]:PERPBUSD trigerd
[2021-08-30 22:14:36][I]:DNTBUSD trigerd
[2021-08-30 22:15:50][I]:DNTBUSD trigerd
[2021-08-30 22:17:02][I]:FTMBUSD trigerd
[2021-08-30 22:17:51][I]:DNTBUSD trigerd
[2021-08-30 22:18:51][I]:FTMBUSD trigerd
[2021-08-30 22:19:50][I]:FTMBUSD trigerd
[2021-08-30 22:22:26][I]:FTMBUSD trigerd
[2021-08-30 22:23:25][I]:FTMBUSD trigerd
[2021-08-30 22:25:08][I]:PERPBUSD trigerd
[2021-08-30 22:26:08][I]:PERPBUSD trigerd
[2021-08-30 22:27:07][I]:PERPBUSD trigerd
[2021-08-30 22:31:54][I]:KP3RBUSD trigerd
[2021-08-30 22:37:48][I]:DGBBUSD trigerd
[2021-08-30 22:39:58][I]:SOLBUSD trigerd
[2021-08-30 22:49:48][I]:ONEBUSD trigerd
[2021-08-30 22:51:23][I]:ORNBUSD trigerd
[2021-08-30 22:54:11][I]:ORNBUSD trigerd
[2021-08-30 22:58:20][I]:KP3RBUSD trigerd
[2021-08-30 23:06:46][I]:WAVESBUSD trigerd
[2021-08-30 23:12:52][I]:CLVBUSD trigerd
[2021-08-30 23:19:38][I]:MINABUSD trigerd
[2021-08-30 23:21:46][I]:MINABUSD trigerd
[2021-08-30 23:24:34][I]:CLVBUSD trigerd
[2021-08-30 23:28:15][I]:WAVESBUSD trigerd
[2021-08-30 23:31:32][I]:FTMBUSD trigerd
[2021-08-30 23:34:11][I]:FTMBUSD trigerd
[2021-08-30 23:39:30][I]:ARBUSD trigerd
[2021-08-30 23:42:09][I]:MINABUSD trigerd
[2021-08-30 23:46:50][I]:FTMBUSD trigerd
[2021-08-30 23:50:26][I]:FTMBUSD trigerd
[2021-08-30 23:51:35][I]:FTMBUSD trigerd
[2021-08-30 23:54:04][I]:FTMBUSD trigerd
[2021-08-30 23:58:23][I]:ONEBUSD trigerd
