[2021-09-06 00:03:32][I]:IDEXBUSD trigerd
[2021-09-06 00:03:47][I]:IDEXBUSD trigerd
[2021-09-06 00:03:59][I]:IDEXBUSD trigerd
[2021-09-06 00:04:14][I]:IDEXBUSD trigerd
[2021-09-06 00:04:27][I]:IDEXBUSD trigerd
[2021-09-06 00:08:21][I]:IDEXBUSD trigerd
[2021-09-06 00:08:34][I]:IDEXBUSD trigerd
[2021-09-06 00:08:48][I]:IDEXBUSD trigerd
[2021-09-06 00:11:36][I]:IDEXBUSD trigerd
[2021-09-06 00:11:40][I]:FILBUSD trigerd
[2021-09-06 00:11:46][I]:FISBUSD trigerd
[2021-09-06 00:11:58][I]:IDEXBUSD trigerd
[2021-09-06 00:12:04][I]:FISBUSD trigerd
[2021-09-06 00:12:15][I]:IDEXBUSD trigerd
[2021-09-06 00:12:20][I]:FISBUSD trigerd
[2021-09-06 00:12:32][I]:IDEXBUSD trigerd
[2021-09-06 00:12:37][I]:FISBUSD trigerd
[2021-09-06 00:12:49][I]:IDEXBUSD trigerd
[2021-09-06 00:12:55][I]:FISBUSD trigerd
[2021-09-06 00:13:10][I]:FISBUSD trigerd
[2021-09-06 00:13:32][I]:IDEXBUSD trigerd
[2021-09-06 00:13:41][I]:FISBUSD trigerd
[2021-09-06 00:13:52][I]:CTSIBUSD trigerd
[2021-09-06 00:14:09][I]:IDEXBUSD trigerd
[2021-09-06 00:14:19][I]:FISBUSD trigerd
[2021-09-06 00:14:46][I]:IDEXBUSD trigerd
[2021-09-06 00:15:03][I]:CTSIBUSD trigerd
[2021-09-06 00:16:46][I]:CTSIBUSD trigerd
[2021-09-06 00:23:35][I]:QNTBUSD trigerd
[2021-09-06 00:24:49][I]:ZECBUSD trigerd
[2021-09-06 00:27:16][I]:IDEXBUSD trigerd
[2021-09-06 00:27:47][I]:IDEXBUSD trigerd
[2021-09-06 00:28:42][I]:IDEXBUSD trigerd
[2021-09-06 00:29:11][I]:IDEXBUSD trigerd
[2021-09-06 00:31:27][I]:IDEXBUSD trigerd
[2021-09-06 00:31:57][I]:IDEXBUSD trigerd
[2021-09-06 00:32:52][I]:IDEXBUSD trigerd
[2021-09-06 00:33:21][I]:IDEXBUSD trigerd
[2021-09-06 00:33:49][I]:IDEXBUSD trigerd
[2021-09-06 00:34:16][I]:IDEXBUSD trigerd
[2021-09-06 00:34:45][I]:IDEXBUSD trigerd
[2021-09-06 00:35:14][I]:IDEXBUSD trigerd
[2021-09-06 00:40:29][I]:IDEXBUSD trigerd
[2021-09-06 00:41:05][I]:IDEXBUSD trigerd
[2021-09-06 00:41:33][I]:IDEXBUSD trigerd
[2021-09-06 00:41:59][I]:IDEXBUSD trigerd
[2021-09-06 00:42:27][I]:IDEXBUSD trigerd
[2021-09-06 00:42:54][I]:IDEXBUSD trigerd
[2021-09-06 00:43:22][I]:IDEXBUSD trigerd
[2021-09-06 00:43:49][I]:IDEXBUSD trigerd
[2021-09-06 00:44:15][I]:IDEXBUSD trigerd
[2021-09-06 00:44:42][I]:IDEXBUSD trigerd
[2021-09-06 00:45:33][I]:IDEXBUSD trigerd
[2021-09-06 00:46:02][I]:IDEXBUSD trigerd
[2021-09-06 00:46:30][I]:IDEXBUSD trigerd
[2021-09-06 00:46:57][I]:IDEXBUSD trigerd
[2021-09-06 00:47:06][I]:CTSIBUSD trigerd
[2021-09-06 00:47:36][I]:CTSIBUSD trigerd
[2021-09-06 00:48:28][I]:IDEXBUSD trigerd
[2021-09-06 00:48:57][I]:IDEXBUSD trigerd
[2021-09-06 00:49:47][I]:IDEXBUSD trigerd
[2021-09-06 00:53:50][I]:VIDTBUSD trigerd
[2021-09-06 00:54:09][I]:SWRVBUSD trigerd
[2021-09-06 00:54:39][I]:SWRVBUSD trigerd
[2021-09-06 00:56:31][I]:SWRVBUSD trigerd
[2021-09-06 00:58:39][I]:VIDTBUSD trigerd
[2021-09-06 00:59:29][I]:VIDTBUSD trigerd
[2021-09-06 01:01:12][I]:VIDTBUSD trigerd
[2021-09-06 01:01:37][I]:VIDTBUSD trigerd
[2021-09-06 01:01:43][I]:CTSIBUSD trigerd
[2021-09-06 01:02:40][I]:VIDTBUSD trigerd
[2021-09-06 01:03:07][I]:VIDTBUSD trigerd
[2021-09-06 01:03:35][I]:VIDTBUSD trigerd
[2021-09-06 01:04:07][I]:VIDTBUSD trigerd
[2021-09-06 01:04:32][I]:VIDTBUSD trigerd
[2021-09-06 01:04:37][I]:SWRVBUSD trigerd
[2021-09-06 01:06:25][I]:SWRVBUSD trigerd
[2021-09-06 01:06:53][I]:SWRVBUSD trigerd
[2021-09-06 01:07:22][I]:SWRVBUSD trigerd
[2021-09-06 01:07:51][I]:SWRVBUSD trigerd
[2021-09-06 01:09:15][I]:SWRVBUSD trigerd
[2021-09-06 01:09:44][I]:SWRVBUSD trigerd
[2021-09-06 01:11:12][I]:VIDTBUSD trigerd
[2021-09-06 01:11:42][I]:VIDTBUSD trigerd
[2021-09-06 01:14:29][I]:SWRVBUSD trigerd
[2021-09-06 01:14:45][I]:ROSEBUSD trigerd
[2021-09-06 01:16:19][I]:IDEXBUSD trigerd
[2021-09-06 01:16:47][I]:IDEXBUSD trigerd
[2021-09-06 01:17:17][I]:IDEXBUSD trigerd
[2021-09-06 01:17:45][I]:IDEXBUSD trigerd
[2021-09-06 01:18:13][I]:IDEXBUSD trigerd
[2021-09-06 01:19:06][I]:IDEXBUSD trigerd
[2021-09-06 01:19:35][I]:IDEXBUSD trigerd
[2021-09-06 01:21:10][I]:ROSEBUSD trigerd
[2021-09-06 01:21:40][I]:ROSEBUSD trigerd
[2021-09-06 01:22:10][I]:ROSEBUSD trigerd
[2021-09-06 01:22:40][I]:ROSEBUSD trigerd
[2021-09-06 01:23:39][I]:ROSEBUSD trigerd
[2021-09-06 01:25:05][I]:IDEXBUSD trigerd
[2021-09-06 01:25:35][I]:IDEXBUSD trigerd
[2021-09-06 01:26:52][I]:ALGOBUSD trigerd
[2021-09-06 01:27:46][I]:FISBUSD trigerd
[2021-09-06 01:29:54][I]:ALGOBUSD trigerd
[2021-09-06 01:30:31][I]:IDEXBUSD trigerd
[2021-09-06 01:31:00][I]:IDEXBUSD trigerd
[2021-09-06 01:32:20][I]:IDEXBUSD trigerd
[2021-09-06 01:32:30][I]:VIDTBUSD trigerd
[2021-09-06 01:32:52][I]:IDEXBUSD trigerd
[2021-09-06 01:33:00][I]:VIDTBUSD trigerd
[2021-09-06 01:33:23][I]:IDEXBUSD trigerd
[2021-09-06 01:33:31][I]:VIDTBUSD trigerd
[2021-09-06 01:33:54][I]:IDEXBUSD trigerd
[2021-09-06 01:34:26][I]:IDEXBUSD trigerd
[2021-09-06 01:37:26][I]:IDEXBUSD trigerd
[2021-09-06 01:37:54][I]:IDEXBUSD trigerd
[2021-09-06 01:39:15][I]:IDEXBUSD trigerd
[2021-09-06 01:40:43][I]:SWRVBUSD trigerd
[2021-09-06 01:42:37][I]:SWRVBUSD trigerd
[2021-09-06 01:43:30][I]:IDEXBUSD trigerd
[2021-09-06 01:43:57][I]:IDEXBUSD trigerd
[2021-09-06 01:44:25][I]:IDEXBUSD trigerd
[2021-09-06 01:44:54][I]:IDEXBUSD trigerd
[2021-09-06 01:45:48][I]:IDEXBUSD trigerd
[2021-09-06 01:46:17][I]:IDEXBUSD trigerd
[2021-09-06 01:47:59][I]:IDEXBUSD trigerd
[2021-09-06 01:49:28][I]:VIDTBUSD trigerd
[2021-09-06 01:49:52][I]:IDEXBUSD trigerd
[2021-09-06 01:50:25][I]:IDEXBUSD trigerd
[2021-09-06 01:50:54][I]:IDEXBUSD trigerd
[2021-09-06 01:51:34][I]:AERGOBUSD trigerd
[2021-09-06 01:51:54][I]:IDEXBUSD trigerd
[2021-09-06 01:52:06][I]:AERGOBUSD trigerd
[2021-09-06 01:52:26][I]:IDEXBUSD trigerd
[2021-09-06 01:52:39][I]:AERGOBUSD trigerd
[2021-09-06 01:52:58][I]:IDEXBUSD trigerd
[2021-09-06 01:53:07][I]:AERGOBUSD trigerd
[2021-09-06 01:56:19][I]:IDEXBUSD trigerd
[2021-09-06 01:56:24][I]:SWRVBUSD trigerd
[2021-09-06 01:56:55][I]:SWRVBUSD trigerd
[2021-09-06 01:57:23][I]:IDEXBUSD trigerd
[2021-09-06 01:57:27][I]:SWRVBUSD trigerd
[2021-09-06 01:57:55][I]:IDEXBUSD trigerd
[2021-09-06 01:58:00][I]:SWRVBUSD trigerd
[2021-09-06 02:01:15][I]:SWRVBUSD trigerd
[2021-09-06 02:01:49][I]:SWRVBUSD trigerd
[2021-09-06 02:07:18][I]:IDEXBUSD trigerd
[2021-09-06 02:08:13][I]:IDEXBUSD trigerd
[2021-09-06 02:09:11][I]:ROSEBUSD trigerd
[2021-09-06 02:09:38][I]:ROSEBUSD trigerd
[2021-09-06 02:10:52][I]:IDEXBUSD trigerd
[2021-09-06 02:13:12][I]:IDEXBUSD trigerd
[2021-09-06 02:27:13][I]:VIDTBUSD trigerd
[2021-09-06 02:27:42][I]:VIDTBUSD trigerd
[2021-09-06 02:48:34][I]:FISBUSD trigerd
[2021-09-06 02:58:59][I]:SWRVBUSD trigerd
[2021-09-06 02:59:33][I]:SWRVBUSD trigerd
[2021-09-06 03:02:12][I]:SWRVBUSD trigerd
[2021-09-06 03:06:30][I]:IDEXBUSD trigerd
[2021-09-06 03:08:31][I]:PONDBUSD trigerd
[2021-09-06 03:08:42][I]:HEGICBUSD trigerd
[2021-09-06 03:09:04][I]:PONDBUSD trigerd
[2021-09-06 03:09:33][I]:PONDBUSD trigerd
[2021-09-06 03:09:44][I]:HEGICBUSD trigerd
[2021-09-06 03:20:51][I]:IDEXBUSD trigerd
[2021-09-06 03:39:24][I]:VIDTBUSD trigerd
[2021-09-06 03:39:52][I]:VIDTBUSD trigerd
[2021-09-06 03:41:15][I]:VIDTBUSD trigerd
[2021-09-06 03:41:44][I]:VIDTBUSD trigerd
[2021-09-06 03:42:15][I]:VIDTBUSD trigerd
[2021-09-06 03:42:45][I]:VIDTBUSD trigerd
[2021-09-06 03:43:55][I]:VIDTBUSD trigerd
[2021-09-06 03:45:59][I]:VIDTBUSD trigerd
[2021-09-06 03:51:34][I]:IDEXBUSD trigerd
[2021-09-06 03:51:48][I]:ROSEBUSD trigerd
[2021-09-06 03:52:19][I]:ROSEBUSD trigerd
[2021-09-06 03:52:51][I]:ROSEBUSD trigerd
[2021-09-06 03:53:20][I]:AERGOBUSD trigerd
[2021-09-06 03:53:48][I]:IDEXBUSD trigerd
[2021-09-06 03:53:56][I]:AERGOBUSD trigerd
[2021-09-06 03:54:33][I]:ROSEBUSD trigerd
[2021-09-06 03:57:25][I]:ROSEBUSD trigerd
[2021-09-06 03:57:55][I]:ROSEBUSD trigerd
[2021-09-06 03:58:25][I]:ROSEBUSD trigerd
[2021-09-06 04:04:53][I]:QNTBUSD trigerd
[2021-09-06 04:07:50][I]:AERGOBUSD trigerd
[2021-09-06 04:08:59][I]:PONDBUSD trigerd
[2021-09-06 04:09:35][I]:PONDBUSD trigerd
[2021-09-06 04:18:21][I]:ROSEBUSD trigerd
[2021-09-06 04:25:29][I]:HEGICBUSD trigerd
[2021-09-06 04:25:43][I]:IDEXBUSD trigerd
[2021-09-06 04:26:37][I]:IDEXBUSD trigerd
[2021-09-06 04:27:08][I]:IDEXBUSD trigerd
[2021-09-06 04:27:44][I]:IDEXBUSD trigerd
[2021-09-06 04:27:56][I]:ROSEBUSD trigerd
[2021-09-06 04:28:19][I]:IDEXBUSD trigerd
[2021-09-06 04:28:46][I]:HARDBUSD trigerd
[2021-09-06 04:29:08][I]:ROSEBUSD trigerd
[2021-09-06 04:30:49][I]:IDEXBUSD trigerd
[2021-09-06 04:31:51][I]:IDEXBUSD trigerd
[2021-09-06 04:36:50][I]:HARDBUSD trigerd
[2021-09-06 04:37:22][I]:HARDBUSD trigerd
[2021-09-06 04:37:48][I]:SWRVBUSD trigerd
[2021-09-06 04:38:33][I]:HARDBUSD trigerd
[2021-09-06 04:38:55][I]:SWRVBUSD trigerd
[2021-09-06 04:39:26][I]:SWRVBUSD trigerd
[2021-09-06 04:46:21][I]:IDEXBUSD trigerd
[2021-09-06 04:46:49][I]:IDEXBUSD trigerd
[2021-09-06 04:47:43][I]:IDEXBUSD trigerd
[2021-09-06 04:48:40][I]:IDEXBUSD trigerd
[2021-09-06 04:49:38][I]:IDEXBUSD trigerd
[2021-09-06 04:50:57][I]:IDEXBUSD trigerd
[2021-09-06 04:52:17][I]:IDEXBUSD trigerd
[2021-09-06 04:53:38][I]:IDEXBUSD trigerd
[2021-09-06 05:03:17][I]:IDEXBUSD trigerd
[2021-09-06 05:03:44][I]:IDEXBUSD trigerd
[2021-09-06 05:19:10][I]:VIDTBUSD trigerd
[2021-09-06 05:19:48][I]:VIDTBUSD trigerd
[2021-09-06 05:31:29][I]:AERGOBUSD trigerd
[2021-09-06 05:31:58][I]:AERGOBUSD trigerd
[2021-09-06 05:32:26][I]:AERGOBUSD trigerd
[2021-09-06 05:32:59][I]:AERGOBUSD trigerd
[2021-09-06 05:33:29][I]:AERGOBUSD trigerd
[2021-09-06 05:34:00][I]:AERGOBUSD trigerd
[2021-09-06 05:34:30][I]:AERGOBUSD trigerd
[2021-09-06 05:36:43][I]:AERGOBUSD trigerd
[2021-09-06 05:44:38][I]:MINABUSD trigerd
[2021-09-06 05:53:51][I]:BTCSTBUSD trigerd
[2021-09-06 05:56:31][I]:BTCSTBUSD trigerd
[2021-09-06 05:57:29][I]:BTCSTBUSD trigerd
[2021-09-06 05:57:56][I]:BTCSTBUSD trigerd
[2021-09-06 05:58:21][I]:BTCSTBUSD trigerd
[2021-09-06 05:58:50][I]:BTCSTBUSD trigerd
[2021-09-06 05:59:19][I]:BTCSTBUSD trigerd
[2021-09-06 05:59:42][I]:QNTBUSD trigerd
[2021-09-06 05:59:51][I]:BTCSTBUSD trigerd
[2021-09-06 06:04:11][I]:ROSEBUSD trigerd
[2021-09-06 06:04:40][I]:ROSEBUSD trigerd
[2021-09-06 06:06:32][I]:QNTBUSD trigerd
[2021-09-06 06:07:04][I]:QNTBUSD trigerd
[2021-09-06 06:07:34][I]:QNTBUSD trigerd
[2021-09-06 06:08:07][I]:QNTBUSD trigerd
[2021-09-06 06:08:42][I]:QNTBUSD trigerd
[2021-09-06 06:09:32][I]:QTUMBUSD trigerd
[2021-09-06 06:12:14][I]:QNTBUSD trigerd
[2021-09-06 06:23:16][I]:AERGOBUSD trigerd
[2021-09-06 06:23:45][I]:AERGOBUSD trigerd
[2021-09-06 06:30:01][I]:OMGBUSD trigerd
[2021-09-06 06:35:00][I]:IDEXBUSD trigerd
[2021-09-06 06:39:28][I]:OMGBUSD trigerd
[2021-09-06 06:39:52][I]:ROSEBUSD trigerd
[2021-09-06 06:42:35][I]:IDEXBUSD trigerd
[2021-09-06 06:42:39][I]:QNTBUSD trigerd
[2021-09-06 06:43:13][I]:QNTBUSD trigerd
[2021-09-06 06:43:19][I]:ROSEBUSD trigerd
[2021-09-06 06:44:25][I]:IDEXBUSD trigerd
[2021-09-06 06:44:34][I]:ROSEBUSD trigerd
[2021-09-06 07:07:58][I]:IDEXBUSD trigerd
[2021-09-06 07:08:29][I]:IDEXBUSD trigerd
[2021-09-06 07:08:58][I]:IDEXBUSD trigerd
[2021-09-06 07:09:30][I]:IDEXBUSD trigerd
[2021-09-06 07:10:00][I]:IDEXBUSD trigerd
[2021-09-06 07:13:41][I]:QTUMBUSD trigerd
[2021-09-06 07:24:45][I]:ROSEBUSD trigerd
[2021-09-06 07:29:18][I]:BTCSTBUSD trigerd
[2021-09-06 07:29:49][I]:BTCSTBUSD trigerd
[2021-09-06 07:32:49][I]:IDEXBUSD trigerd
[2021-09-06 07:33:19][I]:IDEXBUSD trigerd
[2021-09-06 07:33:51][I]:IDEXBUSD trigerd
[2021-09-06 07:36:44][I]:IDEXBUSD trigerd
[2021-09-06 07:37:13][I]:IDEXBUSD trigerd
[2021-09-06 07:37:43][I]:IDEXBUSD trigerd
[2021-09-06 07:38:12][I]:IDEXBUSD trigerd
[2021-09-06 07:39:35][I]:IDEXBUSD trigerd
[2021-09-06 07:47:23][I]:SWRVBUSD trigerd
[2021-09-06 07:47:52][I]:SWRVBUSD trigerd
[2021-09-06 07:49:22][I]:SWRVBUSD trigerd
[2021-09-06 07:49:51][I]:SWRVBUSD trigerd
[2021-09-06 08:03:22][I]:IDEXBUSD trigerd
[2021-09-06 08:03:51][I]:IDEXBUSD trigerd
[2021-09-06 08:04:35][I]:HARDBUSD trigerd
[2021-09-06 08:06:37][I]:HARDBUSD trigerd
[2021-09-06 08:07:38][I]:HARDBUSD trigerd
[2021-09-06 08:08:05][I]:HARDBUSD trigerd
[2021-09-06 08:08:33][I]:HARDBUSD trigerd
[2021-09-06 08:09:36][I]:HARDBUSD trigerd
[2021-09-06 08:12:22][I]:IDEXBUSD trigerd
[2021-09-06 08:12:52][I]:IDEXBUSD trigerd
[2021-09-06 08:19:04][I]:ROSEBUSD trigerd
[2021-09-06 08:19:34][I]:ROSEBUSD trigerd
[2021-09-06 08:27:58][I]:ROSEBUSD trigerd
[2021-09-06 08:28:56][I]:ROSEBUSD trigerd
[2021-09-06 08:32:05][I]:QNTBUSD trigerd
[2021-09-06 08:32:33][I]:QNTBUSD trigerd
[2021-09-06 08:33:08][I]:FTMBUSD trigerd
[2021-09-06 08:33:44][I]:FTMBUSD trigerd
[2021-09-06 08:33:51][I]:MINABUSD trigerd
[2021-09-06 08:34:18][I]:FTMBUSD trigerd
[2021-09-06 08:34:27][I]:MINABUSD trigerd
[2021-09-06 08:34:32][I]:UTKBUSD trigerd
[2021-09-06 08:34:51][I]:QNTBUSD trigerd
[2021-09-06 08:36:57][I]:FTMBUSD trigerd
[2021-09-06 08:38:49][I]:FTMBUSD trigerd
[2021-09-06 08:39:24][I]:FTMBUSD trigerd
[2021-09-06 08:39:58][I]:FTMBUSD trigerd
[2021-09-06 08:48:48][I]:ROSEBUSD trigerd
[2021-09-06 08:49:45][I]:ROSEBUSD trigerd
[2021-09-06 09:03:56][I]:QNTBUSD trigerd
[2021-09-06 09:06:33][I]:IDEXBUSD trigerd
[2021-09-06 09:07:04][I]:IDEXBUSD trigerd
[2021-09-06 09:14:53][I]:QNTBUSD trigerd
[2021-09-06 09:23:28][I]:QNTBUSD trigerd
[2021-09-06 09:24:06][I]:QNTBUSD trigerd
[2021-09-06 09:24:36][I]:QNTBUSD trigerd
[2021-09-06 09:26:28][I]:QNTBUSD trigerd
[2021-09-06 09:27:00][I]:QNTBUSD trigerd
[2021-09-06 09:43:09][I]:ROSEBUSD trigerd
[2021-09-06 09:43:40][I]:ROSEBUSD trigerd
[2021-09-06 09:48:34][I]:ROSEBUSD trigerd
[2021-09-06 09:51:47][I]:QNTBUSD trigerd
[2021-09-06 09:58:07][I]:BTCSTBUSD trigerd
[2021-09-06 09:58:36][I]:BTCSTBUSD trigerd
[2021-09-06 10:04:28][I]:MINABUSD trigerd
[2021-09-06 10:07:30][I]:ROSEBUSD trigerd
[2021-09-06 10:07:58][I]:ROSEBUSD trigerd
[2021-09-06 10:08:28][I]:ROSEBUSD trigerd
[2021-09-06 10:08:57][I]:ROSEBUSD trigerd
[2021-09-06 10:10:51][I]:ROSEBUSD trigerd
[2021-09-06 10:11:20][I]:ROSEBUSD trigerd
[2021-09-06 10:11:47][I]:ROSEBUSD trigerd
[2021-09-06 10:12:53][I]:ROSEBUSD trigerd
[2021-09-06 10:13:23][I]:ROSEBUSD trigerd
[2021-09-06 10:13:54][I]:ROSEBUSD trigerd
[2021-09-06 10:17:05][I]:ROSEBUSD trigerd
[2021-09-06 10:17:34][I]:ROSEBUSD trigerd
[2021-09-06 10:18:30][I]:ROSEBUSD trigerd
[2021-09-06 10:18:57][I]:ROSEBUSD trigerd
[2021-09-06 10:26:22][I]:ROSEBUSD trigerd
[2021-09-06 10:31:26][I]:IDEXBUSD trigerd
[2021-09-06 10:31:57][I]:IDEXBUSD trigerd
[2021-09-06 10:46:34][I]:ROSEBUSD trigerd
[2021-09-06 10:47:29][I]:ROSEBUSD trigerd
[2021-09-06 10:48:50][I]:ROSEBUSD trigerd
[2021-09-06 10:49:20][I]:ROSEBUSD trigerd
[2021-09-06 10:49:49][I]:ROSEBUSD trigerd
[2021-09-06 10:51:05][I]:CRVBUSD trigerd
[2021-09-06 10:53:55][I]:CRVBUSD trigerd
[2021-09-06 10:54:25][I]:CRVBUSD trigerd
[2021-09-06 11:01:42][I]:ROSEBUSD trigerd
[2021-09-06 11:02:38][I]:ROSEBUSD trigerd
[2021-09-06 11:03:09][I]:ROSEBUSD trigerd
[2021-09-06 11:03:50][I]:ROSEBUSD trigerd
[2021-09-06 11:04:59][I]:QNTBUSD trigerd
[2021-09-06 11:12:43][I]:IDEXBUSD trigerd
[2021-09-06 11:13:20][I]:IDEXBUSD trigerd
[2021-09-06 11:13:26][I]:QNTBUSD trigerd
[2021-09-06 11:13:57][I]:IDEXBUSD trigerd
[2021-09-06 11:24:14][I]:ICPBUSD trigerd
[2021-09-06 11:34:57][I]:QNTBUSD trigerd
[2021-09-06 11:35:51][I]:QNTBUSD trigerd
[2021-09-06 11:36:19][I]:QNTBUSD trigerd
[2021-09-06 11:36:48][I]:QNTBUSD trigerd
[2021-09-06 11:39:41][I]:QNTBUSD trigerd
[2021-09-06 11:48:35][I]:ROSEBUSD trigerd
[2021-09-06 11:49:29][I]:ROSEBUSD trigerd
[2021-09-06 11:51:42][I]:ROSEBUSD trigerd
[2021-09-06 11:52:10][I]:ROSEBUSD trigerd
[2021-09-06 12:04:33][I]:QNTBUSD trigerd
[2021-09-06 12:05:01][I]:QNTBUSD trigerd
[2021-09-06 12:17:33][I]:IDEXBUSD trigerd
[2021-09-06 12:17:47][I]:IDEXBUSD trigerd
[2021-09-06 12:18:02][I]:IDEXBUSD trigerd
[2021-09-06 12:18:18][I]:IDEXBUSD trigerd
[2021-09-06 12:18:31][I]:IDEXBUSD trigerd
[2021-09-06 12:18:37][I]:OMGBUSD trigerd
[2021-09-06 12:18:49][I]:IDEXBUSD trigerd
[2021-09-06 12:18:53][I]:OMGBUSD trigerd
[2021-09-06 12:22:48][I]:QNTBUSD trigerd
[2021-09-06 12:23:04][I]:QNTBUSD trigerd
[2021-09-06 12:23:18][I]:QNTBUSD trigerd
[2021-09-06 12:23:32][I]:QNTBUSD trigerd
[2021-09-06 12:23:48][I]:QNTBUSD trigerd
[2021-09-06 12:24:03][I]:QNTBUSD trigerd
[2021-09-06 12:24:18][I]:IDEXBUSD trigerd
[2021-09-06 12:24:33][I]:IDEXBUSD trigerd
[2021-09-06 12:24:50][I]:IDEXBUSD trigerd
[2021-09-06 12:28:44][I]:IDEXBUSD trigerd
[2021-09-06 12:28:57][I]:IDEXBUSD trigerd
[2021-09-06 12:29:10][I]:IDEXBUSD trigerd
[2021-09-06 12:29:24][I]:IDEXBUSD trigerd
[2021-09-06 12:29:37][I]:IDEXBUSD trigerd
[2021-09-06 12:29:40][I]:QNTBUSD trigerd
[2021-09-06 12:29:54][I]:IDEXBUSD trigerd
[2021-09-06 12:29:57][I]:QNTBUSD trigerd
[2021-09-06 12:44:57][I]:SWRVBUSD trigerd
[2021-09-06 12:56:58][I]:ROSEBUSD trigerd
[2021-09-06 12:57:22][I]:ROSEBUSD trigerd
[2021-09-06 12:57:35][I]:ROSEBUSD trigerd
[2021-09-06 12:57:48][I]:ROSEBUSD trigerd
[2021-09-06 13:03:44][I]:ROSEBUSD trigerd
[2021-09-06 13:03:59][I]:ROSEBUSD trigerd
[2021-09-06 13:04:13][I]:ROSEBUSD trigerd
[2021-09-06 13:04:39][I]:ROSEBUSD trigerd
[2021-09-06 13:04:53][I]:ROSEBUSD trigerd
[2021-09-06 13:17:04][I]:QNTBUSD trigerd
[2021-09-06 13:17:19][I]:QNTBUSD trigerd
[2021-09-06 13:17:32][I]:QNTBUSD trigerd
[2021-09-06 13:17:49][I]:QNTBUSD trigerd
[2021-09-06 13:18:11][I]:QNTBUSD trigerd
[2021-09-06 13:18:33][I]:QNTBUSD trigerd
[2021-09-06 13:27:46][I]:IDEXBUSD trigerd
[2021-09-06 13:27:52][I]:PERPBUSD trigerd
[2021-09-06 13:28:16][I]:IDEXBUSD trigerd
[2021-09-06 13:28:30][I]:IDEXBUSD trigerd
[2021-09-06 13:28:44][I]:IDEXBUSD trigerd
[2021-09-06 13:28:59][I]:IDEXBUSD trigerd
[2021-09-06 13:29:15][I]:IDEXBUSD trigerd
[2021-09-06 13:29:33][I]:IDEXBUSD trigerd
[2021-09-06 13:33:19][I]:ROSEBUSD trigerd
[2021-09-06 13:37:18][I]:UTKBUSD trigerd
[2021-09-06 13:37:31][I]:UTKBUSD trigerd
[2021-09-06 13:37:44][I]:UTKBUSD trigerd
[2021-09-06 13:37:58][I]:UTKBUSD trigerd
[2021-09-06 13:38:09][I]:IDEXBUSD trigerd
[2021-09-06 13:38:23][I]:IDEXBUSD trigerd
[2021-09-06 13:38:39][I]:IDEXBUSD trigerd
[2021-09-06 13:38:56][I]:IDEXBUSD trigerd
[2021-09-06 13:39:15][I]:IDEXBUSD trigerd
[2021-09-06 13:39:36][I]:IDEXBUSD trigerd
[2021-09-06 13:39:52][I]:IDEXBUSD trigerd
[2021-09-06 13:43:32][I]:UTKBUSD trigerd
[2021-09-06 13:43:45][I]:UTKBUSD trigerd
[2021-09-06 13:44:10][I]:UTKBUSD trigerd
[2021-09-06 13:46:20][I]:IDEXBUSD trigerd
[2021-09-06 13:46:33][I]:IDEXBUSD trigerd
[2021-09-06 13:46:47][I]:IDEXBUSD trigerd
[2021-09-06 13:48:05][I]:IDEXBUSD trigerd
[2021-09-06 13:48:20][I]:IDEXBUSD trigerd
[2021-09-06 13:48:35][I]:IDEXBUSD trigerd
[2021-09-06 13:48:48][I]:IDEXBUSD trigerd
[2021-09-06 13:50:30][I]:IDEXBUSD trigerd
[2021-09-06 13:50:48][I]:IDEXBUSD trigerd
[2021-09-06 13:53:20][I]:QNTBUSD trigerd
[2021-09-06 13:54:14][I]:IDEXBUSD trigerd
[2021-09-06 13:54:20][I]:QNTBUSD trigerd
[2021-09-06 13:54:39][I]:QNTBUSD trigerd
[2021-09-06 13:54:57][I]:QNTBUSD trigerd
[2021-09-06 13:59:13][I]:SWRVBUSD trigerd
[2021-09-06 13:59:27][I]:SWRVBUSD trigerd
[2021-09-06 13:59:41][I]:SWRVBUSD trigerd
[2021-09-06 13:59:56][I]:SWRVBUSD trigerd
[2021-09-06 14:00:55][I]:IDEXBUSD trigerd
[2021-09-06 14:01:10][I]:IDEXBUSD trigerd
[2021-09-06 14:01:23][I]:IDEXBUSD trigerd
[2021-09-06 14:01:36][I]:IDEXBUSD trigerd
[2021-09-06 14:01:50][I]:IDEXBUSD trigerd
[2021-09-06 14:02:03][I]:IDEXBUSD trigerd
[2021-09-06 14:02:18][I]:IDEXBUSD trigerd
[2021-09-06 14:02:32][I]:IDEXBUSD trigerd
[2021-09-06 14:02:45][I]:IDEXBUSD trigerd
[2021-09-06 14:02:59][I]:IDEXBUSD trigerd
[2021-09-06 14:03:14][I]:IDEXBUSD trigerd
[2021-09-06 14:03:29][I]:IDEXBUSD trigerd
[2021-09-06 14:03:42][I]:IDEXBUSD trigerd
[2021-09-06 14:03:55][I]:IDEXBUSD trigerd
[2021-09-06 14:04:24][I]:IDEXBUSD trigerd
[2021-09-06 14:04:39][I]:IDEXBUSD trigerd
[2021-09-06 14:04:52][I]:IDEXBUSD trigerd
[2021-09-06 14:18:23][I]:ROSEBUSD trigerd
[2021-09-06 14:18:36][I]:ROSEBUSD trigerd
[2021-09-06 14:18:53][I]:ROSEBUSD trigerd
[2021-09-06 14:19:07][I]:ROSEBUSD trigerd
[2021-09-06 14:19:22][I]:ROSEBUSD trigerd
[2021-09-06 14:23:56][I]:HARDBUSD trigerd
[2021-09-06 14:24:10][I]:HARDBUSD trigerd
[2021-09-06 14:24:25][I]:HARDBUSD trigerd
[2021-09-06 14:24:40][I]:HARDBUSD trigerd
[2021-09-06 14:24:55][I]:HARDBUSD trigerd
[2021-09-06 14:26:20][I]:ROSEBUSD trigerd
[2021-09-06 14:26:43][I]:ROSEBUSD trigerd
[2021-09-06 14:27:34][I]:ROSEBUSD trigerd
[2021-09-06 14:27:50][I]:ROSEBUSD trigerd
[2021-09-06 14:28:19][I]:ROSEBUSD trigerd
[2021-09-06 14:28:33][I]:ROSEBUSD trigerd
[2021-09-06 14:28:48][I]:ROSEBUSD trigerd
[2021-09-06 14:29:03][I]:ROSEBUSD trigerd
[2021-09-06 14:29:18][I]:ROSEBUSD trigerd
[2021-09-06 14:29:33][I]:ROSEBUSD trigerd
[2021-09-06 14:29:48][I]:ROSEBUSD trigerd
[2021-09-06 14:31:01][I]:IDEXBUSD trigerd
[2021-09-06 14:31:18][I]:IDEXBUSD trigerd
[2021-09-06 14:32:36][I]:IDEXBUSD trigerd
[2021-09-06 14:32:50][I]:IDEXBUSD trigerd
[2021-09-06 14:33:16][I]:IDEXBUSD trigerd
[2021-09-06 14:33:31][I]:IDEXBUSD trigerd
[2021-09-06 14:33:45][I]:IDEXBUSD trigerd
[2021-09-06 14:33:58][I]:IDEXBUSD trigerd
[2021-09-06 14:36:17][I]:HARDBUSD trigerd
[2021-09-06 14:37:22][I]:HARDBUSD trigerd
[2021-09-06 14:37:37][I]:HARDBUSD trigerd
[2021-09-06 14:37:51][I]:HARDBUSD trigerd
[2021-09-06 14:38:06][I]:HARDBUSD trigerd
[2021-09-06 14:38:21][I]:HARDBUSD trigerd
[2021-09-06 14:38:35][I]:HARDBUSD trigerd
[2021-09-06 14:44:19][I]:OMGBUSD trigerd
[2021-09-06 14:44:47][I]:OMGBUSD trigerd
[2021-09-06 14:46:33][I]:IDEXBUSD trigerd
[2021-09-06 14:47:04][I]:IDEXBUSD trigerd
[2021-09-06 14:47:26][I]:IDEXBUSD trigerd
[2021-09-06 14:47:55][I]:IDEXBUSD trigerd
[2021-09-06 14:48:59][I]:IDEXBUSD trigerd
[2021-09-06 14:49:39][I]:IDEXBUSD trigerd
[2021-09-06 14:49:54][I]:IDEXBUSD trigerd
[2021-09-06 14:54:38][I]:UTKBUSD trigerd
[2021-09-06 14:56:15][I]:IDEXBUSD trigerd
[2021-09-06 14:56:30][I]:IDEXBUSD trigerd
[2021-09-06 14:56:43][I]:IDEXBUSD trigerd
[2021-09-06 14:56:58][I]:IDEXBUSD trigerd
[2021-09-06 14:58:03][I]:IDEXBUSD trigerd
[2021-09-06 14:58:17][I]:IDEXBUSD trigerd
[2021-09-06 14:58:32][I]:IDEXBUSD trigerd
[2021-09-06 14:58:46][I]:IDEXBUSD trigerd
[2021-09-06 14:59:00][I]:IDEXBUSD trigerd
[2021-09-06 14:59:28][I]:IDEXBUSD trigerd
[2021-09-06 15:01:45][I]:IDEXBUSD trigerd
[2021-09-06 15:02:06][I]:IDEXBUSD trigerd
[2021-09-06 15:02:20][I]:IDEXBUSD trigerd
[2021-09-06 15:02:47][I]:IDEXBUSD trigerd
[2021-09-06 15:03:28][I]:IDEXBUSD trigerd
[2021-09-06 15:03:41][I]:IDEXBUSD trigerd
[2021-09-06 15:03:55][I]:IDEXBUSD trigerd
[2021-09-06 15:04:21][I]:IDEXBUSD trigerd
[2021-09-06 15:04:36][I]:IDEXBUSD trigerd
[2021-09-06 15:04:52][I]:IDEXBUSD trigerd
[2021-09-06 15:05:33][I]:IDEXBUSD trigerd
[2021-09-06 15:05:47][I]:IDEXBUSD trigerd
[2021-09-06 15:08:38][I]:IDEXBUSD trigerd
[2021-09-06 15:08:51][I]:IDEXBUSD trigerd
[2021-09-06 15:09:04][I]:IDEXBUSD trigerd
[2021-09-06 15:09:57][I]:IDEXBUSD trigerd
[2021-09-06 15:16:59][I]:IDEXBUSD trigerd
[2021-09-06 15:17:26][I]:IDEXBUSD trigerd
[2021-09-06 15:17:41][I]:IDEXBUSD trigerd
[2021-09-06 15:17:55][I]:IDEXBUSD trigerd
[2021-09-06 15:19:13][I]:IDEXBUSD trigerd
[2021-09-06 15:20:24][I]:IDEXBUSD trigerd
[2021-09-06 15:20:39][I]:IDEXBUSD trigerd
[2021-09-06 15:20:53][I]:IDEXBUSD trigerd
[2021-09-06 15:22:09][I]:QNTBUSD trigerd
[2021-09-06 15:22:23][I]:QNTBUSD trigerd
[2021-09-06 15:22:48][I]:QNTBUSD trigerd
[2021-09-06 15:29:52][I]:IDEXBUSD trigerd
[2021-09-06 15:30:41][I]:IDEXBUSD trigerd
[2021-09-06 15:31:17][I]:IDEXBUSD trigerd
[2021-09-06 15:31:31][I]:IDEXBUSD trigerd
[2021-09-06 15:31:45][I]:IDEXBUSD trigerd
[2021-09-06 15:31:59][I]:IDEXBUSD trigerd
[2021-09-06 15:32:13][I]:IDEXBUSD trigerd
[2021-09-06 15:32:27][I]:IDEXBUSD trigerd
[2021-09-06 15:32:41][I]:IDEXBUSD trigerd
[2021-09-06 15:32:55][I]:IDEXBUSD trigerd
[2021-09-06 15:34:00][I]:IDEXBUSD trigerd
[2021-09-06 15:38:45][I]:SWRVBUSD trigerd
[2021-09-06 15:46:41][I]:ROSEBUSD trigerd
[2021-09-06 15:46:48][I]:SWRVBUSD trigerd
[2021-09-06 15:47:06][I]:SWRVBUSD trigerd
[2021-09-06 15:47:23][I]:SWRVBUSD trigerd
[2021-09-06 15:47:39][I]:SWRVBUSD trigerd
[2021-09-06 15:47:55][I]:SWRVBUSD trigerd
[2021-09-06 15:48:21][I]:ROSEBUSD trigerd
[2021-09-06 15:48:39][I]:ROSEBUSD trigerd
[2021-09-06 15:48:54][I]:ROSEBUSD trigerd
[2021-09-06 15:49:09][I]:ROSEBUSD trigerd
[2021-09-06 15:49:25][I]:ROSEBUSD trigerd
[2021-09-06 15:49:30][I]:SWRVBUSD trigerd
[2021-09-06 15:49:45][I]:ROSEBUSD trigerd
[2021-09-06 15:49:48][I]:SWRVBUSD trigerd
[2021-09-06 15:59:35][I]:SWRVBUSD trigerd
[2021-09-06 15:59:59][I]:SWRVBUSD trigerd
[2021-09-06 16:00:59][I]:SWRVBUSD trigerd
[2021-09-06 16:01:16][I]:SWRVBUSD trigerd
[2021-09-06 16:01:30][I]:SWRVBUSD trigerd
[2021-09-06 16:01:47][I]:SWRVBUSD trigerd
[2021-09-06 16:03:07][I]:SWRVBUSD trigerd
[2021-09-06 16:03:25][I]:SWRVBUSD trigerd
[2021-09-06 16:03:39][I]:SWRVBUSD trigerd
[2021-09-06 16:03:55][I]:SWRVBUSD trigerd
[2021-09-06 16:04:09][I]:SWRVBUSD trigerd
[2021-09-06 16:05:28][I]:SWRVBUSD trigerd
[2021-09-06 16:05:56][I]:SWRVBUSD trigerd
[2021-09-06 16:13:41][I]:ROSEBUSD trigerd
[2021-09-06 16:14:11][I]:ROSEBUSD trigerd
[2021-09-06 16:14:29][I]:IDEXBUSD trigerd
[2021-09-06 16:14:34][I]:ROSEBUSD trigerd
[2021-09-06 16:14:49][I]:ROSEBUSD trigerd
[2021-09-06 16:15:53][I]:IDEXBUSD trigerd
[2021-09-06 16:16:07][I]:IDEXBUSD trigerd
[2021-09-06 16:16:22][I]:IDEXBUSD trigerd
[2021-09-06 16:16:36][I]:IDEXBUSD trigerd
[2021-09-06 16:16:50][I]:IDEXBUSD trigerd
[2021-09-06 16:18:21][I]:IDEXBUSD trigerd
[2021-09-06 16:18:35][I]:IDEXBUSD trigerd
[2021-09-06 16:18:49][I]:IDEXBUSD trigerd
[2021-09-06 16:31:09][I]:SWRVBUSD trigerd
[2021-09-06 16:31:16][I]:AVABUSD trigerd
[2021-09-06 16:31:27][I]:SWRVBUSD trigerd
[2021-09-06 16:31:40][I]:SWRVBUSD trigerd
[2021-09-06 16:31:56][I]:SWRVBUSD trigerd
[2021-09-06 16:32:14][I]:AVABUSD trigerd
[2021-09-06 16:32:28][I]:AVABUSD trigerd
[2021-09-06 16:32:42][I]:AVABUSD trigerd
[2021-09-06 16:32:56][I]:AVABUSD trigerd
[2021-09-06 16:33:44][I]:SWRVBUSD trigerd
[2021-09-06 16:34:05][I]:SWRVBUSD trigerd
[2021-09-06 16:34:20][I]:SWRVBUSD trigerd
[2021-09-06 16:34:35][I]:SWRVBUSD trigerd
[2021-09-06 16:34:52][I]:SWRVBUSD trigerd
[2021-09-06 16:34:55][I]:OMGBUSD trigerd
[2021-09-06 16:47:39][I]:AVABUSD trigerd
[2021-09-06 16:47:56][I]:AVABUSD trigerd
[2021-09-06 16:48:12][I]:AVABUSD trigerd
[2021-09-06 16:48:27][I]:AVABUSD trigerd
[2021-09-06 16:48:45][I]:AVABUSD trigerd
[2021-09-06 16:51:40][I]:AVABUSD trigerd
[2021-09-06 16:51:56][I]:AVABUSD trigerd
[2021-09-06 16:52:25][I]:AVABUSD trigerd
[2021-09-06 16:52:52][I]:AVABUSD trigerd
[2021-09-06 16:54:34][I]:FTMBUSD trigerd
[2021-09-06 17:11:20][I]:SWRVBUSD trigerd
[2021-09-06 17:11:25][I]:AVABUSD trigerd
[2021-09-06 17:11:37][I]:SWRVBUSD trigerd
[2021-09-06 17:11:41][I]:AVABUSD trigerd
[2021-09-06 17:11:54][I]:SWRVBUSD trigerd
[2021-09-06 17:11:59][I]:AVABUSD trigerd
[2021-09-06 17:12:12][I]:SWRVBUSD trigerd
[2021-09-06 17:12:18][I]:AVABUSD trigerd
[2021-09-06 17:12:32][I]:SWRVBUSD trigerd
[2021-09-06 17:12:37][I]:AVABUSD trigerd
[2021-09-06 17:12:51][I]:AVABUSD trigerd
[2021-09-06 17:13:04][I]:SWRVBUSD trigerd
[2021-09-06 17:13:22][I]:SWRVBUSD trigerd
[2021-09-06 17:13:40][I]:SWRVBUSD trigerd
[2021-09-06 17:13:58][I]:SWRVBUSD trigerd
[2021-09-06 17:14:21][I]:AVABUSD trigerd
[2021-09-06 17:14:38][I]:SWRVBUSD trigerd
[2021-09-06 17:14:43][I]:AVABUSD trigerd
[2021-09-06 17:14:57][I]:SWRVBUSD trigerd
[2021-09-06 17:16:16][I]:IDEXBUSD trigerd
[2021-09-06 17:16:36][I]:IDEXBUSD trigerd
[2021-09-06 17:16:53][I]:IDEXBUSD trigerd
[2021-09-06 17:17:10][I]:IDEXBUSD trigerd
[2021-09-06 17:21:24][I]:IDEXBUSD trigerd
[2021-09-06 17:21:57][I]:IDEXBUSD trigerd
[2021-09-06 18:06:33][I]:IDEXBUSD trigerd
[2021-09-06 18:06:48][I]:IDEXBUSD trigerd
[2021-09-06 18:07:15][I]:IDEXBUSD trigerd
[2021-09-06 18:07:29][I]:IDEXBUSD trigerd
[2021-09-06 18:07:45][I]:ROSEBUSD trigerd
[2021-09-06 18:07:59][I]:IDEXBUSD trigerd
[2021-09-06 18:08:29][I]:ROSEBUSD trigerd
[2021-09-06 18:08:42][I]:IDEXBUSD trigerd
[2021-09-06 18:08:46][I]:ROSEBUSD trigerd
[2021-09-06 18:09:00][I]:IDEXBUSD trigerd
[2021-09-06 18:09:16][I]:IDEXBUSD trigerd
[2021-09-06 18:09:30][I]:IDEXBUSD trigerd
[2021-09-06 18:09:44][I]:IDEXBUSD trigerd
[2021-09-06 18:10:00][I]:IDEXBUSD trigerd
[2021-09-06 18:13:09][I]:IDEXBUSD trigerd
[2021-09-06 18:13:24][I]:IDEXBUSD trigerd
[2021-09-06 18:14:29][I]:IDEXBUSD trigerd
[2021-09-06 18:14:46][I]:IDEXBUSD trigerd
[2021-09-06 18:15:00][I]:IDEXBUSD trigerd
[2021-09-06 18:15:48][I]:IDEXBUSD trigerd
[2021-09-06 18:16:15][I]:IDEXBUSD trigerd
[2021-09-06 18:16:31][I]:IDEXBUSD trigerd
[2021-09-06 18:16:44][I]:IDEXBUSD trigerd
[2021-09-06 18:16:58][I]:IDEXBUSD trigerd
[2021-09-06 18:19:55][I]:IDEXBUSD trigerd
[2021-09-06 18:29:50][I]:ROSEBUSD trigerd
[2021-09-06 18:35:39][I]:IDEXBUSD trigerd
[2021-09-06 18:35:52][I]:IDEXBUSD trigerd
[2021-09-06 18:36:20][I]:IDEXBUSD trigerd
[2021-09-06 18:40:46][I]:IDEXBUSD trigerd
[2021-09-06 18:41:12][I]:IDEXBUSD trigerd
[2021-09-06 18:41:26][I]:IDEXBUSD trigerd
[2021-09-06 18:41:37][I]:DGBBUSD trigerd
[2021-09-06 18:41:52][I]:DGBBUSD trigerd
[2021-09-06 18:42:27][I]:IDEXBUSD trigerd
[2021-09-06 18:42:42][I]:IDEXBUSD trigerd
[2021-09-06 18:42:56][I]:IDEXBUSD trigerd
[2021-09-06 18:43:11][I]:IDEXBUSD trigerd
[2021-09-06 18:43:27][I]:IDEXBUSD trigerd
[2021-09-06 18:43:43][I]:IDEXBUSD trigerd
[2021-09-06 18:43:57][I]:IDEXBUSD trigerd
[2021-09-06 18:44:45][I]:DGBBUSD trigerd
[2021-09-06 18:48:30][I]:SUPERBUSD trigerd
[2021-09-06 18:49:26][I]:SUPERBUSD trigerd
[2021-09-06 18:52:34][I]:SUPERBUSD trigerd
[2021-09-06 18:59:33][I]:IDEXBUSD trigerd
[2021-09-06 18:59:48][I]:IDEXBUSD trigerd
[2021-09-06 19:04:52][I]:ROSEBUSD trigerd
[2021-09-06 19:08:12][I]:IDEXBUSD trigerd
[2021-09-06 19:08:30][I]:IDEXBUSD trigerd
[2021-09-06 19:08:47][I]:IDEXBUSD trigerd
[2021-09-06 19:11:52][I]:IDEXBUSD trigerd
[2021-09-06 19:12:09][I]:IDEXBUSD trigerd
[2021-09-06 19:12:24][I]:IDEXBUSD trigerd
[2021-09-06 19:12:38][I]:IDEXBUSD trigerd
[2021-09-06 19:12:54][I]:IDEXBUSD trigerd
[2021-09-06 19:13:21][I]:IDEXBUSD trigerd
[2021-09-06 19:14:05][I]:IDEXBUSD trigerd
[2021-09-06 19:23:00][I]:QNTBUSD trigerd
[2021-09-06 19:23:15][I]:QNTBUSD trigerd
[2021-09-06 19:23:31][I]:QNTBUSD trigerd
[2021-09-06 19:23:47][I]:QNTBUSD trigerd
[2021-09-06 19:24:16][I]:QNTBUSD trigerd
[2021-09-06 19:24:45][I]:QNTBUSD trigerd
[2021-09-06 19:32:40][I]:QNTBUSD trigerd
[2021-09-06 19:32:58][I]:QNTBUSD trigerd
[2021-09-06 19:33:25][I]:QNTBUSD trigerd
[2021-09-06 19:33:36][I]:ARBUSD trigerd
[2021-09-06 19:33:45][I]:QNTBUSD trigerd
[2021-09-06 19:33:57][I]:ARBUSD trigerd
[2021-09-06 19:34:07][I]:QNTBUSD trigerd
[2021-09-06 19:36:51][I]:QNTBUSD trigerd
[2021-09-06 19:37:07][I]:QNTBUSD trigerd
[2021-09-06 19:46:14][I]:IDEXBUSD trigerd
[2021-09-06 19:46:29][I]:IDEXBUSD trigerd
[2021-09-06 19:46:42][I]:IDEXBUSD trigerd
[2021-09-06 19:47:01][I]:IDEXBUSD trigerd
[2021-09-06 19:48:03][I]:IDEXBUSD trigerd
[2021-09-06 19:48:17][I]:IDEXBUSD trigerd
[2021-09-06 19:48:32][I]:IDEXBUSD trigerd
[2021-09-06 19:48:46][I]:IDEXBUSD trigerd
[2021-09-06 19:49:00][I]:IDEXBUSD trigerd
[2021-09-06 19:52:18][I]:AVABUSD trigerd
[2021-09-06 19:52:32][I]:AVABUSD trigerd
[2021-09-06 19:52:36][I]:ARBUSD trigerd
[2021-09-06 19:52:53][I]:ARBUSD trigerd
[2021-09-06 19:53:08][I]:ARBUSD trigerd
[2021-09-06 19:53:25][I]:ARBUSD trigerd
[2021-09-06 19:53:40][I]:ARBUSD trigerd
[2021-09-06 19:53:56][I]:ARBUSD trigerd
[2021-09-06 19:54:12][I]:ARBUSD trigerd
[2021-09-06 19:54:28][I]:ARBUSD trigerd
[2021-09-06 19:54:45][I]:ARBUSD trigerd
[2021-09-06 19:59:36][I]:IDEXBUSD trigerd
[2021-09-06 19:59:50][I]:IDEXBUSD trigerd
[2021-09-06 20:01:39][I]:ARBUSD trigerd
[2021-09-06 20:01:56][I]:ARBUSD trigerd
[2021-09-06 20:02:25][I]:ARBUSD trigerd
[2021-09-06 20:02:43][I]:ARBUSD trigerd
[2021-09-06 20:19:03][I]:ARBUSD trigerd
[2021-09-06 20:19:34][I]:ARBUSD trigerd
[2021-09-06 20:21:39][I]:QNTBUSD trigerd
[2021-09-06 20:21:55][I]:QNTBUSD trigerd
[2021-09-06 20:22:04][I]:SUPERBUSD trigerd
[2021-09-06 20:22:20][I]:SUPERBUSD trigerd
[2021-09-06 20:22:24][I]:SWRVBUSD trigerd
[2021-09-06 20:22:37][I]:SUPERBUSD trigerd
[2021-09-06 20:22:40][I]:SWRVBUSD trigerd
[2021-09-06 20:22:57][I]:SWRVBUSD trigerd
[2021-09-06 20:23:13][I]:SUPERBUSD trigerd
[2021-09-06 20:24:19][I]:ROSEBUSD trigerd
[2021-09-06 20:24:53][I]:MDXBUSD trigerd
[2021-09-06 20:27:29][I]:OMGBUSD trigerd
[2021-09-06 20:27:47][I]:OMGBUSD trigerd
[2021-09-06 20:28:13][I]:SUPERBUSD trigerd
[2021-09-06 20:28:48][I]:SUPERBUSD trigerd
[2021-09-06 20:29:22][I]:SUPERBUSD trigerd
[2021-09-06 20:29:57][I]:SUPERBUSD trigerd
[2021-09-06 20:30:54][I]:SUPERBUSD trigerd
[2021-09-06 20:32:15][I]:SUPERBUSD trigerd
[2021-09-06 20:32:50][I]:SUPERBUSD trigerd
[2021-09-06 20:34:12][I]:SUPERBUSD trigerd
[2021-09-06 20:34:47][I]:SUPERBUSD trigerd
[2021-09-06 20:39:35][I]:IDEXBUSD trigerd
[2021-09-06 20:42:09][I]:ROSEBUSD trigerd
[2021-09-06 20:42:33][I]:SUPERBUSD trigerd
[2021-09-06 20:43:07][I]:ROSEBUSD trigerd
[2021-09-06 20:43:42][I]:ROSEBUSD trigerd
[2021-09-06 20:44:19][I]:ROSEBUSD trigerd
[2021-09-06 20:44:56][I]:SUPERBUSD trigerd
[2021-09-06 20:53:29][I]:SUPERBUSD trigerd
[2021-09-06 20:53:45][I]:SUPERBUSD trigerd
[2021-09-06 20:53:59][I]:SUPERBUSD trigerd
[2021-09-06 20:54:25][I]:SUPERBUSD trigerd
[2021-09-06 20:55:42][I]:SUPERBUSD trigerd
[2021-09-06 20:55:56][I]:SUPERBUSD trigerd
[2021-09-06 20:56:37][I]:SUPERBUSD trigerd
[2021-09-06 20:56:50][I]:SUPERBUSD trigerd
[2021-09-06 20:58:23][I]:IDEXBUSD trigerd
[2021-09-06 20:59:07][I]:SUPERBUSD trigerd
[2021-09-06 20:59:22][I]:SUPERBUSD trigerd
[2021-09-06 20:59:36][I]:SUPERBUSD trigerd
[2021-09-06 20:59:50][I]:SUPERBUSD trigerd
[2021-09-06 21:01:47][I]:SWRVBUSD trigerd
[2021-09-06 21:02:38][I]:IDEXBUSD trigerd
[2021-09-06 21:02:59][I]:IDEXBUSD trigerd
[2021-09-06 21:03:30][I]:SWRVBUSD trigerd
[2021-09-06 21:03:48][I]:SWRVBUSD trigerd
[2021-09-06 21:04:51][I]:IDEXBUSD trigerd
[2021-09-06 21:07:25][I]:IDEXBUSD trigerd
[2021-09-06 21:07:45][I]:IDEXBUSD trigerd
[2021-09-06 21:09:09][I]:IDEXBUSD trigerd
[2021-09-06 21:09:24][I]:IDEXBUSD trigerd
[2021-09-06 21:09:38][I]:IDEXBUSD trigerd
[2021-09-06 21:09:53][I]:IDEXBUSD trigerd
[2021-09-06 21:10:24][I]:SWRVBUSD trigerd
[2021-09-06 21:10:38][I]:SWRVBUSD trigerd
[2021-09-06 21:10:53][I]:SWRVBUSD trigerd
[2021-09-06 21:11:02][I]:INJBUSD trigerd
[2021-09-06 21:11:11][I]:IDEXBUSD trigerd
[2021-09-06 21:11:16][I]:SWRVBUSD trigerd
[2021-09-06 21:11:23][I]:INJBUSD trigerd
[2021-09-06 21:11:31][I]:IDEXBUSD trigerd
[2021-09-06 21:11:35][I]:SWRVBUSD trigerd
[2021-09-06 21:11:42][I]:INJBUSD trigerd
[2021-09-06 21:11:50][I]:IDEXBUSD trigerd
[2021-09-06 21:12:00][I]:INJBUSD trigerd
[2021-09-06 21:12:09][I]:IDEXBUSD trigerd
[2021-09-06 21:12:13][I]:SWRVBUSD trigerd
[2021-09-06 21:12:27][I]:IDEXBUSD trigerd
[2021-09-06 21:12:31][I]:SWRVBUSD trigerd
[2021-09-06 21:12:48][I]:IDEXBUSD trigerd
[2021-09-06 21:12:52][I]:SWRVBUSD trigerd
[2021-09-06 21:12:59][I]:INJBUSD trigerd
[2021-09-06 21:13:16][I]:INJBUSD trigerd
[2021-09-06 21:13:33][I]:INJBUSD trigerd
[2021-09-06 21:13:53][I]:INJBUSD trigerd
[2021-09-06 21:14:06][I]:IDEXBUSD trigerd
[2021-09-06 21:14:17][I]:INJBUSD trigerd
[2021-09-06 21:14:27][I]:IDEXBUSD trigerd
[2021-09-06 21:14:41][I]:INJBUSD trigerd
[2021-09-06 21:14:50][I]:IDEXBUSD trigerd
[2021-09-06 21:14:59][I]:INJBUSD trigerd
[2021-09-06 21:15:59][I]:SWRVBUSD trigerd
[2021-09-06 21:16:16][I]:SWRVBUSD trigerd
[2021-09-06 21:16:30][I]:SWRVBUSD trigerd
[2021-09-06 21:16:44][I]:SWRVBUSD trigerd
[2021-09-06 21:17:00][I]:SWRVBUSD trigerd
[2021-09-06 21:18:10][I]:SWRVBUSD trigerd
[2021-09-06 21:18:28][I]:SWRVBUSD trigerd
[2021-09-06 21:18:46][I]:SWRVBUSD trigerd
[2021-09-06 21:19:01][I]:SWRVBUSD trigerd
[2021-09-06 21:19:10][I]:FTMBUSD trigerd
[2021-09-06 21:19:21][I]:SWRVBUSD trigerd
[2021-09-06 21:19:37][I]:SWRVBUSD trigerd
[2021-09-06 21:26:27][I]:SWRVBUSD trigerd
[2021-09-06 21:26:42][I]:SWRVBUSD trigerd
[2021-09-06 21:27:07][I]:SWRVBUSD trigerd
[2021-09-06 21:27:22][I]:SWRVBUSD trigerd
[2021-09-06 21:27:35][I]:SWRVBUSD trigerd
[2021-09-06 21:27:50][I]:SWRVBUSD trigerd
[2021-09-06 21:32:13][I]:IDEXBUSD trigerd
[2021-09-06 21:32:30][I]:IDEXBUSD trigerd
[2021-09-06 21:32:45][I]:IDEXBUSD trigerd
[2021-09-06 21:33:00][I]:IDEXBUSD trigerd
[2021-09-06 21:34:10][I]:IDEXBUSD trigerd
[2021-09-06 21:34:25][I]:IDEXBUSD trigerd
[2021-09-06 21:34:39][I]:IDEXBUSD trigerd
[2021-09-06 21:34:55][I]:IDEXBUSD trigerd
[2021-09-06 21:35:25][I]:IDEXBUSD trigerd
[2021-09-06 21:35:40][I]:IDEXBUSD trigerd
[2021-09-06 21:35:55][I]:IDEXBUSD trigerd
[2021-09-06 21:36:10][I]:IDEXBUSD trigerd
[2021-09-06 21:36:38][I]:IDEXBUSD trigerd
[2021-09-06 21:36:53][I]:IDEXBUSD trigerd
[2021-09-06 21:37:23][I]:IDEXBUSD trigerd
[2021-09-06 21:37:28][I]:AVABUSD trigerd
[2021-09-06 21:37:41][I]:IDEXBUSD trigerd
[2021-09-06 21:37:46][I]:AVABUSD trigerd
[2021-09-06 21:37:58][I]:IDEXBUSD trigerd
[2021-09-06 21:38:17][I]:AVABUSD trigerd
[2021-09-06 21:38:33][I]:AVABUSD trigerd
[2021-09-06 21:38:46][I]:IDEXBUSD trigerd
[2021-09-06 21:39:30][I]:IDEXBUSD trigerd
[2021-09-06 21:39:35][I]:AVABUSD trigerd
[2021-09-06 21:40:49][I]:IDEXBUSD trigerd
[2021-09-06 21:42:04][I]:IDEXBUSD trigerd
[2021-09-06 21:44:26][I]:IDEXBUSD trigerd
[2021-09-06 21:44:40][I]:IDEXBUSD trigerd
[2021-09-06 21:44:55][I]:IDEXBUSD trigerd
[2021-09-06 21:46:20][I]:IDEXBUSD trigerd
[2021-09-06 21:46:38][I]:IDEXBUSD trigerd
[2021-09-06 21:46:53][I]:IDEXBUSD trigerd
[2021-09-06 21:47:45][I]:IDEXBUSD trigerd
[2021-09-06 21:47:59][I]:IDEXBUSD trigerd
[2021-09-06 21:48:14][I]:IDEXBUSD trigerd
[2021-09-06 21:48:27][I]:IDEXBUSD trigerd
[2021-09-06 21:48:40][I]:IDEXBUSD trigerd
[2021-09-06 21:48:54][I]:IDEXBUSD trigerd
[2021-09-06 21:49:20][I]:IDEXBUSD trigerd
[2021-09-06 21:49:35][I]:IDEXBUSD trigerd
[2021-09-06 21:49:43][I]:FTMBUSD trigerd
[2021-09-06 21:49:52][I]:IDEXBUSD trigerd
[2021-09-06 21:53:14][I]:VIDTBUSD trigerd
[2021-09-06 21:54:10][I]:VIDTBUSD trigerd
[2021-09-06 21:54:30][I]:VIDTBUSD trigerd
[2021-09-06 21:54:53][I]:VIDTBUSD trigerd
[2021-09-06 21:55:37][I]:IDEXBUSD trigerd
[2021-09-06 21:56:00][I]:IDEXBUSD trigerd
[2021-09-06 21:56:38][I]:IDEXBUSD trigerd
[2021-09-06 21:57:58][I]:IDEXBUSD trigerd
[2021-09-06 21:59:04][I]:IDEXBUSD trigerd
[2021-09-06 21:59:33][I]:ARBUSD trigerd
[2021-09-06 22:00:28][I]:IDEXBUSD trigerd
[2021-09-06 22:01:02][I]:IDEXBUSD trigerd
[2021-09-06 22:01:38][I]:IDEXBUSD trigerd
[2021-09-06 22:03:04][I]:IDEXBUSD trigerd
[2021-09-06 22:03:40][I]:IDEXBUSD trigerd
[2021-09-06 22:03:53][I]:IDEXBUSD trigerd
[2021-09-06 22:04:31][I]:IDEXBUSD trigerd
[2021-09-06 22:04:47][I]:IDEXBUSD trigerd
[2021-09-06 22:05:00][I]:IDEXBUSD trigerd
[2021-09-06 22:05:15][I]:IDEXBUSD trigerd
[2021-09-06 22:06:46][I]:VIDTBUSD trigerd
[2021-09-06 22:07:01][I]:VIDTBUSD trigerd
[2021-09-06 22:07:16][I]:VIDTBUSD trigerd
[2021-09-06 22:07:24][I]:IDEXBUSD trigerd
[2021-09-06 22:07:33][I]:VIDTBUSD trigerd
[2021-09-06 22:07:47][I]:VIDTBUSD trigerd
[2021-09-06 22:07:58][I]:IDEXBUSD trigerd
[2021-09-06 22:08:05][I]:VIDTBUSD trigerd
[2021-09-06 22:08:20][I]:VIDTBUSD trigerd
[2021-09-06 22:08:36][I]:VIDTBUSD trigerd
[2021-09-06 22:08:47][I]:IDEXBUSD trigerd
[2021-09-06 22:08:51][I]:VIDTBUSD trigerd
[2021-09-06 22:09:02][I]:IDEXBUSD trigerd
[2021-09-06 22:15:13][I]:IDEXBUSD trigerd
[2021-09-06 22:16:07][I]:VIDTBUSD trigerd
[2021-09-06 22:16:23][I]:VIDTBUSD trigerd
[2021-09-06 22:16:38][I]:VIDTBUSD trigerd
[2021-09-06 22:16:51][I]:VIDTBUSD trigerd
[2021-09-06 22:16:55][I]:SWRVBUSD trigerd
[2021-09-06 22:17:07][I]:VIDTBUSD trigerd
[2021-09-06 22:17:13][I]:SWRVBUSD trigerd
[2021-09-06 22:17:24][I]:ROSEBUSD trigerd
[2021-09-06 22:17:28][I]:VIDTBUSD trigerd
[2021-09-06 22:17:33][I]:SWRVBUSD trigerd
[2021-09-06 22:17:45][I]:ROSEBUSD trigerd
[2021-09-06 22:17:48][I]:VIDTBUSD trigerd
[2021-09-06 22:17:53][I]:SWRVBUSD trigerd
[2021-09-06 22:18:05][I]:ROSEBUSD trigerd
[2021-09-06 22:18:20][I]:ROSEBUSD trigerd
[2021-09-06 22:18:26][I]:SWRVBUSD trigerd
[2021-09-06 22:18:39][I]:ROSEBUSD trigerd
[2021-09-06 22:18:44][I]:SWRVBUSD trigerd
[2021-09-06 22:18:57][I]:ROSEBUSD trigerd
[2021-09-06 22:19:13][I]:ROSEBUSD trigerd
[2021-09-06 22:19:18][I]:VIDTBUSD trigerd
[2021-09-06 22:19:32][I]:ROSEBUSD trigerd
[2021-09-06 22:19:48][I]:ROSEBUSD trigerd
[2021-09-06 22:20:17][I]:ROSEBUSD trigerd
[2021-09-06 22:20:34][I]:ROSEBUSD trigerd
[2021-09-06 22:20:37][I]:VIDTBUSD trigerd
[2021-09-06 22:20:52][I]:ROSEBUSD trigerd
[2021-09-06 22:20:55][I]:VIDTBUSD trigerd
[2021-09-06 22:21:10][I]:VIDTBUSD trigerd
[2021-09-06 22:21:25][I]:VIDTBUSD trigerd
[2021-09-06 22:21:39][I]:VIDTBUSD trigerd
[2021-09-06 22:21:53][I]:VIDTBUSD trigerd
[2021-09-06 22:22:07][I]:VIDTBUSD trigerd
[2021-09-06 22:22:21][I]:VIDTBUSD trigerd
[2021-09-06 22:22:37][I]:VIDTBUSD trigerd
[2021-09-06 22:24:04][I]:VIDTBUSD trigerd
[2021-09-06 22:24:20][I]:VIDTBUSD trigerd
[2021-09-06 22:24:37][I]:VIDTBUSD trigerd
[2021-09-06 22:24:52][I]:VIDTBUSD trigerd
[2021-09-06 22:25:36][I]:ROSEBUSD trigerd
[2021-09-06 22:30:34][I]:IDEXBUSD trigerd
[2021-09-06 22:30:50][I]:IDEXBUSD trigerd
[2021-09-06 22:30:54][I]:VIDTBUSD trigerd
[2021-09-06 22:32:04][I]:IDEXBUSD trigerd
[2021-09-06 22:32:20][I]:IDEXBUSD trigerd
[2021-09-06 22:32:23][I]:VIDTBUSD trigerd
[2021-09-06 22:32:40][I]:VIDTBUSD trigerd
[2021-09-06 22:32:55][I]:VIDTBUSD trigerd
[2021-09-06 22:33:08][I]:IDEXBUSD trigerd
[2021-09-06 22:33:24][I]:IDEXBUSD trigerd
[2021-09-06 22:33:40][I]:IDEXBUSD trigerd
[2021-09-06 22:33:54][I]:IDEXBUSD trigerd
[2021-09-06 22:34:08][I]:IDEXBUSD trigerd
[2021-09-06 22:34:13][I]:VIDTBUSD trigerd
[2021-09-06 22:34:18][I]:SWRVBUSD trigerd
[2021-09-06 22:34:30][I]:IDEXBUSD trigerd
[2021-09-06 22:34:34][I]:VIDTBUSD trigerd
[2021-09-06 22:34:39][I]:SWRVBUSD trigerd
[2021-09-06 22:34:51][I]:IDEXBUSD trigerd
[2021-09-06 22:34:55][I]:VIDTBUSD trigerd
[2021-09-06 22:34:58][I]:SWRVBUSD trigerd
[2021-09-06 22:37:49][I]:IDEXBUSD trigerd
[2021-09-06 22:38:07][I]:IDEXBUSD trigerd
[2021-09-06 22:38:22][I]:IDEXBUSD trigerd
[2021-09-06 22:38:39][I]:IDEXBUSD trigerd
[2021-09-06 22:38:53][I]:IDEXBUSD trigerd
[2021-09-06 22:40:25][I]:IDEXBUSD trigerd
[2021-09-06 22:40:41][I]:IDEXBUSD trigerd
[2021-09-06 22:40:56][I]:IDEXBUSD trigerd
[2021-09-06 22:41:23][I]:IDEXBUSD trigerd
[2021-09-06 22:42:07][I]:AVABUSD trigerd
[2021-09-06 22:42:22][I]:IDEXBUSD trigerd
[2021-09-06 22:42:42][I]:IDEXBUSD trigerd
[2021-09-06 22:42:57][I]:IDEXBUSD trigerd
[2021-09-06 22:43:38][I]:AVABUSD trigerd
[2021-09-06 22:43:55][I]:AVABUSD trigerd
[2021-09-06 22:44:11][I]:AVABUSD trigerd
[2021-09-06 22:44:26][I]:AVABUSD trigerd
[2021-09-06 22:44:55][I]:AVABUSD trigerd
[2021-09-06 22:45:43][I]:IDEXBUSD trigerd
[2021-09-06 22:45:57][I]:IDEXBUSD trigerd
[2021-09-06 22:46:01][I]:VIDTBUSD trigerd
[2021-09-06 22:46:17][I]:VIDTBUSD trigerd
[2021-09-06 22:46:33][I]:VIDTBUSD trigerd
[2021-09-06 22:46:49][I]:VIDTBUSD trigerd
[2021-09-06 22:47:02][I]:IDEXBUSD trigerd
[2021-09-06 22:47:32][I]:IDEXBUSD trigerd
[2021-09-06 22:47:35][I]:ROSEBUSD trigerd
[2021-09-06 22:48:17][I]:ROSEBUSD trigerd
[2021-09-06 22:48:32][I]:ROSEBUSD trigerd
[2021-09-06 22:48:46][I]:ROSEBUSD trigerd
[2021-09-06 22:48:59][I]:ROSEBUSD trigerd
[2021-09-06 22:49:13][I]:ROSEBUSD trigerd
[2021-09-06 22:49:26][I]:ROSEBUSD trigerd
[2021-09-06 22:49:40][I]:ROSEBUSD trigerd
[2021-09-06 22:49:57][I]:ROSEBUSD trigerd
[2021-09-06 22:50:50][I]:VIDTBUSD trigerd
[2021-09-06 22:51:03][I]:ROSEBUSD trigerd
[2021-09-06 22:51:20][I]:ROSEBUSD trigerd
[2021-09-06 22:51:34][I]:ROSEBUSD trigerd
[2021-09-06 22:51:50][I]:ROSEBUSD trigerd
[2021-09-06 22:52:05][I]:ROSEBUSD trigerd
[2021-09-06 22:53:09][I]:ROSEBUSD trigerd
[2021-09-06 22:53:23][I]:ROSEBUSD trigerd
[2021-09-06 22:53:37][I]:ROSEBUSD trigerd
[2021-09-06 22:53:55][I]:ROSEBUSD trigerd
[2021-09-06 22:54:10][I]:ROSEBUSD trigerd
[2021-09-06 22:57:42][I]:VIDTBUSD trigerd
[2021-09-06 22:57:57][I]:VIDTBUSD trigerd
[2021-09-06 22:58:12][I]:VIDTBUSD trigerd
[2021-09-06 22:58:28][I]:VIDTBUSD trigerd
[2021-09-06 22:58:43][I]:VIDTBUSD trigerd
[2021-09-06 22:58:58][I]:VIDTBUSD trigerd
[2021-09-06 22:59:16][I]:SWRVBUSD trigerd
[2021-09-06 22:59:33][I]:SWRVBUSD trigerd
[2021-09-06 22:59:39][I]:DIABUSD trigerd
[2021-09-06 22:59:51][I]:SWRVBUSD trigerd
[2021-09-06 23:00:34][I]:ROSEBUSD trigerd
[2021-09-06 23:00:53][I]:ROSEBUSD trigerd
[2021-09-06 23:03:03][I]:ROSEBUSD trigerd
[2021-09-06 23:03:18][I]:ROSEBUSD trigerd
[2021-09-06 23:03:32][I]:ROSEBUSD trigerd
[2021-09-06 23:03:46][I]:ROSEBUSD trigerd
[2021-09-06 23:04:14][I]:ROSEBUSD trigerd
[2021-09-06 23:04:28][I]:ROSEBUSD trigerd
[2021-09-06 23:04:43][I]:ROSEBUSD trigerd
[2021-09-06 23:05:00][I]:ROSEBUSD trigerd
[2021-09-06 23:06:07][I]:AVABUSD trigerd
[2021-09-06 23:06:34][I]:VIDTBUSD trigerd
[2021-09-06 23:06:37][I]:AVABUSD trigerd
[2021-09-06 23:06:51][I]:VIDTBUSD trigerd
[2021-09-06 23:06:55][I]:AVABUSD trigerd
[2021-09-06 23:07:07][I]:ROSEBUSD trigerd
[2021-09-06 23:07:13][I]:AVABUSD trigerd
[2021-09-06 23:07:25][I]:ROSEBUSD trigerd
[2021-09-06 23:07:30][I]:AVABUSD trigerd
[2021-09-06 23:07:43][I]:ROSEBUSD trigerd
[2021-09-06 23:07:46][I]:VIDTBUSD trigerd
[2021-09-06 23:07:50][I]:AVABUSD trigerd
[2021-09-06 23:08:18][I]:VIDTBUSD trigerd
[2021-09-06 23:08:21][I]:AVABUSD trigerd
[2021-09-06 23:08:41][I]:VIDTBUSD trigerd
[2021-09-06 23:08:45][I]:AVABUSD trigerd
[2021-09-06 23:08:57][I]:FIOBUSD trigerd
[2021-09-06 23:09:08][I]:AVABUSD trigerd
[2021-09-06 23:09:16][I]:FIOBUSD trigerd
[2021-09-06 23:09:24][I]:VIDTBUSD trigerd
[2021-09-06 23:09:28][I]:AVABUSD trigerd
[2021-09-06 23:09:32][I]:SWRVBUSD trigerd
[2021-09-06 23:09:39][I]:FIOBUSD trigerd
[2021-09-06 23:09:48][I]:VIDTBUSD trigerd
[2021-09-06 23:09:52][I]:AVABUSD trigerd
[2021-09-06 23:10:00][I]:SWRVBUSD trigerd
[2021-09-06 23:10:33][I]:VIDTBUSD trigerd
[2021-09-06 23:10:37][I]:SWRVBUSD trigerd
[2021-09-06 23:10:53][I]:ROSEBUSD trigerd
[2021-09-06 23:10:57][I]:VIDTBUSD trigerd
[2021-09-06 23:11:03][I]:SWRVBUSD trigerd
[2021-09-06 23:12:02][I]:VIDTBUSD trigerd
[2021-09-06 23:12:05][I]:AVABUSD trigerd
[2021-09-06 23:12:21][I]:VIDTBUSD trigerd
[2021-09-06 23:12:24][I]:AVABUSD trigerd
[2021-09-06 23:12:27][I]:SWRVBUSD trigerd
[2021-09-06 23:12:40][I]:VIDTBUSD trigerd
[2021-09-06 23:12:43][I]:AVABUSD trigerd
[2021-09-06 23:12:49][I]:SWRVBUSD trigerd
[2021-09-06 23:13:05][I]:AVABUSD trigerd
[2021-09-06 23:13:08][I]:SWRVBUSD trigerd
[2021-09-06 23:13:21][I]:VIDTBUSD trigerd
[2021-09-06 23:13:26][I]:OMGBUSD trigerd
[2021-09-06 23:13:29][I]:SWRVBUSD trigerd
[2021-09-06 23:13:44][I]:AVABUSD trigerd
[2021-09-06 23:13:47][I]:SWRVBUSD trigerd
[2021-09-06 23:14:23][I]:SWRVBUSD trigerd
[2021-09-06 23:14:40][I]:SWRVBUSD trigerd
[2021-09-06 23:14:56][I]:SWRVBUSD trigerd
[2021-09-06 23:15:34][I]:AVABUSD trigerd
[2021-09-06 23:15:48][I]:AVABUSD trigerd
[2021-09-06 23:16:16][I]:AVABUSD trigerd
[2021-09-06 23:16:30][I]:AVABUSD trigerd
[2021-09-06 23:17:07][I]:IDEXBUSD trigerd
[2021-09-06 23:17:23][I]:IDEXBUSD trigerd
[2021-09-06 23:19:26][I]:IDEXBUSD trigerd
[2021-09-06 23:19:42][I]:IDEXBUSD trigerd
[2021-09-06 23:20:01][I]:SYSBUSD trigerd
[2021-09-06 23:20:35][I]:AVABUSD trigerd
[2021-09-06 23:20:51][I]:AVABUSD trigerd
[2021-09-06 23:21:07][I]:AVABUSD trigerd
[2021-09-06 23:21:21][I]:AVABUSD trigerd
[2021-09-06 23:21:40][I]:AVABUSD trigerd
[2021-09-06 23:22:17][I]:SYSBUSD trigerd
[2021-09-06 23:22:36][I]:DFBUSD trigerd
[2021-09-06 23:22:47][I]:AVABUSD trigerd
[2021-09-06 23:22:56][I]:DFBUSD trigerd
[2021-09-06 23:23:05][I]:AVABUSD trigerd
[2021-09-06 23:23:34][I]:AVABUSD trigerd
[2021-09-06 23:23:41][I]:SYSBUSD trigerd
[2021-09-06 23:23:51][I]:AVABUSD trigerd
[2021-09-06 23:24:00][I]:SYSBUSD trigerd
[2021-09-06 23:24:11][I]:AVABUSD trigerd
[2021-09-06 23:24:20][I]:DFBUSD trigerd
[2021-09-06 23:24:34][I]:QNTBUSD trigerd
[2021-09-06 23:24:41][I]:DFBUSD trigerd
[2021-09-06 23:24:52][I]:QNTBUSD trigerd
[2021-09-06 23:25:00][I]:DFBUSD trigerd
[2021-09-06 23:25:21][I]:AVABUSD trigerd
[2021-09-06 23:25:44][I]:DFBUSD trigerd
[2021-09-06 23:25:54][I]:AVABUSD trigerd
[2021-09-06 23:28:56][I]:SYSBUSD trigerd
[2021-09-06 23:30:25][I]:IDEXBUSD trigerd
[2021-09-06 23:30:38][I]:IDEXBUSD trigerd
[2021-09-06 23:30:46][I]:SYSBUSD trigerd
[2021-09-06 23:30:56][I]:IDEXBUSD trigerd
[2021-09-06 23:31:12][I]:IDEXBUSD trigerd
[2021-09-06 23:31:19][I]:SYSBUSD trigerd
[2021-09-06 23:31:28][I]:IDEXBUSD trigerd
[2021-09-06 23:31:35][I]:SYSBUSD trigerd
[2021-09-06 23:31:45][I]:IDEXBUSD trigerd
[2021-09-06 23:31:54][I]:SYSBUSD trigerd
[2021-09-06 23:32:06][I]:IDEXBUSD trigerd
[2021-09-06 23:32:10][I]:AVABUSD trigerd
[2021-09-06 23:32:16][I]:SYSBUSD trigerd
[2021-09-06 23:32:27][I]:IDEXBUSD trigerd
[2021-09-06 23:32:30][I]:AVABUSD trigerd
[2021-09-06 23:32:35][I]:SYSBUSD trigerd
[2021-09-06 23:32:45][I]:IDEXBUSD trigerd
[2021-09-06 23:32:52][I]:SYSBUSD trigerd
[2021-09-06 23:33:04][I]:IDEXBUSD trigerd
[2021-09-06 23:33:19][I]:IDEXBUSD trigerd
[2021-09-06 23:34:04][I]:IDEXBUSD trigerd
[2021-09-06 23:34:09][I]:SYSBUSD trigerd
[2021-09-06 23:34:21][I]:IDEXBUSD trigerd
[2021-09-06 23:34:36][I]:IDEXBUSD trigerd
[2021-09-06 23:34:42][I]:SYSBUSD trigerd
[2021-09-06 23:34:53][I]:IDEXBUSD trigerd
[2021-09-06 23:34:59][I]:SYSBUSD trigerd
[2021-09-06 23:36:06][I]:SYSBUSD trigerd
[2021-09-06 23:36:23][I]:SYSBUSD trigerd
[2021-09-06 23:36:36][I]:SYSBUSD trigerd
[2021-09-06 23:36:51][I]:SYSBUSD trigerd
[2021-09-06 23:37:07][I]:SYSBUSD trigerd
[2021-09-06 23:37:21][I]:SYSBUSD trigerd
[2021-09-06 23:37:36][I]:SYSBUSD trigerd
[2021-09-06 23:37:52][I]:SYSBUSD trigerd
[2021-09-06 23:40:20][I]:SYSBUSD trigerd
[2021-09-06 23:40:36][I]:SYSBUSD trigerd
[2021-09-06 23:40:51][I]:SYSBUSD trigerd
[2021-09-06 23:41:06][I]:SYSBUSD trigerd
[2021-09-06 23:41:21][I]:SYSBUSD trigerd
[2021-09-06 23:41:28][I]:TVKBUSD trigerd
[2021-09-06 23:41:39][I]:SYSBUSD trigerd
[2021-09-06 23:41:45][I]:TVKBUSD trigerd
[2021-09-06 23:41:55][I]:SYSBUSD trigerd
[2021-09-06 23:42:13][I]:SYSBUSD trigerd
[2021-09-06 23:42:19][I]:TVKBUSD trigerd
[2021-09-06 23:42:36][I]:TVKBUSD trigerd
[2021-09-06 23:42:50][I]:MDXBUSD trigerd
[2021-09-06 23:42:55][I]:TVKBUSD trigerd
[2021-09-06 23:43:09][I]:MDXBUSD trigerd
[2021-09-06 23:43:13][I]:TVKBUSD trigerd
[2021-09-06 23:43:26][I]:MDXBUSD trigerd
[2021-09-06 23:43:30][I]:TVKBUSD trigerd
[2021-09-06 23:43:47][I]:MDXBUSD trigerd
[2021-09-06 23:43:51][I]:TVKBUSD trigerd
[2021-09-06 23:44:05][I]:SYSBUSD trigerd
[2021-09-06 23:44:22][I]:IDEXBUSD trigerd
[2021-09-06 23:44:41][I]:IDEXBUSD trigerd
[2021-09-06 23:46:19][I]:SWRVBUSD trigerd
[2021-09-06 23:46:25][I]:TVKBUSD trigerd
[2021-09-06 23:46:39][I]:SWRVBUSD trigerd
[2021-09-06 23:46:42][I]:TVKBUSD trigerd
[2021-09-06 23:46:59][I]:TVKBUSD trigerd
[2021-09-06 23:47:14][I]:TVKBUSD trigerd
[2021-09-06 23:47:27][I]:SWRVBUSD trigerd
[2021-09-06 23:47:30][I]:TVKBUSD trigerd
[2021-09-06 23:47:40][I]:ROSEBUSD trigerd
[2021-09-06 23:47:45][I]:SWRVBUSD trigerd
[2021-09-06 23:47:47][I]:TVKBUSD trigerd
[2021-09-06 23:47:58][I]:ROSEBUSD trigerd
[2021-09-06 23:48:03][I]:SWRVBUSD trigerd
[2021-09-06 23:48:17][I]:VIDTBUSD trigerd
[2021-09-06 23:48:22][I]:SWRVBUSD trigerd
[2021-09-06 23:48:37][I]:VIDTBUSD trigerd
[2021-09-06 23:48:41][I]:SWRVBUSD trigerd
[2021-09-06 23:48:54][I]:ROSEBUSD trigerd
[2021-09-06 23:48:58][I]:SWRVBUSD trigerd
[2021-09-06 23:49:26][I]:ROSEBUSD trigerd
[2021-09-06 23:49:42][I]:ROSEBUSD trigerd
[2021-09-06 23:49:56][I]:ROSEBUSD trigerd
[2021-09-06 23:50:29][I]:TVKBUSD trigerd
[2021-09-06 23:50:44][I]:TVKBUSD trigerd
[2021-09-06 23:52:16][I]:KEEPBUSD trigerd
[2021-09-06 23:52:20][I]:DFBUSD trigerd
[2021-09-06 23:52:36][I]:KEEPBUSD trigerd
[2021-09-06 23:52:39][I]:DFBUSD trigerd
[2021-09-06 23:52:52][I]:DFBUSD trigerd
[2021-09-06 23:53:17][I]:TVKBUSD trigerd
[2021-09-06 23:53:32][I]:TVKBUSD trigerd
