[2021-08-31 00:01:28][I]:ARBUSD trigerd
[2021-08-31 00:03:06][I]:MINABUSD trigerd
[2021-08-31 00:06:11][I]:ARBUSD trigerd
[2021-08-31 00:11:37][I]:ORNBUSD trigerd
[2021-08-31 00:12:05][I]:ORNBUSD trigerd
[2021-08-31 00:13:46][I]:ORNBUSD trigerd
[2021-08-31 00:14:26][I]:MINABUSD trigerd
[2021-08-31 00:15:28][I]:MINABUSD trigerd
[2021-08-31 00:17:05][I]:ARBUSD trigerd
[2021-08-31 00:19:47][I]:ARBUSD trigerd
[2021-08-31 00:21:23][I]:AUCTIONBUSD trigerd
[2021-08-31 00:22:14][I]:CLVBUSD trigerd
[2021-08-31 00:23:27][I]:ARBUSD trigerd
[2021-08-31 00:24:32][I]:AUCTIONBUSD trigerd
[2021-08-31 00:28:12][I]:CLVBUSD trigerd
[2021-08-31 00:29:15][I]:CLVBUSD trigerd
[2021-08-31 00:36:17][I]:AUCTIONBUSD trigerd
[2021-08-31 00:39:43][I]:ORNBUSD trigerd
[2021-08-31 00:42:11][I]:ARBUSD trigerd
[2021-08-31 00:43:13][I]:ARBUSD trigerd
[2021-08-31 00:57:38][I]:ARBUSD trigerd
[2021-08-31 01:02:55][I]:KP3RBUSD trigerd
[2021-08-31 01:03:42][I]:MINABUSD trigerd
[2021-08-31 01:04:44][I]:KP3RBUSD trigerd
[2021-08-31 01:07:24][I]:ARBUSD trigerd
[2021-08-31 01:09:35][I]:ARBUSD trigerd
[2021-08-31 01:11:28][I]:MINABUSD trigerd
[2021-08-31 01:12:30][I]:FTMBUSD trigerd
[2021-08-31 01:13:37][I]:MINABUSD trigerd
[2021-08-31 01:14:39][I]:MINABUSD trigerd
[2021-08-31 01:17:47][I]:ONEBUSD trigerd
[2021-08-31 01:18:48][I]:ONEBUSD trigerd
[2021-08-31 01:21:05][I]:ONEBUSD trigerd
[2021-08-31 01:23:11][I]:ONEBUSD trigerd
[2021-08-31 01:24:13][I]:ONEBUSD trigerd
[2021-08-31 01:31:50][I]:ARBUSD trigerd
[2021-08-31 01:33:07][I]:ARBUSD trigerd
[2021-08-31 01:33:59][I]:NUBUSD trigerd
[2021-08-31 01:48:29][I]:MINABUSD trigerd
[2021-08-31 01:56:42][I]:GNOBUSD trigerd
[2021-08-31 01:56:53][I]:KP3RBUSD trigerd
[2021-08-31 01:57:46][I]:GNOBUSD trigerd
[2021-08-31 01:57:57][I]:KP3RBUSD trigerd
[2021-08-31 01:59:18][I]:AUCTIONBUSD trigerd
[2021-08-31 02:01:31][I]:ARBUSD trigerd
[2021-08-31 02:02:32][I]:ARBUSD trigerd
[2021-08-31 02:06:19][I]:ONEBUSD trigerd
[2021-08-31 02:07:20][I]:ONEBUSD trigerd
[2021-08-31 02:08:21][I]:ONEBUSD trigerd
[2021-08-31 02:16:51][I]:KP3RBUSD trigerd
[2021-08-31 02:17:38][I]:ONEBUSD trigerd
[2021-08-31 02:18:36][I]:ONEBUSD trigerd
[2021-08-31 02:19:34][I]:KP3RBUSD trigerd
[2021-08-31 02:21:48][I]:KP3RBUSD trigerd
[2021-08-31 02:22:47][I]:KP3RBUSD trigerd
[2021-08-31 02:23:46][I]:KP3RBUSD trigerd
[2021-08-31 02:24:48][I]:KP3RBUSD trigerd
[2021-08-31 02:33:15][I]:ARBUSD trigerd
[2021-08-31 02:34:16][I]:ARBUSD trigerd
[2021-08-31 02:36:12][I]:AUCTIONBUSD trigerd
[2021-08-31 02:37:47][I]:AUCTIONBUSD trigerd
[2021-08-31 02:38:50][I]:AUCTIONBUSD trigerd
[2021-08-31 02:47:10][I]:KP3RBUSD trigerd
[2021-08-31 02:48:11][I]:KP3RBUSD trigerd
[2021-08-31 02:54:31][I]:SOLBUSD trigerd
[2021-08-31 02:58:20][I]:SRMBUSD trigerd
[2021-08-31 02:59:44][I]:RAYBUSD trigerd
[2021-08-31 03:06:53][I]:ARBUSD trigerd
[2021-08-31 03:07:54][I]:ARBUSD trigerd
[2021-08-31 03:09:03][I]:CLVBUSD trigerd
[2021-08-31 03:13:05][I]:ARBUSD trigerd
[2021-08-31 03:18:05][I]:RAYBUSD trigerd
[2021-08-31 03:19:48][I]:RAYBUSD trigerd
[2021-08-31 03:33:38][I]:RAYBUSD trigerd
[2021-08-31 03:34:38][I]:RAYBUSD trigerd
[2021-08-31 03:39:42][I]:CLVBUSD trigerd
[2021-08-31 03:42:16][I]:SRMBUSD trigerd
[2021-08-31 03:44:34][I]:SRMBUSD trigerd
[2021-08-31 04:03:25][I]:ARBUSD trigerd
[2021-08-31 04:04:05][I]:ARBUSD trigerd
[2021-08-31 04:04:45][I]:ARBUSD trigerd
[2021-08-31 04:07:16][I]:ARBUSD trigerd
[2021-08-31 04:07:56][I]:ARBUSD trigerd
[2021-08-31 04:08:29][I]:LTOBUSD trigerd
[2021-08-31 04:09:25][I]:MINABUSD trigerd
[2021-08-31 04:12:32][I]:LTOBUSD trigerd
[2021-08-31 04:13:52][I]:LTOBUSD trigerd
[2021-08-31 04:14:46][I]:ARBUSD trigerd
[2021-08-31 04:18:22][I]:ARBUSD trigerd
[2021-08-31 04:19:37][I]:LTOBUSD trigerd
[2021-08-31 04:20:38][I]:LTOBUSD trigerd
[2021-08-31 04:21:40][I]:LTOBUSD trigerd
[2021-08-31 04:22:39][I]:MINABUSD trigerd
[2021-08-31 04:23:26][I]:LTOBUSD trigerd
[2021-08-31 04:24:27][I]:MINABUSD trigerd
[2021-08-31 04:25:29][I]:LTOBUSD trigerd
[2021-08-31 04:26:30][I]:LTOBUSD trigerd
[2021-08-31 04:27:46][I]:LTOBUSD trigerd
[2021-08-31 04:28:47][I]:LTOBUSD trigerd
[2021-08-31 04:34:01][I]:KP3RBUSD trigerd
[2021-08-31 04:35:33][I]:KP3RBUSD trigerd
[2021-08-31 04:36:50][I]:KP3RBUSD trigerd
[2021-08-31 04:37:51][I]:KP3RBUSD trigerd
[2021-08-31 04:38:56][I]:ARBUSD trigerd
[2021-08-31 04:39:54][I]:KP3RBUSD trigerd
[2021-08-31 04:40:55][I]:ARBUSD trigerd
[2021-08-31 04:47:51][I]:KP3RBUSD trigerd
[2021-08-31 05:02:29][I]:LTOBUSD trigerd
[2021-08-31 05:04:47][I]:LTOBUSD trigerd
[2021-08-31 05:08:40][I]:XECBUSD trigerd
[2021-08-31 05:09:22][I]:XECBUSD trigerd
[2021-08-31 05:11:23][I]:XECBUSD trigerd
[2021-08-31 05:27:06][I]:ARBUSD trigerd
[2021-08-31 05:29:59][I]:ARBUSD trigerd
[2021-08-31 06:04:59][I]:NUBUSD trigerd
[2021-08-31 06:12:06][I]:FTMBUSD trigerd
[2021-08-31 06:36:07][I]:ROSEBUSD trigerd
[2021-08-31 06:39:08][I]:ROSEBUSD trigerd
[2021-08-31 06:44:31][I]:YFIIBUSD trigerd
[2021-08-31 06:45:32][I]:YFIIBUSD trigerd
[2021-08-31 06:46:48][I]:YFIIBUSD trigerd
[2021-08-31 06:48:07][I]:YFIIBUSD trigerd
[2021-08-31 06:50:27][I]:YFIIBUSD trigerd
[2021-08-31 06:51:27][I]:YFIIBUSD trigerd
[2021-08-31 06:52:27][I]:YFIIBUSD trigerd
[2021-08-31 07:13:35][I]:ROSEBUSD trigerd
[2021-08-31 07:14:36][I]:ROSEBUSD trigerd
[2021-08-31 07:29:47][I]:ARBUSD trigerd
[2021-08-31 08:01:15][I]:DGBBUSD trigerd
[2021-08-31 08:02:19][I]:DGBBUSD trigerd
[2021-08-31 08:03:54][I]:DGBBUSD trigerd
[2021-08-31 08:04:55][I]:DGBBUSD trigerd
[2021-08-31 08:06:48][I]:KP3RBUSD trigerd
[2021-08-31 08:08:09][I]:FTMBUSD trigerd
[2021-08-31 08:08:57][I]:KP3RBUSD trigerd
[2021-08-31 08:09:59][I]:FTMBUSD trigerd
[2021-08-31 08:13:09][I]:DGBBUSD trigerd
[2021-08-31 08:14:07][I]:FTMBUSD trigerd
[2021-08-31 08:15:00][I]:MINABUSD trigerd
[2021-08-31 08:23:40][I]:ARBUSD trigerd
[2021-08-31 08:24:40][I]:ARBUSD trigerd
[2021-08-31 08:26:44][I]:ARBUSD trigerd
[2021-08-31 08:27:46][I]:ARBUSD trigerd
[2021-08-31 08:28:47][I]:ARBUSD trigerd
[2021-08-31 08:31:58][I]:DGBBUSD trigerd
[2021-08-31 08:32:57][I]:DGBBUSD trigerd
[2021-08-31 08:34:00][I]:DGBBUSD trigerd
[2021-08-31 08:35:56][I]:DNTBUSD trigerd
[2021-08-31 08:36:50][I]:KP3RBUSD trigerd
[2021-08-31 08:37:50][I]:XECBUSD trigerd
[2021-08-31 08:39:40][I]:XECBUSD trigerd
[2021-08-31 08:42:02][I]:ONEBUSD trigerd
[2021-08-31 08:43:33][I]:CLVBUSD trigerd
[2021-08-31 08:47:45][I]:ONEBUSD trigerd
[2021-08-31 08:48:46][I]:ONEBUSD trigerd
[2021-08-31 08:49:59][I]:DEXEBUSD trigerd
[2021-08-31 08:52:56][I]:BADGERBUSD trigerd
[2021-08-31 08:53:59][I]:BADGERBUSD trigerd
[2021-08-31 08:54:47][I]:MINABUSD trigerd
[2021-08-31 09:03:19][I]:YFIIBUSD trigerd
[2021-08-31 09:04:38][I]:ONEBUSD trigerd
[2021-08-31 09:12:32][I]:ONEBUSD trigerd
[2021-08-31 09:14:20][I]:ATOMBUSD trigerd
[2021-08-31 09:17:38][I]:CLVBUSD trigerd
[2021-08-31 09:18:46][I]:ARBUSD trigerd
[2021-08-31 09:19:51][I]:ARBUSD trigerd
[2021-08-31 09:22:35][I]:CLVBUSD trigerd
[2021-08-31 09:23:55][I]:CLVBUSD trigerd
[2021-08-31 09:42:28][I]:CTKBUSD trigerd
[2021-08-31 09:43:31][I]:CTKBUSD trigerd
[2021-08-31 09:44:41][I]:CLVBUSD trigerd
[2021-08-31 09:47:32][I]:CTKBUSD trigerd
[2021-08-31 09:54:37][I]:CTKBUSD trigerd
[2021-08-31 10:06:08][I]:YFIIBUSD trigerd
[2021-08-31 10:06:59][I]:CLVBUSD trigerd
[2021-08-31 10:07:56][I]:YFIIBUSD trigerd
[2021-08-31 10:08:45][I]:CLVBUSD trigerd
[2021-08-31 10:09:34][I]:CTKBUSD trigerd
[2021-08-31 10:11:20][I]:MINABUSD trigerd
[2021-08-31 10:12:50][I]:MINABUSD trigerd
[2021-08-31 10:14:11][I]:MINABUSD trigerd
[2021-08-31 10:18:02][I]:ROSEBUSD trigerd
[2021-08-31 10:18:43][I]:ROSEBUSD trigerd
[2021-08-31 10:19:59][I]:ROSEBUSD trigerd
[2021-08-31 10:27:25][I]:ROSEBUSD trigerd
[2021-08-31 10:28:24][I]:ROSEBUSD trigerd
[2021-08-31 10:29:40][I]:ROSEBUSD trigerd
[2021-08-31 10:38:57][I]:MINABUSD trigerd
[2021-08-31 10:39:43][I]:MINABUSD trigerd
[2021-08-31 10:47:06][I]:MINABUSD trigerd
[2021-08-31 10:47:48][I]:MINABUSD trigerd
[2021-08-31 11:23:59][I]:BADGERBUSD trigerd
[2021-08-31 11:25:01][I]:BADGERBUSD trigerd
[2021-08-31 11:38:30][I]:ATABUSD trigerd
[2021-08-31 11:39:30][I]:ATABUSD trigerd
[2021-08-31 11:47:17][I]:MINABUSD trigerd
[2021-08-31 11:49:25][I]:MINABUSD trigerd
[2021-08-31 11:51:56][I]:ROSEBUSD trigerd
[2021-08-31 11:53:06][I]:ROSEBUSD trigerd
[2021-08-31 11:54:05][I]:ONEBUSD trigerd
[2021-08-31 11:54:57][I]:BADGERBUSD trigerd
[2021-08-31 11:57:00][I]:ONEBUSD trigerd
[2021-08-31 11:58:02][I]:ONEBUSD trigerd
[2021-08-31 11:59:19][I]:ONEBUSD trigerd
[2021-08-31 12:06:21][I]:ROSEBUSD trigerd
[2021-08-31 12:07:56][I]:ROSEBUSD trigerd
[2021-08-31 12:09:14][I]:ROSEBUSD trigerd
[2021-08-31 12:11:34][I]:ROSEBUSD trigerd
[2021-08-31 12:12:54][I]:ROSEBUSD trigerd
[2021-08-31 12:14:39][I]:CLVBUSD trigerd
[2021-08-31 12:22:38][I]:MINABUSD trigerd
[2021-08-31 12:24:05][I]:KP3RBUSD trigerd
[2021-08-31 12:28:39][I]:ROSEBUSD trigerd
[2021-08-31 12:29:46][I]:ROSEBUSD trigerd
[2021-08-31 12:33:20][I]:MINABUSD trigerd
[2021-08-31 12:36:42][I]:ROSEBUSD trigerd
[2021-08-31 12:37:23][I]:ROSEBUSD trigerd
[2021-08-31 12:47:21][I]:ARBUSD trigerd
[2021-08-31 12:47:52][I]:FTMBUSD trigerd
[2021-08-31 12:53:38][I]:ARBUSD trigerd
[2021-08-31 12:54:54][I]:ARBUSD trigerd
[2021-08-31 13:02:35][I]:ROSEBUSD trigerd
[2021-08-31 13:07:33][I]:GNOBUSD trigerd
[2021-08-31 13:07:53][I]:GNOBUSD trigerd
[2021-08-31 13:08:31][I]:GNOBUSD trigerd
[2021-08-31 13:08:54][I]:GNOBUSD trigerd
[2021-08-31 13:12:53][I]:LTOBUSD trigerd
[2021-08-31 13:14:02][I]:LTOBUSD trigerd
[2021-08-31 13:38:12][I]:ONEBUSD trigerd
[2021-08-31 13:53:52][I]:KP3RBUSD trigerd
[2021-08-31 14:21:36][I]:CLVBUSD trigerd
[2021-08-31 14:23:10][I]:CLVBUSD trigerd
[2021-08-31 14:24:26][I]:CLVBUSD trigerd
[2021-08-31 14:28:00][I]:CLVBUSD trigerd
[2021-08-31 14:37:29][I]:XECBUSD trigerd
[2021-08-31 14:38:28][I]:CLVBUSD trigerd
[2021-08-31 14:39:42][I]:ONEBUSD trigerd
[2021-08-31 14:41:42][I]:CLVBUSD trigerd
[2021-08-31 14:43:53][I]:ROSEBUSD trigerd
[2021-08-31 14:48:21][I]:CLVBUSD trigerd
[2021-08-31 14:49:21][I]:CLVBUSD trigerd
[2021-08-31 15:02:36][I]:CLVBUSD trigerd
[2021-08-31 15:03:37][I]:CLVBUSD trigerd
[2021-08-31 15:04:43][I]:CLVBUSD trigerd
[2021-08-31 15:07:21][I]:CLVBUSD trigerd
[2021-08-31 15:19:19][I]:FTMBUSD trigerd
[2021-08-31 15:44:24][I]:ARBUSD trigerd
[2021-08-31 15:48:16][I]:ATOMBUSD trigerd
[2021-08-31 15:49:17][I]:CLVBUSD trigerd
[2021-08-31 15:51:53][I]:ATOMBUSD trigerd
[2021-08-31 15:52:52][I]:ROSEBUSD trigerd
[2021-08-31 16:06:26][I]:DEXEBUSD trigerd
[2021-08-31 16:07:28][I]:DEXEBUSD trigerd
[2021-08-31 16:08:27][I]:DEXEBUSD trigerd
[2021-08-31 16:09:29][I]:DEXEBUSD trigerd
[2021-08-31 16:10:31][I]:DEXEBUSD trigerd
[2021-08-31 16:13:15][I]:ROSEBUSD trigerd
[2021-08-31 16:15:43][I]:DEXEBUSD trigerd
[2021-08-31 16:16:44][I]:DEXEBUSD trigerd
[2021-08-31 16:18:02][I]:DEXEBUSD trigerd
[2021-08-31 16:22:22][I]:CLVBUSD trigerd
[2021-08-31 16:23:21][I]:CLVBUSD trigerd
[2021-08-31 16:44:06][I]:ONEBUSD trigerd
[2021-08-31 16:47:17][I]:DEXEBUSD trigerd
[2021-08-31 16:52:40][I]:DEXEBUSD trigerd
[2021-08-31 17:07:50][I]:ARBUSD trigerd
[2021-08-31 17:08:32][I]:ARBUSD trigerd
[2021-08-31 17:16:26][I]:DEXEBUSD trigerd
[2021-08-31 17:17:37][I]:DEXEBUSD trigerd
[2021-08-31 17:19:10][I]:DEXEBUSD trigerd
[2021-08-31 17:21:00][I]:DEXEBUSD trigerd
[2021-08-31 17:21:59][I]:DEXEBUSD trigerd
[2021-08-31 17:22:56][I]:DEXEBUSD trigerd
[2021-08-31 17:24:09][I]:DEXEBUSD trigerd
[2021-08-31 17:27:38][I]:ROSEBUSD trigerd
[2021-08-31 17:32:53][I]:DEXEBUSD trigerd
[2021-08-31 17:34:52][I]:KSMBUSD trigerd
[2021-08-31 17:51:35][I]:CELRBUSD trigerd
[2021-08-31 17:52:46][I]:KSMBUSD trigerd
[2021-08-31 17:55:02][I]:CELRBUSD trigerd
[2021-08-31 18:09:21][I]:ARBUSD trigerd
[2021-08-31 18:13:18][I]:ARBUSD trigerd
[2021-08-31 18:14:17][I]:ARBUSD trigerd
[2021-08-31 18:28:30][I]:MINABUSD trigerd
[2021-08-31 18:34:37][I]:DEXEBUSD trigerd
[2021-08-31 18:42:12][I]:POLSBUSD trigerd
[2021-08-31 18:43:10][I]:POLSBUSD trigerd
[2021-08-31 18:44:50][I]:ARBUSD trigerd
[2021-08-31 18:49:34][I]:ARBUSD trigerd
[2021-08-31 18:51:07][I]:ARBUSD trigerd
[2021-08-31 18:52:17][I]:ARBUSD trigerd
[2021-08-31 18:52:56][I]:ARBUSD trigerd
[2021-08-31 18:53:50][I]:ARBUSD trigerd
[2021-08-31 18:58:36][I]:ARBUSD trigerd
[2021-08-31 19:04:56][I]:ROSEBUSD trigerd
[2021-08-31 19:05:55][I]:DEXEBUSD trigerd
[2021-08-31 19:14:45][I]:ROSEBUSD trigerd
[2021-08-31 19:29:26][I]:RAYBUSD trigerd
[2021-08-31 19:29:45][I]:MINABUSD trigerd
[2021-08-31 19:44:23][I]:MINABUSD trigerd
[2021-08-31 19:44:59][I]:CELRBUSD trigerd
[2021-08-31 19:57:19][I]:MINABUSD trigerd
[2021-08-31 19:57:36][I]:MINABUSD trigerd
[2021-08-31 19:59:18][I]:MINABUSD trigerd
[2021-08-31 19:59:58][I]:MINABUSD trigerd
[2021-08-31 20:00:59][I]:DEXEBUSD trigerd
[2021-08-31 20:02:08][I]:DEXEBUSD trigerd
[2021-08-31 20:02:52][I]:DEXEBUSD trigerd
[2021-08-31 20:04:38][I]:DEXEBUSD trigerd
[2021-08-31 20:19:07][I]:RAYBUSD trigerd
[2021-08-31 20:22:05][I]:RAYBUSD trigerd
[2021-08-31 20:22:26][I]:RAYBUSD trigerd
[2021-08-31 20:22:50][I]:RAYBUSD trigerd
[2021-08-31 20:23:23][I]:CRVBUSD trigerd
[2021-08-31 20:23:59][I]:RAYBUSD trigerd
[2021-08-31 20:24:35][I]:RAYBUSD trigerd
[2021-08-31 20:34:25][I]:SRMBUSD trigerd
[2021-08-31 20:34:48][I]:SRMBUSD trigerd
[2021-08-31 20:36:28][I]:SRMBUSD trigerd
[2021-08-31 20:39:45][I]:RAYBUSD trigerd
[2021-08-31 20:47:50][I]:MINABUSD trigerd
[2021-08-31 20:53:20][I]:RAYBUSD trigerd
[2021-08-31 21:04:53][I]:SOLBUSD trigerd
[2021-08-31 21:27:17][I]:POLSBUSD trigerd
[2021-08-31 21:27:53][I]:POLSBUSD trigerd
[2021-08-31 21:54:21][I]:MINABUSD trigerd
[2021-08-31 21:54:42][I]:MINABUSD trigerd
[2021-08-31 21:57:55][I]:MINABUSD trigerd
[2021-08-31 21:58:37][I]:MINABUSD trigerd
[2021-08-31 22:01:51][I]:MINABUSD trigerd
[2021-08-31 22:04:09][I]:MINABUSD trigerd
[2021-08-31 22:13:37][I]:DEXEBUSD trigerd
[2021-08-31 22:14:17][I]:DEXEBUSD trigerd
[2021-08-31 22:14:59][I]:DEXEBUSD trigerd
[2021-08-31 22:17:52][I]:DEXEBUSD trigerd
[2021-08-31 22:32:14][I]:DEXEBUSD trigerd
[2021-08-31 22:38:25][I]:DEXEBUSD trigerd
[2021-08-31 22:43:12][I]:KSMBUSD trigerd
[2021-08-31 22:47:22][I]:DEXEBUSD trigerd
[2021-08-31 22:48:08][I]:DEXEBUSD trigerd
[2021-08-31 22:49:21][I]:DEXEBUSD trigerd
[2021-08-31 22:53:29][I]:ALPHABUSD trigerd
[2021-08-31 23:06:33][I]:STRAXBUSD trigerd
[2021-08-31 23:07:16][I]:STRAXBUSD trigerd
[2021-08-31 23:07:56][I]:STRAXBUSD trigerd
[2021-08-31 23:08:34][I]:STRAXBUSD trigerd
[2021-08-31 23:09:33][I]:STRAXBUSD trigerd
[2021-08-31 23:11:22][I]:ARBUSD trigerd
[2021-08-31 23:12:23][I]:ARBUSD trigerd
[2021-08-31 23:13:26][I]:ARBUSD trigerd
[2021-08-31 23:14:08][I]:ARBUSD trigerd
[2021-08-31 23:14:59][I]:RAYBUSD trigerd
[2021-08-31 23:24:45][I]:CTKBUSD trigerd
[2021-08-31 23:26:29][I]:DEXEBUSD trigerd
[2021-08-31 23:27:16][I]:DEXEBUSD trigerd
[2021-08-31 23:28:27][I]:DEXEBUSD trigerd
[2021-08-31 23:29:36][I]:CTKBUSD trigerd
[2021-08-31 23:38:51][I]:KSMBUSD trigerd
[2021-08-31 23:39:39][I]:KSMBUSD trigerd
[2021-08-31 23:50:21][I]:DEXEBUSD trigerd
[2021-08-31 23:51:05][I]:DEXEBUSD trigerd
[2021-08-31 23:53:38][I]:LTOBUSD trigerd
[2021-08-31 23:54:32][I]:DOTBUSD trigerd
[2021-08-31 23:55:52][I]:DEXEBUSD trigerd
[2021-08-31 23:57:40][I]:DEXEBUSD trigerd
[2021-08-31 23:58:39][I]:LTOBUSD trigerd
[2021-08-31 23:59:33][I]:DEXEBUSD trigerd
