[2021-09-19 00:42:41][I]:CFXBUSD trigerd
[2021-09-19 00:42:52][I]:最高点后的0-15分钟，进入斐波区间下面的拉升 
[2021-09-19 00:42:52][I]:high_24h=0.298 cur=0.2692
[2021-09-19 00:43:51][I]:CFXBUSD trigerd
[2021-09-19 00:44:01][I]:最高点后的0-15分钟，进入斐波区间下面的拉升 
[2021-09-19 00:44:01][I]:high_24h=0.298 cur=0.2692
[2021-09-19 00:44:35][I]:CFXBUSD trigerd
[2021-09-19 00:44:45][I]:最高点后的0-15分钟，进入斐波区间下面的拉升 
[2021-09-19 00:44:45][I]:high_24h=0.298 cur=0.2692
[2021-09-19 00:46:11][I]:CFXBUSD trigerd
[2021-09-19 00:46:21][I]:最高点后的0-15分钟，进入斐波区间下面的拉升 
[2021-09-19 00:46:21][I]:high_24h=0.3048 cur=0.2692
[2021-09-19 00:46:51][I]:CFXBUSD trigerd
[2021-09-19 00:47:01][I]:最高点后的0-15分钟，进入斐波区间下面的拉升 
[2021-09-19 00:47:01][I]:high_24h=0.3048 cur=0.2692
[2021-09-19 00:48:01][I]:CFXBUSD trigerd
[2021-09-19 00:48:11][I]:最高点后的0-15分钟，进入斐波区间下面的拉升 
[2021-09-19 00:48:11][I]:high_24h=0.3048 cur=0.2692
[2021-09-19 00:48:42][I]:CFXBUSD trigerd
[2021-09-19 00:48:53][I]:最高点后的0-15分钟，进入斐波区间下面的拉升 
[2021-09-19 00:48:53][I]:high_24h=0.3048 cur=0.2692
[2021-09-19 00:56:10][I]:CFXBUSD trigerd
[2021-09-19 00:56:20][I]:最高点后的0-15分钟，进入斐波区间下面的拉升 
[2021-09-19 00:56:20][I]:high_24h=0.3048 cur=0.2692
[2021-09-19 00:56:52][I]:CFXBUSD trigerd
[2021-09-19 00:57:02][I]:最高点后的0-15分钟，进入斐波区间下面的拉升 
[2021-09-19 00:57:02][I]:high_24h=0.3048 cur=0.2692
[2021-09-19 00:57:32][I]:CFXBUSD trigerd
[2021-09-19 00:57:42][I]:最高点后的0-15分钟，进入斐波区间下面的拉升 
[2021-09-19 00:57:42][I]:high_24h=0.3048 cur=0.2692
[2021-09-19 00:58:18][I]:CFXBUSD trigerd
[2021-09-19 00:58:28][I]:最高点后的0-15分钟，进入斐波区间下面的拉升 
[2021-09-19 00:58:28][I]:high_24h=0.3048 cur=0.2692
[2021-09-19 00:58:59][I]:CFXBUSD trigerd
[2021-09-19 00:59:09][I]:最高点后的0-15分钟，进入斐波区间下面的拉升 
[2021-09-19 00:59:09][I]:high_24h=0.3048 cur=0.2692
[2021-09-19 00:59:41][I]:CFXBUSD trigerd
[2021-09-19 00:59:51][I]:最高点后的0-15分钟，进入斐波区间下面的拉升 
[2021-09-19 00:59:51][I]:high_24h=0.3048 cur=0.2692
[2021-09-19 01:01:11][I]:CFXBUSD trigerd
[2021-09-19 01:01:21][I]:最高点后的0-15分钟，进入斐波区间下面的拉升 
[2021-09-19 01:01:21][I]:high_24h=0.3333 cur=0.2692
[2021-09-19 01:01:52][I]:CFXBUSD trigerd
[2021-09-19 01:02:02][I]:最高点后的0-15分钟，进入斐波区间下面的拉升 
[2021-09-19 01:02:02][I]:high_24h=0.3333 cur=0.2692
[2021-09-19 01:03:11][I]:CFXBUSD trigerd
[2021-09-19 01:03:21][I]:最高点后的0-15分钟，进入斐波区间下面的拉升 
[2021-09-19 01:03:21][I]:high_24h=0.3333 cur=0.2692
[2021-09-19 01:03:52][I]:CFXBUSD trigerd
[2021-09-19 01:04:02][I]:最高点后的0-15分钟，进入斐波区间下面的拉升 
[2021-09-19 01:04:02][I]:high_24h=0.3333 cur=0.2692
[2021-09-19 01:04:43][I]:CFXBUSD trigerd
[2021-09-19 01:04:54][I]:最高点后的0-15分钟，进入斐波区间下面的拉升 
[2021-09-19 01:04:54][I]:high_24h=0.3333 cur=0.2692
[2021-09-19 01:07:46][I]:CFXBUSD trigerd
[2021-09-19 01:07:56][I]:最高点后的0-15分钟，进入斐波区间下面的拉升 
[2021-09-19 01:07:56][I]:high_24h=0.3333 cur=0.2692
[2021-09-19 01:08:27][I]:CFXBUSD trigerd
[2021-09-19 01:08:37][I]:最高点后的0-15分钟，进入斐波区间下面的拉升 
[2021-09-19 01:08:37][I]:high_24h=0.3333 cur=0.2692
[2021-09-19 01:09:07][I]:CFXBUSD trigerd
[2021-09-19 01:09:18][I]:最高点后的0-15分钟，进入斐波区间下面的拉升 
[2021-09-19 01:09:18][I]:high_24h=0.3333 cur=0.2692
[2021-09-19 01:10:38][I]:CFXBUSD trigerd
[2021-09-19 01:10:49][I]:最高点后的0-15分钟，进入斐波区间下面的拉升 
[2021-09-19 01:10:49][I]:high_24h=0.3333 cur=0.2692
[2021-09-19 01:11:39][I]:CFXBUSD trigerd
[2021-09-19 01:11:49][I]:最高点后的0-15分钟，进入斐波区间下面的拉升 
[2021-09-19 01:11:49][I]:high_24h=0.3333 cur=0.2692
[2021-09-19 01:12:21][I]:CFXBUSD trigerd
[2021-09-19 01:12:31][I]:最高点后的0-15分钟，进入斐波区间下面的拉升 
[2021-09-19 01:12:31][I]:high_24h=0.3333 cur=0.2692
[2021-09-19 01:13:02][I]:CFXBUSD trigerd
[2021-09-19 01:13:12][I]:最高点后的0-15分钟，进入斐波区间下面的拉升 
[2021-09-19 01:13:12][I]:high_24h=0.3333 cur=0.2692
[2021-09-19 01:13:52][I]:CFXBUSD trigerd
[2021-09-19 01:14:03][I]:最高点后的0-15分钟，进入斐波区间下面的拉升 
[2021-09-19 01:14:03][I]:high_24h=0.3333 cur=0.2692
[2021-09-19 01:14:35][I]:CFXBUSD trigerd
[2021-09-19 01:14:45][I]:最高点后的0-15分钟，进入斐波区间下面的拉升 
[2021-09-19 01:14:45][I]:high_24h=0.3333 cur=0.2692
[2021-09-19 01:15:16][I]:CFXBUSD trigerd
[2021-09-19 01:15:26][I]:最高点后的0-15分钟，进入斐波区间下面的拉升 
[2021-09-19 01:15:26][I]:high_24h=0.4631 cur=0.2692
[2021-09-19 01:16:07][I]:CFXBUSD trigerd
[2021-09-19 01:16:18][I]:最高点后的0-15分钟，进入斐波区间下面的拉升 
[2021-09-19 01:16:18][I]:high_24h=0.4631 cur=0.2692
[2021-09-19 01:23:37][I]:CFXBUSD trigerd
[2021-09-19 01:23:47][I]:最高点后的0-15分钟，进入斐波区间下面的拉升 
[2021-09-19 01:23:47][I]:high_24h=0.4631 cur=0.2692
[2021-09-19 01:24:28][I]:C98BUSD trigerd
[2021-09-19 01:24:29][I]:最高点后的399.分钟， 拉升 
[2021-09-19 01:24:38][I]:最高点后的45 分钟之后，斐波区间下面的拉升
[2021-09-19 01:24:38][I]:high_24h=4.32 cur=3.729
[2021-09-19 01:26:58][I]:VIDTBUSD trigerd
[2021-09-19 01:26:58][I]:最高点后的86.9分钟， 拉升 
[2021-09-19 01:27:08][I]:最高点后的45 分钟之后，斐波区间下面的拉升
[2021-09-19 01:27:08][I]:high_24h=1.074 cur=1.0441
[2021-09-19 01:27:38][I]:VIDTBUSD trigerd
[2021-09-19 01:27:40][I]:最高点后的87.6分钟， 拉升 
[2021-09-19 01:27:49][I]:最高点后的45 分钟之后，斐波区间下面的拉升
[2021-09-19 01:27:49][I]:high_24h=1.074 cur=1.0441
[2021-09-19 01:28:21][I]:VIDTBUSD trigerd
[2021-09-19 01:28:22][I]:最高点后的88.3分钟， 拉升 
[2021-09-19 01:28:32][I]:最高点后的45 分钟之后，斐波区间下面的拉升
[2021-09-19 01:28:32][I]:high_24h=1.074 cur=1.0441
[2021-09-19 01:28:57][I]:ANTBUSD trigerd
[2021-09-19 01:29:07][I]:最高点后的0-15分钟，进入斐波区间下面的拉升 
[2021-09-19 01:29:07][I]:high_24h=6.262 cur=6.042
[2021-09-19 01:29:35][I]:VIDTBUSD trigerd
[2021-09-19 01:29:36][I]:最高点后的89.6分钟， 拉升 
[2021-09-19 01:29:46][I]:最高点后的45 分钟之后，斐波区间下面的拉升
[2021-09-19 01:29:46][I]:high_24h=1.074 cur=1.0441
[2021-09-19 01:30:55][I]:CFXBUSD trigerd
[2021-09-19 01:31:06][I]:最高点后的0-15分钟，进入斐波区间下面的拉升 
[2021-09-19 01:31:06][I]:high_24h=0.5147 cur=0.2692
[2021-09-19 01:31:36][I]:CFXBUSD trigerd
[2021-09-19 01:31:46][I]:最高点后的0-15分钟，进入斐波区间下面的拉升 
[2021-09-19 01:31:46][I]:high_24h=0.5147 cur=0.2692
[2021-09-19 01:32:26][I]:CFXBUSD trigerd
[2021-09-19 01:32:37][I]:最高点后的0-15分钟，进入斐波区间下面的拉升 
[2021-09-19 01:32:37][I]:high_24h=0.5147 cur=0.2692
[2021-09-19 01:33:00][I]:ANTBUSD trigerd
[2021-09-19 01:33:10][I]:最高点后的0-15分钟，进入斐波区间下面的拉升 
[2021-09-19 01:33:10][I]:high_24h=6.736 cur=6.042
[2021-09-19 01:33:39][I]:CFXBUSD trigerd
[2021-09-19 01:33:49][I]:最高点后的0-15分钟，进入斐波区间下面的拉升 
[2021-09-19 01:33:49][I]:high_24h=0.5147 cur=0.2692
[2021-09-19 01:38:56][I]:CFXBUSD trigerd
[2021-09-19 01:39:06][I]:最高点后的0-15分钟，进入斐波区间下面的拉升 
[2021-09-19 01:39:06][I]:high_24h=0.5147 cur=0.2692
[2021-09-19 01:39:38][I]:CFXBUSD trigerd
[2021-09-19 01:39:48][I]:最高点后的0-15分钟，进入斐波区间下面的拉升 
[2021-09-19 01:39:48][I]:high_24h=0.5147 cur=0.2692
[2021-09-19 01:53:20][I]:CFXBUSD trigerd
[2021-09-19 01:53:31][I]:高点后的15-45分钟，再次进入斐波区间前的拉升 
[2021-09-19 01:53:31][I]:high_24h=0.5147 cur=0.2692
[2021-09-19 01:55:26][I]:CFXBUSD trigerd
[2021-09-19 01:55:36][I]:高点后的15-45分钟，再次进入斐波区间前的拉升 
[2021-09-19 01:55:36][I]:high_24h=0.5147 cur=0.2692
[2021-09-19 01:58:32][I]:CFXBUSD trigerd
[2021-09-19 01:58:43][I]:高点后的15-45分钟，再次进入斐波区间前的拉升 
[2021-09-19 01:58:43][I]:high_24h=0.5147 cur=0.2692
[2021-09-19 02:01:13][I]:CFXBUSD trigerd
[2021-09-19 02:01:23][I]:高点后的15-45分钟，再次进入斐波区间前的拉升 
[2021-09-19 02:01:23][I]:high_24h=0.5147 cur=0.2692
[2021-09-19 02:02:37][I]:CFXBUSD trigerd
[2021-09-19 02:02:48][I]:高点后的15-45分钟，再次进入斐波区间前的拉升 
[2021-09-19 02:02:48][I]:high_24h=0.5147 cur=0.2692
[2021-09-19 02:03:23][I]:DEGOBUSD trigerd
[2021-09-19 02:03:24][I]:最高点后的183.分钟， 拉升 
[2021-09-19 02:03:33][I]:最高点后的45 分钟之后，斐波区间下面的拉升
[2021-09-19 02:03:33][I]:high_24h=9.25 cur=8.95
[2021-09-19 02:04:05][I]:DEGOBUSD trigerd
[2021-09-19 02:04:06][I]:最高点后的184.分钟， 拉升 
[2021-09-19 02:04:15][I]:最高点后的45 分钟之后，斐波区间下面的拉升
[2021-09-19 02:04:15][I]:high_24h=9.25 cur=8.95
[2021-09-19 02:05:46][I]:CFXBUSD trigerd
[2021-09-19 02:05:56][I]:高点后的15-45分钟，再次进入斐波区间前的拉升 
[2021-09-19 02:05:56][I]:high_24h=0.5147 cur=0.2692
[2021-09-19 02:10:30][I]:CFXBUSD trigerd
[2021-09-19 02:10:41][I]:高点后的15-45分钟，再次进入斐波区间前的拉升 
[2021-09-19 02:10:41][I]:high_24h=0.5147 cur=0.2692
[2021-09-19 02:11:06][I]:DEGOBUSD trigerd
[2021-09-19 02:11:07][I]:最高点后的191.分钟， 拉升 
[2021-09-19 02:11:16][I]:最高点后的45 分钟之后，斐波区间下面的拉升
[2021-09-19 02:11:16][I]:high_24h=9.25 cur=8.95
[2021-09-19 02:11:45][I]:DEGOBUSD trigerd
[2021-09-19 02:11:47][I]:最高点后的191.分钟， 拉升 
[2021-09-19 02:11:57][I]:最高点后的45 分钟之后，斐波区间下面的拉升
[2021-09-19 02:11:57][I]:high_24h=9.25 cur=8.95
[2021-09-19 02:12:25][I]:CFXBUSD trigerd
[2021-09-19 02:12:36][I]:高点后的15-45分钟，再次进入斐波区间前的拉升 
[2021-09-19 02:12:36][I]:high_24h=0.5147 cur=0.2692
[2021-09-19 02:12:59][I]:DEGOBUSD trigerd
[2021-09-19 02:13:00][I]:最高点后的193.分钟， 拉升 
[2021-09-19 02:13:09][I]:最高点后的45 分钟之后，斐波区间下面的拉升
[2021-09-19 02:13:09][I]:high_24h=9.25 cur=8.95
[2021-09-19 02:13:40][I]:DEGOBUSD trigerd
[2021-09-19 02:13:41][I]:最高点后的193.分钟， 拉升 
[2021-09-19 02:13:50][I]:最高点后的45 分钟之后，斐波区间下面的拉升
[2021-09-19 02:13:50][I]:high_24h=9.25 cur=8.95
[2021-09-19 02:16:06][I]:CFXBUSD trigerd
[2021-09-19 18:17:24][I]:WRXBUSD trigerd
[2021-09-19 18:17:35][I]:最高点后的0-15分钟，进入斐波区间下面的拉升 
[2021-09-19 18:17:35][I]:high_24h=1.393 cur=1.131
[2021-09-19 18:19:01][I]:OMGBUSD trigerd
[2021-09-19 18:19:12][I]:最高点后的0-15分钟，进入斐波区间下面的拉升 
[2021-09-19 18:19:12][I]:high_24h=9.647 cur=8.583
[2021-09-19 18:23:59][I]:UTKBUSD trigerd
[2021-09-19 18:24:00][I]:最高点后的54.0分钟， 拉升 
[2021-09-19 18:24:09][I]:最高点后的45 分钟之后，斐波区间下面的拉升
[2021-09-19 18:24:09][I]:high_24h=0.4719 cur=0.3707
[2021-09-19 18:24:45][I]:UTKBUSD trigerd
[2021-09-19 18:24:46][I]:最高点后的54.7分钟， 拉升 
[2021-09-19 18:24:55][I]:最高点后的45 分钟之后，斐波区间下面的拉升
[2021-09-19 18:24:55][I]:high_24h=0.4719 cur=0.3707
[2021-09-19 18:26:21][I]:UTKBUSD trigerd
[2021-09-19 18:26:22][I]:最高点后的56.3分钟， 拉升 
[2021-09-19 18:26:31][I]:最高点后的45 分钟之后，斐波区间下面的拉升
[2021-09-19 18:26:31][I]:high_24h=0.4719 cur=0.3707
[2021-09-19 18:27:02][I]:UTKBUSD trigerd
[2021-09-19 18:27:03][I]:最高点后的57.0分钟， 拉升 
[2021-09-19 18:27:12][I]:最高点后的45 分钟之后，斐波区间下面的拉升
[2021-09-19 18:27:12][I]:high_24h=0.4719 cur=0.3707
[2021-09-19 18:28:18][I]:UTKBUSD trigerd
[2021-09-19 18:28:19][I]:最高点后的58.3分钟， 拉升 
[2021-09-19 18:28:28][I]:最高点后的45 分钟之后，斐波区间下面的拉升
[2021-09-19 18:28:28][I]:high_24h=0.4719 cur=0.3707
[2021-09-19 18:29:06][I]:UTKBUSD trigerd
[2021-09-19 18:29:08][I]:最高点后的59.1分钟， 拉升 
[2021-09-19 18:29:17][I]:最高点后的45 分钟之后，斐波区间下面的拉升
[2021-09-19 18:29:17][I]:high_24h=0.4719 cur=0.3707
[2021-09-19 18:29:48][I]:UTKBUSD trigerd
[2021-09-19 18:29:49][I]:最高点后的59.8分钟， 拉升 
[2021-09-19 18:29:58][I]:最高点后的45 分钟之后，斐波区间下面的拉升
[2021-09-19 18:29:58][I]:high_24h=0.4719 cur=0.3707
[2021-09-19 18:30:56][I]:UTKBUSD trigerd
[2021-09-19 18:31:07][I]:最高点后的0-15分钟，进入斐波区间下面的拉升 
[2021-09-19 18:31:07][I]:high_24h=0.5198 cur=0.3707
[2021-09-19 18:31:43][I]:UTKBUSD trigerd
[2021-09-19 18:31:53][I]:最高点后的0-15分钟，进入斐波区间下面的拉升 
[2021-09-19 18:31:53][I]:high_24h=0.5198 cur=0.3707
[2021-09-19 18:32:50][I]:UTKBUSD trigerd
[2021-09-19 18:33:00][I]:最高点后的0-15分钟，进入斐波区间下面的拉升 
[2021-09-19 18:33:00][I]:high_24h=0.5198 cur=0.3707
[2021-09-19 18:37:35][I]:AUCTIONBUSD trigerd
[2021-09-19 18:37:45][I]:高点后的15-45分钟，再次进入斐波区间前的拉升 
[2021-09-19 18:37:45][I]:high_24h=39.17 cur=28.31
[2021-09-19 18:38:35][I]:AUCTIONBUSD trigerd
[2021-09-19 18:38:46][I]:高点后的15-45分钟，再次进入斐波区间前的拉升 
[2021-09-19 18:38:46][I]:high_24h=39.17 cur=28.31
[2021-09-19 18:39:25][I]:AUCTIONBUSD trigerd
[2021-09-19 18:39:36][I]:高点后的15-45分钟，再次进入斐波区间前的拉升 
[2021-09-19 18:39:36][I]:high_24h=39.17 cur=28.31
[2021-09-19 18:41:52][I]:TKOBUSD trigerd
[2021-09-19 18:41:53][I]:最高点后的206.分钟， 拉升 
[2021-09-19 18:42:02][I]:最高点后的45 分钟之后，斐波区间下面的拉升
[2021-09-19 18:42:02][I]:high_24h=2.391 cur=2.043
[2021-09-19 18:46:14][I]:UTKBUSD trigerd
[2021-09-19 18:46:25][I]:最高点后的0-15分钟，进入斐波区间下面的拉升 
[2021-09-19 18:46:25][I]:high_24h=0.54 cur=0.3707
[2021-09-19 18:47:10][I]:UTKBUSD trigerd
[2021-09-19 18:47:20][I]:最高点后的0-15分钟，进入斐波区间下面的拉升 
[2021-09-19 18:47:20][I]:high_24h=0.54 cur=0.3707
[2021-09-19 18:48:18][I]:OMBUSD trigerd
[2021-09-19 18:48:19][I]:最高点后的63.3分钟， 拉升 
[2021-09-19 18:48:28][I]:最高点后的45 分钟之后，斐波区间下面的拉升
[2021-09-19 18:48:28][I]:high_24h=0.3736 cur=0.2251
[2021-09-19 18:48:53][I]:CKBBUSD trigerd
[2021-09-19 18:48:53][I]:最高点后的378.分钟， 拉升 
[2021-09-19 18:49:03][I]:最高点后的45 分钟之后，持续爆拉升突破前高10%... 
[2021-09-19 18:49:03][I]:high_24h=0.01768 cur=0.01651
[2021-09-19 18:49:32][I]:CKBBUSD trigerd
[2021-09-19 18:49:33][I]:最高点后的379.分钟， 拉升 
[2021-09-19 18:49:43][I]:最高点后的45 分钟之后，持续爆拉升突破前高10%... 
[2021-09-19 18:49:43][I]:high_24h=0.01768 cur=0.01651
[2021-09-19 18:50:54][I]:CKBBUSD trigerd
[2021-09-19 18:50:55][I]:最高点后的380.分钟， 拉升 
[2021-09-19 18:51:05][I]:最高点后的45 分钟之后，持续爆拉升突破前高10%... 
[2021-09-19 18:51:05][I]:high_24h=0.01768 cur=0.01651
[2021-09-19 18:51:44][I]:CKBBUSD trigerd
[2021-09-19 18:51:45][I]:最高点后的381.分钟， 拉升 
[2021-09-19 18:51:54][I]:最高点后的45 分钟之后，持续爆拉升突破前高10%... 
[2021-09-19 18:51:54][I]:high_24h=0.01768 cur=0.01651
[2021-09-19 18:53:20][I]:CKBBUSD trigerd
[2021-09-19 18:53:21][I]:最高点后的383.分钟， 拉升 
[2021-09-19 18:53:30][I]:最高点后的45 分钟之后，持续爆拉升突破前高10%... 
[2021-09-19 18:53:30][I]:high_24h=0.01768 cur=0.01651
[2021-09-19 18:57:33][I]:CKBBUSD trigerd
[2021-09-19 18:57:34][I]:最高点后的387.分钟， 拉升 
[2021-09-19 18:57:43][I]:最高点后的45 分钟之后，持续爆拉升突破前高10%... 
[2021-09-19 18:57:43][I]:high_24h=0.01768 cur=0.01651
[2021-09-19 18:58:20][I]:CKBBUSD trigerd
[2021-09-19 18:58:21][I]:最高点后的388.分钟， 拉升 
[2021-09-19 18:58:31][I]:最高点后的45 分钟之后，持续爆拉升突破前高10%... 
[2021-09-19 18:58:31][I]:high_24h=0.01768 cur=0.01651
[2021-09-19 19:01:18][I]:CKBBUSD trigerd
[2021-09-19 19:01:28][I]:最高点后的0-15分钟，进入斐波区间下面的拉升 
[2021-09-19 19:01:28][I]:high_24h=0.01861 cur=0.01651
[2021-09-19 19:03:05][I]:CKBBUSD trigerd
[2021-09-19 19:03:16][I]:最高点后的0-15分钟，进入斐波区间下面的拉升 
[2021-09-19 19:03:16][I]:high_24h=0.01861 cur=0.01651
[2021-09-19 19:03:46][I]:OMBUSD trigerd
[2021-09-19 19:03:47][I]:最高点后的78.7分钟， 拉升 
[2021-09-19 19:03:56][I]:最高点后的45 分钟之后，斐波区间下面的拉升
[2021-09-19 19:03:56][I]:high_24h=0.3736 cur=0.2251
[2021-09-19 19:04:28][I]:OMBUSD trigerd
[2021-09-19 19:04:29][I]:最高点后的79.4分钟， 拉升 
[2021-09-19 19:04:38][I]:最高点后的45 分钟之后，斐波区间下面的拉升
[2021-09-19 19:04:38][I]:high_24h=0.3736 cur=0.2251
[2021-09-19 19:06:16][I]:OMBUSD trigerd
[2021-09-19 19:06:17][I]:最高点后的81.2分钟， 拉升 
[2021-09-19 19:06:26][I]:最高点后的45 分钟之后，斐波区间下面的拉升
[2021-09-19 19:06:26][I]:high_24h=0.3736 cur=0.2251
[2021-09-19 19:08:24][I]:OMBUSD trigerd
[2021-09-19 19:08:25][I]:最高点后的83.4分钟， 拉升 
[2021-09-19 19:08:34][I]:最高点后的45 分钟之后，斐波区间下面的拉升
[2021-09-19 19:08:34][I]:high_24h=0.3736 cur=0.2251
[2021-09-19 19:13:59][I]:FISBUSD trigerd
[2021-09-19 19:14:00][I]:最高点后的194.分钟， 拉升 
[2021-09-19 19:14:09][I]:最高点后的45 分钟之后，斐波区间下面的拉升
[2021-09-19 19:14:09][I]:high_24h=2.1359 cur=1.54
[2021-09-19 19:14:40][I]:FISBUSD trigerd
[2021-09-19 19:14:41][I]:最高点后的194.分钟， 拉升 
[2021-09-19 19:14:50][I]:最高点后的45 分钟之后，斐波区间下面的拉升
[2021-09-19 19:14:50][I]:high_24h=2.1359 cur=1.54
[2021-09-19 19:15:56][I]:FISBUSD trigerd
[2021-09-19 19:15:57][I]:最高点后的195.分钟， 拉升 
[2021-09-19 19:16:07][I]:最高点后的45 分钟之后，斐波区间下面的拉升
[2021-09-19 19:16:07][I]:high_24h=2.1359 cur=1.54
[2021-09-19 19:20:42][I]:FISBUSD trigerd
[2021-09-19 19:20:43][I]:最高点后的200.分钟， 拉升 
[2021-09-19 19:20:53][I]:最高点后的45 分钟之后，斐波区间下面的拉升
[2021-09-19 19:20:53][I]:high_24h=2.1359 cur=1.54
[2021-09-19 19:21:17][I]:AUCTIONBUSD trigerd
[2021-09-19 19:21:18][I]:最高点后的66.3分钟， 拉升 
[2021-09-19 19:21:27][I]:最高点后的45 分钟之后，斐波区间下面的拉升
[2021-09-19 19:21:27][I]:high_24h=39.17 cur=28.31
[2021-09-19 19:22:00][I]:AUCTIONBUSD trigerd
[2021-09-19 19:22:00][I]:最高点后的67.0分钟， 拉升 
[2021-09-19 19:22:10][I]:最高点后的45 分钟之后，斐波区间下面的拉升
[2021-09-19 19:22:10][I]:high_24h=39.17 cur=28.31
[2021-09-19 19:26:15][I]:AUCTIONBUSD trigerd
[2021-09-19 19:26:16][I]:最高点后的71.2分钟， 拉升 
[2021-09-19 19:26:25][I]:最高点后的45 分钟之后，斐波区间下面的拉升
[2021-09-19 19:26:25][I]:high_24h=39.17 cur=28.31
[2021-09-19 19:26:56][I]:AUCTIONBUSD trigerd
[2021-09-19 19:26:57][I]:最高点后的71.9分钟， 拉升 
[2021-09-19 19:27:06][I]:最高点后的45 分钟之后，斐波区间下面的拉升
[2021-09-19 19:27:06][I]:high_24h=39.17 cur=28.31
[2021-09-19 19:27:39][I]:WRXBUSD trigerd
[2021-09-19 19:27:40][I]:最高点后的72.6分钟， 拉升 
[2021-09-19 19:27:50][I]:最高点后的45 分钟之后，斐波区间下面的拉升
[2021-09-19 19:27:50][I]:high_24h=1.393 cur=1.131
[2021-09-19 19:28:22][I]:WRXBUSD trigerd
[2021-09-19 19:28:23][I]:最高点后的73.3分钟， 拉升 
[2021-09-19 19:28:32][I]:最高点后的45 分钟之后，斐波区间下面的拉升
[2021-09-19 19:28:32][I]:high_24h=1.393 cur=1.131
[2021-09-19 19:29:05][I]:WRXBUSD trigerd
[2021-09-19 19:29:06][I]:最高点后的74.1分钟， 拉升 
[2021-09-19 19:29:15][I]:最高点后的45 分钟之后，斐波区间下面的拉升
[2021-09-19 19:29:15][I]:high_24h=1.393 cur=1.131
[2021-09-19 19:29:46][I]:WRXBUSD trigerd
[2021-09-19 19:29:47][I]:最高点后的74.7分钟， 拉升 
[2021-09-19 19:29:56][I]:最高点后的45 分钟之后，斐波区间下面的拉升
[2021-09-19 19:29:56][I]:high_24h=1.393 cur=1.131
[2021-09-19 19:32:00][I]:FISBUSD trigerd
[2021-09-19 19:32:02][I]:最高点后的212.分钟， 拉升 
[2021-09-19 19:32:11][I]:最高点后的45 分钟之后，斐波区间下面的拉升
[2021-09-19 19:32:11][I]:high_24h=2.1359 cur=1.54
[2021-09-19 19:32:43][I]:FISBUSD trigerd
[2021-09-19 19:32:44][I]:最高点后的212.分钟， 拉升 
[2021-09-19 19:32:53][I]:最高点后的45 分钟之后，斐波区间下面的拉升
[2021-09-19 19:32:53][I]:high_24h=2.1359 cur=1.54
[2021-09-19 19:33:23][I]:FISBUSD trigerd
[2021-09-19 19:33:24][I]:最高点后的213.分钟， 拉升 
[2021-09-19 19:33:34][I]:最高点后的45 分钟之后，斐波区间下面的拉升
[2021-09-19 19:33:34][I]:high_24h=2.1359 cur=1.54
[2021-09-19 19:34:15][I]:FISBUSD trigerd
[2021-09-19 19:34:16][I]:最高点后的214.分钟， 拉升 
[2021-09-19 19:34:25][I]:最高点后的45 分钟之后，斐波区间下面的拉升
[2021-09-19 19:34:25][I]:high_24h=2.1359 cur=1.54
[2021-09-19 19:34:56][I]:YFIIBUSD trigerd
[2021-09-19 19:34:57][I]:最高点后的64.9分钟， 拉升 
[2021-09-19 19:35:07][I]:最高点后的45 分钟之后，斐波区间下面的拉升
[2021-09-19 19:35:07][I]:high_24h=5194.0 cur=4226.0
[2021-09-19 19:35:37][I]:FISBUSD trigerd
[2021-09-19 19:35:40][I]:最高点后的215.分钟， 拉升 
[2021-09-19 19:35:49][I]:最高点后的45 分钟之后，斐波区间下面的拉升
[2021-09-19 19:35:49][I]:high_24h=2.1359 cur=1.54
[2021-09-19 19:37:05][I]:FISBUSD trigerd
[2021-09-19 19:37:06][I]:最高点后的217.分钟， 拉升 
[2021-09-19 19:37:15][I]:最高点后的45 分钟之后，斐波区间下面的拉升
[2021-09-19 19:37:15][I]:high_24h=2.1359 cur=1.54
[2021-09-19 19:37:56][I]:FISBUSD trigerd
[2021-09-19 19:37:57][I]:最高点后的217.分钟， 拉升 
[2021-09-19 19:38:06][I]:最高点后的45 分钟之后，斐波区间下面的拉升
[2021-09-19 19:38:06][I]:high_24h=2.1359 cur=1.54
[2021-09-19 19:38:55][I]:FISBUSD trigerd
[2021-09-19 19:38:56][I]:最高点后的218.分钟， 拉升 
[2021-09-19 19:39:05][I]:最高点后的45 分钟之后，斐波区间下面的拉升
[2021-09-19 19:39:05][I]:high_24h=2.1359 cur=1.54
[2021-09-19 19:43:49][I]:CKBBUSD trigerd
[2021-09-19 19:43:59][I]:高点后的15-45分钟，再次进入斐波区间前的拉升 
[2021-09-19 19:43:59][I]:high_24h=0.0191 cur=0.01651
[2021-09-19 19:44:30][I]:CKBBUSD trigerd
[2021-09-19 19:44:40][I]:高点后的15-45分钟，再次进入斐波区间前的拉升 
[2021-09-19 19:44:40][I]:high_24h=0.0191 cur=0.01651
[2021-09-19 19:52:24][I]:AUCTIONBUSD trigerd
[2021-09-19 19:52:25][I]:最高点后的97.4分钟， 拉升 
[2021-09-19 19:52:34][I]:最高点后的45 分钟之后，斐波区间下面的拉升
[2021-09-19 19:52:34][I]:high_24h=39.17 cur=28.31
[2021-09-19 19:54:51][I]:FISBUSD trigerd
[2021-09-19 19:54:53][I]:最高点后的234.分钟， 拉升 
[2021-09-19 19:55:02][I]:最高点后的45 分钟之后，斐波区间下面的拉升
[2021-09-19 19:55:02][I]:high_24h=2.1359 cur=1.54
[2021-09-19 20:02:33][I]:MASKBUSD trigerd
[2021-09-19 20:02:34][I]:最高点后的122.分钟， 拉升 
[2021-09-19 20:02:36][I]:MASKBUSD trigerd
[2021-09-19 20:02:37][I]:最高点后的122.分钟， 拉升 
[2021-09-19 20:02:47][I]:最高点后的45 分钟之后，持续爆拉升突破前高10%... 
[2021-09-19 20:02:47][I]:high_24h=12.571 cur=11.382
[2021-09-19 20:04:24][I]:CFXBUSD trigerd
[2021-09-19 20:04:25][I]:最高点后的169.分钟， 拉升 
[2021-09-19 20:04:35][I]:最高点后的45 分钟之后，斐波区间下面的拉升
[2021-09-19 20:04:35][I]:high_24h=0.775 cur=0.2502
[2021-09-19 20:09:48][I]:CFXBUSD trigerd
[2021-09-19 20:09:49][I]:CFXBUSD trigerd
[2021-09-19 20:09:49][I]:最高点后的174.分钟， 拉升 
[2021-09-19 20:09:50][I]:最高点后的174.分钟， 拉升 
[2021-09-19 20:09:59][I]:最高点后的45 分钟之后，斐波区间下面的拉升
[2021-09-19 20:09:59][I]:high_24h=0.775 cur=0.2502
[2021-09-19 20:09:59][I]:最高点后的45 分钟之后，斐波区间下面的拉升
[2021-09-19 20:09:59][I]:high_24h=0.775 cur=0.2502
[2021-09-19 20:12:48][I]:WRXBUSD trigerd
[2021-09-19 20:12:48][I]:WRXBUSD trigerd
[2021-09-19 20:12:50][I]:最高点后的117.分钟， 拉升 
[2021-09-19 20:12:50][I]:最高点后的117.分钟， 拉升 
[2021-09-19 20:12:53][I]:WRXBUSD trigerd
[2021-09-19 20:12:55][I]:最高点后的117.分钟， 拉升 
[2021-09-19 20:12:59][I]:最高点后的45 分钟之后，斐波区间下面的拉升
[2021-09-19 20:12:59][I]:high_24h=1.393 cur=1.131
[2021-09-19 20:12:59][I]:最高点后的45 分钟之后，斐波区间下面的拉升
[2021-09-19 20:12:59][I]:high_24h=1.393 cur=1.131
[2021-09-19 20:13:04][I]:最高点后的45 分钟之后，斐波区间下面的拉升
[2021-09-19 20:13:04][I]:high_24h=1.393 cur=1.131
[2021-09-19 20:13:33][I]:AUCTIONBUSD trigerd
[2021-09-19 20:13:35][I]:最高点后的118.分钟， 拉升 
[2021-09-19 20:13:36][I]:AUCTIONBUSD trigerd
[2021-09-19 20:13:37][I]:最高点后的118.分钟， 拉升 
[2021-09-19 20:13:44][I]:最高点后的45 分钟之后，斐波区间下面的拉升
[2021-09-19 20:13:44][I]:high_24h=39.17 cur=28.31
[2021-09-19 20:13:47][I]:最高点后的45 分钟之后，斐波区间下面的拉升
[2021-09-19 20:13:47][I]:high_24h=39.17 cur=28.31
[2021-09-19 20:22:44][I]:WRXBUSD trigerd
[2021-09-19 20:22:45][I]:最高点后的127.分钟， 拉升 
[2021-09-19 20:22:46][I]:WRXBUSD trigerd
[2021-09-19 20:22:47][I]:最高点后的127.分钟， 拉升 
[2021-09-19 20:22:54][I]:最高点后的45 分钟之后，斐波区间下面的拉升
[2021-09-19 20:22:54][I]:high_24h=1.393 cur=1.131
[2021-09-19 20:22:56][I]:最高点后的45 分钟之后，斐波区间下面的拉升
[2021-09-19 20:22:56][I]:high_24h=1.393 cur=1.131
[2021-09-19 20:24:50][I]:WRXBUSD trigerd
[2021-09-19 20:24:51][I]:WRXBUSD trigerd
[2021-09-19 20:24:51][I]:最高点后的129.分钟， 拉升 
[2021-09-19 20:24:52][I]:最高点后的129.分钟， 拉升 
[2021-09-19 20:25:01][I]:最高点后的45 分钟之后，斐波区间下面的拉升
[2021-09-19 20:25:01][I]:high_24h=1.393 cur=1.131
[2021-09-19 20:25:01][I]:最高点后的45 分钟之后，斐波区间下面的拉升
[2021-09-19 20:25:01][I]:high_24h=1.393 cur=1.131
[2021-09-19 20:44:44][I]:CFXBUSD trigerd
[2021-09-19 20:44:45][I]:最高点后的209.分钟， 拉升 
[2021-09-19 20:44:55][I]:最高点后的45 分钟之后，斐波区间下面的拉升
[2021-09-19 20:44:55][I]:high_24h=0.775 cur=0.2502
[2021-09-19 20:48:17][I]:UTKBUSD trigerd
[2021-09-19 20:48:18][I]:最高点后的123.分钟， 拉升 
[2021-09-19 20:48:27][I]:最高点后的45 分钟之后，斐波区间下面的拉升
[2021-09-19 20:48:27][I]:high_24h=0.54 cur=0.3707
[2021-09-19 20:48:29][I]:UTKBUSD trigerd
[2021-09-19 20:48:30][I]:最高点后的123.分钟， 拉升 
[2021-09-19 20:48:34][I]:UTKBUSD trigerd
[2021-09-19 20:48:35][I]:最高点后的123.分钟， 拉升 
[2021-09-19 20:48:58][I]:UTKBUSD trigerd
[2021-09-19 20:48:59][I]:最高点后的123.分钟， 拉升 
[2021-09-19 20:49:08][I]:最高点后的45 分钟之后，斐波区间下面的拉升
[2021-09-19 20:49:08][I]:high_24h=0.54 cur=0.3707
[2021-09-19 20:49:39][I]:OMBUSD trigerd
[2021-09-19 20:49:40][I]:最高点后的184.分钟， 拉升 
[2021-09-19 20:49:49][I]:最高点后的45 分钟之后，斐波区间下面的拉升
[2021-09-19 20:49:49][I]:high_24h=0.3736 cur=0.2251
[2021-09-19 20:58:11][I]:NEARBUSD trigerd
[2021-09-19 20:58:12][I]:最高点后的103.分钟， 拉升 
[2021-09-19 20:58:21][I]:最高点后的45 分钟之后，斐波区间下面的拉升
[2021-09-19 20:58:21][I]:high_24h=9.395 cur=8.213
[2021-09-19 21:01:14][I]:NEARBUSD trigerd
[2021-09-19 21:01:24][I]:最高点后的0-15分钟，进入斐波区间下面的拉升 
[2021-09-19 21:01:24][I]:high_24h=9.499 cur=8.213
[2021-09-19 21:03:39][I]:OMBUSD trigerd
[2021-09-19 21:03:40][I]:最高点后的198.分钟， 拉升 
[2021-09-19 21:03:50][I]:最高点后的45 分钟之后，斐波区间下面的拉升
[2021-09-19 21:03:50][I]:high_24h=0.3736 cur=0.2251
[2021-09-19 21:04:22][I]:OMBUSD trigerd
[2021-09-19 21:04:22][I]:最高点后的199.分钟， 拉升 
[2021-09-19 21:04:32][I]:最高点后的45 分钟之后，斐波区间下面的拉升
[2021-09-19 21:04:32][I]:high_24h=0.3736 cur=0.2251
[2021-09-19 21:12:21][I]:DEXEBUSD trigerd
[2021-09-19 21:12:22][I]:最高点后的312.分钟， 拉升 
[2021-09-19 21:12:32][I]:最高点后的45 分钟之后，斐波区间下面的拉升
[2021-09-19 21:12:32][I]:high_24h=14.2 cur=12.1
[2021-09-19 21:13:35][I]:DEXEBUSD trigerd
[2021-09-19 21:13:36][I]:最高点后的313.分钟， 拉升 
[2021-09-19 21:13:46][I]:最高点后的45 分钟之后，斐波区间下面的拉升
[2021-09-19 21:13:46][I]:high_24h=14.2 cur=12.1
[2021-09-19 21:14:17][I]:DEXEBUSD trigerd
[2021-09-19 21:14:18][I]:最高点后的314.分钟， 拉升 
[2021-09-19 21:14:27][I]:最高点后的45 分钟之后，斐波区间下面的拉升
[2021-09-19 21:14:27][I]:high_24h=14.2 cur=12.1
[2021-09-19 21:14:58][I]:CKBBUSD trigerd
[2021-09-19 21:14:59][I]:最高点后的119.分钟， 拉升 
[2021-09-19 21:15:09][I]:最高点后的45 分钟之后，斐波区间下面的拉升
[2021-09-19 21:15:09][I]:high_24h=0.0191 cur=0.01651
[2021-09-19 21:18:05][I]:DEXEBUSD trigerd
[2021-09-19 21:18:16][I]:最高点后的0-15分钟，进入斐波区间下面的拉升 
[2021-09-19 21:18:16][I]:high_24h=14.96 cur=12.1
[2021-09-19 21:19:05][I]:DEXEBUSD trigerd
[2021-09-19 21:19:15][I]:最高点后的0-15分钟，进入斐波区间下面的拉升 
[2021-09-19 21:19:15][I]:high_24h=14.96 cur=12.1
[2021-09-19 21:19:55][I]:DEXEBUSD trigerd
[2021-09-19 21:20:06][I]:最高点后的0-15分钟，进入斐波区间下面的拉升 
[2021-09-19 21:20:06][I]:high_24h=14.96 cur=12.1
[2021-09-19 21:52:16][I]:UTKBUSD trigerd
[2021-09-19 21:52:17][I]:最高点后的187.分钟， 拉升 
[2021-09-19 21:52:26][I]:最高点后的45 分钟之后，斐波区间下面的拉升
[2021-09-19 21:52:26][I]:high_24h=0.54 cur=0.3707
[2021-09-19 21:52:58][I]:UTKBUSD trigerd
[2021-09-19 21:52:59][I]:最高点后的187.分钟， 拉升 
[2021-09-19 21:53:09][I]:最高点后的45 分钟之后，斐波区间下面的拉升
[2021-09-19 21:53:09][I]:high_24h=0.54 cur=0.3707
[2021-09-19 21:54:12][I]:UTKBUSD trigerd
[2021-09-19 21:54:12][I]:最高点后的189.分钟， 拉升 
[2021-09-19 21:54:22][I]:最高点后的45 分钟之后，斐波区间下面的拉升
[2021-09-19 21:54:22][I]:high_24h=0.54 cur=0.3707
[2021-09-19 22:12:44][I]:DEXEBUSD trigerd
[2021-09-19 22:12:54][I]:高点后的15-45分钟，再次进入斐波区间前的拉升 
[2021-09-19 22:12:54][I]:high_24h=15.39 cur=12.1
[2021-09-19 22:13:44][I]:DEXEBUSD trigerd
[2021-09-19 22:13:54][I]:高点后的15-45分钟，再次进入斐波区间前的拉升 
[2021-09-19 22:13:54][I]:high_24h=15.39 cur=12.1
[2021-09-19 22:33:32][I]:FORTHBUSD trigerd
[2021-09-19 22:33:33][I]:最高点后的108.分钟， 拉升 
[2021-09-19 22:33:43][I]:最高点后的45 分钟之后，斐波区间下面的拉升
[2021-09-19 22:33:43][I]:high_24h=16.32 cur=14.55
[2021-09-19 22:34:14][I]:FORTHBUSD trigerd
[2021-09-19 22:34:15][I]:最高点后的109.分钟， 拉升 
[2021-09-19 22:34:25][I]:最高点后的45 分钟之后，斐波区间下面的拉升
[2021-09-19 22:34:25][I]:high_24h=16.32 cur=14.55
[2021-09-19 22:34:56][I]:FORTHBUSD trigerd
[2021-09-19 22:34:57][I]:最高点后的109.分钟， 拉升 
[2021-09-19 22:35:06][I]:最高点后的45 分钟之后，斐波区间下面的拉升
[2021-09-19 22:35:06][I]:high_24h=16.32 cur=14.55
[2021-09-19 22:36:33][I]:FORTHBUSD trigerd
[2021-09-19 22:36:34][I]:最高点后的111.分钟， 拉升 
[2021-09-19 22:36:43][I]:最高点后的45 分钟之后，斐波区间下面的拉升
[2021-09-19 22:36:43][I]:high_24h=16.32 cur=14.55
[2021-09-19 22:37:35][I]:FORTHBUSD trigerd
[2021-09-19 22:37:36][I]:最高点后的112.分钟， 拉升 
[2021-09-19 22:37:45][I]:最高点后的45 分钟之后，斐波区间下面的拉升
[2021-09-19 22:37:45][I]:high_24h=16.32 cur=14.55
[2021-09-19 22:39:07][I]:FORTHBUSD trigerd
[2021-09-19 22:39:08][I]:最高点后的114.分钟， 拉升 
[2021-09-19 22:39:17][I]:最高点后的45 分钟之后，斐波区间下面的拉升
[2021-09-19 22:39:17][I]:high_24h=16.32 cur=14.55
[2021-09-19 22:39:57][I]:FORTHBUSD trigerd
[2021-09-19 22:39:58][I]:最高点后的114.分钟， 拉升 
[2021-09-19 22:40:07][I]:最高点后的45 分钟之后，斐波区间下面的拉升
[2021-09-19 22:40:07][I]:high_24h=16.32 cur=14.55
[2021-09-19 22:40:38][I]:FORTHBUSD trigerd
[2021-09-19 22:40:39][I]:最高点后的115.分钟， 拉升 
[2021-09-19 22:40:49][I]:最高点后的45 分钟之后，斐波区间下面的拉升
[2021-09-19 22:40:49][I]:high_24h=16.32 cur=14.55
[2021-09-19 22:41:39][I]:FORTHBUSD trigerd
[2021-09-19 22:41:40][I]:最高点后的116.分钟， 拉升 
[2021-09-19 22:41:49][I]:最高点后的45 分钟之后，斐波区间下面的拉升
[2021-09-19 22:41:49][I]:high_24h=16.32 cur=14.55
[2021-09-19 22:42:23][I]:FORTHBUSD trigerd
[2021-09-19 22:42:24][I]:最高点后的117.分钟， 拉升 
[2021-09-19 22:42:34][I]:最高点后的45 分钟之后，斐波区间下面的拉升
[2021-09-19 22:42:34][I]:high_24h=16.32 cur=14.55
[2021-09-19 22:43:06][I]:FORTHBUSD trigerd
[2021-09-19 22:43:07][I]:最高点后的118.分钟， 拉升 
[2021-09-19 22:43:17][I]:最高点后的45 分钟之后，斐波区间下面的拉升
[2021-09-19 22:43:17][I]:high_24h=16.32 cur=14.55
[2021-09-19 22:43:47][I]:FORTHBUSD trigerd
[2021-09-19 22:43:48][I]:最高点后的118.分钟， 拉升 
[2021-09-19 22:43:58][I]:最高点后的45 分钟之后，斐波区间下面的拉升
[2021-09-19 22:43:58][I]:high_24h=16.32 cur=14.55
[2021-09-19 22:44:38][I]:FORTHBUSD trigerd
[2021-09-19 22:44:39][I]:最高点后的119.分钟， 拉升 
[2021-09-19 22:44:49][I]:最高点后的45 分钟之后，斐波区间下面的拉升
[2021-09-19 22:44:49][I]:high_24h=16.32 cur=14.55
[2021-09-19 22:46:13][I]:FORTHBUSD trigerd
[2021-09-19 22:46:23][I]:最高点后的0-15分钟，进入斐波区间下面的拉升 
[2021-09-19 22:46:23][I]:high_24h=18.95 cur=14.55
[2021-09-19 22:46:55][I]:FORTHBUSD trigerd
[2021-09-19 22:47:05][I]:最高点后的0-15分钟，进入斐波区间下面的拉升 
[2021-09-19 22:47:05][I]:high_24h=18.95 cur=14.55
[2021-09-19 23:04:23][I]:CFXBUSD trigerd
[2021-09-19 23:04:24][I]:最高点后的349.分钟， 拉升 
[2021-09-19 23:04:34][I]:最高点后的45 分钟之后，斐波区间下面的拉升
[2021-09-19 23:04:34][I]:high_24h=0.775 cur=0.2502
[2021-09-19 23:09:08][I]:CKBBUSD trigerd
[2021-09-19 23:09:09][I]:最高点后的234.分钟， 拉升 
[2021-09-19 23:09:18][I]:最高点后的45 分钟之后，斐波区间下面的拉升
[2021-09-19 23:09:18][I]:high_24h=0.0191 cur=0.01651
[2021-09-19 23:09:50][I]:CKBBUSD trigerd
[2021-09-19 23:09:51][I]:最高点后的234.分钟， 拉升 
[2021-09-19 23:10:00][I]:最高点后的45 分钟之后，斐波区间下面的拉升
[2021-09-19 23:10:00][I]:high_24h=0.0191 cur=0.01651
[2021-09-19 23:17:46][I]:CFXBUSD trigerd
[2021-09-19 23:17:47][I]:最高点后的362.分钟， 拉升 
[2021-09-19 23:17:56][I]:最高点后的45 分钟之后，斐波区间下面的拉升
[2021-09-19 23:17:56][I]:high_24h=0.775 cur=0.2502
[2021-09-19 23:18:37][I]:CFXBUSD trigerd
[2021-09-19 23:18:38][I]:最高点后的363.分钟， 拉升 
[2021-09-19 23:18:48][I]:最高点后的45 分钟之后，斐波区间下面的拉升
[2021-09-19 23:18:48][I]:high_24h=0.775 cur=0.2502
[2021-09-19 23:24:06][I]:CKBBUSD trigerd
[2021-09-19 23:24:07][I]:最高点后的249.分钟， 拉升 
[2021-09-19 23:24:16][I]:最高点后的45 分钟之后，斐波区间下面的拉升
[2021-09-19 23:24:16][I]:high_24h=0.0191 cur=0.01651
[2021-09-19 23:24:49][I]:CKBBUSD trigerd
[2021-09-19 23:24:50][I]:最高点后的249.分钟， 拉升 
[2021-09-19 23:24:59][I]:最高点后的45 分钟之后，斐波区间下面的拉升
[2021-09-19 23:24:59][I]:high_24h=0.0191 cur=0.01651
[2021-09-19 23:25:53][I]:CKBBUSD trigerd
[2021-09-19 23:25:54][I]:最高点后的250.分钟， 拉升 
[2021-09-19 23:26:04][I]:最高点后的45 分钟之后，斐波区间下面的拉升
[2021-09-19 23:26:04][I]:high_24h=0.0191 cur=0.01651
[2021-09-19 23:26:35][I]:CKBBUSD trigerd
[2021-09-19 23:26:36][I]:最高点后的251.分钟， 拉升 
[2021-09-19 23:26:45][I]:最高点后的45 分钟之后，斐波区间下面的拉升
[2021-09-19 23:26:45][I]:high_24h=0.0191 cur=0.01651
[2021-09-19 23:28:43][I]:AUCTIONBUSD trigerd
[2021-09-19 23:28:44][I]:最高点后的313.分钟， 拉升 
[2021-09-19 23:28:54][I]:最高点后的45 分钟之后，斐波区间下面的拉升
[2021-09-19 23:28:54][I]:high_24h=39.17 cur=28.31
[2021-09-19 23:38:36][I]:DEXEBUSD trigerd
[2021-09-19 23:38:37][I]:最高点后的128.分钟， 拉升 
[2021-09-19 23:38:46][I]:最高点后的45 分钟之后，斐波区间下面的拉升
[2021-09-19 23:38:46][I]:high_24h=15.39 cur=12.1
[2021-09-19 23:39:17][I]:DEXEBUSD trigerd
[2021-09-19 23:39:18][I]:最高点后的129.分钟， 拉升 
[2021-09-19 23:39:27][I]:最高点后的45 分钟之后，斐波区间下面的拉升
[2021-09-19 23:39:27][I]:high_24h=15.39 cur=12.1
[2021-09-19 23:39:58][I]:DEXEBUSD trigerd
[2021-09-19 23:39:59][I]:最高点后的129.分钟， 拉升 
[2021-09-19 23:40:08][I]:最高点后的45 分钟之后，斐波区间下面的拉升
[2021-09-19 23:40:08][I]:high_24h=15.39 cur=12.1
[2021-09-19 23:41:33][I]:FISBUSD trigerd
[2021-09-19 23:41:34][I]:最高点后的461.分钟， 拉升 
[2021-09-19 23:41:43][I]:最高点后的45 分钟之后，斐波区间下面的拉升
[2021-09-19 23:41:43][I]:high_24h=2.1359 cur=1.54
[2021-09-19 23:42:44][I]:FISBUSD trigerd
[2021-09-19 23:42:46][I]:最高点后的462.分钟， 拉升 
[2021-09-19 23:42:55][I]:最高点后的45 分钟之后，斐波区间下面的拉升
[2021-09-19 23:42:55][I]:high_24h=2.1359 cur=1.54
[2021-09-19 23:47:34][I]:DATABUSD trigerd
[2021-09-19 23:47:45][I]:最高点后的0-15分钟，进入斐波区间下面的拉升 
[2021-09-19 23:47:45][I]:high_24h=0.14267 cur=0.1202
[2021-09-19 23:47:56][I]:DATABUSD trigerd
[2021-09-19 23:48:06][I]:最高点后的0-15分钟，进入斐波区间下面的拉升 
[2021-09-19 23:48:06][I]:high_24h=0.14267 cur=0.1202
[2021-09-19 23:48:16][I]:DATABUSD trigerd
[2021-09-19 23:48:27][I]:最高点后的0-15分钟，进入斐波区间下面的拉升 
[2021-09-19 23:48:27][I]:high_24h=0.14267 cur=0.1202
[2021-09-19 23:49:23][I]:DATABUSD trigerd
[2021-09-19 23:49:33][I]:最高点后的0-15分钟，进入斐波区间下面的拉升 
[2021-09-19 23:49:33][I]:high_24h=0.14267 cur=0.1202
[2021-09-19 23:49:43][I]:DATABUSD trigerd
[2021-09-19 23:49:55][I]:最高点后的0-15分钟，进入斐波区间下面的拉升 
[2021-09-19 23:49:55][I]:high_24h=0.14267 cur=0.1202
[2021-09-19 23:51:07][I]:DATABUSD trigerd
[2021-09-19 23:51:17][I]:最高点后的0-15分钟，进入斐波区间下面的拉升 
[2021-09-19 23:51:17][I]:high_24h=0.14267 cur=0.1202
[2021-09-19 23:51:32][I]:DATABUSD trigerd
[2021-09-19 23:51:42][I]:最高点后的0-15分钟，进入斐波区间下面的拉升 
[2021-09-19 23:51:42][I]:high_24h=0.14267 cur=0.1202
[2021-09-19 23:53:35][I]:CKBBUSD trigerd
[2021-09-19 23:53:37][I]:最高点后的278.分钟， 拉升 
[2021-09-19 23:53:46][I]:最高点后的45 分钟之后，斐波区间下面的拉升
[2021-09-19 23:53:46][I]:high_24h=0.0191 cur=0.01651
[2021-09-19 23:58:28][I]:DATABUSD trigerd
[2021-09-19 23:58:38][I]:最高点后的0-15分钟，进入斐波区间下面的拉升 
[2021-09-19 23:58:38][I]:high_24h=0.14267 cur=0.1202
[2021-09-19 23:58:49][I]:DATABUSD trigerd
[2021-09-19 23:59:00][I]:最高点后的0-15分钟，进入斐波区间下面的拉升 
[2021-09-19 23:59:00][I]:high_24h=0.14267 cur=0.1202
[2021-09-19 23:59:32][I]:DATABUSD trigerd
[2021-09-19 23:59:42][I]:最高点后的0-15分钟，进入斐波区间下面的拉升 
[2021-09-19 23:59:42][I]:high_24h=0.14267 cur=0.1202
