[2021-09-08 00:00:10][I]:ROSEBUSD trigerd
[2021-09-08 00:00:56][I]:ROSEBUSD trigerd
[2021-09-08 00:03:15][I]:RAMPBUSD trigerd
[2021-09-08 00:04:10][I]:AUCTIONBUSD trigerd
[2021-09-08 00:04:48][I]:ROSEBUSD trigerd
[2021-09-08 00:06:46][I]:IDEXBUSD trigerd
[2021-09-08 00:07:11][I]:AUTOBUSD trigerd
[2021-09-08 00:07:49][I]:QNTBUSD trigerd
[2021-09-08 00:08:23][I]:IDEXBUSD trigerd
[2021-09-08 00:09:19][I]:IDEXBUSD trigerd
[2021-09-08 00:09:54][I]:QNTBUSD trigerd
[2021-09-08 00:10:33][I]:IDEXBUSD trigerd
[2021-09-08 00:11:34][I]:ROSEBUSD trigerd
[2021-09-08 00:11:59][I]:SOLBUSD trigerd
[2021-09-08 00:12:54][I]:AUTOBUSD trigerd
[2021-09-08 00:13:55][I]:SOLBUSD trigerd
[2021-09-08 00:14:41][I]:ROSEBUSD trigerd
[2021-09-08 00:15:33][I]:DFBUSD trigerd
[2021-09-08 00:16:06][I]:VIDTBUSD trigerd
[2021-09-08 00:16:47][I]:IDEXBUSD trigerd
[2021-09-08 00:17:17][I]:VIDTBUSD trigerd
[2021-09-08 00:18:13][I]:DFBUSD trigerd
[2021-09-08 00:18:40][I]:FTMBUSD trigerd
[2021-09-08 00:19:05][I]:VIDTBUSD trigerd
[2021-09-08 00:19:32][I]:SOLBUSD trigerd
[2021-09-08 00:19:58][I]:NEARBUSD trigerd
[2021-09-08 00:22:41][I]:NEARBUSD trigerd
[2021-09-08 00:26:24][I]:NEARBUSD trigerd
[2021-09-08 00:27:16][I]:NEARBUSD trigerd
[2021-09-08 00:29:36][I]:VIDTBUSD trigerd
[2021-09-08 00:30:32][I]:AUTOBUSD trigerd
[2021-09-08 00:31:14][I]:DFBUSD trigerd
[2021-09-08 00:31:44][I]:AUTOBUSD trigerd
[2021-09-08 00:32:22][I]:FRONTBUSD trigerd
[2021-09-08 00:32:57][I]:VIDTBUSD trigerd
[2021-09-08 00:33:23][I]:DFBUSD trigerd
[2021-09-08 00:33:51][I]:AUTOBUSD trigerd
[2021-09-08 00:34:40][I]:VIDTBUSD trigerd
[2021-09-08 00:36:34][I]:VIDTBUSD trigerd
[2021-09-08 00:37:29][I]:VIDTBUSD trigerd
[2021-09-08 00:37:35][I]:DFBUSD trigerd
[2021-09-08 00:38:38][I]:VIDTBUSD trigerd
[2021-09-08 00:38:44][I]:DFBUSD trigerd
[2021-09-08 00:39:15][I]:VIDTBUSD trigerd
[2021-09-08 00:39:20][I]:DFBUSD trigerd
[2021-09-08 00:39:25][I]:AUTOBUSD trigerd
[2021-09-08 00:39:45][I]:SRMBUSD trigerd
[2021-09-08 00:39:59][I]:VIDTBUSD trigerd
[2021-09-08 00:41:30][I]:VIDTBUSD trigerd
[2021-09-08 00:41:58][I]:DFBUSD trigerd
[2021-09-08 00:42:31][I]:NEARBUSD trigerd
[2021-09-08 00:42:40][I]:SWRVBUSD trigerd
[2021-09-08 00:43:21][I]:VIDTBUSD trigerd
[2021-09-08 00:43:57][I]:NEARBUSD trigerd
[2021-09-08 00:44:37][I]:FRONTBUSD trigerd
[2021-09-08 00:45:39][I]:SWRVBUSD trigerd
[2021-09-08 00:46:33][I]:FRONTBUSD trigerd
[2021-09-08 00:46:57][I]:DFBUSD trigerd
[2021-09-08 00:47:19][I]:FRONTBUSD trigerd
[2021-09-08 00:47:49][I]:DFBUSD trigerd
[2021-09-08 00:47:54][I]:FTMBUSD trigerd
[2021-09-08 00:48:04][I]:FRONTBUSD trigerd
[2021-09-08 00:48:10][I]:PHABUSD trigerd
[2021-09-08 00:48:54][I]:FTMBUSD trigerd
[2021-09-08 00:49:09][I]:PHABUSD trigerd
[2021-09-08 00:49:39][I]:AUTOBUSD trigerd
[2021-09-08 00:49:45][I]:FTMBUSD trigerd
[2021-09-08 00:51:03][I]:PHABUSD trigerd
[2021-09-08 00:51:57][I]:PHABUSD trigerd
[2021-09-08 00:52:37][I]:DFBUSD trigerd
[2021-09-08 00:53:40][I]:DFBUSD trigerd
[2021-09-08 00:55:22][I]:FRONTBUSD trigerd
[2021-09-08 00:55:53][I]:FRONTBUSD trigerd
[2021-09-08 00:56:26][I]:FRONTBUSD trigerd
[2021-09-08 00:57:07][I]:SWRVBUSD trigerd
[2021-09-08 00:57:34][I]:DFBUSD trigerd
[2021-09-08 00:57:43][I]:NEARBUSD trigerd
[2021-09-08 00:57:51][I]:SWRVBUSD trigerd
[2021-09-08 00:58:54][I]:DFBUSD trigerd
[2021-09-08 01:01:23][I]:VIDTBUSD trigerd
[2021-09-08 01:01:54][I]:VIDTBUSD trigerd
[2021-09-08 01:02:23][I]:VIDTBUSD trigerd
[2021-09-08 01:03:39][I]:CVPBUSD trigerd
[2021-09-08 01:05:46][I]:ROSEBUSD trigerd
[2021-09-08 01:06:19][I]:ROSEBUSD trigerd
[2021-09-08 01:06:46][I]:ROSEBUSD trigerd
[2021-09-08 01:07:15][I]:ROSEBUSD trigerd
[2021-09-08 01:07:42][I]:ROSEBUSD trigerd
[2021-09-08 01:08:12][I]:ROSEBUSD trigerd
[2021-09-08 01:09:13][I]:ROSEBUSD trigerd
[2021-09-08 01:09:42][I]:ROSEBUSD trigerd
[2021-09-08 01:11:04][I]:ROSEBUSD trigerd
[2021-09-08 01:11:18][I]:FTTBUSD trigerd
[2021-09-08 01:11:35][I]:ROSEBUSD trigerd
[2021-09-08 01:12:16][I]:FTTBUSD trigerd
[2021-09-08 01:12:47][I]:FTTBUSD trigerd
[2021-09-08 01:13:46][I]:FTTBUSD trigerd
[2021-09-08 01:15:59][I]:NEARBUSD trigerd
[2021-09-08 01:17:19][I]:NEARBUSD trigerd
[2021-09-08 01:18:14][I]:NEARBUSD trigerd
[2021-09-08 01:18:43][I]:NEARBUSD trigerd
[2021-09-08 01:19:40][I]:NEARBUSD trigerd
[2021-09-08 01:21:07][I]:FRONTBUSD trigerd
[2021-09-08 01:21:35][I]:FRONTBUSD trigerd
[2021-09-08 01:22:03][I]:FRONTBUSD trigerd
[2021-09-08 01:22:33][I]:SWRVBUSD trigerd
[2021-09-08 01:30:47][I]:DFBUSD trigerd
[2021-09-08 01:33:25][I]:DFBUSD trigerd
[2021-09-08 01:33:34][I]:ROSEBUSD trigerd
[2021-09-08 01:34:23][I]:DFBUSD trigerd
[2021-09-08 01:34:55][I]:DFBUSD trigerd
[2021-09-08 01:35:40][I]:FTMBUSD trigerd
[2021-09-08 01:36:35][I]:VIDTBUSD trigerd
[2021-09-08 01:36:43][I]:DFBUSD trigerd
[2021-09-08 01:36:59][I]:FTMBUSD trigerd
[2021-09-08 01:37:27][I]:FRONTBUSD trigerd
[2021-09-08 01:45:43][I]:SWRVBUSD trigerd
[2021-09-08 01:46:35][I]:VIDTBUSD trigerd
[2021-09-08 01:52:39][I]:VIDTBUSD trigerd
[2021-09-08 02:04:43][I]:NEARBUSD trigerd
[2021-09-08 02:08:18][I]:DFBUSD trigerd
[2021-09-08 02:09:49][I]:SWRVBUSD trigerd
[2021-09-08 02:11:07][I]:DFBUSD trigerd
[2021-09-08 02:21:48][I]:IDEXBUSD trigerd
[2021-09-08 02:22:58][I]:VIDTBUSD trigerd
[2021-09-08 02:23:31][I]:AUTOBUSD trigerd
[2021-09-08 02:24:22][I]:VIDTBUSD trigerd
[2021-09-08 02:25:02][I]:FTMBUSD trigerd
[2021-09-08 02:26:05][I]:AUTOBUSD trigerd
[2021-09-08 02:28:23][I]:AUTOBUSD trigerd
[2021-09-08 02:29:26][I]:NEARBUSD trigerd
[2021-09-08 02:29:53][I]:AUTOBUSD trigerd
[2021-09-08 02:34:15][I]:ROSEBUSD trigerd
[2021-09-08 02:37:47][I]:IDEXBUSD trigerd
[2021-09-08 02:38:15][I]:DFBUSD trigerd
[2021-09-08 02:39:34][I]:DFBUSD trigerd
[2021-09-08 03:03:22][I]:FRONTBUSD trigerd
[2021-09-08 03:13:12][I]:FTMBUSD trigerd
[2021-09-08 03:20:00][I]:SWRVBUSD trigerd
[2021-09-08 03:21:59][I]:IDEXBUSD trigerd
[2021-09-08 03:23:20][I]:IDEXBUSD trigerd
[2021-09-08 03:24:34][I]:IDEXBUSD trigerd
[2021-09-08 03:29:09][I]:SWRVBUSD trigerd
[2021-09-08 03:29:59][I]:SWRVBUSD trigerd
[2021-09-08 03:38:30][I]:SWRVBUSD trigerd
[2021-09-08 03:44:31][I]:DFBUSD trigerd
[2021-09-08 03:47:47][I]:VIDTBUSD trigerd
[2021-09-08 03:49:00][I]:VIDTBUSD trigerd
[2021-09-08 03:50:44][I]:VIDTBUSD trigerd
[2021-09-08 04:02:28][I]:SWRVBUSD trigerd
[2021-09-08 04:03:21][I]:SWRVBUSD trigerd
[2021-09-08 04:04:28][I]:VIDTBUSD trigerd
[2021-09-08 04:04:57][I]:SWRVBUSD trigerd
[2021-09-08 04:12:22][I]:IDEXBUSD trigerd
[2021-09-08 04:14:33][I]:IDEXBUSD trigerd
[2021-09-08 04:16:44][I]:IDEXBUSD trigerd
[2021-09-08 04:17:33][I]:IDEXBUSD trigerd
[2021-09-08 04:19:13][I]:IDEXBUSD trigerd
[2021-09-08 04:24:38][I]:VIDTBUSD trigerd
[2021-09-08 04:27:04][I]:IDEXBUSD trigerd
[2021-09-08 04:27:52][I]:IDEXBUSD trigerd
[2021-09-08 04:29:00][I]:IDEXBUSD trigerd
[2021-09-08 04:32:00][I]:IDEXBUSD trigerd
[2021-09-08 04:33:19][I]:IDEXBUSD trigerd
[2021-09-08 04:34:08][I]:IDEXBUSD trigerd
[2021-09-08 04:41:09][I]:IDEXBUSD trigerd
[2021-09-08 04:42:24][I]:DFBUSD trigerd
[2021-09-08 04:52:17][I]:SWRVBUSD trigerd
[2021-09-08 04:54:25][I]:SWRVBUSD trigerd
[2021-09-08 05:01:18][I]:SWRVBUSD trigerd
[2021-09-08 05:06:50][I]:PHABUSD trigerd
[2021-09-08 05:07:38][I]:PHABUSD trigerd
[2021-09-08 05:19:25][I]:ROSEBUSD trigerd
[2021-09-08 05:21:28][I]:ROSEBUSD trigerd
[2021-09-08 05:22:20][I]:ROSEBUSD trigerd
[2021-09-08 05:23:13][I]:ROSEBUSD trigerd
[2021-09-08 05:24:31][I]:NEARBUSD trigerd
[2021-09-08 05:29:25][I]:ROSEBUSD trigerd
[2021-09-08 05:31:36][I]:AUTOBUSD trigerd
[2021-09-08 05:32:27][I]:IDEXBUSD trigerd
[2021-09-08 05:33:36][I]:NEARBUSD trigerd
[2021-09-08 05:34:14][I]:ROSEBUSD trigerd
[2021-09-08 05:35:54][I]:ROSEBUSD trigerd
[2021-09-08 05:36:55][I]:ROSEBUSD trigerd
[2021-09-08 05:38:30][I]:ROSEBUSD trigerd
[2021-09-08 05:39:52][I]:ROSEBUSD trigerd
[2021-09-08 05:42:39][I]:NEARBUSD trigerd
[2021-09-08 05:43:05][I]:ROSEBUSD trigerd
[2021-09-08 05:43:53][I]:NEARBUSD trigerd
[2021-09-08 05:53:06][I]:NEARBUSD trigerd
[2021-09-08 05:53:56][I]:NEARBUSD trigerd
[2021-09-08 05:59:55][I]:PHABUSD trigerd
[2021-09-08 06:01:37][I]:DFBUSD trigerd
[2021-09-08 06:02:24][I]:PHABUSD trigerd
[2021-09-08 06:02:49][I]:DFBUSD trigerd
[2021-09-08 06:03:41][I]:DFBUSD trigerd
[2021-09-08 06:04:29][I]:PHABUSD trigerd
[2021-09-08 06:04:54][I]:DFBUSD trigerd
[2021-09-08 06:09:14][I]:DFBUSD trigerd
[2021-09-08 06:12:12][I]:IDEXBUSD trigerd
[2021-09-08 06:17:57][I]:VIDTBUSD trigerd
[2021-09-08 06:22:33][I]:ROSEBUSD trigerd
[2021-09-08 06:23:53][I]:ROSEBUSD trigerd
[2021-09-08 06:24:24][I]:FTMBUSD trigerd
[2021-09-08 06:25:58][I]:IDEXBUSD trigerd
[2021-09-08 06:27:53][I]:VIDTBUSD trigerd
[2021-09-08 06:28:42][I]:IDEXBUSD trigerd
[2021-09-08 06:37:53][I]:DFBUSD trigerd
[2021-09-08 06:38:44][I]:DFBUSD trigerd
[2021-09-08 06:40:01][I]:VIDTBUSD trigerd
[2021-09-08 06:40:52][I]:VIDTBUSD trigerd
[2021-09-08 06:41:43][I]:VIDTBUSD trigerd
[2021-09-08 06:42:33][I]:VIDTBUSD trigerd
[2021-09-08 06:43:27][I]:VIDTBUSD trigerd
[2021-09-08 06:43:56][I]:VIDTBUSD trigerd
[2021-09-08 06:45:12][I]:VIDTBUSD trigerd
[2021-09-08 06:45:42][I]:VIDTBUSD trigerd
[2021-09-08 06:47:33][I]:DFBUSD trigerd
[2021-09-08 06:48:07][I]:QNTBUSD trigerd
[2021-09-08 06:48:47][I]:VIDTBUSD trigerd
[2021-09-08 06:49:14][I]:DFBUSD trigerd
[2021-09-08 06:49:40][I]:ROSEBUSD trigerd
[2021-09-08 06:50:28][I]:DFBUSD trigerd
[2021-09-08 06:52:29][I]:FRONTBUSD trigerd
[2021-09-08 06:53:11][I]:VIDTBUSD trigerd
[2021-09-08 06:54:54][I]:FRONTBUSD trigerd
[2021-09-08 06:58:29][I]:FRONTBUSD trigerd
[2021-09-08 07:00:33][I]:VIDTBUSD trigerd
[2021-09-08 07:02:20][I]:VIDTBUSD trigerd
[2021-09-08 07:04:05][I]:VIDTBUSD trigerd
[2021-09-08 07:04:39][I]:QNTBUSD trigerd
[2021-09-08 07:05:18][I]:VIDTBUSD trigerd
[2021-09-08 07:06:07][I]:VIDTBUSD trigerd
[2021-09-08 07:06:58][I]:VIDTBUSD trigerd
[2021-09-08 07:07:31][I]:QNTBUSD trigerd
[2021-09-08 07:08:21][I]:QNTBUSD trigerd
[2021-09-08 07:09:16][I]:QNTBUSD trigerd
[2021-09-08 07:10:53][I]:IDEXBUSD trigerd
[2021-09-08 07:11:46][I]:IDEXBUSD trigerd
[2021-09-08 07:16:19][I]:DFBUSD trigerd
[2021-09-08 07:17:08][I]:DFBUSD trigerd
[2021-09-08 07:17:56][I]:NEARBUSD trigerd
[2021-09-08 07:18:54][I]:NEARBUSD trigerd
[2021-09-08 07:20:41][I]:NEARBUSD trigerd
[2021-09-08 07:21:33][I]:NEARBUSD trigerd
[2021-09-08 07:23:19][I]:IDEXBUSD trigerd
[2021-09-08 07:24:21][I]:NEARBUSD trigerd
[2021-09-08 07:26:44][I]:NEARBUSD trigerd
[2021-09-08 07:27:17][I]:FRONTBUSD trigerd
[2021-09-08 07:27:44][I]:FTMBUSD trigerd
[2021-09-08 07:28:40][I]:FTMBUSD trigerd
[2021-09-08 07:29:29][I]:NEARBUSD trigerd
[2021-09-08 07:31:47][I]:DFBUSD trigerd
[2021-09-08 07:37:28][I]:SWRVBUSD trigerd
[2021-09-08 07:38:37][I]:SWRVBUSD trigerd
[2021-09-08 07:44:57][I]:SWRVBUSD trigerd
[2021-09-08 07:48:36][I]:SWRVBUSD trigerd
[2021-09-08 07:49:27][I]:DFBUSD trigerd
[2021-09-08 07:49:54][I]:SWRVBUSD trigerd
[2021-09-08 07:54:58][I]:FRONTBUSD trigerd
[2021-09-08 07:59:04][I]:FRONTBUSD trigerd
[2021-09-08 07:59:55][I]:FRONTBUSD trigerd
[2021-09-08 08:02:54][I]:NEARBUSD trigerd
[2021-09-08 08:03:27][I]:NEARBUSD trigerd
[2021-09-08 08:03:56][I]:SWRVBUSD trigerd
[2021-09-08 08:04:42][I]:NEARBUSD trigerd
[2021-09-08 08:09:52][I]:FRONTBUSD trigerd
[2021-09-08 08:10:26][I]:NEARBUSD trigerd
[2021-09-08 08:10:55][I]:FRONTBUSD trigerd
[2021-09-08 08:12:20][I]:NEARBUSD trigerd
[2021-09-08 08:12:27][I]:FRONTBUSD trigerd
[2021-09-08 08:13:19][I]:FRONTBUSD trigerd
[2021-09-08 08:14:43][I]:FRONTBUSD trigerd
[2021-09-08 08:15:45][I]:FRONTBUSD trigerd
[2021-09-08 08:17:35][I]:IDEXBUSD trigerd
[2021-09-08 08:18:54][I]:PHABUSD trigerd
[2021-09-08 08:19:49][I]:PHABUSD trigerd
[2021-09-08 08:20:37][I]:IDEXBUSD trigerd
[2021-09-08 08:21:27][I]:IDEXBUSD trigerd
[2021-09-08 08:21:59][I]:SWRVBUSD trigerd
[2021-09-08 08:22:50][I]:SWRVBUSD trigerd
[2021-09-08 08:23:44][I]:SWRVBUSD trigerd
[2021-09-08 08:24:29][I]:IDEXBUSD trigerd
[2021-09-08 08:24:58][I]:SWRVBUSD trigerd
[2021-09-08 08:27:20][I]:DFBUSD trigerd
[2021-09-08 08:28:11][I]:DFBUSD trigerd
[2021-09-08 08:29:37][I]:DFBUSD trigerd
[2021-09-08 08:33:42][I]:IDEXBUSD trigerd
[2021-09-08 08:34:33][I]:IDEXBUSD trigerd
[2021-09-08 08:34:59][I]:VIDTBUSD trigerd
[2021-09-08 08:36:15][I]:IDEXBUSD trigerd
[2021-09-08 08:45:56][I]:DFBUSD trigerd
[2021-09-08 08:46:41][I]:IDEXBUSD trigerd
[2021-09-08 08:47:31][I]:IDEXBUSD trigerd
[2021-09-08 08:48:22][I]:IDEXBUSD trigerd
[2021-09-08 08:48:51][I]:DFBUSD trigerd
[2021-09-08 08:49:36][I]:IDEXBUSD trigerd
[2021-09-08 08:51:59][I]:DFBUSD trigerd
[2021-09-08 08:52:50][I]:DFBUSD trigerd
[2021-09-08 08:58:10][I]:FTMBUSD trigerd
[2021-09-08 09:02:23][I]:DFBUSD trigerd
[2021-09-08 09:03:11][I]:DFBUSD trigerd
[2021-09-08 09:04:01][I]:DFBUSD trigerd
[2021-09-08 09:04:54][I]:DFBUSD trigerd
[2021-09-08 09:07:38][I]:DFBUSD trigerd
[2021-09-08 09:08:26][I]:DFBUSD trigerd
[2021-09-08 09:12:58][I]:SWRVBUSD trigerd
[2021-09-08 09:13:48][I]:SWRVBUSD trigerd
[2021-09-08 09:18:56][I]:FRONTBUSD trigerd
[2021-09-08 09:21:35][I]:FTMBUSD trigerd
[2021-09-08 09:22:29][I]:FTMBUSD trigerd
[2021-09-08 09:23:23][I]:FTMBUSD trigerd
[2021-09-08 09:24:18][I]:FTMBUSD trigerd
[2021-09-08 09:25:55][I]:DFBUSD trigerd
[2021-09-08 09:28:08][I]:DFBUSD trigerd
[2021-09-08 09:32:30][I]:NEARBUSD trigerd
[2021-09-08 09:32:55][I]:VIDTBUSD trigerd
[2021-09-08 09:33:47][I]:VIDTBUSD trigerd
[2021-09-08 09:34:33][I]:VIDTBUSD trigerd
[2021-09-08 09:35:55][I]:VIDTBUSD trigerd
[2021-09-08 09:37:51][I]:VIDTBUSD trigerd
[2021-09-08 09:39:09][I]:VIDTBUSD trigerd
[2021-09-08 09:39:43][I]:FRONTBUSD trigerd
[2021-09-08 09:42:45][I]:TWTBUSD trigerd
[2021-09-08 09:46:51][I]:FTMBUSD trigerd
[2021-09-08 09:49:47][I]:VIDTBUSD trigerd
[2021-09-08 09:54:27][I]:AUTOBUSD trigerd
[2021-09-08 09:54:58][I]:AUTOBUSD trigerd
[2021-09-08 10:01:32][I]:VIDTBUSD trigerd
[2021-09-08 10:02:00][I]:ROSEBUSD trigerd
[2021-09-08 10:02:48][I]:VIDTBUSD trigerd
[2021-09-08 10:04:14][I]:VIDTBUSD trigerd
[2021-09-08 10:04:41][I]:ROSEBUSD trigerd
[2021-09-08 10:07:38][I]:VIDTBUSD trigerd
[2021-09-08 10:09:12][I]:FTMBUSD trigerd
[2021-09-08 10:09:51][I]:VIDTBUSD trigerd
[2021-09-08 10:11:28][I]:ROSEBUSD trigerd
[2021-09-08 10:12:17][I]:VIDTBUSD trigerd
[2021-09-08 10:12:44][I]:ROSEBUSD trigerd
[2021-09-08 10:13:36][I]:ROSEBUSD trigerd
[2021-09-08 10:14:54][I]:VIDTBUSD trigerd
[2021-09-08 10:23:34][I]:DFBUSD trigerd
[2021-09-08 10:25:00][I]:DFBUSD trigerd
[2021-09-08 10:44:34][I]:TWTBUSD trigerd
[2021-09-08 10:48:27][I]:NEARBUSD trigerd
[2021-09-08 10:52:51][I]:ROSEBUSD trigerd
[2021-09-08 10:53:21][I]:ROSEBUSD trigerd
[2021-09-08 10:54:12][I]:ROSEBUSD trigerd
[2021-09-08 10:55:58][I]:ROSEBUSD trigerd
[2021-09-08 10:56:27][I]:NEARBUSD trigerd
[2021-09-08 10:57:21][I]:ROSEBUSD trigerd
[2021-09-08 10:58:19][I]:ROSEBUSD trigerd
[2021-09-08 10:59:10][I]:ROSEBUSD trigerd
[2021-09-08 11:03:54][I]:VIDTBUSD trigerd
[2021-09-08 11:04:43][I]:VIDTBUSD trigerd
[2021-09-08 11:06:57][I]:IDEXBUSD trigerd
[2021-09-08 11:08:26][I]:ROSEBUSD trigerd
[2021-09-08 11:09:43][I]:IDEXBUSD trigerd
[2021-09-08 11:13:57][I]:IDEXBUSD trigerd
[2021-09-08 11:17:44][I]:VIDTBUSD trigerd
[2021-09-08 11:18:32][I]:VIDTBUSD trigerd
[2021-09-08 11:34:54][I]:VIDTBUSD trigerd
[2021-09-08 11:36:31][I]:VIDTBUSD trigerd
[2021-09-08 11:37:20][I]:VIDTBUSD trigerd
[2021-09-08 11:37:52][I]:VIDTBUSD trigerd
[2021-09-08 11:38:46][I]:VIDTBUSD trigerd
[2021-09-08 11:41:42][I]:ROSEBUSD trigerd
[2021-09-08 11:47:30][I]:VIDTBUSD trigerd
[2021-09-08 11:48:23][I]:VIDTBUSD trigerd
[2021-09-08 11:54:21][I]:VIDTBUSD trigerd
[2021-09-08 11:54:28][I]:DFBUSD trigerd
[2021-09-08 11:55:41][I]:VIDTBUSD trigerd
[2021-09-08 11:56:13][I]:VIDTBUSD trigerd
[2021-09-08 11:57:03][I]:VIDTBUSD trigerd
[2021-09-08 11:57:36][I]:VIDTBUSD trigerd
[2021-09-08 11:58:30][I]:VIDTBUSD trigerd
[2021-09-08 11:58:58][I]:DFBUSD trigerd
[2021-09-08 11:59:32][I]:DFBUSD trigerd
[2021-09-08 11:59:38][I]:SWRVBUSD trigerd
[2021-09-08 11:59:59][I]:VIDTBUSD trigerd
[2021-09-08 12:00:55][I]:VIDTBUSD trigerd
[2021-09-08 12:01:23][I]:DFBUSD trigerd
[2021-09-08 12:02:18][I]:DFBUSD trigerd
[2021-09-08 12:02:45][I]:VIDTBUSD trigerd
[2021-09-08 12:02:53][I]:DFBUSD trigerd
[2021-09-08 12:03:19][I]:VIDTBUSD trigerd
[2021-09-08 12:03:48][I]:DFBUSD trigerd
[2021-09-08 12:04:34][I]:VIDTBUSD trigerd
[2021-09-08 12:05:55][I]:DFBUSD trigerd
[2021-09-08 12:06:29][I]:DFBUSD trigerd
[2021-09-08 12:06:59][I]:DFBUSD trigerd
[2021-09-08 12:07:29][I]:DFBUSD trigerd
[2021-09-08 12:07:58][I]:DFBUSD trigerd
[2021-09-08 12:08:08][I]:SWRVBUSD trigerd
[2021-09-08 12:08:35][I]:DFBUSD trigerd
[2021-09-08 12:08:44][I]:SWRVBUSD trigerd
[2021-09-08 12:09:42][I]:DFBUSD trigerd
[2021-09-08 12:10:41][I]:DFBUSD trigerd
[2021-09-08 12:11:12][I]:DFBUSD trigerd
[2021-09-08 12:11:18][I]:SWRVBUSD trigerd
[2021-09-08 12:11:50][I]:SWRVBUSD trigerd
[2021-09-08 12:12:15][I]:DFBUSD trigerd
[2021-09-08 12:12:22][I]:SWRVBUSD trigerd
[2021-09-08 12:12:49][I]:DFBUSD trigerd
[2021-09-08 12:13:58][I]:AUTOBUSD trigerd
[2021-09-08 12:15:53][I]:DFBUSD trigerd
[2021-09-08 12:15:59][I]:SWRVBUSD trigerd
[2021-09-08 12:16:25][I]:DFBUSD trigerd
[2021-09-08 12:16:39][I]:ONEBUSD trigerd
[2021-09-08 12:17:21][I]:ONEBUSD trigerd
[2021-09-08 12:18:17][I]:ONEBUSD trigerd
[2021-09-08 12:19:38][I]:ONEBUSD trigerd
[2021-09-08 12:20:14][I]:VIDTBUSD trigerd
[2021-09-08 12:20:42][I]:DFBUSD trigerd
[2021-09-08 12:21:09][I]:ROSEBUSD trigerd
[2021-09-08 12:21:36][I]:AUTOBUSD trigerd
[2021-09-08 12:22:26][I]:ROSEBUSD trigerd
[2021-09-08 12:23:37][I]:SWRVBUSD trigerd
[2021-09-08 12:23:42][I]:AUTOBUSD trigerd
[2021-09-08 12:24:06][I]:DFBUSD trigerd
[2021-09-08 12:24:33][I]:ROSEBUSD trigerd
[2021-09-08 12:24:58][I]:SWRVBUSD trigerd
[2021-09-08 12:29:30][I]:ALGOBUSD trigerd
[2021-09-08 12:31:15][I]:IDEXBUSD trigerd
[2021-09-08 12:31:44][I]:IDEXBUSD trigerd
[2021-09-08 12:32:45][I]:DFBUSD trigerd
[2021-09-08 12:33:16][I]:DFBUSD trigerd
[2021-09-08 12:35:30][I]:DFBUSD trigerd
[2021-09-08 12:35:42][I]:ALGOBUSD trigerd
[2021-09-08 12:36:01][I]:DFBUSD trigerd
[2021-09-08 12:36:16][I]:ALGOBUSD trigerd
[2021-09-08 12:36:55][I]:DFBUSD trigerd
[2021-09-08 12:37:30][I]:NEARBUSD trigerd
[2021-09-08 12:37:40][I]:ONEBUSD trigerd
[2021-09-08 12:38:15][I]:ONEBUSD trigerd
[2021-09-08 12:39:15][I]:CVPBUSD trigerd
[2021-09-08 12:39:51][I]:DFBUSD trigerd
[2021-09-08 12:40:28][I]:CVPBUSD trigerd
[2021-09-08 12:41:06][I]:DFBUSD trigerd
[2021-09-08 12:41:23][I]:CVPBUSD trigerd
[2021-09-08 12:41:45][I]:DFBUSD trigerd
[2021-09-08 12:41:55][I]:ONEBUSD trigerd
[2021-09-08 12:42:34][I]:ONEBUSD trigerd
[2021-09-08 12:43:00][I]:CVPBUSD trigerd
[2021-09-08 12:43:26][I]:ALGOBUSD trigerd
[2021-09-08 12:44:09][I]:SWRVBUSD trigerd
[2021-09-08 12:46:48][I]:CVPBUSD trigerd
[2021-09-08 12:48:31][I]:ALGOBUSD trigerd
[2021-09-08 12:49:42][I]:ALGOBUSD trigerd
[2021-09-08 12:51:45][I]:ALGOBUSD trigerd
[2021-09-08 12:53:05][I]:ALGOBUSD trigerd
[2021-09-08 12:53:49][I]:VIDTBUSD trigerd
[2021-09-08 12:54:41][I]:VIDTBUSD trigerd
[2021-09-08 12:59:07][I]:ARBUSD trigerd
[2021-09-08 12:59:56][I]:ARBUSD trigerd
[2021-09-08 13:04:06][I]:ONEBUSD trigerd
[2021-09-08 13:05:47][I]:ONEBUSD trigerd
[2021-09-08 13:06:13][I]:ALGOBUSD trigerd
[2021-09-08 13:06:54][I]:VIDTBUSD trigerd
[2021-09-08 13:07:27][I]:ALGOBUSD trigerd
[2021-09-08 13:08:00][I]:ARBUSD trigerd
[2021-09-08 13:08:42][I]:SWRVBUSD trigerd
[2021-09-08 13:09:08][I]:ALGOBUSD trigerd
[2021-09-08 13:09:34][I]:AUTOBUSD trigerd
[2021-09-08 13:10:04][I]:ARBUSD trigerd
[2021-09-08 13:11:23][I]:ONEBUSD trigerd
[2021-09-08 13:12:17][I]:ONEBUSD trigerd
[2021-09-08 13:13:16][I]:ARBUSD trigerd
[2021-09-08 13:13:51][I]:IDEXBUSD trigerd
[2021-09-08 13:14:29][I]:ONEBUSD trigerd
[2021-09-08 13:16:24][I]:VIDTBUSD trigerd
[2021-09-08 13:18:40][I]:CVPBUSD trigerd
[2021-09-08 13:19:23][I]:SWRVBUSD trigerd
[2021-09-08 13:19:54][I]:CVPBUSD trigerd
[2021-09-08 13:20:00][I]:ARBUSD trigerd
[2021-09-08 13:23:59][I]:AUTOBUSD trigerd
[2021-09-08 13:24:44][I]:NEARBUSD trigerd
[2021-09-08 13:27:47][I]:SWRVBUSD trigerd
[2021-09-08 13:28:31][I]:VIDTBUSD trigerd
[2021-09-08 13:28:59][I]:SWRVBUSD trigerd
[2021-09-08 13:32:35][I]:IDEXBUSD trigerd
[2021-09-08 13:41:27][I]:IDEXBUSD trigerd
[2021-09-08 13:42:15][I]:IDEXBUSD trigerd
[2021-09-08 13:43:28][I]:IDEXBUSD trigerd
[2021-09-08 13:43:58][I]:IDEXBUSD trigerd
[2021-09-08 13:46:30][I]:VIDTBUSD trigerd
[2021-09-08 13:46:38][I]:SWRVBUSD trigerd
[2021-09-08 13:47:21][I]:VIDTBUSD trigerd
[2021-09-08 13:48:21][I]:CVPBUSD trigerd
[2021-09-08 13:49:12][I]:CVPBUSD trigerd
[2021-09-08 13:49:31][I]:VIDTBUSD trigerd
[2021-09-08 13:49:43][I]:CVPBUSD trigerd
[2021-09-08 13:52:31][I]:DFBUSD trigerd
[2021-09-08 13:53:20][I]:DFBUSD trigerd
[2021-09-08 13:54:38][I]:DFBUSD trigerd
[2021-09-08 13:58:26][I]:IDEXBUSD trigerd
[2021-09-08 13:59:20][I]:IDEXBUSD trigerd
[2021-09-08 13:59:46][I]:IDEXBUSD trigerd
[2021-09-08 14:01:08][I]:DFBUSD trigerd
[2021-09-08 14:01:35][I]:ROSEBUSD trigerd
[2021-09-08 14:02:01][I]:DFBUSD trigerd
[2021-09-08 14:02:07][I]:ROSEBUSD trigerd
[2021-09-08 14:02:35][I]:DFBUSD trigerd
[2021-09-08 14:02:40][I]:ROSEBUSD trigerd
[2021-09-08 14:03:36][I]:IDEXBUSD trigerd
[2021-09-08 14:03:41][I]:VIDTBUSD trigerd
[2021-09-08 14:04:36][I]:VIDTBUSD trigerd
[2021-09-08 14:06:00][I]:IDEXBUSD trigerd
[2021-09-08 14:06:43][I]:DFBUSD trigerd
[2021-09-08 14:07:09][I]:ROSEBUSD trigerd
[2021-09-08 14:07:52][I]:IDEXBUSD trigerd
[2021-09-08 14:08:20][I]:DFBUSD trigerd
[2021-09-08 14:09:18][I]:DFBUSD trigerd
[2021-09-08 14:12:37][I]:IDEXBUSD trigerd
[2021-09-08 14:13:59][I]:IDEXBUSD trigerd
[2021-09-08 14:14:50][I]:IDEXBUSD trigerd
[2021-09-08 14:17:23][I]:DFBUSD trigerd
[2021-09-08 14:18:39][I]:DFBUSD trigerd
[2021-09-08 14:19:28][I]:VIDTBUSD trigerd
[2021-09-08 14:20:45][I]:DFBUSD trigerd
[2021-09-08 14:31:21][I]:IDEXBUSD trigerd
[2021-09-08 14:31:49][I]:IDEXBUSD trigerd
[2021-09-08 14:32:41][I]:VIDTBUSD trigerd
[2021-09-08 14:33:36][I]:VIDTBUSD trigerd
[2021-09-08 14:34:09][I]:SWRVBUSD trigerd
[2021-09-08 14:34:35][I]:ROSEBUSD trigerd
[2021-09-08 14:35:01][I]:ALGOBUSD trigerd
