[2021-09-07 00:01:15][I]:VIDTBUSD trigerd
[2021-09-07 00:01:31][I]:VIDTBUSD trigerd
[2021-09-07 00:01:45][I]:VIDTBUSD trigerd
[2021-09-07 00:02:01][I]:VIDTBUSD trigerd
[2021-09-07 00:02:15][I]:VIDTBUSD trigerd
[2021-09-07 00:02:30][I]:VIDTBUSD trigerd
[2021-09-07 00:02:46][I]:VIDTBUSD trigerd
[2021-09-07 00:04:06][I]:VIDTBUSD trigerd
[2021-09-07 00:04:11][I]:MDXBUSD trigerd
[2021-09-07 00:04:24][I]:VIDTBUSD trigerd
[2021-09-07 00:04:28][I]:MDXBUSD trigerd
[2021-09-07 00:04:40][I]:VIDTBUSD trigerd
[2021-09-07 00:04:45][I]:MDXBUSD trigerd
[2021-09-07 00:04:57][I]:VIDTBUSD trigerd
[2021-09-07 00:06:17][I]:VIDTBUSD trigerd
[2021-09-07 00:06:32][I]:VIDTBUSD trigerd
[2021-09-07 00:06:48][I]:VIDTBUSD trigerd
[2021-09-07 00:08:20][I]:VIDTBUSD trigerd
[2021-09-07 00:08:36][I]:VIDTBUSD trigerd
[2021-09-07 00:09:16][I]:VIDTBUSD trigerd
[2021-09-07 00:09:29][I]:VIDTBUSD trigerd
[2021-09-07 00:10:21][I]:SWRVBUSD trigerd
[2021-09-07 00:10:40][I]:SWRVBUSD trigerd
[2021-09-07 00:10:54][I]:SWRVBUSD trigerd
[2021-09-07 00:11:36][I]:ROSEBUSD trigerd
[2021-09-07 00:11:56][I]:ROSEBUSD trigerd
[2021-09-07 00:12:01][I]:SWRVBUSD trigerd
[2021-09-07 00:12:16][I]:ROSEBUSD trigerd
[2021-09-07 00:12:24][I]:SYSBUSD trigerd
[2021-09-07 00:12:42][I]:ROSEBUSD trigerd
[2021-09-07 00:12:51][I]:SYSBUSD trigerd
[2021-09-07 00:13:07][I]:SYSBUSD trigerd
[2021-09-07 00:13:29][I]:SYSBUSD trigerd
[2021-09-07 00:13:48][I]:AVABUSD trigerd
[2021-09-07 00:13:52][I]:SYSBUSD trigerd
[2021-09-07 00:14:10][I]:SWRVBUSD trigerd
[2021-09-07 00:14:29][I]:SWRVBUSD trigerd
[2021-09-07 00:14:47][I]:AVABUSD trigerd
[2021-09-07 00:15:56][I]:SYSBUSD trigerd
[2021-09-07 00:16:10][I]:SWRVBUSD trigerd
[2021-09-07 00:16:13][I]:SYSBUSD trigerd
[2021-09-07 00:16:27][I]:SWRVBUSD trigerd
[2021-09-07 00:16:43][I]:IDEXBUSD trigerd
[2021-09-07 00:16:47][I]:SWRVBUSD trigerd
[2021-09-07 00:17:18][I]:SWRVBUSD trigerd
[2021-09-07 00:17:51][I]:SWRVBUSD trigerd
[2021-09-07 00:18:03][I]:IDEXBUSD trigerd
[2021-09-07 00:18:20][I]:IDEXBUSD trigerd
[2021-09-07 00:18:35][I]:IDEXBUSD trigerd
[2021-09-07 00:18:49][I]:IDEXBUSD trigerd
[2021-09-07 00:19:05][I]:SYSBUSD trigerd
[2021-09-07 00:19:19][I]:IDEXBUSD trigerd
[2021-09-07 00:19:25][I]:MDXBUSD trigerd
[2021-09-07 00:19:30][I]:FRONTBUSD trigerd
[2021-09-07 00:19:38][I]:IDEXBUSD trigerd
[2021-09-07 00:19:48][I]:MDXBUSD trigerd
[2021-09-07 00:19:52][I]:FRONTBUSD trigerd
[2021-09-07 00:20:04][I]:MDXBUSD trigerd
[2021-09-07 00:21:03][I]:SUPERBUSD trigerd
[2021-09-07 00:23:30][I]:SUPERBUSD trigerd
[2021-09-07 00:23:45][I]:SUPERBUSD trigerd
[2021-09-07 00:24:13][I]:SUPERBUSD trigerd
[2021-09-07 00:24:27][I]:SUPERBUSD trigerd
[2021-09-07 00:24:51][I]:SUPERBUSD trigerd
[2021-09-07 00:26:55][I]:SUPERBUSD trigerd
[2021-09-07 00:28:36][I]:ALPACABUSD trigerd
[2021-09-07 00:28:49][I]:SUPERBUSD trigerd
[2021-09-07 00:28:54][I]:ALPACABUSD trigerd
[2021-09-07 00:29:48][I]:FRONTBUSD trigerd
[2021-09-07 00:31:40][I]:ROSEBUSD trigerd
[2021-09-07 00:32:14][I]:ROSEBUSD trigerd
[2021-09-07 00:32:28][I]:ROSEBUSD trigerd
[2021-09-07 00:32:42][I]:ROSEBUSD trigerd
[2021-09-07 00:32:59][I]:ROSEBUSD trigerd
[2021-09-07 00:33:14][I]:ROSEBUSD trigerd
[2021-09-07 00:33:29][I]:ROSEBUSD trigerd
[2021-09-07 00:38:18][I]:ROSEBUSD trigerd
[2021-09-07 00:38:32][I]:ROSEBUSD trigerd
[2021-09-07 00:38:46][I]:ROSEBUSD trigerd
[2021-09-07 00:39:40][I]:ROSEBUSD trigerd
[2021-09-07 00:39:55][I]:ROSEBUSD trigerd
[2021-09-07 00:43:31][I]:ROSEBUSD trigerd
[2021-09-07 00:43:45][I]:ROSEBUSD trigerd
[2021-09-07 00:44:02][I]:ROSEBUSD trigerd
[2021-09-07 00:44:16][I]:ROSEBUSD trigerd
[2021-09-07 00:44:32][I]:ROSEBUSD trigerd
[2021-09-07 00:44:49][I]:ROSEBUSD trigerd
[2021-09-07 00:53:16][I]:MDXBUSD trigerd
[2021-09-07 00:53:29][I]:MDXBUSD trigerd
[2021-09-07 00:53:43][I]:MDXBUSD trigerd
[2021-09-07 00:53:57][I]:MDXBUSD trigerd
[2021-09-07 00:54:12][I]:MDXBUSD trigerd
[2021-09-07 00:54:25][I]:MDXBUSD trigerd
[2021-09-07 00:54:48][I]:IDEXBUSD trigerd
[2021-09-07 00:54:54][I]:MDXBUSD trigerd
[2021-09-07 00:56:45][I]:IDEXBUSD trigerd
[2021-09-07 00:57:00][I]:IDEXBUSD trigerd
[2021-09-07 00:57:14][I]:IDEXBUSD trigerd
[2021-09-07 00:57:28][I]:IDEXBUSD trigerd
[2021-09-07 00:57:55][I]:IDEXBUSD trigerd
[2021-09-07 00:59:24][I]:RAMPBUSD trigerd
[2021-09-07 00:59:39][I]:RAMPBUSD trigerd
[2021-09-07 00:59:54][I]:RAMPBUSD trigerd
[2021-09-07 01:02:57][I]:IDEXBUSD trigerd
[2021-09-07 01:03:10][I]:IDEXBUSD trigerd
[2021-09-07 01:03:24][I]:IDEXBUSD trigerd
[2021-09-07 01:03:38][I]:IDEXBUSD trigerd
[2021-09-07 01:03:43][I]:SUPERBUSD trigerd
[2021-09-07 01:03:56][I]:IDEXBUSD trigerd
[2021-09-07 01:04:04][I]:RAMPBUSD trigerd
[2021-09-07 01:04:19][I]:SUPERBUSD trigerd
[2021-09-07 01:04:42][I]:RAMPBUSD trigerd
[2021-09-07 01:06:01][I]:RAMPBUSD trigerd
[2021-09-07 01:06:17][I]:RAMPBUSD trigerd
[2021-09-07 01:06:32][I]:RAMPBUSD trigerd
[2021-09-07 01:06:47][I]:RAMPBUSD trigerd
[2021-09-07 01:07:30][I]:RAMPBUSD trigerd
[2021-09-07 01:08:15][I]:RAMPBUSD trigerd
[2021-09-07 01:08:29][I]:RAMPBUSD trigerd
[2021-09-07 01:08:44][I]:RAMPBUSD trigerd
[2021-09-07 01:08:59][I]:RAMPBUSD trigerd
[2021-09-07 01:09:13][I]:RAMPBUSD trigerd
[2021-09-07 01:09:42][I]:RAMPBUSD trigerd
[2021-09-07 01:09:57][I]:RAMPBUSD trigerd
[2021-09-07 01:10:23][I]:RAMPBUSD trigerd
[2021-09-07 01:10:37][I]:RAMPBUSD trigerd
[2021-09-07 01:10:50][I]:RAMPBUSD trigerd
[2021-09-07 01:11:03][I]:RAMPBUSD trigerd
[2021-09-07 01:11:17][I]:RAMPBUSD trigerd
[2021-09-07 01:11:30][I]:RAMPBUSD trigerd
[2021-09-07 01:11:43][I]:RAMPBUSD trigerd
[2021-09-07 01:11:59][I]:RAMPBUSD trigerd
[2021-09-07 01:16:29][I]:VIDTBUSD trigerd
[2021-09-07 01:16:45][I]:VIDTBUSD trigerd
[2021-09-07 01:17:32][I]:VIDTBUSD trigerd
[2021-09-07 01:17:49][I]:VIDTBUSD trigerd
[2021-09-07 01:19:51][I]:VIDTBUSD trigerd
[2021-09-07 01:20:28][I]:RAMPBUSD trigerd
[2021-09-07 01:24:51][I]:IDEXBUSD trigerd
[2021-09-07 01:26:47][I]:RAMPBUSD trigerd
[2021-09-07 01:26:59][I]:VIDTBUSD trigerd
[2021-09-07 01:27:23][I]:RAMPBUSD trigerd
[2021-09-07 01:27:58][I]:RAMPBUSD trigerd
[2021-09-07 01:28:40][I]:VIDTBUSD trigerd
[2021-09-07 01:29:16][I]:RAMPBUSD trigerd
[2021-09-07 01:32:28][I]:IDEXBUSD trigerd
[2021-09-07 01:33:52][I]:IDEXBUSD trigerd
[2021-09-07 01:34:05][I]:IDEXBUSD trigerd
[2021-09-07 01:34:19][I]:IDEXBUSD trigerd
[2021-09-07 01:34:47][I]:IDEXBUSD trigerd
[2021-09-07 01:35:00][I]:IDEXBUSD trigerd
[2021-09-07 01:35:26][I]:IDEXBUSD trigerd
[2021-09-07 01:35:54][I]:IDEXBUSD trigerd
[2021-09-07 01:36:51][I]:IDEXBUSD trigerd
[2021-09-07 01:37:29][I]:KEEPBUSD trigerd
[2021-09-07 01:38:23][I]:IDEXBUSD trigerd
[2021-09-07 01:38:31][I]:KEEPBUSD trigerd
[2021-09-07 01:38:47][I]:KEEPBUSD trigerd
[2021-09-07 01:42:12][I]:IDEXBUSD trigerd
[2021-09-07 01:42:40][I]:IDEXBUSD trigerd
[2021-09-07 01:48:51][I]:ROSEBUSD trigerd
[2021-09-07 01:52:18][I]:ROSEBUSD trigerd
[2021-09-07 01:52:32][I]:ROSEBUSD trigerd
[2021-09-07 01:52:47][I]:ROSEBUSD trigerd
[2021-09-07 01:53:14][I]:ROSEBUSD trigerd
[2021-09-07 01:53:28][I]:ROSEBUSD trigerd
[2021-09-07 01:53:42][I]:ROSEBUSD trigerd
[2021-09-07 01:53:58][I]:ROSEBUSD trigerd
[2021-09-07 01:54:14][I]:ROSEBUSD trigerd
[2021-09-07 01:54:19][I]:KEEPBUSD trigerd
[2021-09-07 01:54:31][I]:ROSEBUSD trigerd
[2021-09-07 01:54:47][I]:ROSEBUSD trigerd
[2021-09-07 01:54:53][I]:KEEPBUSD trigerd
[2021-09-07 01:56:42][I]:SYSBUSD trigerd
[2021-09-07 01:56:56][I]:SYSBUSD trigerd
[2021-09-07 01:57:11][I]:SYSBUSD trigerd
[2021-09-07 01:57:25][I]:SYSBUSD trigerd
[2021-09-07 01:57:29][I]:KEEPBUSD trigerd
[2021-09-07 01:58:11][I]:SYSBUSD trigerd
[2021-09-07 01:58:25][I]:SYSBUSD trigerd
[2021-09-07 01:58:41][I]:SYSBUSD trigerd
[2021-09-07 01:58:56][I]:SYSBUSD trigerd
[2021-09-07 02:00:45][I]:KEEPBUSD trigerd
[2021-09-07 02:00:59][I]:SYSBUSD trigerd
[2021-09-07 02:01:14][I]:SYSBUSD trigerd
[2021-09-07 02:01:28][I]:SYSBUSD trigerd
[2021-09-07 02:01:32][I]:KEEPBUSD trigerd
[2021-09-07 02:01:44][I]:SYSBUSD trigerd
[2021-09-07 02:01:59][I]:SYSBUSD trigerd
[2021-09-07 02:02:16][I]:KEEPBUSD trigerd
[2021-09-07 02:02:32][I]:KEEPBUSD trigerd
[2021-09-07 02:02:48][I]:KEEPBUSD trigerd
[2021-09-07 02:03:15][I]:SYSBUSD trigerd
[2021-09-07 02:03:31][I]:SYSBUSD trigerd
[2021-09-07 02:03:47][I]:SYSBUSD trigerd
[2021-09-07 02:03:51][I]:KEEPBUSD trigerd
[2021-09-07 02:04:47][I]:SYSBUSD trigerd
[2021-09-07 02:05:16][I]:SYSBUSD trigerd
[2021-09-07 02:05:31][I]:SYSBUSD trigerd
[2021-09-07 02:05:50][I]:SYSBUSD trigerd
[2021-09-07 02:06:05][I]:SYSBUSD trigerd
[2021-09-07 02:06:20][I]:SYSBUSD trigerd
[2021-09-07 02:06:36][I]:SYSBUSD trigerd
[2021-09-07 02:07:31][I]:SYSBUSD trigerd
[2021-09-07 02:07:46][I]:SYSBUSD trigerd
[2021-09-07 02:07:49][I]:KEEPBUSD trigerd
[2021-09-07 02:08:01][I]:SYSBUSD trigerd
[2021-09-07 02:08:05][I]:KEEPBUSD trigerd
[2021-09-07 02:08:26][I]:RUNEBUSD trigerd
[2021-09-07 02:08:37][I]:KEEPBUSD trigerd
[2021-09-07 02:08:43][I]:RUNEBUSD trigerd
[2021-09-07 02:09:00][I]:RUNEBUSD trigerd
[2021-09-07 02:09:15][I]:QNTBUSD trigerd
[2021-09-07 02:09:47][I]:QNTBUSD trigerd
[2021-09-07 02:11:55][I]:SYSBUSD trigerd
[2021-09-07 02:12:45][I]:SYSBUSD trigerd
[2021-09-07 02:12:51][I]:QNTBUSD trigerd
[2021-09-07 02:13:04][I]:SYSBUSD trigerd
[2021-09-07 02:13:20][I]:SYSBUSD trigerd
[2021-09-07 02:13:36][I]:SYSBUSD trigerd
[2021-09-07 02:13:52][I]:SYSBUSD trigerd
[2021-09-07 02:13:58][I]:QNTBUSD trigerd
[2021-09-07 02:14:45][I]:QNTBUSD trigerd
[2021-09-07 02:17:15][I]:QNTBUSD trigerd
[2021-09-07 02:17:31][I]:QNTBUSD trigerd
[2021-09-07 02:17:44][I]:QNTBUSD trigerd
[2021-09-07 02:17:58][I]:QNTBUSD trigerd
[2021-09-07 02:18:14][I]:QNTBUSD trigerd
[2021-09-07 02:18:29][I]:QNTBUSD trigerd
[2021-09-07 02:18:32][I]:VIDTBUSD trigerd
[2021-09-07 02:18:46][I]:QNTBUSD trigerd
[2021-09-07 02:18:50][I]:VIDTBUSD trigerd
[2021-09-07 02:21:43][I]:QNTBUSD trigerd
[2021-09-07 02:22:00][I]:QNTBUSD trigerd
[2021-09-07 02:26:07][I]:QNTBUSD trigerd
[2021-09-07 02:26:36][I]:QNTBUSD trigerd
[2021-09-07 02:27:12][I]:QNTBUSD trigerd
[2021-09-07 02:27:27][I]:QNTBUSD trigerd
[2021-09-07 02:27:42][I]:QNTBUSD trigerd
[2021-09-07 02:27:56][I]:QNTBUSD trigerd
[2021-09-07 02:38:58][I]:KEEPBUSD trigerd
[2021-09-07 02:46:19][I]:SYSBUSD trigerd
[2021-09-07 02:46:33][I]:SYSBUSD trigerd
[2021-09-07 02:47:55][I]:KEEPBUSD trigerd
[2021-09-07 02:48:08][I]:KEEPBUSD trigerd
[2021-09-07 02:48:22][I]:KEEPBUSD trigerd
[2021-09-07 02:48:34][I]:KEEPBUSD trigerd
[2021-09-07 02:48:48][I]:KEEPBUSD trigerd
[2021-09-07 02:48:59][I]:IDEXBUSD trigerd
[2021-09-07 02:49:43][I]:KEEPBUSD trigerd
[2021-09-07 02:50:00][I]:KEEPBUSD trigerd
[2021-09-07 02:50:49][I]:KEEPBUSD trigerd
[2021-09-07 02:55:42][I]:IDEXBUSD trigerd
[2021-09-07 02:55:56][I]:IDEXBUSD trigerd
[2021-09-07 02:55:59][I]:AVABUSD trigerd
[2021-09-07 02:56:26][I]:IDEXBUSD trigerd
[2021-09-07 02:56:40][I]:IDEXBUSD trigerd
[2021-09-07 02:56:55][I]:IDEXBUSD trigerd
[2021-09-07 02:57:35][I]:IDEXBUSD trigerd
[2021-09-07 02:57:50][I]:IDEXBUSD trigerd
[2021-09-07 02:58:06][I]:IDEXBUSD trigerd
[2021-09-07 02:58:33][I]:IDEXBUSD trigerd
[2021-09-07 02:58:47][I]:IDEXBUSD trigerd
[2021-09-07 02:59:00][I]:IDEXBUSD trigerd
[2021-09-07 02:59:16][I]:IDEXBUSD trigerd
[2021-09-07 03:01:19][I]:IDEXBUSD trigerd
[2021-09-07 03:01:32][I]:IDEXBUSD trigerd
[2021-09-07 03:01:46][I]:IDEXBUSD trigerd
[2021-09-07 03:01:59][I]:IDEXBUSD trigerd
[2021-09-07 03:02:13][I]:IDEXBUSD trigerd
[2021-09-07 03:02:21][I]:RAMPBUSD trigerd
[2021-09-07 03:02:34][I]:RAMPBUSD trigerd
[2021-09-07 03:02:49][I]:RAMPBUSD trigerd
[2021-09-07 03:03:04][I]:RAMPBUSD trigerd
[2021-09-07 03:03:17][I]:RAMPBUSD trigerd
[2021-09-07 03:03:25][I]:IDEXBUSD trigerd
[2021-09-07 03:03:32][I]:RAMPBUSD trigerd
[2021-09-07 03:03:40][I]:IDEXBUSD trigerd
[2021-09-07 03:03:47][I]:RAMPBUSD trigerd
[2021-09-07 03:03:55][I]:IDEXBUSD trigerd
[2021-09-07 03:04:10][I]:IDEXBUSD trigerd
[2021-09-07 03:04:16][I]:RAMPBUSD trigerd
[2021-09-07 03:04:25][I]:IDEXBUSD trigerd
[2021-09-07 03:04:30][I]:RAMPBUSD trigerd
[2021-09-07 03:04:40][I]:IDEXBUSD trigerd
[2021-09-07 03:04:46][I]:RAMPBUSD trigerd
[2021-09-07 03:04:56][I]:IDEXBUSD trigerd
[2021-09-07 03:06:00][I]:IDEXBUSD trigerd
[2021-09-07 03:07:34][I]:AVABUSD trigerd
[2021-09-07 03:07:50][I]:AVABUSD trigerd
[2021-09-07 03:08:31][I]:AVABUSD trigerd
[2021-09-07 03:08:34][I]:VIDTBUSD trigerd
[2021-09-07 03:08:51][I]:VIDTBUSD trigerd
[2021-09-07 03:09:06][I]:VIDTBUSD trigerd
[2021-09-07 03:09:48][I]:AVABUSD trigerd
[2021-09-07 03:11:08][I]:ROSEBUSD trigerd
[2021-09-07 03:11:23][I]:ROSEBUSD trigerd
[2021-09-07 03:11:38][I]:ROSEBUSD trigerd
[2021-09-07 03:11:44][I]:RAMPBUSD trigerd
[2021-09-07 03:11:55][I]:ROSEBUSD trigerd
[2021-09-07 03:12:00][I]:RAMPBUSD trigerd
[2021-09-07 03:12:16][I]:RAMPBUSD trigerd
[2021-09-07 03:12:32][I]:RAMPBUSD trigerd
[2021-09-07 03:12:47][I]:RAMPBUSD trigerd
[2021-09-07 03:12:59][I]:ROSEBUSD trigerd
[2021-09-07 03:13:18][I]:RAMPBUSD trigerd
[2021-09-07 03:13:33][I]:RAMPBUSD trigerd
[2021-09-07 03:14:15][I]:ROSEBUSD trigerd
[2021-09-07 03:14:20][I]:RAMPBUSD trigerd
[2021-09-07 03:14:36][I]:RAMPBUSD trigerd
[2021-09-07 03:14:53][I]:RAMPBUSD trigerd
[2021-09-07 03:16:30][I]:IDEXBUSD trigerd
[2021-09-07 03:16:44][I]:IDEXBUSD trigerd
[2021-09-07 03:16:58][I]:IDEXBUSD trigerd
[2021-09-07 03:17:36][I]:IDEXBUSD trigerd
[2021-09-07 03:17:50][I]:IDEXBUSD trigerd
[2021-09-07 03:19:07][I]:IDEXBUSD trigerd
[2021-09-07 03:19:22][I]:IDEXBUSD trigerd
[2021-09-07 03:20:39][I]:IDEXBUSD trigerd
[2021-09-07 03:21:46][I]:AVABUSD trigerd
[2021-09-07 03:23:10][I]:ROSEBUSD trigerd
[2021-09-07 03:23:14][I]:AVABUSD trigerd
[2021-09-07 03:23:59][I]:QNTBUSD trigerd
[2021-09-07 03:24:11][I]:ROSEBUSD trigerd
[2021-09-07 03:24:16][I]:QNTBUSD trigerd
[2021-09-07 03:24:31][I]:QNTBUSD trigerd
[2021-09-07 03:24:43][I]:ROSEBUSD trigerd
[2021-09-07 03:24:48][I]:QNTBUSD trigerd
[2021-09-07 03:27:07][I]:AVABUSD trigerd
[2021-09-07 03:27:21][I]:IDEXBUSD trigerd
[2021-09-07 03:27:26][I]:AVABUSD trigerd
[2021-09-07 03:27:42][I]:AVABUSD trigerd
[2021-09-07 03:27:49][I]:SOLBUSD trigerd
[2021-09-07 03:27:58][I]:IDEXBUSD trigerd
[2021-09-07 03:28:01][I]:AVABUSD trigerd
[2021-09-07 03:28:17][I]:AVABUSD trigerd
[2021-09-07 03:28:30][I]:IDEXBUSD trigerd
[2021-09-07 03:28:33][I]:AVABUSD trigerd
[2021-09-07 03:28:49][I]:AVABUSD trigerd
[2021-09-07 03:29:04][I]:AVABUSD trigerd
[2021-09-07 03:29:11][I]:SOLBUSD trigerd
[2021-09-07 03:29:21][I]:IDEXBUSD trigerd
[2021-09-07 03:29:24][I]:AVABUSD trigerd
[2021-09-07 03:29:38][I]:IDEXBUSD trigerd
[2021-09-07 03:29:41][I]:AVABUSD trigerd
[2021-09-07 03:29:48][I]:SOLBUSD trigerd
[2021-09-07 03:29:58][I]:AVABUSD trigerd
[2021-09-07 03:31:15][I]:RAMPBUSD trigerd
[2021-09-07 03:31:30][I]:RAMPBUSD trigerd
[2021-09-07 03:31:43][I]:RAMPBUSD trigerd
[2021-09-07 03:31:57][I]:RAMPBUSD trigerd
[2021-09-07 03:32:10][I]:RAMPBUSD trigerd
[2021-09-07 03:32:25][I]:RAMPBUSD trigerd
[2021-09-07 03:32:39][I]:RAMPBUSD trigerd
[2021-09-07 03:32:54][I]:RAMPBUSD trigerd
[2021-09-07 03:34:08][I]:SYSBUSD trigerd
[2021-09-07 03:34:23][I]:SYSBUSD trigerd
[2021-09-07 03:34:37][I]:SYSBUSD trigerd
[2021-09-07 03:34:51][I]:SYSBUSD trigerd
[2021-09-07 03:35:42][I]:SYSBUSD trigerd
[2021-09-07 03:35:56][I]:SYSBUSD trigerd
[2021-09-07 03:36:10][I]:SYSBUSD trigerd
[2021-09-07 03:36:26][I]:SYSBUSD trigerd
[2021-09-07 03:39:50][I]:ROSEBUSD trigerd
[2021-09-07 03:40:35][I]:KEEPBUSD trigerd
[2021-09-07 03:40:50][I]:KEEPBUSD trigerd
[2021-09-07 03:41:24][I]:DEXEBUSD trigerd
[2021-09-07 03:41:39][I]:DEXEBUSD trigerd
[2021-09-07 03:41:54][I]:DEXEBUSD trigerd
[2021-09-07 03:42:15][I]:ROSEBUSD trigerd
[2021-09-07 03:42:31][I]:ROSEBUSD trigerd
[2021-09-07 03:42:45][I]:ROSEBUSD trigerd
[2021-09-07 03:42:59][I]:ROSEBUSD trigerd
[2021-09-07 03:43:20][I]:FTMBUSD trigerd
[2021-09-07 03:43:36][I]:FTMBUSD trigerd
[2021-09-07 03:43:50][I]:FTMBUSD trigerd
[2021-09-07 03:44:00][I]:ROSEBUSD trigerd
[2021-09-07 03:44:15][I]:ROSEBUSD trigerd
[2021-09-07 03:44:30][I]:ROSEBUSD trigerd
[2021-09-07 03:44:39][I]:DEXEBUSD trigerd
[2021-09-07 03:44:45][I]:ROSEBUSD trigerd
[2021-09-07 03:45:00][I]:ROSEBUSD trigerd
[2021-09-07 03:46:50][I]:RAMPBUSD trigerd
[2021-09-07 03:47:17][I]:RAMPBUSD trigerd
[2021-09-07 03:47:32][I]:RAMPBUSD trigerd
[2021-09-07 03:51:59][I]:SYSBUSD trigerd
[2021-09-07 03:52:04][I]:SUPERBUSD trigerd
[2021-09-07 03:52:16][I]:SYSBUSD trigerd
[2021-09-07 03:52:20][I]:RAMPBUSD trigerd
[2021-09-07 03:52:25][I]:SUPERBUSD trigerd
[2021-09-07 03:52:33][I]:NUBUSD trigerd
[2021-09-07 03:52:41][I]:SYSBUSD trigerd
[2021-09-07 03:52:47][I]:SUPERBUSD trigerd
[2021-09-07 03:52:53][I]:NUBUSD trigerd
[2021-09-07 03:53:00][I]:SYSBUSD trigerd
[2021-09-07 03:53:08][I]:NUBUSD trigerd
[2021-09-07 03:53:16][I]:SYSBUSD trigerd
[2021-09-07 03:53:31][I]:SYSBUSD trigerd
[2021-09-07 03:53:38][I]:NUBUSD trigerd
[2021-09-07 03:53:46][I]:SYSBUSD trigerd
[2021-09-07 03:53:53][I]:NUBUSD trigerd
[2021-09-07 03:54:06][I]:SUPERBUSD trigerd
[2021-09-07 03:54:17][I]:SYSBUSD trigerd
[2021-09-07 03:54:21][I]:SUPERBUSD trigerd
[2021-09-07 03:57:48][I]:IDEXBUSD trigerd
[2021-09-07 04:01:42][I]:SYSBUSD trigerd
[2021-09-07 04:01:56][I]:SYSBUSD trigerd
[2021-09-07 04:02:21][I]:SYSBUSD trigerd
[2021-09-07 04:02:37][I]:SYSBUSD trigerd
[2021-09-07 04:02:51][I]:SYSBUSD trigerd
[2021-09-07 04:03:17][I]:SYSBUSD trigerd
[2021-09-07 04:03:31][I]:SYSBUSD trigerd
[2021-09-07 04:03:45][I]:SYSBUSD trigerd
[2021-09-07 04:03:59][I]:SYSBUSD trigerd
[2021-09-07 04:12:22][I]:SYSBUSD trigerd
[2021-09-07 04:12:35][I]:SYSBUSD trigerd
[2021-09-07 04:12:48][I]:SYSBUSD trigerd
[2021-09-07 04:13:00][I]:SYSBUSD trigerd
[2021-09-07 04:13:38][I]:SYSBUSD trigerd
[2021-09-07 04:13:52][I]:SYSBUSD trigerd
[2021-09-07 04:14:05][I]:SYSBUSD trigerd
[2021-09-07 04:14:18][I]:SYSBUSD trigerd
[2021-09-07 04:14:33][I]:SYSBUSD trigerd
[2021-09-07 04:14:46][I]:SYSBUSD trigerd
[2021-09-07 04:14:59][I]:SYSBUSD trigerd
[2021-09-07 04:17:22][I]:ARBUSD trigerd
[2021-09-07 04:17:38][I]:ARBUSD trigerd
[2021-09-07 04:17:51][I]:ARBUSD trigerd
[2021-09-07 04:27:14][I]:SUPERBUSD trigerd
[2021-09-07 04:27:28][I]:SUPERBUSD trigerd
[2021-09-07 04:27:43][I]:SUPERBUSD trigerd
[2021-09-07 04:27:57][I]:SUPERBUSD trigerd
[2021-09-07 04:37:31][I]:SYSBUSD trigerd
[2021-09-07 04:37:47][I]:SYSBUSD trigerd
[2021-09-07 04:38:52][I]:SYSBUSD trigerd
[2021-09-07 04:39:18][I]:SYSBUSD trigerd
[2021-09-07 04:39:31][I]:SYSBUSD trigerd
[2021-09-07 04:39:46][I]:SYSBUSD trigerd
[2021-09-07 04:40:00][I]:SYSBUSD trigerd
[2021-09-07 04:40:14][I]:SYSBUSD trigerd
[2021-09-07 04:40:27][I]:SYSBUSD trigerd
[2021-09-07 04:40:41][I]:SYSBUSD trigerd
[2021-09-07 04:40:57][I]:SYSBUSD trigerd
[2021-09-07 04:43:30][I]:SYSBUSD trigerd
[2021-09-07 04:46:10][I]:IDEXBUSD trigerd
[2021-09-07 04:46:24][I]:IDEXBUSD trigerd
[2021-09-07 04:46:38][I]:IDEXBUSD trigerd
[2021-09-07 04:46:52][I]:IDEXBUSD trigerd
[2021-09-07 04:48:23][I]:IDEXBUSD trigerd
[2021-09-07 04:53:40][I]:VIDTBUSD trigerd
[2021-09-07 04:53:56][I]:VIDTBUSD trigerd
[2021-09-07 04:54:21][I]:VIDTBUSD trigerd
[2021-09-07 04:54:34][I]:VIDTBUSD trigerd
[2021-09-07 04:54:47][I]:VIDTBUSD trigerd
[2021-09-07 04:56:50][I]:SYSBUSD trigerd
[2021-09-07 04:58:34][I]:SYSBUSD trigerd
[2021-09-07 05:02:57][I]:IDEXBUSD trigerd
[2021-09-07 05:03:11][I]:IDEXBUSD trigerd
[2021-09-07 05:03:47][I]:IDEXBUSD trigerd
[2021-09-07 05:04:37][I]:IDEXBUSD trigerd
[2021-09-07 05:04:39][I]:ROSEBUSD trigerd
[2021-09-07 05:04:55][I]:ROSEBUSD trigerd
[2021-09-07 05:05:32][I]:IDEXBUSD trigerd
[2021-09-07 05:05:46][I]:IDEXBUSD trigerd
[2021-09-07 05:06:51][I]:IDEXBUSD trigerd
[2021-09-07 05:07:07][I]:IDEXBUSD trigerd
[2021-09-07 05:07:21][I]:IDEXBUSD trigerd
[2021-09-07 05:07:34][I]:IDEXBUSD trigerd
[2021-09-07 05:08:27][I]:IDEXBUSD trigerd
[2021-09-07 05:08:41][I]:IDEXBUSD trigerd
[2021-09-07 05:08:55][I]:IDEXBUSD trigerd
[2021-09-07 05:09:11][I]:IDEXBUSD trigerd
[2021-09-07 05:27:09][I]:SUPERBUSD trigerd
[2021-09-07 05:27:24][I]:SUPERBUSD trigerd
[2021-09-07 05:27:37][I]:SUPERBUSD trigerd
[2021-09-07 05:27:51][I]:SUPERBUSD trigerd
[2021-09-07 05:28:55][I]:SUPERBUSD trigerd
[2021-09-07 05:29:08][I]:SUPERBUSD trigerd
[2021-09-07 05:31:35][I]:SUPERBUSD trigerd
[2021-09-07 05:47:07][I]:KEEPBUSD trigerd
[2021-09-07 05:47:48][I]:THETABUSD trigerd
[2021-09-07 05:59:19][I]:MDXBUSD trigerd
[2021-09-07 06:02:32][I]:NUBUSD trigerd
[2021-09-07 06:02:54][I]:KEEPBUSD trigerd
[2021-09-07 06:02:58][I]:VIDTBUSD trigerd
[2021-09-07 06:03:14][I]:VIDTBUSD trigerd
[2021-09-07 06:03:18][I]:NUBUSD trigerd
[2021-09-07 06:03:26][I]:IDEXBUSD trigerd
[2021-09-07 06:03:34][I]:VIDTBUSD trigerd
[2021-09-07 06:03:36][I]:NUBUSD trigerd
[2021-09-07 06:03:46][I]:IDEXBUSD trigerd
[2021-09-07 06:03:52][I]:VIDTBUSD trigerd
[2021-09-07 06:03:55][I]:NUBUSD trigerd
[2021-09-07 06:04:04][I]:IDEXBUSD trigerd
[2021-09-07 06:04:07][I]:KEEPBUSD trigerd
[2021-09-07 06:04:22][I]:IDEXBUSD trigerd
[2021-09-07 06:04:40][I]:IDEXBUSD trigerd
[2021-09-07 06:04:46][I]:NUBUSD trigerd
[2021-09-07 06:04:57][I]:KEEPBUSD trigerd
[2021-09-07 06:05:25][I]:KEEPBUSD trigerd
[2021-09-07 06:09:23][I]:KEEPBUSD trigerd
[2021-09-07 06:13:57][I]:NUBUSD trigerd
[2021-09-07 06:14:25][I]:NUBUSD trigerd
[2021-09-07 06:14:39][I]:NUBUSD trigerd
[2021-09-07 06:14:53][I]:NUBUSD trigerd
[2021-09-07 06:15:42][I]:NUBUSD trigerd
[2021-09-07 06:15:55][I]:NUBUSD trigerd
[2021-09-07 06:16:35][I]:NUBUSD trigerd
[2021-09-07 06:17:01][I]:NUBUSD trigerd
[2021-09-07 06:17:27][I]:NUBUSD trigerd
[2021-09-07 06:19:02][I]:RAMPBUSD trigerd
[2021-09-07 06:28:49][I]:RAMPBUSD trigerd
[2021-09-07 06:29:15][I]:RAMPBUSD trigerd
[2021-09-07 06:29:29][I]:RAMPBUSD trigerd
[2021-09-07 06:29:43][I]:RAMPBUSD trigerd
[2021-09-07 06:29:57][I]:RAMPBUSD trigerd
[2021-09-07 06:31:53][I]:SYSBUSD trigerd
[2021-09-07 06:42:51][I]:SYSBUSD trigerd
[2021-09-07 06:43:19][I]:SYSBUSD trigerd
[2021-09-07 06:43:33][I]:SYSBUSD trigerd
[2021-09-07 06:43:47][I]:SYSBUSD trigerd
[2021-09-07 06:44:01][I]:SYSBUSD trigerd
[2021-09-07 06:44:26][I]:SYSBUSD trigerd
[2021-09-07 06:44:40][I]:SYSBUSD trigerd
[2021-09-07 06:44:54][I]:SYSBUSD trigerd
[2021-09-07 06:45:55][I]:SYSBUSD trigerd
[2021-09-07 06:46:09][I]:SYSBUSD trigerd
[2021-09-07 06:46:23][I]:SYSBUSD trigerd
[2021-09-07 06:46:36][I]:SYSBUSD trigerd
[2021-09-07 06:46:50][I]:SYSBUSD trigerd
[2021-09-07 06:47:16][I]:SYSBUSD trigerd
[2021-09-07 06:47:29][I]:SYSBUSD trigerd
[2021-09-07 06:47:44][I]:SYSBUSD trigerd
[2021-09-07 06:47:59][I]:SYSBUSD trigerd
[2021-09-07 06:48:13][I]:SYSBUSD trigerd
[2021-09-07 06:48:27][I]:SYSBUSD trigerd
[2021-09-07 06:48:41][I]:SYSBUSD trigerd
[2021-09-07 06:48:57][I]:SYSBUSD trigerd
[2021-09-07 06:49:11][I]:SYSBUSD trigerd
[2021-09-07 06:49:25][I]:SYSBUSD trigerd
[2021-09-07 06:50:29][I]:SYSBUSD trigerd
[2021-09-07 06:50:33][I]:NUBUSD trigerd
[2021-09-07 06:50:55][I]:NUBUSD trigerd
[2021-09-07 06:52:18][I]:NUBUSD trigerd
[2021-09-07 06:52:31][I]:NUBUSD trigerd
[2021-09-07 06:52:46][I]:NUBUSD trigerd
[2021-09-07 06:53:14][I]:NUBUSD trigerd
[2021-09-07 06:53:55][I]:NUBUSD trigerd
[2021-09-07 06:54:22][I]:NUBUSD trigerd
[2021-09-07 06:54:36][I]:NUBUSD trigerd
[2021-09-07 06:54:51][I]:NUBUSD trigerd
[2021-09-07 06:57:01][I]:NUBUSD trigerd
[2021-09-07 06:57:15][I]:NUBUSD trigerd
[2021-09-07 06:57:29][I]:NUBUSD trigerd
[2021-09-07 06:57:43][I]:NUBUSD trigerd
[2021-09-07 06:57:57][I]:NUBUSD trigerd
[2021-09-07 07:01:26][I]:IDEXBUSD trigerd
[2021-09-07 07:01:39][I]:IDEXBUSD trigerd
[2021-09-07 07:01:53][I]:IDEXBUSD trigerd
[2021-09-07 07:02:07][I]:IDEXBUSD trigerd
[2021-09-07 07:02:20][I]:IDEXBUSD trigerd
[2021-09-07 07:02:34][I]:IDEXBUSD trigerd
[2021-09-07 07:02:47][I]:IDEXBUSD trigerd
[2021-09-07 07:03:15][I]:IDEXBUSD trigerd
[2021-09-07 07:03:29][I]:IDEXBUSD trigerd
[2021-09-07 07:03:42][I]:IDEXBUSD trigerd
[2021-09-07 07:03:57][I]:IDEXBUSD trigerd
[2021-09-07 07:04:10][I]:IDEXBUSD trigerd
[2021-09-07 07:04:23][I]:IDEXBUSD trigerd
[2021-09-07 07:06:26][I]:IDEXBUSD trigerd
[2021-09-07 07:06:40][I]:IDEXBUSD trigerd
[2021-09-07 07:06:54][I]:IDEXBUSD trigerd
[2021-09-07 07:07:21][I]:IDEXBUSD trigerd
[2021-09-07 07:09:15][I]:IDEXBUSD trigerd
[2021-09-07 07:09:29][I]:IDEXBUSD trigerd
[2021-09-07 07:14:54][I]:VIDTBUSD trigerd
[2021-09-07 07:15:32][I]:VIDTBUSD trigerd
[2021-09-07 07:15:46][I]:VIDTBUSD trigerd
[2021-09-07 07:17:05][I]:VIDTBUSD trigerd
[2021-09-07 07:17:18][I]:VIDTBUSD trigerd
[2021-09-07 07:23:58][I]:NUBUSD trigerd
[2021-09-07 07:24:14][I]:NUBUSD trigerd
[2021-09-07 07:24:28][I]:NUBUSD trigerd
[2021-09-07 07:24:43][I]:NUBUSD trigerd
[2021-09-07 07:24:56][I]:NUBUSD trigerd
[2021-09-07 07:32:28][I]:SYSBUSD trigerd
[2021-09-07 07:32:41][I]:SYSBUSD trigerd
[2021-09-07 07:32:54][I]:SYSBUSD trigerd
[2021-09-07 07:33:34][I]:SYSBUSD trigerd
[2021-09-07 07:33:47][I]:SYSBUSD trigerd
[2021-09-07 07:35:29][I]:NUBUSD trigerd
[2021-09-07 07:35:43][I]:NUBUSD trigerd
[2021-09-07 07:35:56][I]:NUBUSD trigerd
[2021-09-07 07:37:13][I]:NUBUSD trigerd
[2021-09-07 07:37:28][I]:NUBUSD trigerd
[2021-09-07 07:37:41][I]:NUBUSD trigerd
[2021-09-07 07:37:55][I]:NUBUSD trigerd
[2021-09-07 07:42:18][I]:NUBUSD trigerd
[2021-09-07 07:42:33][I]:NUBUSD trigerd
[2021-09-07 07:43:07][I]:ARBUSD trigerd
[2021-09-07 07:43:17][I]:NUBUSD trigerd
[2021-09-07 07:43:24][I]:ARBUSD trigerd
[2021-09-07 07:43:33][I]:NUBUSD trigerd
[2021-09-07 07:43:39][I]:ARBUSD trigerd
[2021-09-07 07:43:48][I]:NUBUSD trigerd
[2021-09-07 07:43:55][I]:ARBUSD trigerd
[2021-09-07 07:44:04][I]:NUBUSD trigerd
[2021-09-07 07:44:19][I]:NUBUSD trigerd
[2021-09-07 07:44:33][I]:NUBUSD trigerd
[2021-09-07 07:44:47][I]:NUBUSD trigerd
[2021-09-07 07:46:43][I]:NUBUSD trigerd
[2021-09-07 07:46:57][I]:NUBUSD trigerd
[2021-09-07 07:47:11][I]:NUBUSD trigerd
[2021-09-07 07:47:52][I]:VIDTBUSD trigerd
[2021-09-07 07:48:04][I]:NUBUSD trigerd
[2021-09-07 07:48:09][I]:VIDTBUSD trigerd
[2021-09-07 07:48:24][I]:NUBUSD trigerd
[2021-09-07 07:48:28][I]:VIDTBUSD trigerd
[2021-09-07 07:48:42][I]:VIDTBUSD trigerd
[2021-09-07 07:48:57][I]:VIDTBUSD trigerd
[2021-09-07 07:50:27][I]:NUBUSD trigerd
[2021-09-07 07:50:41][I]:NUBUSD trigerd
[2021-09-07 07:50:56][I]:VIDTBUSD trigerd
[2021-09-07 07:52:51][I]:FRONTBUSD trigerd
[2021-09-07 07:53:06][I]:FRONTBUSD trigerd
[2021-09-07 07:53:23][I]:FRONTBUSD trigerd
[2021-09-07 07:53:33][I]:SYSBUSD trigerd
[2021-09-07 07:53:39][I]:FRONTBUSD trigerd
[2021-09-07 07:53:49][I]:SYSBUSD trigerd
[2021-09-07 07:53:55][I]:FRONTBUSD trigerd
[2021-09-07 07:54:19][I]:SYSBUSD trigerd
[2021-09-07 07:56:29][I]:SYSBUSD trigerd
[2021-09-07 07:56:46][I]:SYSBUSD trigerd
[2021-09-07 07:57:00][I]:SYSBUSD trigerd
[2021-09-07 08:03:03][I]:FIOBUSD trigerd
[2021-09-07 08:03:19][I]:FIOBUSD trigerd
[2021-09-07 08:03:33][I]:FIOBUSD trigerd
[2021-09-07 08:03:42][I]:SYSBUSD trigerd
[2021-09-07 08:03:58][I]:SYSBUSD trigerd
[2021-09-07 08:04:04][I]:FIOBUSD trigerd
[2021-09-07 08:04:14][I]:SYSBUSD trigerd
[2021-09-07 08:04:20][I]:FIOBUSD trigerd
[2021-09-07 08:04:31][I]:SYSBUSD trigerd
[2021-09-07 08:04:38][I]:FIOBUSD trigerd
[2021-09-07 08:04:48][I]:SYSBUSD trigerd
[2021-09-07 08:04:55][I]:FIOBUSD trigerd
[2021-09-07 08:09:47][I]:ROSEBUSD trigerd
[2021-09-07 08:10:57][I]:SYSBUSD trigerd
[2021-09-07 08:11:01][I]:ROSEBUSD trigerd
[2021-09-07 08:11:22][I]:ROSEBUSD trigerd
[2021-09-07 08:11:46][I]:ROSEBUSD trigerd
[2021-09-07 08:12:18][I]:VIDTBUSD trigerd
[2021-09-07 08:12:32][I]:VIDTBUSD trigerd
[2021-09-07 08:12:44][I]:ROSEBUSD trigerd
[2021-09-07 08:12:47][I]:VIDTBUSD trigerd
[2021-09-07 08:12:59][I]:ROSEBUSD trigerd
[2021-09-07 08:13:02][I]:VIDTBUSD trigerd
[2021-09-07 08:13:47][I]:VIDTBUSD trigerd
[2021-09-07 08:14:02][I]:VIDTBUSD trigerd
[2021-09-07 08:14:30][I]:SYSBUSD trigerd
[2021-09-07 08:14:46][I]:SYSBUSD trigerd
[2021-09-07 08:16:03][I]:IDEXBUSD trigerd
[2021-09-07 08:16:17][I]:IDEXBUSD trigerd
[2021-09-07 08:16:31][I]:IDEXBUSD trigerd
[2021-09-07 08:16:44][I]:IDEXBUSD trigerd
[2021-09-07 08:16:51][I]:FRONTBUSD trigerd
[2021-09-07 08:17:00][I]:IDEXBUSD trigerd
[2021-09-07 08:18:02][I]:IDEXBUSD trigerd
[2021-09-07 08:18:17][I]:IDEXBUSD trigerd
[2021-09-07 08:18:50][I]:FRONTBUSD trigerd
[2021-09-07 08:19:05][I]:FRONTBUSD trigerd
[2021-09-07 08:19:28][I]:IDEXBUSD trigerd
[2021-09-07 08:19:44][I]:IDEXBUSD trigerd
[2021-09-07 08:19:58][I]:IDEXBUSD trigerd
[2021-09-07 08:21:17][I]:KEEPBUSD trigerd
[2021-09-07 08:21:34][I]:KEEPBUSD trigerd
[2021-09-07 08:21:39][I]:FRONTBUSD trigerd
[2021-09-07 08:21:50][I]:KEEPBUSD trigerd
[2021-09-07 08:22:18][I]:KEEPBUSD trigerd
[2021-09-07 08:22:23][I]:FRONTBUSD trigerd
[2021-09-07 08:23:03][I]:KEEPBUSD trigerd
[2021-09-07 08:23:18][I]:KEEPBUSD trigerd
[2021-09-07 08:23:33][I]:KEEPBUSD trigerd
[2021-09-07 08:23:47][I]:KEEPBUSD trigerd
[2021-09-07 08:24:14][I]:KEEPBUSD trigerd
[2021-09-07 08:24:28][I]:KEEPBUSD trigerd
[2021-09-07 08:28:28][I]:FRONTBUSD trigerd
[2021-09-07 08:28:39][I]:KEEPBUSD trigerd
[2021-09-07 08:28:44][I]:FRONTBUSD trigerd
[2021-09-07 08:28:55][I]:KEEPBUSD trigerd
[2021-09-07 08:28:59][I]:FRONTBUSD trigerd
[2021-09-07 08:29:57][I]:KEEPBUSD trigerd
[2021-09-07 08:31:25][I]:SYSBUSD trigerd
[2021-09-07 08:31:44][I]:SYSBUSD trigerd
[2021-09-07 08:31:58][I]:SYSBUSD trigerd
[2021-09-07 08:32:12][I]:SYSBUSD trigerd
[2021-09-07 08:33:10][I]:SYSBUSD trigerd
[2021-09-07 08:33:30][I]:SYSBUSD trigerd
[2021-09-07 08:33:47][I]:SYSBUSD trigerd
[2021-09-07 08:34:23][I]:FRONTBUSD trigerd
[2021-09-07 08:34:42][I]:FRONTBUSD trigerd
[2021-09-07 08:34:57][I]:FRONTBUSD trigerd
[2021-09-07 08:43:09][I]:FRONTBUSD trigerd
[2021-09-07 08:43:26][I]:FRONTBUSD trigerd
[2021-09-07 08:43:32][I]:SKLBUSD trigerd
[2021-09-07 08:43:43][I]:FRONTBUSD trigerd
[2021-09-07 08:43:57][I]:FRONTBUSD trigerd
[2021-09-07 08:44:25][I]:FRONTBUSD trigerd
[2021-09-07 08:44:39][I]:FRONTBUSD trigerd
[2021-09-07 08:44:54][I]:FRONTBUSD trigerd
[2021-09-07 08:46:39][I]:IDEXBUSD trigerd
[2021-09-07 08:46:55][I]:IDEXBUSD trigerd
[2021-09-07 08:48:14][I]:IDEXBUSD trigerd
[2021-09-07 08:48:28][I]:IDEXBUSD trigerd
[2021-09-07 08:48:41][I]:IDEXBUSD trigerd
[2021-09-07 08:48:56][I]:IDEXBUSD trigerd
[2021-09-07 08:48:59][I]:SYSBUSD trigerd
[2021-09-07 08:49:02][I]:RAMPBUSD trigerd
[2021-09-07 08:49:15][I]:SYSBUSD trigerd
[2021-09-07 08:49:32][I]:RAMPBUSD trigerd
[2021-09-07 08:49:45][I]:IDEXBUSD trigerd
[2021-09-07 08:49:49][I]:RAMPBUSD trigerd
[2021-09-07 08:54:07][I]:SYSBUSD trigerd
[2021-09-07 08:54:22][I]:SYSBUSD trigerd
[2021-09-07 08:54:36][I]:SYSBUSD trigerd
[2021-09-07 08:54:50][I]:SYSBUSD trigerd
[2021-09-07 09:01:25][I]:SYSBUSD trigerd
[2021-09-07 09:01:51][I]:SYSBUSD trigerd
[2021-09-07 09:02:18][I]:SYSBUSD trigerd
[2021-09-07 09:02:32][I]:SYSBUSD trigerd
[2021-09-07 09:02:46][I]:SYSBUSD trigerd
[2021-09-07 09:03:00][I]:SYSBUSD trigerd
[2021-09-07 09:03:14][I]:SYSBUSD trigerd
[2021-09-07 09:03:28][I]:SYSBUSD trigerd
[2021-09-07 09:03:41][I]:SYSBUSD trigerd
[2021-09-07 09:03:55][I]:SYSBUSD trigerd
[2021-09-07 09:06:15][I]:SYSBUSD trigerd
[2021-09-07 09:06:30][I]:SYSBUSD trigerd
[2021-09-07 09:06:43][I]:SYSBUSD trigerd
[2021-09-07 09:06:58][I]:SYSBUSD trigerd
[2021-09-07 09:08:15][I]:SYSBUSD trigerd
[2021-09-07 09:08:28][I]:SYSBUSD trigerd
[2021-09-07 09:08:43][I]:SYSBUSD trigerd
[2021-09-07 09:08:56][I]:SYSBUSD trigerd
[2021-09-07 09:09:10][I]:SYSBUSD trigerd
[2021-09-07 09:09:24][I]:SYSBUSD trigerd
[2021-09-07 09:09:37][I]:SYSBUSD trigerd
[2021-09-07 09:09:50][I]:SYSBUSD trigerd
[2021-09-07 09:13:53][I]:SYSBUSD trigerd
[2021-09-07 09:16:44][I]:NUBUSD trigerd
[2021-09-07 09:17:24][I]:NUBUSD trigerd
[2021-09-07 09:17:38][I]:NUBUSD trigerd
[2021-09-07 09:17:51][I]:NUBUSD trigerd
[2021-09-07 09:18:18][I]:NUBUSD trigerd
[2021-09-07 09:18:33][I]:NUBUSD trigerd
[2021-09-07 09:18:48][I]:NUBUSD trigerd
[2021-09-07 09:22:24][I]:FRONTBUSD trigerd
[2021-09-07 09:23:56][I]:AVABUSD trigerd
[2021-09-07 09:24:38][I]:AVABUSD trigerd
[2021-09-07 09:31:41][I]:SYSBUSD trigerd
[2021-09-07 09:32:20][I]:SYSBUSD trigerd
[2021-09-07 09:32:35][I]:SYSBUSD trigerd
[2021-09-07 09:32:49][I]:SYSBUSD trigerd
[2021-09-07 09:48:07][I]:SYSBUSD trigerd
[2021-09-07 09:48:11][I]:RAMPBUSD trigerd
[2021-09-07 09:48:24][I]:SYSBUSD trigerd
[2021-09-07 09:48:26][I]:RAMPBUSD trigerd
[2021-09-07 09:48:39][I]:SYSBUSD trigerd
[2021-09-07 09:48:42][I]:RAMPBUSD trigerd
[2021-09-07 09:48:55][I]:SYSBUSD trigerd
[2021-09-07 09:48:59][I]:RAMPBUSD trigerd
[2021-09-07 09:49:12][I]:RAMPBUSD trigerd
[2021-09-07 09:49:38][I]:RAMPBUSD trigerd
[2021-09-07 09:49:51][I]:RAMPBUSD trigerd
[2021-09-07 09:53:03][I]:AERGOBUSD trigerd
[2021-09-07 09:53:20][I]:AERGOBUSD trigerd
[2021-09-07 09:53:34][I]:AERGOBUSD trigerd
[2021-09-07 09:54:30][I]:AERGOBUSD trigerd
[2021-09-07 09:54:43][I]:AERGOBUSD trigerd
[2021-09-07 09:54:57][I]:AERGOBUSD trigerd
[2021-09-07 09:56:24][I]:RAMPBUSD trigerd
[2021-09-07 09:56:38][I]:RAMPBUSD trigerd
[2021-09-07 09:56:52][I]:RAMPBUSD trigerd
[2021-09-07 10:08:45][I]:VIDTBUSD trigerd
[2021-09-07 10:09:20][I]:VIDTBUSD trigerd
[2021-09-07 10:09:40][I]:VIDTBUSD trigerd
[2021-09-07 10:09:56][I]:VIDTBUSD trigerd
[2021-09-07 10:23:53][I]:IDEXBUSD trigerd
[2021-09-07 10:24:24][I]:IDEXBUSD trigerd
[2021-09-07 10:24:38][I]:IDEXBUSD trigerd
[2021-09-07 10:24:52][I]:IDEXBUSD trigerd
[2021-09-07 10:27:26][I]:IDEXBUSD trigerd
[2021-09-07 10:28:17][I]:IDEXBUSD trigerd
[2021-09-07 10:28:32][I]:IDEXBUSD trigerd
[2021-09-07 10:28:46][I]:IDEXBUSD trigerd
[2021-09-07 10:29:00][I]:IDEXBUSD trigerd
[2021-09-07 10:29:14][I]:IDEXBUSD trigerd
[2021-09-07 10:29:27][I]:IDEXBUSD trigerd
[2021-09-07 10:29:41][I]:IDEXBUSD trigerd
[2021-09-07 10:29:55][I]:IDEXBUSD trigerd
[2021-09-07 10:38:07][I]:RAYBUSD trigerd
[2021-09-07 10:38:22][I]:RAYBUSD trigerd
[2021-09-07 10:38:37][I]:RAYBUSD trigerd
[2021-09-07 10:38:46][I]:FRONTBUSD trigerd
[2021-09-07 10:38:52][I]:RAYBUSD trigerd
[2021-09-07 10:39:02][I]:FRONTBUSD trigerd
[2021-09-07 10:39:09][I]:RAYBUSD trigerd
[2021-09-07 10:39:17][I]:FRONTBUSD trigerd
[2021-09-07 10:39:23][I]:RAYBUSD trigerd
[2021-09-07 10:39:33][I]:FRONTBUSD trigerd
[2021-09-07 10:39:40][I]:RAYBUSD trigerd
[2021-09-07 10:39:49][I]:FRONTBUSD trigerd
[2021-09-07 10:39:55][I]:RAYBUSD trigerd
[2021-09-07 10:41:41][I]:NUBUSD trigerd
[2021-09-07 10:41:56][I]:NUBUSD trigerd
[2021-09-07 10:43:39][I]:FRONTBUSD trigerd
[2021-09-07 10:43:53][I]:FRONTBUSD trigerd
[2021-09-07 10:44:07][I]:FRONTBUSD trigerd
[2021-09-07 10:44:21][I]:FRONTBUSD trigerd
[2021-09-07 10:44:35][I]:FRONTBUSD trigerd
[2021-09-07 10:44:50][I]:FRONTBUSD trigerd
[2021-09-07 10:47:47][I]:IDEXBUSD trigerd
[2021-09-07 10:48:00][I]:IDEXBUSD trigerd
[2021-09-07 10:51:23][I]:IDEXBUSD trigerd
[2021-09-07 10:51:38][I]:IDEXBUSD trigerd
[2021-09-07 10:51:52][I]:IDEXBUSD trigerd
[2021-09-07 10:52:33][I]:IDEXBUSD trigerd
[2021-09-07 10:52:47][I]:IDEXBUSD trigerd
[2021-09-07 10:53:13][I]:IDEXBUSD trigerd
[2021-09-07 10:53:28][I]:IDEXBUSD trigerd
[2021-09-07 10:53:43][I]:IDEXBUSD trigerd
[2021-09-07 10:53:56][I]:IDEXBUSD trigerd
[2021-09-07 10:54:10][I]:IDEXBUSD trigerd
[2021-09-07 10:54:24][I]:IDEXBUSD trigerd
[2021-09-07 10:54:38][I]:IDEXBUSD trigerd
[2021-09-07 10:54:43][I]:NUBUSD trigerd
[2021-09-07 10:54:53][I]:IDEXBUSD trigerd
[2021-09-07 10:56:24][I]:IDEXBUSD trigerd
[2021-09-07 10:56:39][I]:IDEXBUSD trigerd
[2021-09-07 10:56:54][I]:IDEXBUSD trigerd
[2021-09-07 10:58:30][I]:RAYBUSD trigerd
[2021-09-07 11:02:08][I]:IDEXBUSD trigerd
[2021-09-07 11:02:22][I]:IDEXBUSD trigerd
[2021-09-07 11:02:36][I]:IDEXBUSD trigerd
[2021-09-07 11:02:50][I]:IDEXBUSD trigerd
[2021-09-07 11:03:03][I]:IDEXBUSD trigerd
[2021-09-07 11:03:17][I]:IDEXBUSD trigerd
[2021-09-07 11:04:06][I]:IDEXBUSD trigerd
[2021-09-07 11:04:20][I]:IDEXBUSD trigerd
[2021-09-07 11:04:24][I]:VIDTBUSD trigerd
[2021-09-07 11:04:35][I]:IDEXBUSD trigerd
[2021-09-07 11:04:41][I]:VIDTBUSD trigerd
[2021-09-07 11:04:55][I]:VIDTBUSD trigerd
[2021-09-07 11:07:41][I]:RAMPBUSD trigerd
[2021-09-07 11:07:59][I]:RAMPBUSD trigerd
[2021-09-07 11:08:13][I]:SYSBUSD trigerd
[2021-09-07 11:08:29][I]:RAMPBUSD trigerd
[2021-09-07 11:08:42][I]:SYSBUSD trigerd
[2021-09-07 11:09:10][I]:RAMPBUSD trigerd
[2021-09-07 11:11:00][I]:IDEXBUSD trigerd
[2021-09-07 11:15:49][I]:FRONTBUSD trigerd
[2021-09-07 11:16:53][I]:IDEXBUSD trigerd
[2021-09-07 11:17:22][I]:FRONTBUSD trigerd
[2021-09-07 11:18:12][I]:IDEXBUSD trigerd
[2021-09-07 11:18:26][I]:IDEXBUSD trigerd
[2021-09-07 11:18:39][I]:IDEXBUSD trigerd
[2021-09-07 11:18:53][I]:IDEXBUSD trigerd
[2021-09-07 11:19:19][I]:IDEXBUSD trigerd
[2021-09-07 11:19:32][I]:IDEXBUSD trigerd
[2021-09-07 11:19:45][I]:IDEXBUSD trigerd
[2021-09-07 11:19:58][I]:IDEXBUSD trigerd
[2021-09-07 11:23:16][I]:SRMBUSD trigerd
[2021-09-07 11:23:44][I]:SRMBUSD trigerd
[2021-09-07 11:23:58][I]:SRMBUSD trigerd
[2021-09-07 11:30:37][I]:IDEXBUSD trigerd
[2021-09-07 11:30:52][I]:IDEXBUSD trigerd
[2021-09-07 11:31:06][I]:IDEXBUSD trigerd
[2021-09-07 11:31:43][I]:IDEXBUSD trigerd
[2021-09-07 11:31:59][I]:IDEXBUSD trigerd
[2021-09-07 11:32:13][I]:IDEXBUSD trigerd
[2021-09-07 11:39:00][I]:ROSEBUSD trigerd
[2021-09-07 11:39:27][I]:ROSEBUSD trigerd
[2021-09-07 11:39:40][I]:ROSEBUSD trigerd
[2021-09-07 11:39:54][I]:ROSEBUSD trigerd
[2021-09-07 11:44:37][I]:SKLBUSD trigerd
[2021-09-07 11:44:53][I]:SKLBUSD trigerd
[2021-09-07 11:45:53][I]:FIOBUSD trigerd
[2021-09-07 11:46:42][I]:FIOBUSD trigerd
[2021-09-07 11:46:57][I]:FIOBUSD trigerd
[2021-09-07 11:50:40][I]:FIOBUSD trigerd
[2021-09-07 11:50:54][I]:FIOBUSD trigerd
[2021-09-07 11:51:08][I]:FIOBUSD trigerd
[2021-09-07 11:51:22][I]:FIOBUSD trigerd
[2021-09-07 11:51:36][I]:FIOBUSD trigerd
[2021-09-07 11:51:49][I]:FIOBUSD trigerd
[2021-09-07 11:52:03][I]:FIOBUSD trigerd
[2021-09-07 11:53:11][I]:FIOBUSD trigerd
[2021-09-07 11:53:26][I]:FIOBUSD trigerd
[2021-09-07 11:53:40][I]:FIOBUSD trigerd
[2021-09-07 11:53:55][I]:FIOBUSD trigerd
[2021-09-07 11:54:08][I]:FIOBUSD trigerd
[2021-09-07 11:57:41][I]:FRONTBUSD trigerd
[2021-09-07 11:57:57][I]:FRONTBUSD trigerd
[2021-09-07 11:59:05][I]:FRONTBUSD trigerd
[2021-09-07 11:59:20][I]:FRONTBUSD trigerd
[2021-09-07 11:59:27][I]:CFXBUSD trigerd
[2021-09-07 11:59:35][I]:FRONTBUSD trigerd
[2021-09-07 12:01:42][I]:SYSBUSD trigerd
[2021-09-07 12:02:16][I]:SYSBUSD trigerd
[2021-09-07 12:02:51][I]:SYSBUSD trigerd
[2021-09-07 12:03:19][I]:CFXBUSD trigerd
[2021-09-07 12:03:47][I]:SYSBUSD trigerd
[2021-09-07 12:04:52][I]:CFXBUSD trigerd
[2021-09-07 12:06:51][I]:RAMPBUSD trigerd
[2021-09-07 12:07:25][I]:RAMPBUSD trigerd
[2021-09-07 12:07:39][I]:RAMPBUSD trigerd
[2021-09-07 12:08:27][I]:RAMPBUSD trigerd
[2021-09-07 12:19:06][I]:IDEXBUSD trigerd
[2021-09-07 12:19:19][I]:IDEXBUSD trigerd
[2021-09-07 12:19:32][I]:IDEXBUSD trigerd
[2021-09-07 12:19:46][I]:IDEXBUSD trigerd
[2021-09-07 12:20:01][I]:IDEXBUSD trigerd
[2021-09-07 12:22:24][I]:IDEXBUSD trigerd
[2021-09-07 12:22:38][I]:IDEXBUSD trigerd
[2021-09-07 12:22:52][I]:IDEXBUSD trigerd
[2021-09-07 12:23:36][I]:IDEXBUSD trigerd
[2021-09-07 12:23:55][I]:IDEXBUSD trigerd
[2021-09-07 12:24:13][I]:IDEXBUSD trigerd
[2021-09-07 12:24:27][I]:IDEXBUSD trigerd
[2021-09-07 12:24:40][I]:IDEXBUSD trigerd
[2021-09-07 12:29:58][I]:FTMBUSD trigerd
[2021-09-07 12:33:56][I]:FRONTBUSD trigerd
[2021-09-07 12:34:18][I]:VIDTBUSD trigerd
[2021-09-07 12:34:52][I]:FRONTBUSD trigerd
[2021-09-07 12:36:29][I]:VIDTBUSD trigerd
[2021-09-07 12:37:29][I]:VIDTBUSD trigerd
[2021-09-07 12:38:08][I]:VIDTBUSD trigerd
[2021-09-07 12:38:44][I]:VIDTBUSD trigerd
[2021-09-07 12:39:19][I]:VIDTBUSD trigerd
[2021-09-07 12:39:53][I]:VIDTBUSD trigerd
[2021-09-07 12:42:58][I]:SWRVBUSD trigerd
[2021-09-07 12:43:34][I]:SWRVBUSD trigerd
[2021-09-07 12:57:11][I]:SYSBUSD trigerd
[2021-09-07 12:57:26][I]:SYSBUSD trigerd
[2021-09-07 12:57:40][I]:SYSBUSD trigerd
[2021-09-07 12:57:55][I]:SYSBUSD trigerd
[2021-09-07 12:58:36][I]:SYSBUSD trigerd
[2021-09-07 13:01:08][I]:FRONTBUSD trigerd
[2021-09-07 13:01:22][I]:FRONTBUSD trigerd
[2021-09-07 13:01:36][I]:FRONTBUSD trigerd
[2021-09-07 13:01:50][I]:FRONTBUSD trigerd
[2021-09-07 13:02:03][I]:FRONTBUSD trigerd
[2021-09-07 13:02:32][I]:VIDTBUSD trigerd
[2021-09-07 13:02:47][I]:VIDTBUSD trigerd
[2021-09-07 13:03:01][I]:VIDTBUSD trigerd
[2021-09-07 13:03:16][I]:VIDTBUSD trigerd
[2021-09-07 13:03:29][I]:FRONTBUSD trigerd
[2021-09-07 13:03:31][I]:VIDTBUSD trigerd
[2021-09-07 13:03:44][I]:RAMPBUSD trigerd
[2021-09-07 13:03:48][I]:FRONTBUSD trigerd
[2021-09-07 13:04:30][I]:RAMPBUSD trigerd
[2021-09-07 13:05:56][I]:RAMPBUSD trigerd
[2021-09-07 13:06:12][I]:RAMPBUSD trigerd
[2021-09-07 13:06:26][I]:RAMPBUSD trigerd
[2021-09-07 13:07:17][I]:RAMPBUSD trigerd
[2021-09-07 13:07:31][I]:RAMPBUSD trigerd
[2021-09-07 13:07:46][I]:RAMPBUSD trigerd
[2021-09-07 13:08:02][I]:RAMPBUSD trigerd
[2021-09-07 13:08:16][I]:RAMPBUSD trigerd
[2021-09-07 13:08:31][I]:RAMPBUSD trigerd
[2021-09-07 13:08:46][I]:RAMPBUSD trigerd
[2021-09-07 13:09:51][I]:RAYBUSD trigerd
[2021-09-07 13:10:56][I]:FTMBUSD trigerd
[2021-09-07 13:11:27][I]:RAMPBUSD trigerd
[2021-09-07 13:16:27][I]:FRONTBUSD trigerd
[2021-09-07 13:17:30][I]:FRONTBUSD trigerd
[2021-09-07 13:18:30][I]:FRONTBUSD trigerd
[2021-09-07 13:19:17][I]:FRONTBUSD trigerd
[2021-09-07 13:21:44][I]:FRONTBUSD trigerd
[2021-09-07 13:23:09][I]:FRONTBUSD trigerd
[2021-09-07 13:24:55][I]:VIDTBUSD trigerd
[2021-09-07 13:29:58][I]:SOLBUSD trigerd
[2021-09-07 13:31:45][I]:FRONTBUSD trigerd
[2021-09-07 13:32:32][I]:FRONTBUSD trigerd
[2021-09-07 13:33:06][I]:FRONTBUSD trigerd
[2021-09-07 13:33:52][I]:FRONTBUSD trigerd
[2021-09-07 13:34:07][I]:FRONTBUSD trigerd
[2021-09-07 13:35:55][I]:FRONTBUSD trigerd
[2021-09-07 13:36:22][I]:FTMBUSD trigerd
[2021-09-07 13:36:39][I]:FTMBUSD trigerd
[2021-09-07 13:37:55][I]:FTMBUSD trigerd
[2021-09-07 13:38:20][I]:FRONTBUSD trigerd
[2021-09-07 13:38:36][I]:FRONTBUSD trigerd
[2021-09-07 13:39:15][I]:FTMBUSD trigerd
[2021-09-07 13:39:30][I]:FTMBUSD trigerd
[2021-09-07 13:39:45][I]:FTMBUSD trigerd
[2021-09-07 13:40:00][I]:FTMBUSD trigerd
[2021-09-07 13:40:25][I]:FRONTBUSD trigerd
[2021-09-07 13:41:01][I]:FRONTBUSD trigerd
[2021-09-07 13:41:20][I]:FRONTBUSD trigerd
[2021-09-07 13:41:40][I]:FRONTBUSD trigerd
[2021-09-07 13:41:55][I]:FRONTBUSD trigerd
[2021-09-07 13:43:04][I]:FRONTBUSD trigerd
[2021-09-07 13:43:25][I]:FRONTBUSD trigerd
[2021-09-07 13:43:41][I]:FRONTBUSD trigerd
[2021-09-07 13:43:57][I]:FRONTBUSD trigerd
[2021-09-07 13:44:31][I]:FRONTBUSD trigerd
[2021-09-07 13:44:51][I]:FRONTBUSD trigerd
[2021-09-07 13:54:25][I]:RAMPBUSD trigerd
[2021-09-07 13:54:40][I]:RAMPBUSD trigerd
[2021-09-07 13:54:54][I]:RAMPBUSD trigerd
[2021-09-07 13:58:07][I]:RAMPBUSD trigerd
[2021-09-07 13:58:20][I]:RAMPBUSD trigerd
[2021-09-07 13:58:57][I]:RAMPBUSD trigerd
[2021-09-07 13:59:23][I]:RAMPBUSD trigerd
[2021-09-07 13:59:38][I]:RAMPBUSD trigerd
[2021-09-07 13:59:51][I]:RAMPBUSD trigerd
[2021-09-07 14:08:27][I]:ROSEBUSD trigerd
[2021-09-07 14:08:42][I]:ROSEBUSD trigerd
[2021-09-07 14:08:55][I]:ROSEBUSD trigerd
[2021-09-07 14:11:11][I]:ROSEBUSD trigerd
[2021-09-07 14:11:25][I]:ROSEBUSD trigerd
[2021-09-07 14:11:42][I]:ROSEBUSD trigerd
[2021-09-07 14:11:56][I]:ROSEBUSD trigerd
[2021-09-07 14:12:22][I]:ROSEBUSD trigerd
[2021-09-07 14:12:37][I]:ROSEBUSD trigerd
[2021-09-07 14:12:50][I]:ROSEBUSD trigerd
[2021-09-07 14:13:04][I]:ROSEBUSD trigerd
[2021-09-07 14:17:33][I]:RAMPBUSD trigerd
[2021-09-07 14:17:54][I]:RAMPBUSD trigerd
[2021-09-07 14:18:10][I]:RAMPBUSD trigerd
[2021-09-07 14:18:24][I]:RAMPBUSD trigerd
[2021-09-07 14:18:41][I]:RAMPBUSD trigerd
[2021-09-07 14:18:55][I]:RAMPBUSD trigerd
[2021-09-07 14:19:22][I]:RAMPBUSD trigerd
[2021-09-07 14:19:38][I]:RAMPBUSD trigerd
[2021-09-07 14:26:43][I]:SUPERBUSD trigerd
[2021-09-07 14:26:59][I]:SUPERBUSD trigerd
[2021-09-07 14:27:41][I]:SUPERBUSD trigerd
[2021-09-07 14:27:51][I]:SOLBUSD trigerd
[2021-09-07 14:27:58][I]:SUPERBUSD trigerd
[2021-09-07 14:28:07][I]:SOLBUSD trigerd
[2021-09-07 14:28:14][I]:SUPERBUSD trigerd
[2021-09-07 14:28:30][I]:SUPERBUSD trigerd
[2021-09-07 14:28:45][I]:SUPERBUSD trigerd
[2021-09-07 14:29:07][I]:SUPERBUSD trigerd
[2021-09-07 14:29:18][I]:SOLBUSD trigerd
[2021-09-07 14:29:25][I]:SUPERBUSD trigerd
[2021-09-07 14:29:36][I]:SOLBUSD trigerd
[2021-09-07 14:29:39][I]:FTMBUSD trigerd
[2021-09-07 14:29:55][I]:SOLBUSD trigerd
[2021-09-07 14:29:58][I]:FTMBUSD trigerd
[2021-09-07 14:32:49][I]:PHABUSD trigerd
[2021-09-07 14:34:22][I]:PHABUSD trigerd
[2021-09-07 14:34:37][I]:PHABUSD trigerd
[2021-09-07 14:34:50][I]:PHABUSD trigerd
[2021-09-07 14:39:08][I]:PHABUSD trigerd
[2021-09-07 14:39:58][I]:PHABUSD trigerd
[2021-09-07 14:43:38][I]:RAMPBUSD trigerd
[2021-09-07 14:44:18][I]:RAMPBUSD trigerd
[2021-09-07 14:44:32][I]:RAMPBUSD trigerd
[2021-09-07 14:44:47][I]:RAMPBUSD trigerd
[2021-09-07 14:45:01][I]:RAMPBUSD trigerd
[2021-09-07 14:46:47][I]:PHABUSD trigerd
[2021-09-07 14:52:39][I]:ROSEBUSD trigerd
[2021-09-07 14:52:54][I]:ROSEBUSD trigerd
[2021-09-07 14:59:21][I]:ROSEBUSD trigerd
[2021-09-07 14:59:35][I]:ROSEBUSD trigerd
[2021-09-07 14:59:52][I]:ROSEBUSD trigerd
[2021-09-07 15:02:19][I]:RAYBUSD trigerd
[2021-09-07 15:03:42][I]:IDEXBUSD trigerd
[2021-09-07 15:03:58][I]:IDEXBUSD trigerd
[2021-09-07 15:04:15][I]:IDEXBUSD trigerd
[2021-09-07 15:04:30][I]:IDEXBUSD trigerd
[2021-09-07 15:04:38][I]:SUPERBUSD trigerd
[2021-09-07 15:04:47][I]:IDEXBUSD trigerd
[2021-09-07 15:18:26][I]:FTMBUSD trigerd
[2021-09-07 15:19:46][I]:SUPERBUSD trigerd
[2021-09-07 15:20:00][I]:SUPERBUSD trigerd
[2021-09-07 15:23:32][I]:RAMPBUSD trigerd
[2021-09-07 15:33:13][I]:FRONTBUSD trigerd
[2021-09-07 15:33:28][I]:FRONTBUSD trigerd
[2021-09-07 15:33:42][I]:FRONTBUSD trigerd
[2021-09-07 15:34:23][I]:SYSBUSD trigerd
[2021-09-07 15:36:51][I]:PHABUSD trigerd
[2021-09-07 15:37:10][I]:PHABUSD trigerd
[2021-09-07 15:39:11][I]:PHABUSD trigerd
[2021-09-07 15:39:50][I]:PHABUSD trigerd
[2021-09-07 15:41:54][I]:PHABUSD trigerd
[2021-09-07 15:42:21][I]:PHABUSD trigerd
[2021-09-07 15:42:34][I]:PHABUSD trigerd
[2021-09-07 15:42:48][I]:PHABUSD trigerd
[2021-09-07 15:43:18][I]:PHABUSD trigerd
[2021-09-07 15:43:46][I]:PHABUSD trigerd
[2021-09-07 15:44:00][I]:PHABUSD trigerd
[2021-09-07 15:51:33][I]:ROSEBUSD trigerd
[2021-09-07 15:52:22][I]:ROSEBUSD trigerd
[2021-09-07 15:53:00][I]:IDEXBUSD trigerd
[2021-09-07 16:03:15][I]:FRONTBUSD trigerd
[2021-09-07 16:03:28][I]:FRONTBUSD trigerd
[2021-09-07 16:03:42][I]:FRONTBUSD trigerd
[2021-09-07 16:03:56][I]:FRONTBUSD trigerd
[2021-09-07 16:04:09][I]:FRONTBUSD trigerd
[2021-09-07 16:04:47][I]:IDEXBUSD trigerd
[2021-09-07 16:06:12][I]:IDEXBUSD trigerd
[2021-09-07 16:06:25][I]:IDEXBUSD trigerd
[2021-09-07 16:06:40][I]:IDEXBUSD trigerd
[2021-09-07 16:07:06][I]:IDEXBUSD trigerd
[2021-09-07 16:07:19][I]:IDEXBUSD trigerd
[2021-09-07 16:07:34][I]:IDEXBUSD trigerd
[2021-09-07 16:07:48][I]:IDEXBUSD trigerd
[2021-09-07 16:09:23][I]:AVABUSD trigerd
[2021-09-07 16:09:38][I]:AVABUSD trigerd
[2021-09-07 16:09:52][I]:AVABUSD trigerd
[2021-09-07 16:10:07][I]:AVABUSD trigerd
[2021-09-07 16:10:34][I]:AVABUSD trigerd
[2021-09-07 16:10:52][I]:AVABUSD trigerd
[2021-09-07 16:11:07][I]:AVABUSD trigerd
[2021-09-07 16:12:07][I]:IDEXBUSD trigerd
[2021-09-07 16:12:34][I]:IDEXBUSD trigerd
[2021-09-07 16:12:50][I]:IDEXBUSD trigerd
[2021-09-07 16:13:37][I]:AVABUSD trigerd
[2021-09-07 16:14:34][I]:AVABUSD trigerd
[2021-09-07 16:15:46][I]:IDEXBUSD trigerd
[2021-09-07 16:17:02][I]:IDEXBUSD trigerd
[2021-09-07 16:17:16][I]:IDEXBUSD trigerd
[2021-09-07 16:17:29][I]:IDEXBUSD trigerd
[2021-09-07 16:17:44][I]:IDEXBUSD trigerd
[2021-09-07 16:17:57][I]:IDEXBUSD trigerd
[2021-09-07 16:18:11][I]:IDEXBUSD trigerd
[2021-09-07 16:18:30][I]:PHABUSD trigerd
[2021-09-07 16:19:03][I]:IDEXBUSD trigerd
[2021-09-07 16:19:17][I]:IDEXBUSD trigerd
[2021-09-07 16:19:31][I]:IDEXBUSD trigerd
[2021-09-07 16:19:45][I]:IDEXBUSD trigerd
[2021-09-07 16:19:58][I]:IDEXBUSD trigerd
[2021-09-07 16:26:26][I]:IDEXBUSD trigerd
[2021-09-07 16:26:48][I]:IDEXBUSD trigerd
[2021-09-07 16:27:22][I]:IDEXBUSD trigerd
[2021-09-07 16:27:38][I]:IDEXBUSD trigerd
[2021-09-07 16:27:59][I]:IDEXBUSD trigerd
[2021-09-07 16:28:27][I]:IDEXBUSD trigerd
[2021-09-07 16:29:01][I]:IDEXBUSD trigerd
[2021-09-07 16:29:31][I]:IDEXBUSD trigerd
[2021-09-07 16:29:49][I]:IDEXBUSD trigerd
[2021-09-07 16:33:31][I]:NUBUSD trigerd
[2021-09-07 16:33:45][I]:NUBUSD trigerd
[2021-09-07 16:34:02][I]:NUBUSD trigerd
[2021-09-07 16:34:19][I]:NUBUSD trigerd
[2021-09-07 16:34:49][I]:NUBUSD trigerd
[2021-09-07 16:37:16][I]:NEARBUSD trigerd
[2021-09-07 16:37:25][I]:IDEXBUSD trigerd
[2021-09-07 16:37:40][I]:NEARBUSD trigerd
[2021-09-07 16:37:49][I]:IDEXBUSD trigerd
[2021-09-07 16:38:13][I]:NEARBUSD trigerd
[2021-09-07 16:38:27][I]:NEARBUSD trigerd
[2021-09-07 16:38:51][I]:IDEXBUSD trigerd
[2021-09-07 16:39:00][I]:NEARBUSD trigerd
[2021-09-07 16:40:25][I]:IDEXBUSD trigerd
[2021-09-07 16:43:04][I]:IDEXBUSD trigerd
[2021-09-07 16:46:32][I]:IDEXBUSD trigerd
[2021-09-07 16:46:47][I]:IDEXBUSD trigerd
[2021-09-07 16:47:13][I]:IDEXBUSD trigerd
[2021-09-07 16:47:40][I]:IDEXBUSD trigerd
[2021-09-07 16:47:56][I]:IDEXBUSD trigerd
[2021-09-07 16:48:09][I]:IDEXBUSD trigerd
[2021-09-07 16:48:24][I]:IDEXBUSD trigerd
[2021-09-07 16:48:50][I]:IDEXBUSD trigerd
[2021-09-07 16:49:04][I]:IDEXBUSD trigerd
[2021-09-07 16:49:18][I]:IDEXBUSD trigerd
[2021-09-07 16:49:33][I]:IDEXBUSD trigerd
[2021-09-07 16:51:18][I]:IDEXBUSD trigerd
[2021-09-07 16:51:32][I]:IDEXBUSD trigerd
[2021-09-07 16:51:45][I]:IDEXBUSD trigerd
[2021-09-07 16:52:13][I]:IDEXBUSD trigerd
[2021-09-07 16:52:39][I]:IDEXBUSD trigerd
[2021-09-07 16:52:54][I]:IDEXBUSD trigerd
[2021-09-07 16:53:08][I]:IDEXBUSD trigerd
[2021-09-07 16:53:21][I]:IDEXBUSD trigerd
[2021-09-07 16:53:37][I]:IDEXBUSD trigerd
[2021-09-07 16:53:44][I]:ONEBUSD trigerd
[2021-09-07 16:53:55][I]:IDEXBUSD trigerd
[2021-09-07 16:54:10][I]:IDEXBUSD trigerd
[2021-09-07 16:54:17][I]:ONEBUSD trigerd
[2021-09-07 16:54:26][I]:IDEXBUSD trigerd
[2021-09-07 16:54:34][I]:ONEBUSD trigerd
[2021-09-07 16:54:43][I]:IDEXBUSD trigerd
[2021-09-07 16:55:44][I]:ONEBUSD trigerd
[2021-09-07 16:55:59][I]:ONEBUSD trigerd
[2021-09-07 16:56:38][I]:SYSBUSD trigerd
[2021-09-07 16:56:54][I]:SYSBUSD trigerd
[2021-09-07 16:57:10][I]:SYSBUSD trigerd
[2021-09-07 16:57:26][I]:SYSBUSD trigerd
[2021-09-07 16:57:30][I]:ONEBUSD trigerd
[2021-09-07 16:57:42][I]:SYSBUSD trigerd
[2021-09-07 16:57:58][I]:SYSBUSD trigerd
[2021-09-07 16:58:03][I]:ONEBUSD trigerd
[2021-09-07 16:58:18][I]:ONEBUSD trigerd
[2021-09-07 16:58:33][I]:ONEBUSD trigerd
[2021-09-07 16:59:13][I]:SYSBUSD trigerd
[2021-09-07 16:59:28][I]:SYSBUSD trigerd
[2021-09-07 16:59:43][I]:SYSBUSD trigerd
[2021-09-07 16:59:48][I]:ONEBUSD trigerd
[2021-09-07 17:00:00][I]:SYSBUSD trigerd
[2021-09-07 17:01:00][I]:IDEXBUSD trigerd
[2021-09-07 17:01:17][I]:ONEBUSD trigerd
[2021-09-07 17:01:27][I]:IDEXBUSD trigerd
[2021-09-07 17:01:33][I]:ONEBUSD trigerd
[2021-09-07 17:01:43][I]:IDEXBUSD trigerd
[2021-09-07 17:02:00][I]:IDEXBUSD trigerd
[2021-09-07 17:02:19][I]:ONEBUSD trigerd
[2021-09-07 17:02:47][I]:ONEBUSD trigerd
[2021-09-07 17:03:03][I]:IDEXBUSD trigerd
[2021-09-07 17:03:11][I]:ONEBUSD trigerd
[2021-09-07 17:03:22][I]:IDEXBUSD trigerd
[2021-09-07 17:03:28][I]:ONEBUSD trigerd
[2021-09-07 17:03:38][I]:IDEXBUSD trigerd
[2021-09-07 17:03:45][I]:ROSEBUSD trigerd
[2021-09-07 17:03:49][I]:ONEBUSD trigerd
[2021-09-07 17:04:58][I]:ROSEBUSD trigerd
[2021-09-07 17:06:56][I]:FTMBUSD trigerd
[2021-09-07 17:07:29][I]:FTMBUSD trigerd
[2021-09-07 17:08:32][I]:ROSEBUSD trigerd
[2021-09-07 17:09:07][I]:ROSEBUSD trigerd
[2021-09-07 17:14:58][I]:PHABUSD trigerd
[2021-09-07 17:15:34][I]:IDEXBUSD trigerd
[2021-09-07 17:17:12][I]:IDEXBUSD trigerd
[2021-09-07 17:17:38][I]:IDEXBUSD trigerd
[2021-09-07 17:18:04][I]:IDEXBUSD trigerd
[2021-09-07 17:18:29][I]:IDEXBUSD trigerd
[2021-09-07 17:18:54][I]:IDEXBUSD trigerd
[2021-09-07 17:19:08][I]:AVABUSD trigerd
[2021-09-07 17:19:42][I]:AVABUSD trigerd
[2021-09-07 17:24:08][I]:FRONTBUSD trigerd
[2021-09-07 17:31:03][I]:IDEXBUSD trigerd
[2021-09-07 17:31:19][I]:IDEXBUSD trigerd
[2021-09-07 17:31:33][I]:IDEXBUSD trigerd
[2021-09-07 17:31:50][I]:IDEXBUSD trigerd
[2021-09-07 17:31:54][I]:VIDTBUSD trigerd
[2021-09-07 17:32:09][I]:IDEXBUSD trigerd
[2021-09-07 17:32:12][I]:ROSEBUSD trigerd
[2021-09-07 17:32:17][I]:VIDTBUSD trigerd
[2021-09-07 17:32:29][I]:IDEXBUSD trigerd
[2021-09-07 17:32:35][I]:VIDTBUSD trigerd
[2021-09-07 17:32:50][I]:IDEXBUSD trigerd
[2021-09-07 17:32:54][I]:VIDTBUSD trigerd
[2021-09-07 17:33:08][I]:IDEXBUSD trigerd
[2021-09-07 17:33:11][I]:ROSEBUSD trigerd
[2021-09-07 17:33:13][I]:VIDTBUSD trigerd
[2021-09-07 17:33:26][I]:IDEXBUSD trigerd
[2021-09-07 17:33:30][I]:ROSEBUSD trigerd
[2021-09-07 17:33:36][I]:VIDTBUSD trigerd
[2021-09-07 17:33:49][I]:IDEXBUSD trigerd
[2021-09-07 17:33:53][I]:ROSEBUSD trigerd
[2021-09-07 17:34:12][I]:ROSEBUSD trigerd
[2021-09-07 17:34:16][I]:VIDTBUSD trigerd
[2021-09-07 17:34:34][I]:VIDTBUSD trigerd
[2021-09-07 17:34:48][I]:ROSEBUSD trigerd
[2021-09-07 17:34:52][I]:VIDTBUSD trigerd
[2021-09-07 17:35:19][I]:IDEXBUSD trigerd
[2021-09-07 17:35:35][I]:IDEXBUSD trigerd
[2021-09-07 17:35:50][I]:PROMBUSD trigerd
[2021-09-07 17:36:00][I]:IDEXBUSD trigerd
[2021-09-07 17:36:27][I]:PROMBUSD trigerd
[2021-09-07 17:36:44][I]:PROMBUSD trigerd
[2021-09-07 17:36:54][I]:IDEXBUSD trigerd
[2021-09-07 17:37:17][I]:IDEXBUSD trigerd
[2021-09-07 17:37:31][I]:PROMBUSD trigerd
[2021-09-07 17:37:48][I]:ROSEBUSD trigerd
[2021-09-07 17:38:12][I]:ROSEBUSD trigerd
[2021-09-07 17:38:56][I]:IDEXBUSD trigerd
[2021-09-07 17:47:08][I]:IDEXBUSD trigerd
[2021-09-07 17:47:24][I]:AVABUSD trigerd
[2021-09-07 17:47:34][I]:ONEBUSD trigerd
[2021-09-07 17:47:50][I]:IDEXBUSD trigerd
[2021-09-07 17:48:22][I]:IDEXBUSD trigerd
[2021-09-07 17:48:43][I]:ONEBUSD trigerd
[2021-09-07 17:49:41][I]:IDEXBUSD trigerd
[2021-09-07 17:49:53][I]:AVABUSD trigerd
[2021-09-07 17:50:40][I]:IDEXBUSD trigerd
[2021-09-07 17:51:06][I]:IDEXBUSD trigerd
[2021-09-07 17:51:14][I]:VIDTBUSD trigerd
[2021-09-07 17:51:42][I]:VIDTBUSD trigerd
[2021-09-07 17:51:53][I]:ONEBUSD trigerd
[2021-09-07 17:52:09][I]:IDEXBUSD trigerd
[2021-09-07 17:52:16][I]:VIDTBUSD trigerd
[2021-09-07 17:52:42][I]:IDEXBUSD trigerd
[2021-09-07 17:52:48][I]:VIDTBUSD trigerd
[2021-09-07 17:53:13][I]:IDEXBUSD trigerd
[2021-09-07 17:53:29][I]:ONEBUSD trigerd
[2021-09-07 17:53:50][I]:IDEXBUSD trigerd
[2021-09-07 17:54:22][I]:IDEXBUSD trigerd
[2021-09-07 17:54:57][I]:IDEXBUSD trigerd
[2021-09-07 17:55:25][I]:IDEXBUSD trigerd
[2021-09-07 17:56:42][I]:VIDTBUSD trigerd
[2021-09-07 17:58:35][I]:SYSBUSD trigerd
[2021-09-07 18:00:23][I]:IDEXBUSD trigerd
[2021-09-07 18:00:54][I]:IDEXBUSD trigerd
[2021-09-07 18:01:03][I]:VIDTBUSD trigerd
[2021-09-07 18:01:31][I]:ROSEBUSD trigerd
[2021-09-07 18:01:38][I]:VIDTBUSD trigerd
[2021-09-07 18:01:47][I]:FTMBUSD trigerd
[2021-09-07 18:02:19][I]:VIDTBUSD trigerd
[2021-09-07 18:02:45][I]:FRONTBUSD trigerd
[2021-09-07 18:03:41][I]:VIDTBUSD trigerd
[2021-09-07 18:04:42][I]:FIOBUSD trigerd
[2021-09-07 18:04:56][I]:ROSEBUSD trigerd
[2021-09-07 18:06:31][I]:ROSEBUSD trigerd
[2021-09-07 18:07:13][I]:ROSEBUSD trigerd
[2021-09-07 18:07:56][I]:SYSBUSD trigerd
[2021-09-07 18:08:25][I]:ROSEBUSD trigerd
[2021-09-07 18:08:43][I]:SYSBUSD trigerd
[2021-09-07 18:09:28][I]:SYSBUSD trigerd
[2021-09-07 18:09:58][I]:ROSEBUSD trigerd
[2021-09-07 18:10:45][I]:VIDTBUSD trigerd
[2021-09-07 18:11:18][I]:VIDTBUSD trigerd
[2021-09-07 18:12:51][I]:VIDTBUSD trigerd
[2021-09-07 18:13:33][I]:VIDTBUSD trigerd
[2021-09-07 18:17:23][I]:IDEXBUSD trigerd
[2021-09-07 18:18:14][I]:IDEXBUSD trigerd
[2021-09-07 18:18:42][I]:IDEXBUSD trigerd
[2021-09-07 18:19:01][I]:FIOBUSD trigerd
[2021-09-07 18:19:15][I]:IDEXBUSD trigerd
[2021-09-07 18:19:31][I]:FIOBUSD trigerd
[2021-09-07 18:24:50][I]:ROSEBUSD trigerd
[2021-09-07 18:24:57][I]:FRONTBUSD trigerd
[2021-09-07 18:25:20][I]:ROSEBUSD trigerd
[2021-09-07 18:25:46][I]:ROSEBUSD trigerd
[2021-09-07 18:26:38][I]:ROSEBUSD trigerd
[2021-09-07 18:27:05][I]:ROSEBUSD trigerd
[2021-09-07 18:28:48][I]:ROSEBUSD trigerd
[2021-09-07 18:29:41][I]:ROSEBUSD trigerd
[2021-09-07 18:31:10][I]:VIDTBUSD trigerd
[2021-09-07 18:31:36][I]:VIDTBUSD trigerd
[2021-09-07 18:32:00][I]:VIDTBUSD trigerd
[2021-09-07 18:32:25][I]:VIDTBUSD trigerd
[2021-09-07 18:32:36][I]:AVABUSD trigerd
[2021-09-07 18:32:53][I]:VIDTBUSD trigerd
[2021-09-07 18:33:19][I]:VIDTBUSD trigerd
[2021-09-07 18:33:24][I]:FRONTBUSD trigerd
[2021-09-07 18:33:49][I]:VIDTBUSD trigerd
[2021-09-07 18:33:53][I]:FRONTBUSD trigerd
[2021-09-07 18:34:50][I]:FRONTBUSD trigerd
[2021-09-07 18:36:33][I]:IDEXBUSD trigerd
[2021-09-07 18:36:49][I]:AVABUSD trigerd
[2021-09-07 18:37:06][I]:IDEXBUSD trigerd
[2021-09-07 18:37:19][I]:AVABUSD trigerd
[2021-09-07 18:37:37][I]:IDEXBUSD trigerd
[2021-09-07 18:37:50][I]:AVABUSD trigerd
[2021-09-07 18:39:20][I]:IDEXBUSD trigerd
[2021-09-07 18:39:35][I]:AVABUSD trigerd
[2021-09-07 18:39:51][I]:IDEXBUSD trigerd
[2021-09-07 18:40:00][I]:SOLBUSD trigerd
[2021-09-07 18:40:37][I]:PHABUSD trigerd
[2021-09-07 18:43:17][I]:FTMBUSD trigerd
[2021-09-07 18:43:30][I]:PHABUSD trigerd
[2021-09-07 18:43:52][I]:FTMBUSD trigerd
[2021-09-07 18:44:01][I]:PHABUSD trigerd
[2021-09-07 18:44:29][I]:PHABUSD trigerd
[2021-09-07 18:44:46][I]:PHABUSD trigerd
[2021-09-07 18:44:51][I]:DFBUSD trigerd
[2021-09-07 18:45:24][I]:VIDTBUSD trigerd
[2021-09-07 18:46:02][I]:VIDTBUSD trigerd
[2021-09-07 18:46:17][I]:VIDTBUSD trigerd
[2021-09-07 18:46:33][I]:VIDTBUSD trigerd
[2021-09-07 18:46:48][I]:VIDTBUSD trigerd
[2021-09-07 18:53:29][I]:NUBUSD trigerd
[2021-09-07 18:53:58][I]:NUBUSD trigerd
[2021-09-07 18:56:39][I]:DFBUSD trigerd
[2021-09-07 18:58:14][I]:DFBUSD trigerd
[2021-09-07 18:58:31][I]:ROSEBUSD trigerd
[2021-09-07 18:58:38][I]:FRONTBUSD trigerd
[2021-09-07 18:58:56][I]:DFBUSD trigerd
[2021-09-07 18:59:14][I]:FRONTBUSD trigerd
[2021-09-07 18:59:55][I]:AVABUSD trigerd
[2021-09-07 19:00:09][I]:DFBUSD trigerd
[2021-09-07 19:00:25][I]:VIDTBUSD trigerd
[2021-09-07 19:00:54][I]:VIDTBUSD trigerd
[2021-09-07 19:01:22][I]:VIDTBUSD trigerd
[2021-09-07 19:01:50][I]:VIDTBUSD trigerd
[2021-09-07 19:02:23][I]:FRONTBUSD trigerd
[2021-09-07 19:02:31][I]:SYSBUSD trigerd
[2021-09-07 19:02:52][I]:VIDTBUSD trigerd
[2021-09-07 19:02:59][I]:FRONTBUSD trigerd
[2021-09-07 19:03:27][I]:VIDTBUSD trigerd
[2021-09-07 19:03:34][I]:FRONTBUSD trigerd
[2021-09-07 19:04:01][I]:VIDTBUSD trigerd
[2021-09-07 19:04:11][I]:SYSBUSD trigerd
[2021-09-07 19:04:45][I]:SYSBUSD trigerd
[2021-09-07 19:06:08][I]:SYSBUSD trigerd
[2021-09-07 19:06:38][I]:SYSBUSD trigerd
[2021-09-07 19:08:10][I]:DFBUSD trigerd
[2021-09-07 19:08:45][I]:DFBUSD trigerd
[2021-09-07 19:09:14][I]:DFBUSD trigerd
[2021-09-07 19:09:46][I]:DFBUSD trigerd
[2021-09-07 19:10:41][I]:SYSBUSD trigerd
[2021-09-07 19:11:06][I]:VIDTBUSD trigerd
[2021-09-07 19:11:21][I]:DFBUSD trigerd
[2021-09-07 19:11:45][I]:VIDTBUSD trigerd
[2021-09-07 19:11:59][I]:DFBUSD trigerd
[2021-09-07 19:12:12][I]:SWRVBUSD trigerd
[2021-09-07 19:12:46][I]:SWRVBUSD trigerd
[2021-09-07 19:13:16][I]:SWRVBUSD trigerd
[2021-09-07 19:13:36][I]:SYSBUSD trigerd
[2021-09-07 19:14:10][I]:SYSBUSD trigerd
[2021-09-07 19:15:32][I]:IDEXBUSD trigerd
[2021-09-07 19:16:08][I]:SYSBUSD trigerd
[2021-09-07 19:16:39][I]:SYSBUSD trigerd
[2021-09-07 19:17:38][I]:SYSBUSD trigerd
[2021-09-07 19:19:31][I]:IDEXBUSD trigerd
[2021-09-07 19:23:49][I]:SWRVBUSD trigerd
[2021-09-07 19:24:43][I]:SWRVBUSD trigerd
[2021-09-07 19:25:00][I]:VIDTBUSD trigerd
[2021-09-07 19:25:28][I]:VIDTBUSD trigerd
[2021-09-07 19:25:58][I]:VIDTBUSD trigerd
[2021-09-07 19:27:21][I]:VIDTBUSD trigerd
[2021-09-07 19:27:51][I]:VIDTBUSD trigerd
[2021-09-07 19:28:03][I]:SWRVBUSD trigerd
[2021-09-07 19:30:19][I]:VIDTBUSD trigerd
[2021-09-07 19:30:46][I]:VIDTBUSD trigerd
[2021-09-07 19:31:14][I]:VIDTBUSD trigerd
[2021-09-07 19:31:42][I]:VIDTBUSD trigerd
[2021-09-07 19:31:55][I]:DFBUSD trigerd
[2021-09-07 19:32:43][I]:VIDTBUSD trigerd
[2021-09-07 19:33:11][I]:VIDTBUSD trigerd
[2021-09-07 19:33:24][I]:DFBUSD trigerd
[2021-09-07 19:33:46][I]:VIDTBUSD trigerd
[2021-09-07 19:33:57][I]:DFBUSD trigerd
[2021-09-07 19:34:18][I]:VIDTBUSD trigerd
[2021-09-07 19:34:29][I]:DFBUSD trigerd
[2021-09-07 19:34:50][I]:VIDTBUSD trigerd
[2021-09-07 19:36:00][I]:SWRVBUSD trigerd
[2021-09-07 19:37:27][I]:SWRVBUSD trigerd
[2021-09-07 19:37:36][I]:NUBUSD trigerd
[2021-09-07 19:37:53][I]:VIDTBUSD trigerd
[2021-09-07 19:38:08][I]:SWRVBUSD trigerd
[2021-09-07 19:38:16][I]:NUBUSD trigerd
[2021-09-07 19:38:40][I]:SWRVBUSD trigerd
[2021-09-07 19:38:49][I]:NUBUSD trigerd
[2021-09-07 19:39:14][I]:SWRVBUSD trigerd
[2021-09-07 19:39:22][I]:NUBUSD trigerd
[2021-09-07 19:39:40][I]:VIDTBUSD trigerd
[2021-09-07 19:39:50][I]:SWRVBUSD trigerd
[2021-09-07 19:39:59][I]:NUBUSD trigerd
[2021-09-07 19:41:07][I]:UFTBUSD trigerd
[2021-09-07 19:41:40][I]:UFTBUSD trigerd
[2021-09-07 19:41:57][I]:SWRVBUSD trigerd
[2021-09-07 19:42:30][I]:SWRVBUSD trigerd
[2021-09-07 19:43:04][I]:SWRVBUSD trigerd
[2021-09-07 19:43:59][I]:LTOBUSD trigerd
[2021-09-07 19:44:16][I]:SWRVBUSD trigerd
[2021-09-07 19:44:40][I]:FIOBUSD trigerd
[2021-09-07 19:44:56][I]:SWRVBUSD trigerd
[2021-09-07 19:45:24][I]:VIDTBUSD trigerd
[2021-09-07 19:45:31][I]:SWRVBUSD trigerd
[2021-09-07 19:45:56][I]:VIDTBUSD trigerd
[2021-09-07 19:47:17][I]:SWRVBUSD trigerd
[2021-09-07 19:47:44][I]:ROSEBUSD trigerd
[2021-09-07 19:49:27][I]:IDEXBUSD trigerd
[2021-09-07 19:49:42][I]:RAMPBUSD trigerd
[2021-09-07 19:53:38][I]:RAMPBUSD trigerd
[2021-09-07 19:56:19][I]:ROSEBUSD trigerd
[2021-09-07 19:56:49][I]:ROSEBUSD trigerd
[2021-09-07 19:57:22][I]:ROSEBUSD trigerd
[2021-09-07 19:57:29][I]:FTMBUSD trigerd
[2021-09-07 19:57:42][I]:RAMPBUSD trigerd
[2021-09-07 19:58:15][I]:RAMPBUSD trigerd
[2021-09-07 19:58:35][I]:ROSEBUSD trigerd
[2021-09-07 19:58:48][I]:NUBUSD trigerd
[2021-09-07 19:58:53][I]:RAMPBUSD trigerd
[2021-09-07 19:59:22][I]:NUBUSD trigerd
[2021-09-07 19:59:28][I]:RAMPBUSD trigerd
[2021-09-07 19:59:58][I]:NUBUSD trigerd
[2021-09-07 20:00:20][I]:VIDTBUSD trigerd
[2021-09-07 20:00:47][I]:VIDTBUSD trigerd
[2021-09-07 20:01:39][I]:VIDTBUSD trigerd
[2021-09-07 20:02:41][I]:FTMBUSD trigerd
[2021-09-07 20:02:59][I]:DFBUSD trigerd
[2021-09-07 20:03:26][I]:SYSBUSD trigerd
[2021-09-07 20:03:59][I]:SYSBUSD trigerd
[2021-09-07 20:04:26][I]:FTMBUSD trigerd
[2021-09-07 20:04:32][I]:FRONTBUSD trigerd
[2021-09-07 20:05:00][I]:SYSBUSD trigerd
[2021-09-07 20:06:53][I]:ONEBUSD trigerd
[2021-09-07 20:07:17][I]:FRONTBUSD trigerd
[2021-09-07 20:08:20][I]:ONEBUSD trigerd
[2021-09-07 20:08:45][I]:FRONTBUSD trigerd
[2021-09-07 20:09:48][I]:ONEBUSD trigerd
[2021-09-07 20:10:39][I]:KEEPBUSD trigerd
[2021-09-07 20:11:06][I]:ONEBUSD trigerd
[2021-09-07 20:12:00][I]:KEEPBUSD trigerd
[2021-09-07 20:15:46][I]:IDEXBUSD trigerd
[2021-09-07 20:15:58][I]:SWRVBUSD trigerd
[2021-09-07 20:16:27][I]:SWRVBUSD trigerd
[2021-09-07 20:17:00][I]:SWRVBUSD trigerd
[2021-09-07 20:17:42][I]:IDEXBUSD trigerd
[2021-09-07 20:18:13][I]:SWRVBUSD trigerd
[2021-09-07 20:18:57][I]:IDEXBUSD trigerd
[2021-09-07 20:19:48][I]:IDEXBUSD trigerd
[2021-09-07 20:20:40][I]:IDEXBUSD trigerd
[2021-09-07 20:22:36][I]:SYSBUSD trigerd
[2021-09-07 20:23:12][I]:DFBUSD trigerd
[2021-09-07 20:23:51][I]:SYSBUSD trigerd
[2021-09-07 20:24:24][I]:DFBUSD trigerd
[2021-09-07 20:28:34][I]:SWRVBUSD trigerd
[2021-09-07 20:31:56][I]:IDEXBUSD trigerd
[2021-09-07 20:32:46][I]:IDEXBUSD trigerd
[2021-09-07 20:33:35][I]:IDEXBUSD trigerd
[2021-09-07 20:34:53][I]:IDEXBUSD trigerd
[2021-09-07 20:36:22][I]:RAMPBUSD trigerd
[2021-09-07 20:36:59][I]:IDEXBUSD trigerd
[2021-09-07 20:37:33][I]:IDEXBUSD trigerd
[2021-09-07 20:37:48][I]:RAMPBUSD trigerd
[2021-09-07 20:38:14][I]:SWRVBUSD trigerd
[2021-09-07 20:38:24][I]:RAMPBUSD trigerd
[2021-09-07 20:39:02][I]:IDEXBUSD trigerd
[2021-09-07 20:39:31][I]:SWRVBUSD trigerd
[2021-09-07 20:40:24][I]:SWRVBUSD trigerd
[2021-09-07 20:41:00][I]:SWRVBUSD trigerd
[2021-09-07 20:41:49][I]:IDEXBUSD trigerd
[2021-09-07 20:43:33][I]:FRONTBUSD trigerd
[2021-09-07 20:44:11][I]:RAMPBUSD trigerd
[2021-09-07 20:44:24][I]:FIOBUSD trigerd
[2021-09-07 20:44:47][I]:RAMPBUSD trigerd
[2021-09-07 20:44:59][I]:FIOBUSD trigerd
[2021-09-07 20:46:43][I]:FIOBUSD trigerd
[2021-09-07 20:47:20][I]:FIOBUSD trigerd
[2021-09-07 20:47:41][I]:SWRVBUSD trigerd
[2021-09-07 20:48:01][I]:FIOBUSD trigerd
[2021-09-07 20:48:19][I]:SWRVBUSD trigerd
[2021-09-07 20:48:40][I]:FIOBUSD trigerd
[2021-09-07 20:49:06][I]:DFBUSD trigerd
[2021-09-07 20:49:16][I]:FIOBUSD trigerd
[2021-09-07 20:57:13][I]:SYSBUSD trigerd
[2021-09-07 20:57:39][I]:FRONTBUSD trigerd
[2021-09-07 20:57:48][I]:SYSBUSD trigerd
[2021-09-07 20:59:24][I]:SWRVBUSD trigerd
[2021-09-07 20:59:37][I]:SYSBUSD trigerd
[2021-09-07 21:00:01][I]:SWRVBUSD trigerd
[2021-09-07 21:00:54][I]:SWRVBUSD trigerd
[2021-09-07 21:01:19][I]:IDEXBUSD trigerd
[2021-09-07 21:01:27][I]:SWRVBUSD trigerd
[2021-09-07 21:01:32][I]:FRONTBUSD trigerd
[2021-09-07 21:01:49][I]:NEARBUSD trigerd
[2021-09-07 21:02:03][I]:FRONTBUSD trigerd
[2021-09-07 21:02:29][I]:IDEXBUSD trigerd
[2021-09-07 21:02:36][I]:FRONTBUSD trigerd
[2021-09-07 21:03:07][I]:FRONTBUSD trigerd
[2021-09-07 21:04:17][I]:NEARBUSD trigerd
[2021-09-07 21:04:28][I]:VIDTBUSD trigerd
[2021-09-07 21:04:41][I]:RAMPBUSD trigerd
[2021-09-07 21:04:54][I]:NEARBUSD trigerd
[2021-09-07 21:05:37][I]:VIDTBUSD trigerd
[2021-09-07 21:05:44][I]:SWRVBUSD trigerd
[2021-09-07 21:06:24][I]:VIDTBUSD trigerd
[2021-09-07 21:07:09][I]:VIDTBUSD trigerd
[2021-09-07 21:07:40][I]:VIDTBUSD trigerd
[2021-09-07 21:08:40][I]:ROSEBUSD trigerd
[2021-09-07 21:08:45][I]:SWRVBUSD trigerd
[2021-09-07 21:09:21][I]:SWRVBUSD trigerd
[2021-09-07 21:10:38][I]:SWRVBUSD trigerd
[2021-09-07 21:11:10][I]:SWRVBUSD trigerd
[2021-09-07 21:12:29][I]:SWRVBUSD trigerd
[2021-09-07 21:12:58][I]:SWRVBUSD trigerd
[2021-09-07 21:13:49][I]:SWRVBUSD trigerd
[2021-09-07 21:14:35][I]:IDEXBUSD trigerd
[2021-09-07 21:15:48][I]:DFBUSD trigerd
[2021-09-07 21:22:02][I]:DFBUSD trigerd
[2021-09-07 21:22:32][I]:DFBUSD trigerd
[2021-09-07 21:23:48][I]:VIDTBUSD trigerd
[2021-09-07 21:24:19][I]:VIDTBUSD trigerd
[2021-09-07 21:24:53][I]:VIDTBUSD trigerd
[2021-09-07 21:26:58][I]:DFBUSD trigerd
[2021-09-07 21:27:30][I]:DFBUSD trigerd
[2021-09-07 21:28:35][I]:DFBUSD trigerd
[2021-09-07 21:29:37][I]:DFBUSD trigerd
[2021-09-07 21:31:49][I]:SWRVBUSD trigerd
[2021-09-07 21:32:17][I]:DFBUSD trigerd
[2021-09-07 21:32:47][I]:DFBUSD trigerd
[2021-09-07 21:33:43][I]:DFBUSD trigerd
[2021-09-07 21:34:11][I]:DFBUSD trigerd
[2021-09-07 21:34:44][I]:DFBUSD trigerd
[2021-09-07 21:35:14][I]:DFBUSD trigerd
[2021-09-07 21:35:43][I]:DFBUSD trigerd
[2021-09-07 21:35:54][I]:SWRVBUSD trigerd
[2021-09-07 21:36:47][I]:DFBUSD trigerd
[2021-09-07 21:38:06][I]:DFBUSD trigerd
[2021-09-07 21:38:54][I]:DFBUSD trigerd
[2021-09-07 21:43:25][I]:CVPBUSD trigerd
[2021-09-07 21:44:42][I]:SYSBUSD trigerd
[2021-09-07 21:46:53][I]:SWRVBUSD trigerd
[2021-09-07 21:48:06][I]:IDEXBUSD trigerd
[2021-09-07 21:49:55][I]:SWRVBUSD trigerd
[2021-09-07 21:50:58][I]:HEGICBUSD trigerd
[2021-09-07 21:51:40][I]:HEGICBUSD trigerd
[2021-09-07 21:52:36][I]:HEGICBUSD trigerd
[2021-09-07 21:54:32][I]:HEGICBUSD trigerd
[2021-09-07 21:54:59][I]:HEGICBUSD trigerd
[2021-09-07 21:55:31][I]:FIOBUSD trigerd
[2021-09-07 21:55:56][I]:FIOBUSD trigerd
[2021-09-07 22:01:24][I]:SWRVBUSD trigerd
[2021-09-07 22:01:54][I]:SWRVBUSD trigerd
[2021-09-07 22:02:25][I]:SWRVBUSD trigerd
[2021-09-07 22:02:54][I]:SWRVBUSD trigerd
[2021-09-07 22:03:06][I]:NEARBUSD trigerd
[2021-09-07 22:03:27][I]:SWRVBUSD trigerd
[2021-09-07 22:05:34][I]:SWRVBUSD trigerd
[2021-09-07 22:06:58][I]:FTMBUSD trigerd
[2021-09-07 22:07:45][I]:SWRVBUSD trigerd
[2021-09-07 22:08:36][I]:SWRVBUSD trigerd
[2021-09-07 22:09:25][I]:SWRVBUSD trigerd
[2021-09-07 22:11:31][I]:IDEXBUSD trigerd
[2021-09-07 22:12:04][I]:IDEXBUSD trigerd
[2021-09-07 22:14:17][I]:VIDTBUSD trigerd
[2021-09-07 22:14:52][I]:VIDTBUSD trigerd
[2021-09-07 22:17:26][I]:IDEXBUSD trigerd
[2021-09-07 22:17:55][I]:IDEXBUSD trigerd
[2021-09-07 22:18:24][I]:IDEXBUSD trigerd
[2021-09-07 22:18:53][I]:IDEXBUSD trigerd
[2021-09-07 22:18:59][I]:DFBUSD trigerd
[2021-09-07 22:20:58][I]:DFBUSD trigerd
[2021-09-07 22:27:17][I]:VIDTBUSD trigerd
[2021-09-07 22:27:45][I]:VIDTBUSD trigerd
[2021-09-07 22:32:30][I]:FTMBUSD trigerd
[2021-09-07 22:33:04][I]:SOLBUSD trigerd
[2021-09-07 22:34:29][I]:FTMBUSD trigerd
[2021-09-07 22:34:36][I]:SOLBUSD trigerd
[2021-09-07 22:34:55][I]:IDEXBUSD trigerd
[2021-09-07 22:35:30][I]:DFBUSD trigerd
[2021-09-07 22:36:29][I]:DFBUSD trigerd
[2021-09-07 22:37:50][I]:DFBUSD trigerd
[2021-09-07 22:38:43][I]:DFBUSD trigerd
[2021-09-07 23:07:11][I]:SOLBUSD trigerd
[2021-09-07 23:08:28][I]:SOLBUSD trigerd
[2021-09-07 23:26:39][I]:FTMBUSD trigerd
[2021-09-07 23:27:29][I]:FTMBUSD trigerd
[2021-09-07 23:29:48][I]:IDEXBUSD trigerd
[2021-09-07 23:30:16][I]:SOLBUSD trigerd
[2021-09-07 23:31:00][I]:IDEXBUSD trigerd
[2021-09-07 23:31:26][I]:SOLBUSD trigerd
[2021-09-07 23:31:55][I]:VIDTBUSD trigerd
[2021-09-07 23:32:38][I]:IDEXBUSD trigerd
[2021-09-07 23:33:03][I]:VIDTBUSD trigerd
[2021-09-07 23:33:28][I]:DFBUSD trigerd
[2021-09-07 23:34:22][I]:IDEXBUSD trigerd
[2021-09-07 23:34:48][I]:VIDTBUSD trigerd
[2021-09-07 23:35:41][I]:IDEXBUSD trigerd
[2021-09-07 23:36:10][I]:VIDTBUSD trigerd
[2021-09-07 23:37:09][I]:VIDTBUSD trigerd
[2021-09-07 23:37:42][I]:FRONTBUSD trigerd
[2021-09-07 23:38:43][I]:FRONTBUSD trigerd
[2021-09-07 23:41:04][I]:DFBUSD trigerd
[2021-09-07 23:42:01][I]:DFBUSD trigerd
[2021-09-07 23:45:04][I]:VIDTBUSD trigerd
[2021-09-07 23:46:17][I]:DFBUSD trigerd
[2021-09-07 23:47:30][I]:IDEXBUSD trigerd
[2021-09-07 23:47:56][I]:DFBUSD trigerd
[2021-09-07 23:48:22][I]:FTMBUSD trigerd
[2021-09-07 23:48:51][I]:SWRVBUSD trigerd
[2021-09-07 23:49:17][I]:ROSEBUSD trigerd
[2021-09-07 23:49:54][I]:IDEXBUSD trigerd
[2021-09-07 23:50:38][I]:ROSEBUSD trigerd
[2021-09-07 23:51:16][I]:VIDTBUSD trigerd
[2021-09-07 23:51:41][I]:DFBUSD trigerd
[2021-09-07 23:52:06][I]:SOLBUSD trigerd
[2021-09-07 23:52:31][I]:FTMBUSD trigerd
[2021-09-07 23:53:04][I]:FRONTBUSD trigerd
[2021-09-07 23:53:52][I]:SOLBUSD trigerd
[2021-09-07 23:54:25][I]:FRONTBUSD trigerd
