[2021-09-20 00:01:28][I]:NEARBUSD trigerd
[2021-09-20 00:01:39][I]:最高点后的0-15分钟，进入斐波区间下面的拉升 
[2021-09-20 00:01:39][I]:high_24h=9.936 cur=8.213
[2021-09-20 00:02:12][I]:NEARBUSD trigerd
[2021-09-20 00:02:23][I]:最高点后的0-15分钟，进入斐波区间下面的拉升 
[2021-09-20 00:02:23][I]:high_24h=9.936 cur=8.213
[2021-09-20 00:02:56][I]:NEARBUSD trigerd
[2021-09-20 00:03:07][I]:最高点后的0-15分钟，进入斐波区间下面的拉升 
[2021-09-20 00:03:07][I]:high_24h=9.936 cur=8.213
[2021-09-20 00:03:49][I]:OMGBUSD trigerd
[2021-09-20 00:03:51][I]:最高点后的93.8分钟， 拉升 
[2021-09-20 00:04:00][I]:最高点后的45 分钟之后，斐波区间下面的拉升
[2021-09-20 00:04:00][I]:high_24h=10.05 cur=8.583
[2021-09-20 00:04:37][I]:OMGBUSD trigerd
[2021-09-20 00:04:39][I]:最高点后的94.6分钟， 拉升 
[2021-09-20 00:04:48][I]:最高点后的45 分钟之后，斐波区间下面的拉升
[2021-09-20 00:04:48][I]:high_24h=10.05 cur=8.583
[2021-09-20 00:19:38][I]:OMGBUSD trigerd
[2021-09-20 00:19:39][I]:最高点后的109.分钟， 拉升 
[2021-09-20 00:19:49][I]:最高点后的45 分钟之后，斐波区间下面的拉升
[2021-09-20 00:19:49][I]:high_24h=10.05 cur=8.583
[2021-09-20 00:23:39][I]:FIOBUSD trigerd
[2021-09-20 00:23:41][I]:最高点后的458.分钟， 拉升 
[2021-09-20 00:23:50][I]:最高点后的45 分钟之后，斐波区间下面的拉升
[2021-09-20 00:23:50][I]:high_24h=0.2237 cur=0.1934
[2021-09-20 00:29:08][I]:DODOBUSD trigerd
[2021-09-20 00:29:09][I]:最高点后的449.分钟， 拉升 
[2021-09-20 00:29:18][I]:最高点后的45 分钟之后，斐波区间下面的拉升
[2021-09-20 00:29:18][I]:high_24h=1.615 cur=1.391
[2021-09-20 01:17:11][I]:FXSBUSD trigerd
[2021-09-20 01:17:23][I]:最高点后的0-15分钟，进入斐波区间下面的拉升 
[2021-09-20 01:17:23][I]:high_24h=9.8 cur=5.221
[2021-09-20 01:17:49][I]:DODOBUSD trigerd
[2021-09-20 01:18:00][I]:高点后的15-45分钟，再次进入斐波区间前的拉升 
[2021-09-20 01:18:00][I]:high_24h=1.675 cur=1.391
[2021-09-20 01:18:28][I]:FXSBUSD trigerd
[2021-09-20 01:18:38][I]:最高点后的0-15分钟，进入斐波区间下面的拉升 
[2021-09-20 01:18:38][I]:high_24h=9.8 cur=5.221
[2021-09-20 01:19:10][I]:FXSBUSD trigerd
[2021-09-20 01:19:20][I]:最高点后的0-15分钟，进入斐波区间下面的拉升 
[2021-09-20 01:19:20][I]:high_24h=9.8 cur=5.221
[2021-09-20 01:21:53][I]:FXSBUSD trigerd
[2021-09-20 01:22:03][I]:最高点后的0-15分钟，进入斐波区间下面的拉升 
[2021-09-20 01:22:03][I]:high_24h=9.8 cur=5.221
[2021-09-20 01:22:34][I]:FXSBUSD trigerd
[2021-09-20 01:22:45][I]:最高点后的0-15分钟，进入斐波区间下面的拉升 
[2021-09-20 01:22:45][I]:high_24h=9.8 cur=5.221
[2021-09-20 01:24:08][I]:FXSBUSD trigerd
[2021-09-20 01:24:18][I]:最高点后的0-15分钟，进入斐波区间下面的拉升 
[2021-09-20 01:24:18][I]:high_24h=9.8 cur=5.221
[2021-09-20 01:26:29][I]:FXSBUSD trigerd
[2021-09-20 01:26:39][I]:最高点后的0-15分钟，进入斐波区间下面的拉升 
[2021-09-20 01:26:39][I]:high_24h=9.8 cur=5.221
[2021-09-20 01:44:50][I]:UFTBUSD trigerd
[2021-09-20 01:45:00][I]:最高点后的0-15分钟，持续爆拉升突破前高10%...
[2021-09-20 01:45:00][I]:high_24h=1.197 cur=1.1076
[2021-09-20 01:46:08][I]:UFTBUSD trigerd
[2021-09-20 01:46:19][I]:最高点后的0-15分钟，进入斐波区间下面的拉升 
[2021-09-20 01:46:19][I]:high_24h=1.2482 cur=1.1076
[2021-09-20 01:47:47][I]:FXSBUSD trigerd
[2021-09-20 01:47:58][I]:高点后的15-45分钟，再次进入斐波区间前的拉升 
[2021-09-20 01:47:58][I]:high_24h=9.8 cur=5.221
[2021-09-20 01:50:24][I]:UFTBUSD trigerd
[2021-09-20 01:50:35][I]:最高点后的0-15分钟，进入斐波区间下面的拉升 
[2021-09-20 01:50:35][I]:high_24h=1.2482 cur=1.1076
[2021-09-20 01:51:05][I]:UFTBUSD trigerd
[2021-09-20 01:51:16][I]:最高点后的0-15分钟，进入斐波区间下面的拉升 
[2021-09-20 01:51:16][I]:high_24h=1.2482 cur=1.1076
[2021-09-20 01:52:17][I]:UFTBUSD trigerd
[2021-09-20 01:52:27][I]:最高点后的0-15分钟，进入斐波区间下面的拉升 
[2021-09-20 01:52:27][I]:high_24h=1.2482 cur=1.1076
[2021-09-20 01:53:30][I]:UFTBUSD trigerd
[2021-09-20 01:53:40][I]:最高点后的0-15分钟，进入斐波区间下面的拉升 
[2021-09-20 01:53:40][I]:high_24h=1.2482 cur=1.1076
[2021-09-20 01:54:32][I]:UFTBUSD trigerd
[2021-09-20 01:54:43][I]:最高点后的0-15分钟，进入斐波区间下面的拉升 
[2021-09-20 01:54:43][I]:high_24h=1.2482 cur=1.1076
[2021-09-20 01:58:21][I]:CFXBUSD trigerd
[2021-09-20 01:58:22][I]:最高点后的463.分钟， 拉升 
[2021-09-20 01:58:31][I]:最高点后的45 分钟之后，斐波区间下面的拉升
[2021-09-20 01:58:31][I]:high_24h=0.7091 cur=0.2502
[2021-09-20 02:53:17][I]:LTOBUSD trigerd
[2021-09-20 02:53:27][I]:最高点后的0-15分钟，进入斐波区间下面的拉升 
[2021-09-20 02:53:27][I]:high_24h=0.3156 cur=0.282
[2021-09-20 02:54:16][I]:LTOBUSD trigerd
[2021-09-20 02:54:26][I]:最高点后的0-15分钟，进入斐波区间下面的拉升 
[2021-09-20 02:54:26][I]:high_24h=0.3156 cur=0.282
[2021-09-20 02:54:55][I]:LTOBUSD trigerd
[2021-09-20 02:55:06][I]:最高点后的0-15分钟，进入斐波区间下面的拉升 
[2021-09-20 02:55:06][I]:high_24h=0.3156 cur=0.282
[2021-09-20 02:56:32][I]:LTOBUSD trigerd
[2021-09-20 02:56:42][I]:最高点后的0-15分钟，进入斐波区间下面的拉升 
[2021-09-20 02:56:42][I]:high_24h=0.3156 cur=0.282
[2021-09-20 03:04:32][I]:OMBUSD trigerd
[2021-09-20 03:04:33][I]:最高点后的349.分钟， 拉升 
[2021-09-20 03:04:42][I]:最高点后的45 分钟之后，斐波区间下面的拉升
[2021-09-20 03:04:42][I]:high_24h=0.343 cur=0.2251
[2021-09-20 03:08:39][I]:OMBUSD trigerd
[2021-09-20 03:08:40][I]:最高点后的353.分钟， 拉升 
[2021-09-20 03:08:49][I]:最高点后的45 分钟之后，斐波区间下面的拉升
[2021-09-20 03:08:49][I]:high_24h=0.343 cur=0.2251
[2021-09-20 03:09:20][I]:OMBUSD trigerd
[2021-09-20 03:09:21][I]:最高点后的354.分钟， 拉升 
[2021-09-20 03:09:30][I]:最高点后的45 分钟之后，斐波区间下面的拉升
[2021-09-20 03:09:30][I]:high_24h=0.343 cur=0.2251
[2021-09-20 03:10:00][I]:OMBUSD trigerd
[2021-09-20 03:10:01][I]:最高点后的355.分钟， 拉升 
[2021-09-20 03:10:11][I]:最高点后的45 分钟之后，斐波区间下面的拉升
[2021-09-20 03:10:11][I]:high_24h=0.343 cur=0.2251
[2021-09-20 03:10:41][I]:OMBUSD trigerd
[2021-09-20 03:10:42][I]:最高点后的355.分钟， 拉升 
[2021-09-20 03:10:51][I]:最高点后的45 分钟之后，斐波区间下面的拉升
[2021-09-20 03:10:51][I]:high_24h=0.343 cur=0.2251
[2021-09-20 03:11:22][I]:OMBUSD trigerd
[2021-09-20 03:11:23][I]:最高点后的356.分钟， 拉升 
[2021-09-20 03:11:32][I]:最高点后的45 分钟之后，斐波区间下面的拉升
[2021-09-20 03:11:32][I]:high_24h=0.343 cur=0.2251
[2021-09-20 03:12:22][I]:OMBUSD trigerd
[2021-09-20 03:12:23][I]:最高点后的357.分钟， 拉升 
[2021-09-20 03:12:32][I]:最高点后的45 分钟之后，斐波区间下面的拉升
[2021-09-20 03:12:32][I]:high_24h=0.343 cur=0.2251
[2021-09-20 03:12:58][I]:AUCTIONBUSD trigerd
[2021-09-20 03:12:59][I]:最高点后的447.分钟， 拉升 
[2021-09-20 03:13:08][I]:最高点后的45 分钟之后，斐波区间下面的拉升
[2021-09-20 03:13:08][I]:high_24h=38.76 cur=28.31
[2021-09-20 03:14:07][I]:OMBUSD trigerd
[2021-09-20 03:14:08][I]:最高点后的359.分钟， 拉升 
[2021-09-20 03:14:17][I]:最高点后的45 分钟之后，斐波区间下面的拉升
[2021-09-20 03:14:17][I]:high_24h=0.343 cur=0.2251
[2021-09-20 03:14:42][I]:AUCTIONBUSD trigerd
[2021-09-20 03:14:43][I]:最高点后的449.分钟， 拉升 
[2021-09-20 03:14:52][I]:最高点后的45 分钟之后，斐波区间下面的拉升
[2021-09-20 03:14:52][I]:high_24h=38.76 cur=28.31
[2021-09-20 03:15:20][I]:OMBUSD trigerd
[2021-09-20 03:15:31][I]:最高点后的0-15分钟，进入斐波区间下面的拉升 
[2021-09-20 03:15:31][I]:high_24h=0.3456 cur=0.2251
[2021-09-20 03:17:08][I]:OMBUSD trigerd
[2021-09-20 03:17:18][I]:最高点后的0-15分钟，进入斐波区间下面的拉升 
[2021-09-20 03:17:18][I]:high_24h=0.3456 cur=0.2251
[2021-09-20 03:18:12][I]:FISBUSD trigerd
[2021-09-20 03:18:13][I]:最高点后的453.分钟， 拉升 
[2021-09-20 03:18:22][I]:最高点后的45 分钟之后，斐波区间下面的拉升
[2021-09-20 03:18:22][I]:high_24h=2.0619 cur=1.54
[2021-09-20 03:18:54][I]:FISBUSD trigerd
[2021-09-20 03:18:55][I]:最高点后的453.分钟， 拉升 
[2021-09-20 03:19:04][I]:最高点后的45 分钟之后，斐波区间下面的拉升
[2021-09-20 03:19:04][I]:high_24h=2.0619 cur=1.54
[2021-09-20 03:19:34][I]:OMBUSD trigerd
[2021-09-20 03:19:44][I]:最高点后的0-15分钟，进入斐波区间下面的拉升 
[2021-09-20 03:19:44][I]:high_24h=0.3456 cur=0.2251
[2021-09-20 03:21:37][I]:OMBUSD trigerd
[2021-09-20 03:21:47][I]:最高点后的0-15分钟，进入斐波区间下面的拉升 
[2021-09-20 03:21:47][I]:high_24h=0.3456 cur=0.2251
[2021-09-20 03:25:49][I]:UTKBUSD trigerd
[2021-09-20 03:25:50][I]:最高点后的385.分钟， 拉升 
[2021-09-20 03:25:59][I]:最高点后的45 分钟之后，斐波区间下面的拉升
[2021-09-20 03:25:59][I]:high_24h=0.478 cur=0.3707
[2021-09-20 03:27:12][I]:DOCKBUSD trigerd
[2021-09-20 03:27:22][I]:最高点后的0-15分钟，进入斐波区间下面的拉升 
[2021-09-20 03:27:22][I]:high_24h=0.1041 cur=0.10161
[2021-09-20 03:28:42][I]:DOCKBUSD trigerd
[2021-09-20 03:28:52][I]:最高点后的0-15分钟，进入斐波区间下面的拉升 
[2021-09-20 03:28:52][I]:high_24h=0.1041 cur=0.10161
[2021-09-20 03:31:04][I]:FXSBUSD trigerd
[2021-09-20 03:31:05][I]:最高点后的136.分钟， 拉升 
[2021-09-20 03:31:14][I]:最高点后的45 分钟之后，斐波区间下面的拉升
[2021-09-20 03:31:14][I]:high_24h=9.8 cur=5.221
[2021-09-20 03:31:44][I]:FXSBUSD trigerd
[2021-09-20 03:31:46][I]:最高点后的136.分钟， 拉升 
[2021-09-20 03:31:55][I]:最高点后的45 分钟之后，斐波区间下面的拉升
[2021-09-20 03:31:55][I]:high_24h=9.8 cur=5.221
[2021-09-20 03:32:25][I]:FXSBUSD trigerd
[2021-09-20 03:32:26][I]:最高点后的137.分钟， 拉升 
[2021-09-20 03:32:35][I]:最高点后的45 分钟之后，斐波区间下面的拉升
[2021-09-20 03:32:35][I]:high_24h=9.8 cur=5.221
[2021-09-20 03:33:06][I]:FXSBUSD trigerd
[2021-09-20 03:33:07][I]:最高点后的138.分钟， 拉升 
[2021-09-20 03:33:16][I]:最高点后的45 分钟之后，斐波区间下面的拉升
[2021-09-20 03:33:16][I]:high_24h=9.8 cur=5.221
[2021-09-20 03:33:47][I]:FXSBUSD trigerd
[2021-09-20 03:33:48][I]:最高点后的138.分钟， 拉升 
[2021-09-20 03:33:58][I]:最高点后的45 分钟之后，斐波区间下面的拉升
[2021-09-20 03:33:58][I]:high_24h=9.8 cur=5.221
[2021-09-20 03:35:42][I]:FXSBUSD trigerd
[2021-09-20 03:35:43][I]:最高点后的140.分钟， 拉升 
[2021-09-20 03:35:53][I]:最高点后的45 分钟之后，斐波区间下面的拉升
[2021-09-20 03:35:53][I]:high_24h=9.8 cur=5.221
[2021-09-20 03:36:25][I]:FXSBUSD trigerd
[2021-09-20 03:36:26][I]:最高点后的141.分钟， 拉升 
[2021-09-20 03:36:35][I]:最高点后的45 分钟之后，斐波区间下面的拉升
[2021-09-20 03:36:35][I]:high_24h=9.8 cur=5.221
[2021-09-20 03:40:29][I]:FXSBUSD trigerd
[2021-09-20 03:40:30][I]:最高点后的145.分钟， 拉升 
[2021-09-20 03:40:39][I]:最高点后的45 分钟之后，斐波区间下面的拉升
[2021-09-20 03:40:39][I]:high_24h=9.8 cur=5.221
[2021-09-20 03:43:54][I]:FXSBUSD trigerd
[2021-09-20 03:43:55][I]:最高点后的148.分钟， 拉升 
[2021-09-20 03:44:04][I]:最高点后的45 分钟之后，斐波区间下面的拉升
[2021-09-20 03:44:04][I]:high_24h=9.8 cur=5.221
[2021-09-20 03:49:57][I]:DOCKBUSD trigerd
[2021-09-20 03:50:09][I]:高点后的15-45分钟，再次进入斐波区间前的拉升 
[2021-09-20 03:50:09][I]:high_24h=0.12 cur=0.10161
[2021-09-20 03:50:54][I]:DOCKBUSD trigerd
[2021-09-20 03:51:05][I]:高点后的15-45分钟，再次进入斐波区间前的拉升 
[2021-09-20 03:51:05][I]:high_24h=0.12 cur=0.10161
[2021-09-20 03:51:35][I]:DOCKBUSD trigerd
[2021-09-20 03:51:45][I]:高点后的15-45分钟，再次进入斐波区间前的拉升 
[2021-09-20 03:51:45][I]:high_24h=0.12 cur=0.10161
[2021-09-20 03:54:21][I]:DOCKBUSD trigerd
[2021-09-20 03:54:32][I]:高点后的15-45分钟，再次进入斐波区间前的拉升 
[2021-09-20 03:54:32][I]:high_24h=0.12 cur=0.10161
[2021-09-20 04:01:39][I]:DOCKBUSD trigerd
[2021-09-20 04:01:50][I]:高点后的15-45分钟，再次进入斐波区间前的拉升 
[2021-09-20 04:01:50][I]:high_24h=0.12 cur=0.10161
[2021-09-20 04:02:31][I]:DOCKBUSD trigerd
[2021-09-20 04:02:42][I]:高点后的15-45分钟，再次进入斐波区间前的拉升 
[2021-09-20 04:02:42][I]:high_24h=0.12 cur=0.10161
[2021-09-20 04:03:13][I]:FXSBUSD trigerd
[2021-09-20 04:03:14][I]:最高点后的168.分钟， 拉升 
[2021-09-20 04:03:24][I]:最高点后的45 分钟之后，斐波区间下面的拉升
[2021-09-20 04:03:24][I]:high_24h=9.8 cur=5.221
[2021-09-20 04:03:55][I]:FXSBUSD trigerd
[2021-09-20 04:03:56][I]:最高点后的168.分钟， 拉升 
[2021-09-20 04:04:06][I]:最高点后的45 分钟之后，斐波区间下面的拉升
[2021-09-20 04:04:06][I]:high_24h=9.8 cur=5.221
[2021-09-20 04:08:06][I]:SHIBBUSD trigerd
[2021-09-20 04:08:07][I]:最高点后的128.分钟， 拉升 
[2021-09-20 04:08:16][I]:最高点后的45 分钟之后，斐波区间下面的拉升
[2021-09-20 04:08:16][I]:high_24h=8.39e-06 cur=6.5e-06
[2021-09-20 04:08:51][I]:UFTBUSD trigerd
[2021-09-20 04:08:52][I]:最高点后的128.分钟， 拉升 
[2021-09-20 04:09:02][I]:最高点后的45 分钟之后，斐波区间下面的拉升
[2021-09-20 04:09:02][I]:high_24h=1.3725 cur=1.1076
[2021-09-20 04:09:31][I]:UFTBUSD trigerd
[2021-09-20 04:09:32][I]:最高点后的129.分钟， 拉升 
[2021-09-20 04:09:42][I]:最高点后的45 分钟之后，斐波区间下面的拉升
[2021-09-20 04:09:42][I]:high_24h=1.3725 cur=1.1076
[2021-09-20 05:16:51][I]:FXSBUSD trigerd
[2021-09-20 05:16:52][I]:最高点后的241.分钟， 拉升 
[2021-09-20 05:17:01][I]:最高点后的45 分钟之后，斐波区间下面的拉升
[2021-09-20 05:17:01][I]:high_24h=9.8 cur=5.221
[2021-09-20 05:17:33][I]:FXSBUSD trigerd
[2021-09-20 05:17:34][I]:最高点后的242.分钟， 拉升 
[2021-09-20 05:17:44][I]:最高点后的45 分钟之后，斐波区间下面的拉升
[2021-09-20 05:17:44][I]:high_24h=9.8 cur=5.221
[2021-09-20 05:19:15][I]:FXSBUSD trigerd
[2021-09-20 05:19:16][I]:最高点后的244.分钟， 拉升 
[2021-09-20 05:19:26][I]:最高点后的45 分钟之后，斐波区间下面的拉升
[2021-09-20 05:19:26][I]:high_24h=9.8 cur=5.221
[2021-09-20 05:19:57][I]:FXSBUSD trigerd
[2021-09-20 05:19:58][I]:最高点后的244.分钟， 拉升 
[2021-09-20 05:20:08][I]:最高点后的45 分钟之后，斐波区间下面的拉升
[2021-09-20 05:20:08][I]:high_24h=9.8 cur=5.221
[2021-09-20 05:39:22][I]:AUDIOBUSD trigerd
[2021-09-20 05:39:23][I]:最高点后的294.分钟， 拉升 
[2021-09-20 05:39:33][I]:最高点后的45 分钟之后，斐波区间下面的拉升
[2021-09-20 05:39:33][I]:high_24h=3.045 cur=2.137
[2021-09-20 05:42:53][I]:SYSBUSD trigerd
[2021-09-20 05:43:04][I]:最高点后的0-15分钟，进入斐波区间下面的拉升 
[2021-09-20 05:43:04][I]:high_24h=0.306 cur=0.2616
[2021-09-20 05:43:33][I]:SYSBUSD trigerd
[2021-09-20 05:43:44][I]:最高点后的0-15分钟，进入斐波区间下面的拉升 
[2021-09-20 05:43:44][I]:high_24h=0.306 cur=0.2616
[2021-09-20 05:44:16][I]:SYSBUSD trigerd
[2021-09-20 05:44:26][I]:最高点后的0-15分钟，进入斐波区间下面的拉升 
[2021-09-20 05:44:26][I]:high_24h=0.306 cur=0.2616
[2021-09-20 05:44:59][I]:SYSBUSD trigerd
[2021-09-20 05:45:10][I]:高点后的15-45分钟，再次进入斐波区间前的拉升 
[2021-09-20 05:45:10][I]:high_24h=0.306 cur=0.2616
[2021-09-20 06:02:19][I]:SYSBUSD trigerd
[2021-09-20 06:02:29][I]:最高点后的0-15分钟，进入斐波区间下面的拉升 
[2021-09-20 06:02:29][I]:high_24h=0.3319 cur=0.2616
[2021-09-20 06:06:53][I]:FXSBUSD trigerd
[2021-09-20 06:06:54][I]:最高点后的291.分钟， 拉升 
[2021-09-20 06:07:04][I]:最高点后的45 分钟之后，斐波区间下面的拉升
[2021-09-20 06:07:04][I]:high_24h=9.8 cur=5.221
[2021-09-20 06:37:36][I]:CRVBUSD trigerd
[2021-09-20 06:37:37][I]:最高点后的82.6分钟， 拉升 
[2021-09-20 06:37:47][I]:最高点后的45 分钟之后，斐波区间下面的拉升
[2021-09-20 06:37:47][I]:high_24h=3.044 cur=2.36
[2021-09-20 06:39:04][I]:CRVBUSD trigerd
[2021-09-20 06:39:05][I]:最高点后的84.0分钟， 拉升 
[2021-09-20 06:39:14][I]:最高点后的45 分钟之后，斐波区间下面的拉升
[2021-09-20 06:39:14][I]:high_24h=3.044 cur=2.36
[2021-09-20 06:39:58][I]:CRVBUSD trigerd
[2021-09-20 06:39:59][I]:最高点后的84.9分钟， 拉升 
[2021-09-20 06:40:09][I]:最高点后的45 分钟之后，斐波区间下面的拉升
[2021-09-20 06:40:09][I]:high_24h=3.044 cur=2.36
[2021-09-20 07:50:30][I]:AUDIOBUSD trigerd
[2021-09-20 07:50:40][I]:最高点后的0-15分钟，进入斐波区间下面的拉升 
[2021-09-20 07:50:40][I]:high_24h=3.054 cur=2.137
[2021-09-20 07:52:18][I]:AUDIOBUSD trigerd
[2021-09-20 07:52:28][I]:最高点后的0-15分钟，进入斐波区间下面的拉升 
[2021-09-20 07:52:28][I]:high_24h=3.054 cur=2.137
[2021-09-20 07:54:54][I]:NEARBUSD trigerd
[2021-09-20 07:54:55][I]:最高点后的444.分钟， 拉升 
[2021-09-20 07:55:05][I]:最高点后的45 分钟之后，斐波区间下面的拉升
[2021-09-20 07:55:05][I]:high_24h=10.4 cur=8.213
[2021-09-20 08:03:25][I]:NEARBUSD trigerd
[2021-09-20 08:03:26][I]:最高点后的453.分钟， 拉升 
[2021-09-20 08:03:35][I]:最高点后的45 分钟之后，斐波区间下面的拉升
[2021-09-20 08:03:35][I]:high_24h=10.4 cur=8.622
[2021-09-20 08:04:17][I]:NEARBUSD trigerd
[2021-09-20 08:04:18][I]:最高点后的454.分钟， 拉升 
[2021-09-20 08:04:28][I]:最高点后的45 分钟之后，斐波区间下面的拉升
[2021-09-20 08:04:28][I]:high_24h=10.4 cur=8.622
[2021-09-20 08:07:48][I]:MLNBUSD trigerd
[2021-09-20 08:07:58][I]:最高点后的0-15分钟，持续爆拉升突破前高10%...
[2021-09-20 08:07:58][I]:high_24h=123.4 cur=125.8
[2021-09-20 08:09:04][I]:MLNBUSD trigerd
[2021-09-20 08:09:14][I]:最高点后的0-15分钟，持续爆拉升突破前高10%...
[2021-09-20 08:09:14][I]:high_24h=123.4 cur=125.8
[2021-09-20 08:09:46][I]:MLNBUSD trigerd
[2021-09-20 08:09:57][I]:最高点后的0-15分钟，持续爆拉升突破前高10%...
[2021-09-20 08:09:57][I]:high_24h=123.4 cur=125.8
[2021-09-20 08:34:25][I]:NEARBUSD trigerd
[2021-09-20 08:34:36][I]:高点后的15-45分钟，再次进入斐波区间前的拉升 
[2021-09-20 08:34:36][I]:high_24h=10.428 cur=8.622
[2021-09-20 09:22:22][I]:XECBUSD trigerd
[2021-09-20 09:22:23][I]:最高点后的292.分钟， 拉升 
[2021-09-20 09:22:33][I]:最高点后的45 分钟之后，持续爆拉升突破前高10%... 
[2021-09-20 09:22:33][I]:high_24h=0.00023497 cur=0.00024018
[2021-09-20 09:23:48][I]:XECBUSD trigerd
[2021-09-20 09:23:49][I]:最高点后的293.分钟， 拉升 
[2021-09-20 09:23:59][I]:最高点后的45 分钟之后，持续爆拉升突破前高10%... 
[2021-09-20 09:23:59][I]:high_24h=0.00023497 cur=0.00024018
[2021-09-20 09:24:30][I]:XECBUSD trigerd
[2021-09-20 09:24:31][I]:最高点后的294.分钟， 拉升 
[2021-09-20 09:24:41][I]:最高点后的45 分钟之后，持续爆拉升突破前高10%... 
[2021-09-20 09:24:41][I]:high_24h=0.00023497 cur=0.00024018
[2021-09-20 09:46:27][I]:SYSBUSD trigerd
[2021-09-20 09:46:28][I]:最高点后的226.分钟， 拉升 
[2021-09-20 09:46:38][I]:最高点后的45 分钟之后，斐波区间下面的拉升
[2021-09-20 09:46:38][I]:high_24h=0.3319 cur=0.2901
[2021-09-20 09:47:08][I]:SYSBUSD trigerd
[2021-09-20 09:47:09][I]:最高点后的227.分钟， 拉升 
[2021-09-20 09:47:19][I]:最高点后的45 分钟之后，斐波区间下面的拉升
[2021-09-20 09:47:19][I]:high_24h=0.3319 cur=0.2901
[2021-09-20 09:49:13][I]:SYSBUSD trigerd
[2021-09-20 09:49:14][I]:最高点后的229.分钟， 拉升 
[2021-09-20 09:49:23][I]:最高点后的45 分钟之后，斐波区间下面的拉升
[2021-09-20 09:49:23][I]:high_24h=0.3319 cur=0.2901
[2021-09-20 09:49:52][I]:AUDIOBUSD trigerd
[2021-09-20 09:49:53][I]:最高点后的109.分钟， 拉升 
[2021-09-20 09:50:02][I]:最高点后的45 分钟之后，斐波区间下面的拉升
[2021-09-20 09:50:02][I]:high_24h=3.144 cur=2.196
[2021-09-20 10:02:40][I]:SYSBUSD trigerd
[2021-09-20 10:02:41][I]:最高点后的242.分钟， 拉升 
[2021-09-20 10:02:51][I]:最高点后的45 分钟之后，斐波区间下面的拉升
[2021-09-20 10:02:51][I]:high_24h=0.3319 cur=0.2901
[2021-09-20 10:03:44][I]:SYSBUSD trigerd
[2021-09-20 10:03:45][I]:最高点后的243.分钟， 拉升 
[2021-09-20 10:03:55][I]:最高点后的45 分钟之后，斐波区间下面的拉升
[2021-09-20 10:03:55][I]:high_24h=0.3319 cur=0.2901
[2021-09-20 10:04:29][I]:SYSBUSD trigerd
[2021-09-20 10:04:30][I]:最高点后的244.分钟， 拉升 
[2021-09-20 10:04:39][I]:最高点后的45 分钟之后，斐波区间下面的拉升
[2021-09-20 10:04:39][I]:high_24h=0.3319 cur=0.2901
[2021-09-20 10:06:00][I]:SYSBUSD trigerd
[2021-09-20 10:06:01][I]:最高点后的246.分钟， 拉升 
[2021-09-20 10:06:11][I]:最高点后的45 分钟之后，斐波区间下面的拉升
[2021-09-20 10:06:11][I]:high_24h=0.3319 cur=0.2901
[2021-09-20 10:06:42][I]:SYSBUSD trigerd
[2021-09-20 10:06:43][I]:最高点后的246.分钟， 拉升 
[2021-09-20 10:06:53][I]:最高点后的45 分钟之后，斐波区间下面的拉升
[2021-09-20 10:06:53][I]:high_24h=0.3319 cur=0.2901
[2021-09-20 10:08:51][I]:SYSBUSD trigerd
[2021-09-20 10:08:52][I]:最高点后的248.分钟， 拉升 
[2021-09-20 10:09:01][I]:最高点后的45 分钟之后，斐波区间下面的拉升
[2021-09-20 10:09:01][I]:high_24h=0.3319 cur=0.2901
[2021-09-20 10:16:09][I]:SYSBUSD trigerd
[2021-09-20 10:16:20][I]:最高点后的0-15分钟，进入斐波区间下面的拉升 
[2021-09-20 10:16:20][I]:high_24h=0.3577 cur=0.2901
[2021-09-20 10:16:52][I]:SYSBUSD trigerd
[2021-09-20 10:17:03][I]:最高点后的0-15分钟，进入斐波区间下面的拉升 
[2021-09-20 10:17:03][I]:high_24h=0.3577 cur=0.2901
[2021-09-20 10:18:06][I]:SYSBUSD trigerd
[2021-09-20 10:18:17][I]:最高点后的0-15分钟，进入斐波区间下面的拉升 
[2021-09-20 10:18:17][I]:high_24h=0.3577 cur=0.2901
[2021-09-20 10:20:27][I]:SYSBUSD trigerd
[2021-09-20 10:20:38][I]:最高点后的0-15分钟，进入斐波区间下面的拉升 
[2021-09-20 10:20:38][I]:high_24h=0.3577 cur=0.2901
[2021-09-20 10:21:10][I]:SYSBUSD trigerd
[2021-09-20 10:21:21][I]:最高点后的0-15分钟，进入斐波区间下面的拉升 
[2021-09-20 10:21:21][I]:high_24h=0.3577 cur=0.2901
[2021-09-20 10:22:33][I]:SYSBUSD trigerd
[2021-09-20 10:22:44][I]:最高点后的0-15分钟，进入斐波区间下面的拉升 
[2021-09-20 10:22:44][I]:high_24h=0.3577 cur=0.2901
[2021-09-20 10:23:55][I]:SYSBUSD trigerd
[2021-09-20 10:24:05][I]:最高点后的0-15分钟，进入斐波区间下面的拉升 
[2021-09-20 10:24:05][I]:high_24h=0.3577 cur=0.2901
[2021-09-20 10:24:37][I]:SYSBUSD trigerd
[2021-09-20 10:24:47][I]:最高点后的0-15分钟，进入斐波区间下面的拉升 
[2021-09-20 10:24:47][I]:high_24h=0.3577 cur=0.2901
[2021-09-20 10:32:19][I]:SYSBUSD trigerd
[2021-09-20 10:32:30][I]:最高点后的0-15分钟，进入斐波区间下面的拉升 
[2021-09-20 10:32:30][I]:high_24h=0.3731 cur=0.2901
[2021-09-20 10:33:11][I]:SYSBUSD trigerd
[2021-09-20 10:33:22][I]:最高点后的0-15分钟，进入斐波区间下面的拉升 
[2021-09-20 10:33:22][I]:high_24h=0.3731 cur=0.2901
[2021-09-20 10:33:52][I]:SYSBUSD trigerd
[2021-09-20 10:34:03][I]:最高点后的0-15分钟，进入斐波区间下面的拉升 
[2021-09-20 10:34:03][I]:high_24h=0.3731 cur=0.2901
[2021-09-20 10:34:54][I]:SYSBUSD trigerd
[2021-09-20 10:35:05][I]:最高点后的0-15分钟，进入斐波区间下面的拉升 
[2021-09-20 10:35:05][I]:high_24h=0.3731 cur=0.2901
[2021-09-20 10:41:37][I]:SYSBUSD trigerd
[2021-09-20 10:41:48][I]:最高点后的0-15分钟，进入斐波区间下面的拉升 
[2021-09-20 10:41:48][I]:high_24h=0.3731 cur=0.2901
[2021-09-20 10:58:10][I]:WRXBUSD trigerd
[2021-09-20 10:58:11][I]:最高点后的58.1分钟， 拉升 
[2021-09-20 10:58:20][I]:最高点后的45 分钟之后，斐波区间下面的拉升
[2021-09-20 10:58:20][I]:high_24h=1.275 cur=1.181
[2021-09-20 10:58:51][I]:WRXBUSD trigerd
[2021-09-20 10:58:52][I]:最高点后的58.8分钟， 拉升 
[2021-09-20 10:59:02][I]:最高点后的45 分钟之后，斐波区间下面的拉升
[2021-09-20 10:59:02][I]:high_24h=1.275 cur=1.181
[2021-09-20 10:59:31][I]:WRXBUSD trigerd
[2021-09-20 10:59:32][I]:最高点后的59.5分钟， 拉升 
[2021-09-20 10:59:42][I]:最高点后的45 分钟之后，斐波区间下面的拉升
[2021-09-20 10:59:42][I]:high_24h=1.275 cur=1.181
[2021-09-20 11:16:54][I]:SYSBUSD trigerd
[2021-09-20 11:16:55][I]:最高点后的46.9分钟， 拉升 
[2021-09-20 11:17:04][I]:最高点后的45 分钟之后，斐波区间下面的拉升
[2021-09-20 11:17:04][I]:high_24h=0.3731 cur=0.2901
[2021-09-20 11:17:37][I]:SYSBUSD trigerd
[2021-09-20 11:17:38][I]:最高点后的47.6分钟， 拉升 
[2021-09-20 11:17:47][I]:最高点后的45 分钟之后，斐波区间下面的拉升
[2021-09-20 11:17:47][I]:high_24h=0.3731 cur=0.2901
[2021-09-20 11:29:10][I]:SYSBUSD trigerd
[2021-09-20 11:29:11][I]:最高点后的59.1分钟， 拉升 
[2021-09-20 11:29:21][I]:最高点后的45 分钟之后，斐波区间下面的拉升
[2021-09-20 11:29:21][I]:high_24h=0.3731 cur=0.2901
[2021-09-20 11:31:07][I]:SYSBUSD trigerd
[2021-09-20 11:31:08][I]:最高点后的61.1分钟， 拉升 
[2021-09-20 11:31:18][I]:最高点后的45 分钟之后，斐波区间下面的拉升
[2021-09-20 11:31:18][I]:high_24h=0.3731 cur=0.2901
[2021-09-20 11:31:49][I]:SYSBUSD trigerd
[2021-09-20 11:31:50][I]:最高点后的61.8分钟， 拉升 
[2021-09-20 11:32:00][I]:最高点后的45 分钟之后，斐波区间下面的拉升
[2021-09-20 11:32:00][I]:high_24h=0.3731 cur=0.2901
[2021-09-20 11:32:31][I]:SYSBUSD trigerd
[2021-09-20 11:32:32][I]:最高点后的62.5分钟， 拉升 
[2021-09-20 11:32:42][I]:最高点后的45 分钟之后，斐波区间下面的拉升
[2021-09-20 11:32:42][I]:high_24h=0.3731 cur=0.2901
[2021-09-20 11:37:42][I]:SYSBUSD trigerd
[2021-09-20 11:37:43][I]:最高点后的67.7分钟， 拉升 
[2021-09-20 11:37:52][I]:最高点后的45 分钟之后，斐波区间下面的拉升
[2021-09-20 11:37:52][I]:high_24h=0.3731 cur=0.2901
[2021-09-20 12:26:50][I]:PERPBUSD trigerd
[2021-09-20 12:27:01][I]:高点后的15-45分钟，再次进入斐波区间前的拉升 
[2021-09-20 12:27:01][I]:high_24h=14.92 cur=18.34
[2021-09-20 12:29:25][I]:PERPBUSD trigerd
[2021-09-20 12:29:36][I]:高点后的15-45分钟，再次进入斐波区间前的拉升 
[2021-09-20 12:29:36][I]:high_24h=14.92 cur=18.34
[2021-09-20 12:32:48][I]:WRXBUSD trigerd
[2021-09-20 12:32:49][I]:最高点后的77.8分钟， 拉升 
[2021-09-20 12:32:59][I]:最高点后的45 分钟之后，斐波区间下面的拉升
[2021-09-20 12:32:59][I]:high_24h=1.288 cur=1.181
[2021-09-20 12:38:03][I]:NEARBUSD trigerd
[2021-09-20 12:38:04][I]:最高点后的263.分钟， 拉升 
[2021-09-20 12:38:14][I]:最高点后的45 分钟之后，斐波区间下面的拉升
[2021-09-20 12:38:14][I]:high_24h=10.428 cur=8.622
[2021-09-20 13:03:38][I]:FORTHBUSD trigerd
[2021-09-20 13:03:39][I]:最高点后的198.分钟， 拉升 
[2021-09-20 13:03:49][I]:最高点后的45 分钟之后，斐波区间下面的拉升
[2021-09-20 13:03:49][I]:high_24h=15.56 cur=15.23
[2021-09-20 13:04:28][I]:ATOMBUSD trigerd
[2021-09-20 13:04:30][I]:最高点后的289.分钟， 拉升 
[2021-09-20 13:04:39][I]:最高点后的45 分钟之后，斐波区间下面的拉升
[2021-09-20 13:04:39][I]:high_24h=44.78 cur=34.23
[2021-09-20 13:12:00][I]:WRXBUSD trigerd
[2021-09-20 13:12:01][I]:最高点后的117.分钟， 拉升 
[2021-09-20 13:12:10][I]:最高点后的45 分钟之后，斐波区间下面的拉升
[2021-09-20 13:12:10][I]:high_24h=1.288 cur=1.181
[2021-09-20 13:12:42][I]:WRXBUSD trigerd
[2021-09-20 13:12:43][I]:最高点后的117.分钟， 拉升 
[2021-09-20 13:12:53][I]:最高点后的45 分钟之后，斐波区间下面的拉升
[2021-09-20 13:12:53][I]:high_24h=1.288 cur=1.181
[2021-09-20 13:13:24][I]:WRXBUSD trigerd
[2021-09-20 13:13:25][I]:最高点后的118.分钟， 拉升 
[2021-09-20 13:13:34][I]:最高点后的45 分钟之后，斐波区间下面的拉升
[2021-09-20 13:13:34][I]:high_24h=1.288 cur=1.181
[2021-09-20 13:27:22][I]:WRXBUSD trigerd
[2021-09-20 13:27:32][I]:最高点后的0-15分钟，进入斐波区间下面的拉升 
[2021-09-20 13:27:32][I]:high_24h=1.295 cur=1.181
[2021-09-20 13:59:48][I]:WRXBUSD trigerd
[2021-09-20 13:59:58][I]:高点后的15-45分钟，再次进入斐波区间前的拉升 
[2021-09-20 13:59:58][I]:high_24h=1.319 cur=1.181
[2021-09-20 14:42:54][I]:COVERBUSD trigerd
[2021-09-20 14:43:05][I]:最高点后的0-15分钟，持续爆拉升突破前高10%...
[2021-09-20 14:43:05][I]:high_24h=170.2 cur=305.9
[2021-09-20 14:43:14][I]:COVERBUSD trigerd
[2021-09-20 14:43:24][I]:最高点后的0-15分钟，持续爆拉升突破前高10%...
[2021-09-20 14:43:24][I]:high_24h=170.2 cur=305.9
[2021-09-20 14:43:34][I]:COVERBUSD trigerd
[2021-09-20 14:43:45][I]:最高点后的0-15分钟，持续爆拉升突破前高10%...
[2021-09-20 14:43:45][I]:high_24h=170.2 cur=305.9
[2021-09-20 14:43:56][I]:COVERBUSD trigerd
[2021-09-20 14:44:06][I]:最高点后的0-15分钟，持续爆拉升突破前高10%...
[2021-09-20 14:44:06][I]:high_24h=170.2 cur=305.9
[2021-09-20 14:44:17][I]:COVERBUSD trigerd
[2021-09-20 14:44:28][I]:最高点后的0-15分钟，持续爆拉升突破前高10%...
[2021-09-20 14:44:28][I]:high_24h=170.2 cur=305.9
[2021-09-20 14:44:42][I]:FXSBUSD trigerd
[2021-09-20 14:44:43][I]:最高点后的464.分钟， 拉升 
[2021-09-20 14:44:53][I]:最高点后的45 分钟之后，斐波区间下面的拉升
[2021-09-20 14:44:53][I]:high_24h=6.189 cur=5.157
[2021-09-20 14:47:07][I]:COVERBUSD trigerd
[2021-09-20 14:47:17][I]:最高点后的0-15分钟，持续爆拉升突破前高10%...
[2021-09-20 14:47:17][I]:high_24h=190.0 cur=305.9
[2021-09-20 14:47:37][I]:COVERBUSD trigerd
[2021-09-20 14:47:47][I]:最高点后的0-15分钟，持续爆拉升突破前高10%...
[2021-09-20 14:47:47][I]:high_24h=190.0 cur=305.9
[2021-09-20 14:48:16][I]:COVERBUSD trigerd
[2021-09-20 14:48:27][I]:最高点后的0-15分钟，持续爆拉升突破前高10%...
[2021-09-20 14:48:27][I]:high_24h=190.0 cur=305.9
[2021-09-20 14:49:07][I]:COVERBUSD trigerd
[2021-09-20 14:49:17][I]:最高点后的0-15分钟，持续爆拉升突破前高10%...
[2021-09-20 14:49:17][I]:high_24h=190.0 cur=305.9
[2021-09-20 14:50:06][I]:COVERBUSD trigerd
[2021-09-20 14:50:17][I]:最高点后的0-15分钟，持续爆拉升突破前高10%...
[2021-09-20 14:50:17][I]:high_24h=190.0 cur=305.9
[2021-09-20 14:52:02][I]:COVERBUSD trigerd
[2021-09-20 14:52:13][I]:最高点后的0-15分钟，持续爆拉升突破前高10%...
[2021-09-20 14:52:13][I]:high_24h=190.0 cur=305.9
[2021-09-20 14:52:23][I]:COVERBUSD trigerd
[2021-09-20 14:52:34][I]:最高点后的0-15分钟，持续爆拉升突破前高10%...
[2021-09-20 14:52:34][I]:high_24h=190.0 cur=305.9
[2021-09-20 14:52:44][I]:COVERBUSD trigerd
[2021-09-20 14:52:55][I]:最高点后的0-15分钟，持续爆拉升突破前高10%...
[2021-09-20 14:52:55][I]:high_24h=190.0 cur=305.9
[2021-09-20 14:55:33][I]:COVERBUSD trigerd
[2021-09-20 14:55:43][I]:最高点后的0-15分钟，持续爆拉升突破前高10%...
[2021-09-20 14:55:43][I]:high_24h=190.0 cur=305.9
[2021-09-20 14:55:54][I]:COVERBUSD trigerd
[2021-09-20 14:56:04][I]:最高点后的0-15分钟，持续爆拉升突破前高10%...
[2021-09-20 14:56:04][I]:high_24h=190.0 cur=305.9
[2021-09-20 14:56:24][I]:COVERBUSD trigerd
[2021-09-20 14:56:34][I]:最高点后的0-15分钟，持续爆拉升突破前高10%...
[2021-09-20 14:56:34][I]:high_24h=190.0 cur=305.9
[2021-09-20 14:56:45][I]:COVERBUSD trigerd
[2021-09-20 14:56:55][I]:最高点后的0-15分钟，持续爆拉升突破前高10%...
[2021-09-20 14:56:55][I]:high_24h=190.0 cur=305.9
[2021-09-20 14:58:07][I]:COVERBUSD trigerd
[2021-09-20 14:58:18][I]:最高点后的0-15分钟，持续爆拉升突破前高10%...
[2021-09-20 14:58:18][I]:high_24h=190.0 cur=305.9
[2021-09-20 14:59:26][I]:COVERBUSD trigerd
[2021-09-20 14:59:37][I]:最高点后的0-15分钟，持续爆拉升突破前高10%...
[2021-09-20 14:59:37][I]:high_24h=190.0 cur=305.9
[2021-09-20 14:59:47][I]:COVERBUSD trigerd
[2021-09-20 14:59:57][I]:最高点后的0-15分钟，持续爆拉升突破前高10%...
[2021-09-20 14:59:57][I]:high_24h=190.0 cur=305.9
[2021-09-20 15:01:19][I]:COVERBUSD trigerd
[2021-09-20 15:01:29][I]:最高点后的0-15分钟，持续爆拉升突破前高10%...
[2021-09-20 15:01:29][I]:high_24h=264.8 cur=305.9
[2021-09-20 15:02:08][I]:COVERBUSD trigerd
[2021-09-20 15:02:19][I]:最高点后的0-15分钟，持续爆拉升突破前高10%...
[2021-09-20 15:02:19][I]:high_24h=264.8 cur=305.9
[2021-09-20 15:02:30][I]:COVERBUSD trigerd
[2021-09-20 15:02:41][I]:最高点后的0-15分钟，持续爆拉升突破前高10%...
[2021-09-20 15:02:41][I]:high_24h=264.8 cur=305.9
[2021-09-20 15:03:12][I]:COVERBUSD trigerd
[2021-09-20 15:03:22][I]:最高点后的0-15分钟，持续爆拉升突破前高10%...
[2021-09-20 15:03:22][I]:high_24h=264.8 cur=305.9
[2021-09-20 15:04:59][I]:COVERBUSD trigerd
[2021-09-20 15:05:10][I]:最高点后的0-15分钟，持续爆拉升突破前高10%...
[2021-09-20 15:05:10][I]:high_24h=264.8 cur=305.9
[2021-09-20 15:05:29][I]:COVERBUSD trigerd
[2021-09-20 15:05:39][I]:最高点后的0-15分钟，持续爆拉升突破前高10%...
[2021-09-20 15:05:39][I]:high_24h=264.8 cur=305.9
[2021-09-20 15:05:53][I]:COVERBUSD trigerd
[2021-09-20 15:06:04][I]:最高点后的0-15分钟，持续爆拉升突破前高10%...
[2021-09-20 15:06:04][I]:high_24h=264.8 cur=305.9
[2021-09-20 15:11:06][I]:COVERBUSD trigerd
[2021-09-20 15:11:16][I]:最高点后的0-15分钟，持续爆拉升突破前高10%...
[2021-09-20 15:11:16][I]:high_24h=264.8 cur=305.9
[2021-09-20 15:11:18][I]:SYSBUSD trigerd
[2021-09-20 15:11:19][I]:最高点后的281.分钟， 拉升 
[2021-09-20 15:11:28][I]:最高点后的45 分钟之后，斐波区间下面的拉升
[2021-09-20 15:11:28][I]:high_24h=0.3731 cur=0.2901
[2021-09-20 15:11:39][I]:SYSBUSD trigerd
[2021-09-20 15:11:40][I]:最高点后的281.分钟， 拉升 
[2021-09-20 15:11:50][I]:最高点后的45 分钟之后，斐波区间下面的拉升
[2021-09-20 15:11:50][I]:high_24h=0.3731 cur=0.2901
[2021-09-20 15:12:12][I]:SYSBUSD trigerd
[2021-09-20 15:12:13][I]:最高点后的282.分钟， 拉升 
[2021-09-20 15:12:22][I]:最高点后的45 分钟之后，斐波区间下面的拉升
[2021-09-20 15:12:22][I]:high_24h=0.3731 cur=0.2901
[2021-09-20 15:12:32][I]:COVERBUSD trigerd
[2021-09-20 15:12:42][I]:最高点后的0-15分钟，持续爆拉升突破前高10%...
[2021-09-20 15:12:42][I]:high_24h=264.8 cur=305.9
[2021-09-20 15:12:45][I]:SYSBUSD trigerd
[2021-09-20 15:12:45][I]:最高点后的282.分钟， 拉升 
[2021-09-20 15:12:55][I]:最高点后的45 分钟之后，斐波区间下面的拉升
[2021-09-20 15:12:55][I]:high_24h=0.3731 cur=0.2901
[2021-09-20 15:13:06][I]:SYSBUSD trigerd
[2021-09-20 15:13:07][I]:最高点后的283.分钟， 拉升 
[2021-09-20 15:13:17][I]:最高点后的45 分钟之后，斐波区间下面的拉升
[2021-09-20 15:13:17][I]:high_24h=0.3731 cur=0.2901
[2021-09-20 15:13:29][I]:SYSBUSD trigerd
[2021-09-20 15:13:30][I]:最高点后的283.分钟， 拉升 
[2021-09-20 15:13:39][I]:最高点后的45 分钟之后，斐波区间下面的拉升
[2021-09-20 15:13:39][I]:high_24h=0.3731 cur=0.2901
[2021-09-20 15:13:55][I]:SYSBUSD trigerd
[2021-09-20 15:13:56][I]:最高点后的283.分钟， 拉升 
[2021-09-20 15:14:05][I]:最高点后的45 分钟之后，斐波区间下面的拉升
[2021-09-20 15:14:05][I]:high_24h=0.3731 cur=0.2901
[2021-09-20 15:17:01][I]:SYSBUSD trigerd
[2021-09-20 15:17:02][I]:最高点后的287.分钟， 拉升 
[2021-09-20 15:17:12][I]:最高点后的45 分钟之后，斐波区间下面的拉升
[2021-09-20 15:17:12][I]:high_24h=0.3731 cur=0.2901
[2021-09-20 15:17:23][I]:SYSBUSD trigerd
[2021-09-20 15:17:24][I]:最高点后的287.分钟， 拉升 
[2021-09-20 15:17:34][I]:最高点后的45 分钟之后，斐波区间下面的拉升
[2021-09-20 15:17:34][I]:high_24h=0.3731 cur=0.2901
[2021-09-20 15:17:44][I]:SYSBUSD trigerd
[2021-09-20 15:17:45][I]:最高点后的287.分钟， 拉升 
[2021-09-20 15:17:55][I]:最高点后的45 分钟之后，斐波区间下面的拉升
[2021-09-20 15:17:55][I]:high_24h=0.3731 cur=0.2901
[2021-09-20 15:18:16][I]:COVERBUSD trigerd
[2021-09-20 15:18:24][I]:最高点后的0-15分钟,进入斐波区间 
[2021-09-20 15:18:35][I]:COVERBUSD trigerd
[2021-09-20 15:18:42][I]:最高点后的0-15分钟,进入斐波区间 
[2021-09-20 15:19:26][I]:COVERBUSD trigerd
[2021-09-20 15:19:33][I]:最高点后的0-15分钟,进入斐波区间 
[2021-09-20 15:19:44][I]:COVERBUSD trigerd
[2021-09-20 15:19:54][I]:最高点后的0-15分钟,进入斐波区间 
[2021-09-20 15:20:41][I]:COVERBUSD trigerd
[2021-09-20 15:20:52][I]:最高点后的0-15分钟,进入斐波区间 
[2021-09-20 15:21:21][I]:COVERBUSD trigerd
[2021-09-20 15:21:31][I]:最高点后的0-15分钟,进入斐波区间 
[2021-09-20 15:22:00][I]:COVERBUSD trigerd
[2021-09-20 15:22:08][I]:最高点后的0-15分钟,进入斐波区间 
[2021-09-20 15:23:20][I]:COVERBUSD trigerd
[2021-09-20 15:23:28][I]:最高点后的0-15分钟,进入斐波区间 
[2021-09-20 15:23:38][I]:COVERBUSD trigerd
[2021-09-20 15:23:46][I]:最高点后的0-15分钟,进入斐波区间 
[2021-09-20 15:23:57][I]:COVERBUSD trigerd
[2021-09-20 15:24:04][I]:最高点后的0-15分钟,进入斐波区间 
[2021-09-20 15:24:08][I]:TRIBEBUSD trigerd
[2021-09-20 15:24:09][I]:最高点后的459.分钟， 拉升 
[2021-09-20 15:24:18][I]:最高点后的45 分钟之后，斐波区间下面的拉升
[2021-09-20 15:24:18][I]:high_24h=0.6344 cur=0.6285
[2021-09-20 15:24:30][I]:TRIBEBUSD trigerd
[2021-09-20 15:24:31][I]:最高点后的459.分钟， 拉升 
[2021-09-20 15:24:40][I]:最高点后的45 分钟之后，斐波区间下面的拉升
[2021-09-20 15:24:40][I]:high_24h=0.6344 cur=0.6285
[2021-09-20 15:25:12][I]:TRIBEBUSD trigerd
[2021-09-20 15:25:13][I]:最高点后的460.分钟， 拉升 
[2021-09-20 15:25:22][I]:最高点后的45 分钟之后，斐波区间下面的拉升
[2021-09-20 15:25:22][I]:high_24h=0.6344 cur=0.6285
[2021-09-20 15:26:03][I]:TRIBEBUSD trigerd
[2021-09-20 15:26:04][I]:最高点后的461.分钟， 拉升 
[2021-09-20 15:26:13][I]:最高点后的45 分钟之后，斐波区间下面的拉升
[2021-09-20 15:26:13][I]:high_24h=0.6344 cur=0.6285
[2021-09-20 15:27:14][I]:TRIBEBUSD trigerd
[2021-09-20 15:27:15][I]:最高点后的462.分钟， 拉升 
[2021-09-20 15:27:24][I]:最高点后的45 分钟之后，斐波区间下面的拉升
[2021-09-20 15:27:24][I]:high_24h=0.6344 cur=0.6285
[2021-09-20 15:29:44][I]:TRIBEBUSD trigerd
[2021-09-20 15:29:45][I]:最高点后的464.分钟， 拉升 
[2021-09-20 15:29:54][I]:最高点后的45 分钟之后，斐波区间下面的拉升
[2021-09-20 15:29:54][I]:high_24h=0.6344 cur=0.6285
[2021-09-20 15:35:52][I]:GHSTBUSD trigerd
[2021-09-20 15:35:53][I]:最高点后的440.分钟， 拉升 
[2021-09-20 15:36:02][I]:最高点后的45 分钟之后，斐波区间下面的拉升
[2021-09-20 15:36:02][I]:high_24h=1.68 cur=1.709
[2021-09-20 15:36:12][I]:GHSTBUSD trigerd
[2021-09-20 15:36:13][I]:最高点后的441.分钟， 拉升 
[2021-09-20 15:36:23][I]:最高点后的45 分钟之后，斐波区间下面的拉升
[2021-09-20 15:36:23][I]:high_24h=1.68 cur=1.709
[2021-09-20 15:37:04][I]:GHSTBUSD trigerd
[2021-09-20 15:37:05][I]:最高点后的442.分钟， 拉升 
[2021-09-20 15:37:15][I]:最高点后的45 分钟之后，斐波区间下面的拉升
[2021-09-20 15:37:15][I]:high_24h=1.68 cur=1.709
[2021-09-20 15:41:05][I]:GHSTBUSD trigerd
[2021-09-20 15:41:06][I]:最高点后的446.分钟， 拉升 
[2021-09-20 15:41:16][I]:最高点后的45 分钟之后，斐波区间下面的拉升
[2021-09-20 15:41:16][I]:high_24h=1.68 cur=1.709
[2021-09-20 15:42:09][I]:GHSTBUSD trigerd
[2021-09-20 15:42:10][I]:最高点后的447.分钟， 拉升 
[2021-09-20 15:42:20][I]:最高点后的45 分钟之后，斐波区间下面的拉升
[2021-09-20 15:42:20][I]:high_24h=1.68 cur=1.709
[2021-09-20 15:42:31][I]:GHSTBUSD trigerd
[2021-09-20 15:42:33][I]:最高点后的447.分钟， 拉升 
[2021-09-20 15:42:42][I]:最高点后的45 分钟之后，斐波区间下面的拉升
[2021-09-20 15:42:42][I]:high_24h=1.68 cur=1.709
[2021-09-20 15:44:11][I]:GHSTBUSD trigerd
[2021-09-20 15:44:12][I]:最高点后的449.分钟， 拉升 
[2021-09-20 15:44:22][I]:最高点后的45 分钟之后，斐波区间下面的拉升
[2021-09-20 15:44:22][I]:high_24h=1.68 cur=1.709
[2021-09-20 15:44:53][I]:GHSTBUSD trigerd
[2021-09-20 15:44:54][I]:最高点后的449.分钟， 拉升 
[2021-09-20 15:45:04][I]:最高点后的45 分钟之后，斐波区间下面的拉升
[2021-09-20 15:45:04][I]:high_24h=1.68 cur=1.709
[2021-09-20 15:46:03][I]:COVERBUSD trigerd
[2021-09-20 15:46:14][I]:最高点后的15-45分钟 ， 跌落后进入斐波区间 
[2021-09-20 15:48:09][I]:COVERBUSD trigerd
[2021-09-20 15:48:20][I]:最高点后的15-45分钟 ， 跌落后进入斐波区间 
[2021-09-20 15:48:47][I]:COVERBUSD trigerd
[2021-09-20 15:48:58][I]:最高点后的15-45分钟 ， 跌落后进入斐波区间 
[2021-09-20 15:52:36][I]:SYSBUSD trigerd
[2021-09-20 15:52:37][I]:最高点后的322.分钟， 拉升 
[2021-09-20 15:52:46][I]:最高点后的45 分钟之后，斐波区间下面的拉升
[2021-09-20 15:52:46][I]:high_24h=0.3731 cur=0.2901
[2021-09-20 15:52:57][I]:SYSBUSD trigerd
[2021-09-20 15:52:58][I]:最高点后的322.分钟， 拉升 
[2021-09-20 15:53:08][I]:最高点后的45 分钟之后，斐波区间下面的拉升
[2021-09-20 15:53:08][I]:high_24h=0.3731 cur=0.2901
[2021-09-20 15:53:19][I]:COVERBUSD trigerd
[2021-09-20 15:53:29][I]:最高点后的15-45分钟 ， 跌落后进入斐波区间 
[2021-09-20 15:54:04][I]:SYSBUSD trigerd
[2021-09-20 15:54:05][I]:最高点后的324.分钟， 拉升 
[2021-09-20 15:54:14][I]:最高点后的45 分钟之后，斐波区间下面的拉升
[2021-09-20 15:54:14][I]:high_24h=0.3731 cur=0.2901
[2021-09-20 15:54:26][I]:SYSBUSD trigerd
[2021-09-20 15:54:27][I]:最高点后的324.分钟， 拉升 
[2021-09-20 15:54:36][I]:最高点后的45 分钟之后，斐波区间下面的拉升
[2021-09-20 15:54:36][I]:high_24h=0.3731 cur=0.2901
[2021-09-20 15:54:57][I]:COVERBUSD trigerd
[2021-09-20 15:55:07][I]:最高点后的15-45分钟 ， 跌落后进入斐波区间 
[2021-09-20 15:58:23][I]:SYSBUSD trigerd
[2021-09-20 15:58:24][I]:最高点后的328.分钟， 拉升 
[2021-09-20 15:58:33][I]:最高点后的45 分钟之后，斐波区间下面的拉升
[2021-09-20 15:58:33][I]:high_24h=0.3731 cur=0.2901
[2021-09-20 15:59:05][I]:SYSBUSD trigerd
[2021-09-20 15:59:06][I]:最高点后的329.分钟， 拉升 
[2021-09-20 15:59:16][I]:最高点后的45 分钟之后，斐波区间下面的拉升
[2021-09-20 15:59:16][I]:high_24h=0.3731 cur=0.2901
[2021-09-20 16:01:02][I]:COVERBUSD trigerd
[2021-09-20 16:01:12][I]:最高点后的15-45分钟 ， 跌落后进入斐波区间 
[2021-09-20 16:01:28][I]:COVERBUSD trigerd
[2021-09-20 16:01:38][I]:最高点后的15-45分钟 ， 跌落后进入斐波区间 
[2021-09-20 16:01:54][I]:COVERBUSD trigerd
[2021-09-20 16:02:05][I]:最高点后的15-45分钟 ， 跌落后进入斐波区间 
[2021-09-20 16:02:21][I]:COVERBUSD trigerd
[2021-09-20 16:02:31][I]:最高点后的15-45分钟 ， 跌落后进入斐波区间 
[2021-09-20 16:02:47][I]:COVERBUSD trigerd
[2021-09-20 16:02:57][I]:最高点后的15-45分钟 ， 跌落后进入斐波区间 
[2021-09-20 16:04:11][I]:COVERBUSD trigerd
[2021-09-20 16:04:21][I]:最高点后的15-45分钟 ， 跌落后进入斐波区间 
[2021-09-20 16:05:26][I]:TRIBEBUSD trigerd
[2021-09-20 16:05:36][I]:高点后的15-45分钟，再次进入斐波区间前的拉升 
[2021-09-20 16:05:36][I]:high_24h=0.9124 cur=0.6285
[2021-09-20 16:08:59][I]:COVERBUSD trigerd
[2021-09-20 16:09:11][I]:最高点后的15-45分钟 ， 跌落后进入斐波区间 
[2021-09-20 16:11:05][I]:TRIBEBUSD trigerd
[2021-09-20 16:11:15][I]:高点后的15-45分钟，再次进入斐波区间前的拉升 
[2021-09-20 16:11:15][I]:high_24h=0.9124 cur=0.6285
[2021-09-20 16:11:27][I]:TRIBEBUSD trigerd
[2021-09-20 16:11:37][I]:高点后的15-45分钟，再次进入斐波区间前的拉升 
[2021-09-20 16:11:37][I]:high_24h=0.9124 cur=0.6285
[2021-09-20 16:12:12][I]:COVERBUSD trigerd
[2021-09-20 16:12:22][I]:最高点后的15-45分钟 ， 跌落后进入斐波区间 
[2021-09-20 16:16:37][I]:COVERBUSD trigerd
[2021-09-20 16:16:37][I]:最高点后的46.6分钟， 拉升 
[2021-09-20 16:16:47][I]:最高点后的45分钟之后， 大低谷回落 再次 进入斐波区间 
[2021-09-20 16:17:11][I]:COVERBUSD trigerd
[2021-09-20 16:17:12][I]:最高点后的47.2分钟， 拉升 
[2021-09-20 16:17:21][I]:最高点后的45分钟之后， 大低谷回落 再次 进入斐波区间 
[2021-09-20 16:17:36][I]:COVERBUSD trigerd
[2021-09-20 16:17:37][I]:最高点后的47.6分钟， 拉升 
[2021-09-20 16:17:46][I]:最高点后的45分钟之后， 大低谷回落 再次 进入斐波区间 
[2021-09-20 16:19:10][I]:COVERBUSD trigerd
[2021-09-20 16:19:10][I]:最高点后的49.1分钟， 拉升 
[2021-09-20 16:19:20][I]:最高点后的45分钟之后， 大低谷回落 再次 进入斐波区间 
[2021-09-20 16:19:35][I]:COVERBUSD trigerd
[2021-09-20 16:19:36][I]:最高点后的49.6分钟， 拉升 
[2021-09-20 16:19:45][I]:最高点后的45分钟之后， 大低谷回落 再次 进入斐波区间 
[2021-09-20 16:19:54][I]:SYSBUSD trigerd
[2021-09-20 16:19:55][I]:最高点后的349.分钟， 拉升 
[2021-09-20 16:20:04][I]:最高点后的45 分钟之后，斐波区间下面的拉升
[2021-09-20 16:20:04][I]:high_24h=0.3731 cur=0.2901
[2021-09-20 16:31:09][I]:COVERBUSD trigerd
[2021-09-20 16:31:10][I]:最高点后的61.1分钟， 拉升 
[2021-09-20 16:31:19][I]:最高点后的45分钟之后， 大低谷回落 再次 进入斐波区间 
[2021-09-20 16:34:23][I]:TRIBEBUSD trigerd
[2021-09-20 16:34:24][I]:最高点后的64.4分钟， 拉升 
[2021-09-20 16:34:33][I]:最高点后的45 分钟之后，斐波区间下面的拉升
[2021-09-20 16:34:33][I]:high_24h=0.9124 cur=0.6285
[2021-09-20 16:34:44][I]:TRIBEBUSD trigerd
[2021-09-20 16:34:46][I]:最高点后的64.7分钟， 拉升 
[2021-09-20 16:34:55][I]:最高点后的45 分钟之后，斐波区间下面的拉升
[2021-09-20 16:34:55][I]:high_24h=0.9124 cur=0.6285
[2021-09-20 16:45:35][I]:COVERBUSD trigerd
[2021-09-20 16:45:36][I]:最高点后的75.6分钟， 拉升 
[2021-09-20 16:45:45][I]:最高点后的45分钟之后， 大低谷回落 再次 进入斐波区间 
[2021-09-20 16:46:10][I]:COVERBUSD trigerd
[2021-09-20 16:46:12][I]:最高点后的76.2分钟， 拉升 
[2021-09-20 16:46:21][I]:最高点后的45分钟之后， 大低谷回落 再次 进入斐波区间 
[2021-09-20 16:47:10][I]:COVERBUSD trigerd
[2021-09-20 16:47:11][I]:最高点后的77.1分钟， 拉升 
[2021-09-20 16:47:20][I]:最高点后的45分钟之后， 大低谷回落 再次 进入斐波区间 
[2021-09-20 16:57:14][I]:SYSBUSD trigerd
[2021-09-20 16:57:15][I]:最高点后的387.分钟， 拉升 
[2021-09-20 16:57:24][I]:最高点后的45 分钟之后，斐波区间下面的拉升
[2021-09-20 16:57:24][I]:high_24h=0.3731 cur=0.2901
[2021-09-20 16:58:13][I]:SYSBUSD trigerd
[2021-09-20 16:58:14][I]:最高点后的388.分钟， 拉升 
[2021-09-20 16:58:24][I]:最高点后的45 分钟之后，斐波区间下面的拉升
[2021-09-20 16:58:24][I]:high_24h=0.3731 cur=0.2901
[2021-09-20 16:58:35][I]:SYSBUSD trigerd
[2021-09-20 16:58:36][I]:最高点后的388.分钟， 拉升 
[2021-09-20 16:58:45][I]:最高点后的45 分钟之后，斐波区间下面的拉升
[2021-09-20 16:58:45][I]:high_24h=0.3731 cur=0.2901
[2021-09-20 16:58:55][I]:SYSBUSD trigerd
[2021-09-20 16:58:56][I]:最高点后的388.分钟， 拉升 
[2021-09-20 16:59:06][I]:最高点后的45 分钟之后，斐波区间下面的拉升
[2021-09-20 16:59:06][I]:high_24h=0.3731 cur=0.2901
[2021-09-20 17:12:27][I]:COVERBUSD trigerd
[2021-09-20 17:12:28][I]:最高点后的102.分钟， 拉升 
[2021-09-20 17:12:38][I]:最高点后的45分钟之后， 大低谷回落 再次 进入斐波区间 
[2021-09-20 17:16:43][I]:COVERBUSD trigerd
[2021-09-20 17:16:44][I]:最高点后的106.分钟， 拉升 
[2021-09-20 17:16:53][I]:最高点后的45分钟之后， 大低谷回落 再次 进入斐波区间 
[2021-09-20 17:18:29][I]:TRIBEBUSD trigerd
[2021-09-20 17:18:30][I]:最高点后的108.分钟， 拉升 
[2021-09-20 17:18:39][I]:最高点后的45 分钟之后，斐波区间下面的拉升
[2021-09-20 17:18:39][I]:high_24h=0.9124 cur=0.6285
[2021-09-20 17:18:49][I]:TRIBEBUSD trigerd
[2021-09-20 17:18:50][I]:最高点后的108.分钟， 拉升 
[2021-09-20 17:19:00][I]:最高点后的45 分钟之后，斐波区间下面的拉升
[2021-09-20 17:19:00][I]:high_24h=0.9124 cur=0.6285
[2021-09-20 17:22:49][I]:DEXEBUSD trigerd
[2021-09-20 17:22:59][I]:高点后的15-45分钟，再次进入斐波区间前的拉升 
[2021-09-20 17:22:59][I]:high_24h=13.36 cur=12.38
[2021-09-20 17:23:10][I]:DEXEBUSD trigerd
[2021-09-20 17:23:21][I]:高点后的15-45分钟，再次进入斐波区间前的拉升 
[2021-09-20 17:23:21][I]:high_24h=13.36 cur=12.38
[2021-09-20 17:30:29][I]:COVERBUSD trigerd
[2021-09-20 17:30:30][I]:最高点后的120.分钟， 拉升 
[2021-09-20 17:30:39][I]:最高点后的45分钟之后， 大低谷回落 再次 进入斐波区间 
[2021-09-20 17:33:08][I]:SYSBUSD trigerd
[2021-09-20 17:33:09][I]:最高点后的423.分钟， 拉升 
[2021-09-20 17:33:18][I]:最高点后的45 分钟之后，斐波区间下面的拉升
[2021-09-20 17:33:18][I]:high_24h=0.3731 cur=0.2901
[2021-09-20 17:33:28][I]:SYSBUSD trigerd
[2021-09-20 17:33:29][I]:最高点后的423.分钟， 拉升 
[2021-09-20 17:33:39][I]:最高点后的45 分钟之后，斐波区间下面的拉升
[2021-09-20 17:33:39][I]:high_24h=0.3731 cur=0.2901
[2021-09-20 17:33:50][I]:SYSBUSD trigerd
[2021-09-20 17:33:51][I]:最高点后的423.分钟， 拉升 
[2021-09-20 17:34:00][I]:最高点后的45 分钟之后，斐波区间下面的拉升
[2021-09-20 17:34:00][I]:high_24h=0.3731 cur=0.2901
[2021-09-20 17:38:27][I]:COVERBUSD trigerd
[2021-09-20 17:38:28][I]:最高点后的128.分钟， 拉升 
[2021-09-20 17:38:38][I]:最高点后的45分钟之后， 大低谷回落 再次 进入斐波区间 
[2021-09-20 17:38:54][I]:COVERBUSD trigerd
[2021-09-20 17:38:55][I]:最高点后的128.分钟， 拉升 
[2021-09-20 17:39:04][I]:最高点后的45分钟之后， 大低谷回落 再次 进入斐波区间 
[2021-09-20 17:39:21][I]:COVERBUSD trigerd
[2021-09-20 17:39:22][I]:最高点后的129.分钟， 拉升 
[2021-09-20 17:39:32][I]:最高点后的45分钟之后， 大低谷回落 再次 进入斐波区间 
[2021-09-20 17:41:13][I]:COVERBUSD trigerd
[2021-09-20 17:41:13][I]:最高点后的131.分钟， 拉升 
[2021-09-20 17:41:23][I]:最高点后的45分钟之后， 大低谷回落 再次 进入斐波区间 
[2021-09-20 17:41:39][I]:COVERBUSD trigerd
[2021-09-20 17:41:40][I]:最高点后的131.分钟， 拉升 
[2021-09-20 17:41:49][I]:最高点后的45分钟之后， 大低谷回落 再次 进入斐波区间 
[2021-09-20 17:42:05][I]:COVERBUSD trigerd
[2021-09-20 17:42:06][I]:最高点后的132.分钟， 拉升 
[2021-09-20 17:42:15][I]:最高点后的45分钟之后， 大低谷回落 再次 进入斐波区间 
[2021-09-20 17:43:10][I]:COVERBUSD trigerd
[2021-09-20 17:43:11][I]:最高点后的133.分钟， 拉升 
[2021-09-20 17:43:20][I]:最高点后的45分钟之后， 大低谷回落 再次 进入斐波区间 
[2021-09-20 17:43:36][I]:COVERBUSD trigerd
[2021-09-20 17:43:37][I]:最高点后的133.分钟， 拉升 
[2021-09-20 17:43:46][I]:最高点后的45分钟之后， 大低谷回落 再次 进入斐波区间 
[2021-09-20 17:44:02][I]:COVERBUSD trigerd
[2021-09-20 17:44:03][I]:最高点后的134.分钟， 拉升 
[2021-09-20 17:44:13][I]:最高点后的45分钟之后， 大低谷回落 再次 进入斐波区间 
[2021-09-20 17:51:49][I]:CREAMBUSD trigerd
[2021-09-20 17:51:59][I]:最高点后的0-15分钟，进入斐波区间下面的拉升 
[2021-09-20 17:51:59][I]:high_24h=169.3 cur=164.0
[2021-09-20 17:52:11][I]:CREAMBUSD trigerd
[2021-09-20 17:52:22][I]:最高点后的0-15分钟，进入斐波区间下面的拉升 
[2021-09-20 17:52:22][I]:high_24h=169.3 cur=164.0
[2021-09-20 17:52:31][I]:CREAMBUSD trigerd
[2021-09-20 17:52:42][I]:最高点后的0-15分钟，进入斐波区间下面的拉升 
[2021-09-20 17:52:42][I]:high_24h=169.3 cur=164.0
[2021-09-20 17:52:52][I]:CREAMBUSD trigerd
[2021-09-20 17:53:02][I]:最高点后的0-15分钟，进入斐波区间下面的拉升 
[2021-09-20 17:53:02][I]:high_24h=169.3 cur=164.0
[2021-09-20 17:54:14][I]:CREAMBUSD trigerd
[2021-09-20 17:54:24][I]:最高点后的0-15分钟，进入斐波区间下面的拉升 
[2021-09-20 17:54:24][I]:high_24h=169.3 cur=164.0
[2021-09-20 17:54:34][I]:CREAMBUSD trigerd
[2021-09-20 17:54:44][I]:最高点后的0-15分钟，进入斐波区间下面的拉升 
[2021-09-20 17:54:44][I]:high_24h=169.3 cur=164.0
[2021-09-20 17:55:16][I]:CREAMBUSD trigerd
[2021-09-20 17:55:26][I]:最高点后的0-15分钟，进入斐波区间下面的拉升 
[2021-09-20 17:55:26][I]:high_24h=169.3 cur=164.0
[2021-09-20 17:55:55][I]:CREAMBUSD trigerd
[2021-09-20 17:56:06][I]:最高点后的0-15分钟，进入斐波区间下面的拉升 
[2021-09-20 17:56:06][I]:high_24h=169.3 cur=164.0
[2021-09-20 17:57:19][I]:CREAMBUSD trigerd
[2021-09-20 17:57:29][I]:最高点后的0-15分钟，进入斐波区间下面的拉升 
[2021-09-20 17:57:29][I]:high_24h=169.3 cur=164.0
[2021-09-20 17:57:40][I]:CREAMBUSD trigerd
[2021-09-20 17:57:50][I]:最高点后的0-15分钟，进入斐波区间下面的拉升 
[2021-09-20 17:57:50][I]:high_24h=169.3 cur=164.0
[2021-09-20 17:58:01][I]:CREAMBUSD trigerd
[2021-09-20 17:58:11][I]:最高点后的0-15分钟，进入斐波区间下面的拉升 
[2021-09-20 17:58:11][I]:high_24h=169.3 cur=164.0
[2021-09-20 17:59:07][I]:CREAMBUSD trigerd
[2021-09-20 17:59:17][I]:最高点后的0-15分钟，进入斐波区间下面的拉升 
[2021-09-20 17:59:17][I]:high_24h=169.3 cur=164.0
[2021-09-20 17:59:36][I]:CREAMBUSD trigerd
[2021-09-20 17:59:47][I]:最高点后的0-15分钟，进入斐波区间下面的拉升 
[2021-09-20 17:59:47][I]:high_24h=169.3 cur=164.0
[2021-09-20 17:59:57][I]:CREAMBUSD trigerd
[2021-09-20 18:00:07][I]:最高点后的0-15分钟，进入斐波区间下面的拉升 
[2021-09-20 18:00:07][I]:high_24h=169.3 cur=164.0
[2021-09-20 18:01:33][I]:COVERBUSD trigerd
[2021-09-20 18:01:34][I]:最高点后的151.分钟， 拉升 
[2021-09-20 18:01:43][I]:最高点后的45分钟之后， 大低谷回落 再次 进入斐波区间 
[2021-09-20 18:02:33][I]:COVERBUSD trigerd
[2021-09-20 18:02:34][I]:最高点后的152.分钟， 拉升 
[2021-09-20 18:02:43][I]:最高点后的45分钟之后， 大低谷回落 再次 进入斐波区间 
[2021-09-20 18:03:08][I]:COVERBUSD trigerd
[2021-09-20 18:03:10][I]:最高点后的153.分钟， 拉升 
[2021-09-20 18:03:19][I]:最高点后的45分钟之后， 大低谷回落 再次 进入斐波区间 
[2021-09-20 18:07:49][I]:SYSBUSD trigerd
[2021-09-20 18:07:49][I]:最高点后的457.分钟， 拉升 
[2021-09-20 18:07:59][I]:最高点后的45 分钟之后，斐波区间下面的拉升
[2021-09-20 18:07:59][I]:high_24h=0.3731 cur=0.2901
[2021-09-20 18:08:10][I]:SYSBUSD trigerd
[2021-09-20 18:08:10][I]:最高点后的458.分钟， 拉升 
[2021-09-20 18:08:20][I]:最高点后的45 分钟之后，斐波区间下面的拉升
[2021-09-20 18:08:20][I]:high_24h=0.3731 cur=0.2901
[2021-09-20 18:08:30][I]:SYSBUSD trigerd
[2021-09-20 18:08:31][I]:最高点后的458.分钟， 拉升 
[2021-09-20 18:08:40][I]:最高点后的45 分钟之后，斐波区间下面的拉升
[2021-09-20 18:08:40][I]:high_24h=0.3731 cur=0.2901
[2021-09-20 18:09:01][I]:SYSBUSD trigerd
[2021-09-20 18:09:02][I]:最高点后的459.分钟， 拉升 
[2021-09-20 18:09:11][I]:最高点后的45 分钟之后，斐波区间下面的拉升
[2021-09-20 18:09:11][I]:high_24h=0.3731 cur=0.2901
[2021-09-20 18:09:48][I]:COVERBUSD trigerd
[2021-09-20 18:09:49][I]:最高点后的159.分钟， 拉升 
[2021-09-20 18:09:58][I]:最高点后的45分钟之后， 大低谷回落 再次 进入斐波区间 
[2021-09-20 18:15:57][I]:COVERBUSD trigerd
[2021-09-20 18:15:58][I]:最高点后的165.分钟， 拉升 
[2021-09-20 18:16:07][I]:最高点后的45分钟之后， 大低谷回落 再次 进入斐波区间 
[2021-09-20 18:17:44][I]:COVERBUSD trigerd
[2021-09-20 18:17:45][I]:最高点后的167.分钟， 拉升 
[2021-09-20 18:17:54][I]:最高点后的45分钟之后， 大低谷回落 再次 进入斐波区间 
[2021-09-20 18:30:56][I]:SYSBUSD trigerd
[2021-09-20 18:30:57][I]:最高点后的180.分钟， 拉升 
[2021-09-20 18:31:07][I]:最高点后的45 分钟之后，斐波区间下面的拉升
[2021-09-20 18:31:07][I]:high_24h=0.354 cur=0.2901
[2021-09-20 19:06:18][I]:CREAMBUSD trigerd
[2021-09-20 19:06:18][I]:最高点后的66.3分钟， 拉升 
[2021-09-20 19:06:28][I]:最高点后的45 分钟之后，斐波区间下面的拉升
[2021-09-20 19:06:28][I]:high_24h=215.1 cur=164.0
[2021-09-20 19:16:07][I]:COVERBUSD trigerd
[2021-09-20 19:16:08][I]:最高点后的226.分钟， 拉升 
[2021-09-20 19:16:17][I]:最高点后的45分钟之后， 大低谷回落 再次 进入斐波区间 
[2021-09-20 19:18:19][I]:COVERBUSD trigerd
[2021-09-20 19:18:20][I]:最高点后的228.分钟， 拉升 
[2021-09-20 19:18:30][I]:最高点后的45分钟之后， 大低谷回落 再次 进入斐波区间 
[2021-09-20 19:21:32][I]:CREAMBUSD trigerd
[2021-09-20 19:21:33][I]:最高点后的81.5分钟， 拉升 
[2021-09-20 19:21:42][I]:最高点后的45 分钟之后，斐波区间下面的拉升
[2021-09-20 19:21:42][I]:high_24h=215.1 cur=164.0
[2021-09-20 19:22:10][I]:CREAMBUSD trigerd
[2021-09-20 19:22:11][I]:最高点后的82.1分钟， 拉升 
[2021-09-20 19:22:20][I]:最高点后的45 分钟之后，斐波区间下面的拉升
[2021-09-20 19:22:20][I]:high_24h=215.1 cur=164.0
[2021-09-20 19:22:31][I]:CREAMBUSD trigerd
[2021-09-20 19:22:32][I]:最高点后的82.5分钟， 拉升 
[2021-09-20 19:22:41][I]:最高点后的45 分钟之后，斐波区间下面的拉升
[2021-09-20 19:22:41][I]:high_24h=215.1 cur=164.0
[2021-09-20 19:22:52][I]:CREAMBUSD trigerd
[2021-09-20 19:22:53][I]:最高点后的82.8分钟， 拉升 
[2021-09-20 19:23:02][I]:最高点后的45 分钟之后，斐波区间下面的拉升
[2021-09-20 19:23:02][I]:high_24h=215.1 cur=164.0
[2021-09-20 19:23:14][I]:CREAMBUSD trigerd
[2021-09-20 19:23:15][I]:最高点后的83.2分钟， 拉升 
[2021-09-20 19:23:24][I]:最高点后的45 分钟之后，斐波区间下面的拉升
[2021-09-20 19:23:24][I]:high_24h=215.1 cur=164.0
[2021-09-20 19:23:35][I]:CREAMBUSD trigerd
[2021-09-20 19:23:36][I]:最高点后的83.6分钟， 拉升 
[2021-09-20 19:23:46][I]:最高点后的45 分钟之后，斐波区间下面的拉升
[2021-09-20 19:23:46][I]:high_24h=215.1 cur=164.0
[2021-09-20 19:30:50][I]:COVERBUSD trigerd
[2021-09-20 19:30:51][I]:最高点后的240.分钟， 拉升 
[2021-09-20 19:31:00][I]:最高点后的45分钟之后， 大低谷回落 再次 进入斐波区间 
[2021-09-20 19:31:17][I]:COVERBUSD trigerd
[2021-09-20 19:31:18][I]:最高点后的241.分钟， 拉升 
[2021-09-20 19:31:27][I]:最高点后的45分钟之后， 大低谷回落 再次 进入斐波区间 
[2021-09-20 19:31:43][I]:COVERBUSD trigerd
[2021-09-20 19:31:43][I]:最高点后的241.分钟， 拉升 
[2021-09-20 19:31:53][I]:最高点后的45分钟之后， 大低谷回落 再次 进入斐波区间 
[2021-09-20 19:32:22][I]:SYSBUSD trigerd
[2021-09-20 19:32:23][I]:最高点后的242.分钟， 拉升 
[2021-09-20 19:32:32][I]:最高点后的45 分钟之后，斐波区间下面的拉升
[2021-09-20 19:32:32][I]:high_24h=0.354 cur=0.2901
[2021-09-20 19:34:29][I]:COVERBUSD trigerd
[2021-09-20 19:34:30][I]:最高点后的244.分钟， 拉升 
[2021-09-20 19:34:39][I]:最高点后的45分钟之后， 大低谷回落 再次 进入斐波区间 
[2021-09-20 19:34:55][I]:COVERBUSD trigerd
[2021-09-20 19:34:56][I]:最高点后的244.分钟， 拉升 
[2021-09-20 19:35:05][I]:最高点后的45分钟之后， 大低谷回落 再次 进入斐波区间 
[2021-09-20 19:46:46][I]:CREAMBUSD trigerd
[2021-09-20 19:46:47][I]:最高点后的106.分钟， 拉升 
[2021-09-20 19:46:56][I]:最高点后的45 分钟之后，斐波区间下面的拉升
[2021-09-20 19:46:56][I]:high_24h=215.1 cur=164.0
[2021-09-20 19:47:32][I]:COVERBUSD trigerd
[2021-09-20 19:47:33][I]:最高点后的257.分钟， 拉升 
[2021-09-20 19:47:42][I]:最高点后的45分钟之后， 大低谷回落 再次 进入斐波区间 
[2021-09-20 19:47:59][I]:COVERBUSD trigerd
[2021-09-20 19:48:00][I]:最高点后的258.分钟， 拉升 
[2021-09-20 19:48:09][I]:最高点后的45分钟之后， 大低谷回落 再次 进入斐波区间 
[2021-09-20 19:51:33][I]:COVERBUSD trigerd
[2021-09-20 19:51:34][I]:最高点后的261.分钟， 拉升 
[2021-09-20 19:51:43][I]:最高点后的45分钟之后， 大低谷回落 再次 进入斐波区间 
[2021-09-20 19:52:09][I]:COVERBUSD trigerd
[2021-09-20 19:52:10][I]:最高点后的262.分钟， 拉升 
[2021-09-20 19:52:19][I]:最高点后的45分钟之后， 大低谷回落 再次 进入斐波区间 
[2021-09-20 19:52:34][I]:COVERBUSD trigerd
[2021-09-20 19:52:35][I]:最高点后的262.分钟， 拉升 
[2021-09-20 19:52:45][I]:最高点后的45分钟之后， 大低谷回落 再次 进入斐波区间 
[2021-09-20 19:53:00][I]:COVERBUSD trigerd
[2021-09-20 19:53:01][I]:最高点后的263.分钟， 拉升 
[2021-09-20 19:53:10][I]:最高点后的45分钟之后， 大低谷回落 再次 进入斐波区间 
[2021-09-20 19:54:05][I]:COVERBUSD trigerd
[2021-09-20 19:54:06][I]:最高点后的264.分钟， 拉升  
[2021-09-20 19:54:06][I]:LeftTime=240.分钟，RightTime=24.1分钟
[2021-09-20 19:54:06][I]:左右时间比为: 9.953438726486194比1
[2021-09-20 19:54:31][I]:最高点后的45分钟之后， 大低谷回落 再次 进入斐波区间 
[2021-09-20 19:54:47][I]:COVERBUSD trigerd
[2021-09-20 19:54:48][I]:最高点后的264.分钟， 拉升  
[2021-09-20 19:54:48][I]:LeftTime=240.分钟，RightTime=24.8分钟
[2021-09-20 19:54:48][I]:左右时间比为: 9.675387263245765比1
[2021-09-20 19:55:12][I]:最高点后的45分钟之后， 大低谷回落 再次 进入斐波区间 
[2021-09-20 19:57:00][I]:COVERBUSD trigerd
[2021-09-20 19:57:01][I]:最高点后的267.分钟， 拉升  
[2021-09-20 19:57:01][I]:LeftTime=240.分钟，RightTime=27.0分钟
[2021-09-20 19:57:01][I]:左右时间比为: 8.879448050764031比1
[2021-09-20 19:57:20][I]:最高点后的45分钟之后， 大低谷回落 再次 进入斐波区间 
[2021-09-20 19:59:26][I]:CREAMBUSD trigerd
[2021-09-20 19:59:27][I]:最高点后的119.分钟， 拉升  
[2021-09-20 19:59:27][I]:LeftTime=90.0分钟，RightTime=29.4分钟
[2021-09-20 19:59:27][I]:左右时间比为: 3.0550220052604797比1
[2021-09-20 19:59:46][I]:最高点后的45 分钟之后，斐波区间下面的拉升
[2021-09-20 19:59:46][I]:high_24h=215.1 cur=164.0
[2021-09-20 19:59:57][I]:CREAMBUSD trigerd
[2021-09-20 19:59:58][I]:最高点后的119.分钟， 拉升  
[2021-09-20 19:59:58][I]:LeftTime=90.0分钟，RightTime=29.9分钟
[2021-09-20 19:59:58][I]:左右时间比为: 3.0027008245496085比1
[2021-09-20 20:00:16][I]:最高点后的45 分钟之后，斐波区间下面的拉升
[2021-09-20 20:00:16][I]:high_24h=215.1 cur=164.0
[2021-09-20 20:06:15][I]:SYSBUSD trigerd
[2021-09-20 20:06:16][I]:最高点后的276.分钟， 拉升  
[2021-09-20 20:06:16][I]:LeftTime=255.分钟，RightTime=21.2分钟
[2021-09-20 20:06:16][I]:左右时间比为: 11.986865919482517比1
[2021-09-20 20:06:34][I]:最高点后的45 分钟之后，斐波区间下面的拉升
[2021-09-20 20:06:34][I]:high_24h=0.354 cur=0.2901
[2021-09-20 20:07:31][I]:SYSBUSD trigerd
[2021-09-20 20:07:32][I]:最高点后的277.分钟， 拉升  
[2021-09-20 20:07:32][I]:LeftTime=255.分钟，RightTime=22.5分钟
[2021-09-20 20:07:32][I]:左右时间比为: 11.315352666864644比1
[2021-09-20 20:07:50][I]:最高点后的45 分钟之后，斐波区间下面的拉升
[2021-09-20 20:07:50][I]:high_24h=0.354 cur=0.2901
[2021-09-20 20:08:01][I]:SYSBUSD trigerd
[2021-09-20 20:08:02][I]:最高点后的278.分钟， 拉升  
[2021-09-20 20:08:02][I]:LeftTime=255.分钟，RightTime=23.0分钟
[2021-09-20 20:08:02][I]:左右时间比为: 11.068934523853079比1
[2021-09-20 20:08:20][I]:最高点后的45 分钟之后，斐波区间下面的拉升
[2021-09-20 20:08:20][I]:high_24h=0.354 cur=0.2901
[2021-09-20 20:08:30][I]:SYSBUSD trigerd
[2021-09-20 20:08:31][I]:最高点后的278.分钟， 拉升  
[2021-09-20 20:08:31][I]:LeftTime=255.分钟，RightTime=23.5分钟
[2021-09-20 20:08:31][I]:左右时间比为: 10.841240911337932比1
[2021-09-20 20:08:49][I]:最高点后的45 分钟之后，斐波区间下面的拉升
[2021-09-20 20:08:49][I]:high_24h=0.354 cur=0.2901
[2021-09-20 20:36:00][I]:最高点后的441分钟， 拉升  
[2021-09-20 20:36:00][I]:LeftTime=420.分钟，RightTime=21.0分钟
[2021-09-20 20:36:00][I]:左右时间比为: 19.997442281221016比1
[2021-09-20 20:36:19][I]:最高点后的45 分钟之后，斐波区间下面的拉升
[2021-09-20 20:36:19][I]:high_24h=0.10897 cur=0.04378
[2021-09-20 20:36:23][I]:最高点后的441分钟， 拉升  
[2021-09-20 20:36:23][I]:LeftTime=420.分钟，RightTime=21.3分钟
[2021-09-20 20:36:23][I]:左右时间比为: 19.639959175686545比1
[2021-09-20 20:36:42][I]:最高点后的45 分钟之后，斐波区间下面的拉升
[2021-09-20 20:36:42][I]:high_24h=0.10897 cur=0.04378
[2021-09-20 20:37:09][I]:最高点后的442分钟， 拉升  
[2021-09-20 20:37:09][I]:LeftTime=420.分钟，RightTime=22.1分钟
[2021-09-20 20:37:09][I]:左右时间比为: 18.952931889566855比1
[2021-09-20 20:37:28][I]:最高点后的45 分钟之后，斐波区间下面的拉升
[2021-09-20 20:37:28][I]:high_24h=0.10897 cur=0.04378
[2021-09-20 20:39:14][I]:最高点后的444分钟， 拉升  
[2021-09-20 20:39:14][I]:LeftTime=420.分钟，RightTime=24.2分钟
[2021-09-20 20:39:14][I]:左右时间比为: 17.33133988484782比1
[2021-09-20 20:39:32][I]:最高点后的45 分钟之后，斐波区间下面的拉升
[2021-09-20 20:39:32][I]:high_24h=0.10897 cur=0.04378
[2021-09-20 20:42:33][I]:最高点后的447分钟， 拉升  
[2021-09-20 20:42:33][I]:LeftTime=420.分钟，RightTime=27.5分钟
[2021-09-20 20:42:33][I]:左右时间比为: 15.239799285555337比1
[2021-09-20 20:42:58][I]:最高点后的45 分钟之后，斐波区间下面的拉升
[2021-09-20 20:42:58][I]:high_24h=0.10897 cur=0.04378
[2021-09-20 20:43:07][I]:最高点后的448分钟， 拉升  
[2021-09-20 20:43:07][I]:LeftTime=420.分钟，RightTime=28.1分钟
[2021-09-20 20:43:07][I]:左右时间比为: 14.933781959428671比1
[2021-09-20 20:43:44][I]:最高点后的448分钟， 拉升  
[2021-09-20 20:43:44][I]:LeftTime=420.分钟，RightTime=28.7分钟
[2021-09-20 20:43:44][I]:左右时间比为: 14.609839887041451比1
[2021-09-20 20:46:23][I]:SYSBUSD trigerd
[2021-09-20 20:46:25][I]:最高点后的316分钟， 拉升  
[2021-09-20 20:46:25][I]:LeftTime=300.分钟，RightTime=16.4分钟
[2021-09-20 20:46:25][I]:左右时间比为: 18.27230846868098比1
[2021-09-20 20:46:56][I]:SYSBUSD trigerd
[2021-09-20 20:46:57][I]:最高点后的316分钟， 拉升  
[2021-09-20 20:46:57][I]:LeftTime=300.分钟，RightTime=16.9分钟
[2021-09-20 20:46:57][I]:左右时间比为: 17.696269461851223比1
[2021-09-20 21:01:38][I]:COVERBUSD trigerd
[2021-09-20 21:01:38][I]:最高点后的331分钟， 拉升  
[2021-09-20 21:01:38][I]:LeftTime=315.分钟，RightTime=16.6分钟
[2021-09-20 21:01:38][I]:左右时间比为: 18.919609231781358比1
[2021-09-20 21:11:31][I]:FXSBUSD trigerd
[2021-09-20 21:11:42][I]:高点后的15-45分钟，再次进入斐波区间前的拉升 
[2021-09-20 21:11:42][I]:high_24h=5.695 cur=5.157
[2021-09-20 21:11:52][I]:FXSBUSD trigerd
[2021-09-20 21:12:02][I]:高点后的15-45分钟，再次进入斐波区间前的拉升 
[2021-09-20 21:12:02][I]:high_24h=5.695 cur=5.157
[2021-09-20 21:14:24][I]:COVERBUSD trigerd
[2021-09-20 21:14:25][I]:最高点后的344分钟， 拉升  
[2021-09-20 21:14:25][I]:LeftTime=315.分钟，RightTime=29.4分钟
[2021-09-20 21:14:25][I]:左右时间比为: 10.706244608222544比1
[2021-09-20 21:14:57][I]:COVERBUSD trigerd
[2021-09-20 21:14:58][I]:最高点后的344分钟， 拉升  
[2021-09-20 21:14:58][I]:LeftTime=315.分钟，RightTime=29.9分钟
[2021-09-20 21:14:58][I]:左右时间比为: 10.511130822132834比1
[2021-09-20 21:16:14][I]:COVERBUSD trigerd
[2021-09-20 21:16:15][I]:最高点后的346分钟， 拉升  
[2021-09-20 21:16:15][I]:LeftTime=330.分钟，RightTime=16.2分钟
[2021-09-20 21:16:15][I]:左右时间比为: 20.288682210732482比1
[2021-09-20 21:17:17][I]:COVERBUSD trigerd
[2021-09-20 21:17:18][I]:最高点后的347分钟， 拉升  
[2021-09-20 21:17:18][I]:LeftTime=330.分钟，RightTime=17.3分钟
[2021-09-20 21:17:18][I]:左右时间比为: 19.062549621027692比1
[2021-09-20 21:32:26][I]:SYSBUSD trigerd
[2021-09-20 21:32:27][I]:最高点后的362分钟， 拉升  
[2021-09-20 21:32:27][I]:LeftTime=345.分钟，RightTime=17.4分钟
[2021-09-20 21:32:27][I]:左右时间比为: 19.76084990350912比1
[2021-09-20 21:39:27][I]:COVERBUSD trigerd
[2021-09-20 21:39:28][I]:最高点后的369分钟， 拉升  
[2021-09-20 21:39:28][I]:LeftTime=345.分钟，RightTime=24.4分钟
[2021-09-20 21:39:28][I]:左右时间比为: 14.097227707243134比1
[2021-09-20 21:40:00][I]:COVERBUSD trigerd
[2021-09-20 21:40:01][I]:最高点后的370分钟， 拉升  
[2021-09-20 21:40:01][I]:LeftTime=345.分钟，RightTime=25.0分钟
[2021-09-20 21:40:01][I]:左右时间比为: 13.785697156455969比1
[2021-09-20 21:49:55][I]:TRIBEBUSD trigerd
[2021-09-20 21:49:56][I]:最高点后的379分钟， 拉升  
[2021-09-20 21:49:56][I]:LeftTime=360.分钟，RightTime=19.9分钟
[2021-09-20 21:49:56][I]:左右时间比为: 18.057346082812337比1
[2021-09-20 21:51:22][I]:TRIBEBUSD trigerd
[2021-09-20 21:51:23][I]:最高点后的381分钟， 拉升  
[2021-09-20 21:51:23][I]:LeftTime=360.分钟，RightTime=21.3分钟
[2021-09-20 21:51:23][I]:左右时间比为: 16.835242760750667比1
[2021-09-20 21:51:54][I]:TRIBEBUSD trigerd
[2021-09-20 21:51:55][I]:最高点后的381分钟， 拉升  
[2021-09-20 21:51:55][I]:LeftTime=360.分钟，RightTime=21.9分钟
[2021-09-20 21:51:55][I]:左右时间比为: 16.424536767235498比1
[2021-09-20 21:52:26][I]:TRIBEBUSD trigerd
[2021-09-20 21:52:27][I]:最高点后的382分钟， 拉升  
[2021-09-20 21:52:27][I]:LeftTime=360.分钟，RightTime=22.4分钟
[2021-09-20 21:52:27][I]:左右时间比为: 16.030839668592094比1
[2021-09-20 22:17:27][I]:COVERBUSD trigerd
[2021-09-20 22:17:28][I]:最高点后的407分钟， 拉升  
[2021-09-20 22:17:28][I]:LeftTime=390.分钟，RightTime=17.4分钟
[2021-09-20 22:17:28][I]:左右时间比为: 22.323524301231743比1
[2021-09-20 22:17:59][I]:COVERBUSD trigerd
[2021-09-20 22:18:00][I]:最高点后的408分钟， 拉升  
[2021-09-20 22:18:00][I]:LeftTime=390.分钟，RightTime=18.0分钟
[2021-09-20 22:18:00][I]:左右时间比为: 21.664114271165353比1
[2021-09-20 22:18:31][I]:COVERBUSD trigerd
[2021-09-20 22:18:32][I]:最高点后的408分钟， 拉升  
[2021-09-20 22:18:32][I]:LeftTime=390.分钟，RightTime=18.5分钟
[2021-09-20 22:18:32][I]:左右时间比为: 21.04010138836138比1
[2021-09-20 22:20:29][I]:COVERBUSD trigerd
[2021-09-20 22:20:30][I]:最高点后的410分钟， 拉升  
[2021-09-20 22:20:30][I]:LeftTime=390.分钟，RightTime=20.5分钟
[2021-09-20 22:20:30][I]:左右时间比为: 19.021412097093762比1
[2021-09-20 22:49:33][I]:最高点后的49分钟， 拉升  
[2021-09-20 22:49:33][I]:LeftTime=30.0分钟，RightTime=19.3分钟
[2021-09-20 22:49:33][I]:左右时间比为: 1.5498589508662999比1
[2021-09-20 22:50:15][I]:最高点后的50分钟， 拉升  
[2021-09-20 22:50:15][I]:LeftTime=30.0分钟，RightTime=20.2分钟
[2021-09-20 22:50:15][I]:左右时间比为: 1.481477357770912比1
[2021-09-20 22:50:33][I]:最高点后的45 分钟之后，斐波区间下面的拉升
[2021-09-20 22:50:33][I]:high_24h=0.10591 cur=0.04378
[2021-09-20 22:55:41][I]:最高点后的580分钟， 拉升  
[2021-09-20 22:55:41][I]:LeftTime=450.分钟，RightTime=130.分钟
[2021-09-20 22:55:41][I]:左右时间比为: 3.4432302342651795比1
[2021-09-20 22:58:37][I]:最高点后的1423分钟， 拉升  
[2021-09-20 22:58:37][I]:LeftTime=1290分钟，RightTime=133.分钟
[2021-09-20 22:58:37][I]:左右时间比为: 9.653641262260328比1
[2021-09-20 23:05:58][I]:ELFBUSD trigerd
[2021-09-20 23:06:42][I]:ELFBUSD trigerd
[2021-09-20 23:11:21][I]:OMGBUSD trigerd
[2021-09-20 23:11:31][I]:最高点后的0-15分钟，进入斐波区间下面的拉升 
[2021-09-20 23:11:31][I]:high_24h=10.404 cur=8.993
[2021-09-20 23:11:42][I]:OMGBUSD trigerd
[2021-09-20 23:11:52][I]:最高点后的0-15分钟，进入斐波区间下面的拉升 
[2021-09-20 23:11:52][I]:high_24h=10.404 cur=8.993
[2021-09-20 23:12:24][I]:OMGBUSD trigerd
[2021-09-20 23:12:34][I]:最高点后的0-15分钟，进入斐波区间下面的拉升 
[2021-09-20 23:12:34][I]:high_24h=10.404 cur=8.993
[2021-09-20 23:12:54][I]:OMGBUSD trigerd
[2021-09-20 23:13:04][I]:最高点后的0-15分钟，进入斐波区间下面的拉升 
[2021-09-20 23:13:04][I]:high_24h=10.404 cur=8.993
[2021-09-20 23:13:16][I]:OMGBUSD trigerd
[2021-09-20 23:13:26][I]:最高点后的0-15分钟，进入斐波区间下面的拉升 
[2021-09-20 23:13:26][I]:high_24h=10.404 cur=8.993
[2021-09-20 23:13:38][I]:OMGBUSD trigerd
[2021-09-20 23:13:49][I]:最高点后的0-15分钟，进入斐波区间下面的拉升 
[2021-09-20 23:13:49][I]:high_24h=10.404 cur=8.993
[2021-09-20 23:14:30][I]:OMGBUSD trigerd
[2021-09-20 23:14:41][I]:最高点后的0-15分钟，进入斐波区间下面的拉升 
[2021-09-20 23:14:41][I]:high_24h=10.404 cur=8.993
[2021-09-20 23:14:52][I]:OMGBUSD trigerd
[2021-09-20 23:15:02][I]:最高点后的0-15分钟，进入斐波区间下面的拉升 
[2021-09-20 23:15:02][I]:high_24h=10.404 cur=8.993
[2021-09-20 23:16:09][I]:ELFBUSD trigerd
[2021-09-20 23:16:36][I]:ELFBUSD trigerd
[2021-09-20 23:16:57][I]:ELFBUSD trigerd
[2021-09-20 23:17:20][I]:ELFBUSD trigerd
[2021-09-20 23:18:43][I]:ELFBUSD trigerd
[2021-09-20 23:19:45][I]:ELFBUSD trigerd
[2021-09-20 23:25:32][I]:ELFBUSD trigerd
[2021-09-20 23:26:08][I]:ELFBUSD trigerd
[2021-09-20 23:26:18][I]:最高点后的0-15分钟，持续爆拉升突破前高10%...
[2021-09-20 23:26:18][I]:high_24h=0.93 cur=0.9799
[2021-09-20 23:26:28][I]:ELFBUSD trigerd
[2021-09-20 23:26:39][I]:最高点后的0-15分钟，持续爆拉升突破前高10%...
[2021-09-20 23:26:39][I]:high_24h=0.93 cur=0.9802
[2021-09-20 23:26:58][I]:ELFBUSD trigerd
[2021-09-20 23:27:08][I]:最高点后的0-15分钟，持续爆拉升突破前高10%...
[2021-09-20 23:27:08][I]:high_24h=0.93 cur=0.999
[2021-09-20 23:27:19][I]:ELFBUSD trigerd
[2021-09-20 23:27:29][I]:最高点后的0-15分钟，持续爆拉升突破前高10%...
[2021-09-20 23:27:29][I]:high_24h=0.93 cur=1.0163
[2021-09-20 23:29:48][I]:ELFBUSD trigerd
[2021-09-20 23:29:59][I]:最高点后的0-15分钟，持续爆拉升突破前高10%...
[2021-09-20 23:29:59][I]:high_24h=0.93 cur=1.0051
[2021-09-20 23:35:56][I]:COVERBUSD trigerd
[2021-09-20 23:35:58][I]:最高点后的485分钟， 拉升  
[2021-09-20 23:35:58][I]:LeftTime=15.0分钟，RightTime=470.分钟
[2021-09-20 23:35:58][I]:左右时间比为: 0.03184930124595078比1
[2021-09-20 23:36:16][I]:最高点后的45 分钟之后，斐波区间下面的拉升
[2021-09-20 23:36:16][I]:high_24h=348.2 cur=214.7
[2021-09-20 23:36:27][I]:COVERBUSD trigerd
[2021-09-20 23:36:28][I]:最高点后的486分钟， 拉升  
[2021-09-20 23:36:28][I]:LeftTime=15.0分钟，RightTime=471.分钟
[2021-09-20 23:36:28][I]:左右时间比为: 0.03181546964495406比1
[2021-09-20 23:36:46][I]:最高点后的45 分钟之后，斐波区间下面的拉升
[2021-09-20 23:36:46][I]:high_24h=348.2 cur=216.1
[2021-09-20 23:51:43][I]:OMGBUSD trigerd
[2021-09-20 23:51:54][I]:最高点后的15-45分钟 ， 跌落后进入斐波区间 
[2021-09-20 23:53:40][I]:OMGBUSD trigerd
[2021-09-20 23:53:50][I]:最高点后的15-45分钟 ，拉升突破前高...
[2021-09-20 23:56:39][I]:OMGBUSD trigerd
[2021-09-20 23:56:49][I]:最高点后的15-45分钟 ，拉升突破前高...
[2021-09-20 23:57:14][I]:OMGBUSD trigerd
[2021-09-20 23:57:25][I]:最高点后的15-45分钟 ，拉升突破前高...
[2021-09-20 23:57:40][I]:OMGBUSD trigerd
[2021-09-20 23:57:50][I]:最高点后的15-45分钟 ，拉升突破前高...
[2021-09-20 23:58:06][I]:OMGBUSD trigerd
[2021-09-20 23:58:16][I]:最高点后的15-45分钟 ，拉升突破前高...
[2021-09-20 23:59:02][I]:OMGBUSD trigerd
[2021-09-20 23:59:12][I]:最高点后的15-45分钟 ，拉升突破前高...
[2021-09-20 23:59:27][I]:OMGBUSD trigerd
[2021-09-20 23:59:37][I]:最高点后的15-45分钟，拉升突破前高10%... 
[2021-09-20 23:59:37][I]:high_24h=10.832 cur=10.952
[2021-09-20 23:59:48][I]:OMGBUSD trigerd
[2021-09-20 23:59:58][I]:最高点后的15-45分钟，拉升突破前高10%... 
[2021-09-20 23:59:58][I]:high_24h=10.832 cur=11.03
