[2021-10-01 22:22:30][I]:IQBUSD trigerd
[2021-10-01 22:22:40][I]:高点后的15-45分钟，再次进入斐波区间前的拉升 
[2021-10-01 22:22:40][I]:high_24h=0.0187 cur=0.01415
[2021-10-01 22:34:21][I]:IQBUSD trigerd
[2021-10-01 22:34:31][I]:高点后的15-45分钟，再次进入斐波区间前的拉升 
[2021-10-01 22:34:31][I]:high_24h=0.0187 cur=0.01441
[2021-10-01 22:34:46][I]:IQBUSD trigerd
[2021-10-01 22:34:56][I]:高点后的15-45分钟，再次进入斐波区间前的拉升 
[2021-10-01 22:34:56][I]:high_24h=0.0187 cur=0.01448
[2021-10-01 22:38:42][I]:AXSBUSD trigerd
[2021-10-01 22:38:53][I]:最高点后的0-15分钟，持续爆拉升突破前高... 
[2021-10-01 22:38:59][I]:SANDBUSD trigerd
[2021-10-01 22:39:01][I]:最高点后的129分钟， 拉升  
[2021-10-01 22:39:01][I]:LeftTime=90.0分钟，RightTime=39.0分钟
[2021-10-01 22:39:01][I]:左右时间比为: 2.3059429051474964比1
[2021-10-01 22:39:35][I]:SANDBUSD trigerd
[2021-10-01 22:39:36][I]:最高点后的129分钟， 拉升  
[2021-10-01 22:39:36][I]:LeftTime=90.0分钟，RightTime=39.6分钟
[2021-10-01 22:39:36][I]:左右时间比为: 2.272306197964097比1
[2021-10-01 22:40:31][I]:SANDBUSD trigerd
[2021-10-01 22:40:35][I]:最高点后的130分钟， 拉升  
[2021-10-01 22:40:35][I]:LeftTime=90.0分钟，RightTime=40.5分钟
[2021-10-01 22:40:35][I]:左右时间比为: 2.2170456669607135比1
[2021-10-01 23:03:50][I]:AXSBUSD trigerd
[2021-10-01 23:04:04][I]:最高点后的0-15分钟，持续爆拉升突破前高... 
[2021-10-01 23:29:22][I]:RAYBUSD trigerd
[2021-10-01 23:29:22][I]:最高点后的224分钟， 拉升  
[2021-10-01 23:29:22][I]:LeftTime=195.分钟，RightTime=29.3分钟
[2021-10-01 23:29:22][I]:左右时间比为: 6.636617707038168比1
[2021-10-01 23:33:45][I]:UFTBUSD trigerd
[2021-10-01 23:33:46][I]:最高点后的348分钟， 拉升  
[2021-10-01 23:33:46][I]:LeftTime=0.0分钟，RightTime=348.分钟
[2021-10-01 23:33:46][I]:左右时间比为: 0.0比1
[2021-10-01 23:34:21][I]:UFTBUSD trigerd
[2021-10-01 23:34:24][I]:最高点后的349分钟， 拉升  
[2021-10-01 23:34:24][I]:LeftTime=0.0分钟，RightTime=349.分钟
[2021-10-01 23:34:24][I]:左右时间比为: 0.0比1
[2021-10-01 23:35:03][I]:UFTBUSD trigerd
[2021-10-01 23:35:04][I]:最高点后的350分钟， 拉升  
[2021-10-01 23:35:04][I]:LeftTime=0.0分钟，RightTime=350.分钟
[2021-10-01 23:35:04][I]:左右时间比为: 0.0比1
[2021-10-01 23:37:19][I]:SLPBUSD trigerd
[2021-10-01 23:37:29][I]:最高点后的15-45分钟，拉升突破前高10%... 
[2021-10-01 23:37:29][I]:high_24h=0.0711 cur=0.0739
[2021-10-01 23:37:44][I]:SLPBUSD trigerd
[2021-10-01 23:37:54][I]:最高点后的15-45分钟，拉升突破前高10%... 
[2021-10-01 23:37:54][I]:high_24h=0.0711 cur=0.0744
[2021-10-01 23:38:39][I]:SLPBUSD trigerd
[2021-10-01 23:38:49][I]:最高点后的15-45分钟，拉升突破前高10%... 
[2021-10-01 23:38:49][I]:high_24h=0.0711 cur=0.0734
[2021-10-01 23:39:53][I]:CTKBUSD trigerd
[2021-10-01 23:39:54][I]:最高点后的99分钟， 拉升  
[2021-10-01 23:39:54][I]:LeftTime=0.0分钟，RightTime=99.9分钟
[2021-10-01 23:39:54][I]:左右时间比为: 0.0比1
[2021-10-01 23:43:17][I]:AXSBUSD trigerd
[2021-10-01 23:43:27][I]:最高点后的15-45分钟 ，拉升突破前高...
[2021-10-01 23:43:46][I]:AXSBUSD trigerd
[2021-10-01 23:43:56][I]:最高点后的15-45分钟 ，拉升突破前高...
[2021-10-01 23:49:36][I]:SLPBUSD trigerd
[2021-10-01 23:49:46][I]:最高点后的0-15分钟,进入斐波区间 
[2021-10-01 23:49:58][I]:SLPBUSD trigerd
[2021-10-01 23:50:09][I]:最高点后的0-15分钟,进入斐波区间 
[2021-10-01 23:51:23][I]:SLPBUSD trigerd
[2021-10-01 23:51:33][I]:最高点后的0-15分钟，持续爆拉升突破前高... 
[2021-10-01 23:51:45][I]:SLPBUSD trigerd
[2021-10-01 23:51:57][I]:最高点后的0-15分钟，持续爆拉升突破前高... 
[2021-10-01 23:54:27][I]:FORBUSD trigerd
[2021-10-01 23:54:37][I]:最高点后的0-15分钟，持续爆拉升突破前高10%...
[2021-10-01 23:54:37][I]:high_24h=0.08545 cur=0.09132
