[2021-09-01 00:05:58][I]:LTOBUSD trigerd
[2021-09-01 00:09:28][I]:KSMBUSD trigerd
[2021-09-01 00:11:06][I]:KSMBUSD trigerd
[2021-09-01 00:11:55][I]:LTOBUSD trigerd
[2021-09-01 00:12:58][I]:LTOBUSD trigerd
[2021-09-01 00:14:36][I]:ALPHABUSD trigerd
[2021-09-01 00:16:07][I]:LTOBUSD trigerd
[2021-09-01 00:22:10][I]:KSMBUSD trigerd
[2021-09-01 00:41:39][I]:DEXEBUSD trigerd
[2021-09-01 00:42:27][I]:LTOBUSD trigerd
[2021-09-01 00:44:21][I]:LTOBUSD trigerd
[2021-09-01 00:47:37][I]:ARBUSD trigerd
[2021-09-01 00:48:41][I]:ARBUSD trigerd
[2021-09-01 00:49:46][I]:ARBUSD trigerd
[2021-09-01 00:59:22][I]:ARBUSD trigerd
[2021-09-01 01:07:34][I]:POLSBUSD trigerd
[2021-09-01 01:08:14][I]:POLSBUSD trigerd
[2021-09-01 01:09:17][I]:POLSBUSD trigerd
[2021-09-01 01:10:31][I]:POLSBUSD trigerd
[2021-09-01 01:12:13][I]:POLSBUSD trigerd
[2021-09-01 01:34:28][I]:DEXEBUSD trigerd
[2021-09-01 01:43:59][I]:DEXEBUSD trigerd
[2021-09-01 01:44:40][I]:DEXEBUSD trigerd
[2021-09-01 01:47:59][I]:ROSEBUSD trigerd
[2021-09-01 01:48:47][I]:ANTBUSD trigerd
[2021-09-01 01:49:26][I]:ANTBUSD trigerd
[2021-09-01 01:58:56][I]:ARBUSD trigerd
[2021-09-01 02:01:00][I]:ANTBUSD trigerd
[2021-09-01 02:44:15][I]:LTOBUSD trigerd
[2021-09-01 02:44:37][I]:LTOBUSD trigerd
[2021-09-01 03:03:12][I]:YFIIBUSD trigerd
[2021-09-01 03:03:33][I]:YFIIBUSD trigerd
[2021-09-01 03:03:52][I]:YFIIBUSD trigerd
[2021-09-01 03:36:15][I]:KEEPBUSD trigerd
[2021-09-01 03:37:14][I]:KEEPBUSD trigerd
[2021-09-01 03:38:30][I]:KEEPBUSD trigerd
[2021-09-01 03:39:30][I]:KEEPBUSD trigerd
[2021-09-01 03:53:09][I]:ARBUSD trigerd
[2021-09-01 03:54:43][I]:ARBUSD trigerd
[2021-09-01 04:04:37][I]:DODOBUSD trigerd
[2021-09-01 04:08:05][I]:YFIIBUSD trigerd
[2021-09-01 04:09:14][I]:DODOBUSD trigerd
[2021-09-01 04:23:53][I]:LPTBUSD trigerd
[2021-09-01 04:39:26][I]:LPTBUSD trigerd
[2021-09-01 04:43:51][I]:DEXEBUSD trigerd
[2021-09-01 04:44:52][I]:DEXEBUSD trigerd
[2021-09-01 04:51:23][I]:YFIIBUSD trigerd
[2021-09-01 05:02:21][I]:LPTBUSD trigerd
[2021-09-01 05:34:12][I]:DODOBUSD trigerd
[2021-09-01 05:51:06][I]:TORNBUSD trigerd
[2021-09-01 05:52:05][I]:TORNBUSD trigerd
[2021-09-01 05:53:23][I]:TORNBUSD trigerd
[2021-09-01 05:54:25][I]:TORNBUSD trigerd
[2021-09-01 06:03:56][I]:TORNBUSD trigerd
[2021-09-01 06:04:58][I]:TORNBUSD trigerd
[2021-09-01 06:05:59][I]:TORNBUSD trigerd
[2021-09-01 06:07:01][I]:TORNBUSD trigerd
[2021-09-01 06:08:53][I]:TORNBUSD trigerd
[2021-09-01 06:11:29][I]:ARBUSD trigerd
[2021-09-01 06:14:03][I]:ARBUSD trigerd
[2021-09-01 06:18:34][I]:ARBUSD trigerd
[2021-09-01 06:19:35][I]:ARBUSD trigerd
[2021-09-01 06:27:45][I]:ARBUSD trigerd
[2021-09-01 06:44:32][I]:HNTBUSD trigerd
[2021-09-01 06:49:54][I]:ARBUSD trigerd
[2021-09-01 07:01:31][I]:YFIIBUSD trigerd
[2021-09-01 07:02:49][I]:YFIIBUSD trigerd
[2021-09-01 07:03:49][I]:YFIIBUSD trigerd
[2021-09-01 07:23:45][I]:HNTBUSD trigerd
[2021-09-01 07:24:47][I]:HNTBUSD trigerd
[2021-09-01 07:32:18][I]:MINABUSD trigerd
[2021-09-01 07:34:12][I]:MINABUSD trigerd
[2021-09-01 07:39:10][I]:MINABUSD trigerd
[2021-09-01 07:42:30][I]:MINABUSD trigerd
[2021-09-01 07:44:35][I]:MINABUSD trigerd
[2021-09-01 08:01:40][I]:YFIIBUSD trigerd
[2021-09-01 08:03:00][I]:YFIIBUSD trigerd
[2021-09-01 08:05:57][I]:YFIIBUSD trigerd
[2021-09-01 08:08:21][I]:KSMBUSD trigerd
[2021-09-01 08:10:01][I]:KSMBUSD trigerd
[2021-09-01 08:17:15][I]:KSMBUSD trigerd
[2021-09-01 08:18:18][I]:KSMBUSD trigerd
[2021-09-01 08:19:14][I]:DEXEBUSD trigerd
[2021-09-01 08:26:27][I]:STMXBUSD trigerd
[2021-09-01 08:27:26][I]:STMXBUSD trigerd
[2021-09-01 08:28:29][I]:STMXBUSD trigerd
[2021-09-01 08:39:38][I]:STMXBUSD trigerd
[2021-09-01 09:16:33][I]:STMXBUSD trigerd
[2021-09-01 09:17:34][I]:STMXBUSD trigerd
[2021-09-01 09:19:35][I]:STMXBUSD trigerd
[2021-09-01 09:43:53][I]:ROSEBUSD trigerd
[2021-09-01 09:44:54][I]:ROSEBUSD trigerd
[2021-09-01 10:02:26][I]:ARBUSD trigerd
[2021-09-01 10:03:26][I]:ARBUSD trigerd
[2021-09-01 10:24:08][I]:YFIIBUSD trigerd
