[2021-10-02 00:02:33][I]:FORBUSD trigerd
[2021-10-02 00:02:46][I]:最高点后的0-15分钟，持续爆拉升突破前高10%...
[2021-10-02 00:02:46][I]:high_24h=0.09149 cur=0.09403
[2021-10-02 00:03:07][I]:FORBUSD trigerd
[2021-10-02 00:03:18][I]:最高点后的0-15分钟，持续爆拉升突破前高10%...
[2021-10-02 00:03:18][I]:high_24h=0.09149 cur=0.09509
[2021-10-02 00:03:36][I]:FORBUSD trigerd
[2021-10-02 00:03:47][I]:最高点后的0-15分钟，持续爆拉升突破前高10%...
[2021-10-02 00:03:47][I]:high_24h=0.09149 cur=0.09413
[2021-10-02 00:04:13][I]:FORBUSD trigerd
[2021-10-02 00:04:28][I]:最高点后的0-15分钟，持续爆拉升突破前高10%...
[2021-10-02 00:04:28][I]:high_24h=0.09149 cur=0.09521
[2021-10-02 00:04:56][I]:FORBUSD trigerd
[2021-10-02 00:05:06][I]:最高点后的0-15分钟，持续爆拉升突破前高10%...
[2021-10-02 00:05:06][I]:high_24h=0.09149 cur=0.09653
[2021-10-02 00:06:26][I]:IDEXBUSD trigerd
[2021-10-02 00:06:36][I]:最高点后的0-15分钟，持续爆拉升突破前高10%...
[2021-10-02 00:06:36][I]:high_24h=0.35686 cur=0.36838
[2021-10-02 00:06:50][I]:IDEXBUSD trigerd
[2021-10-02 00:07:02][I]:最高点后的0-15分钟，持续爆拉升突破前高10%...
[2021-10-02 00:07:02][I]:high_24h=0.35686 cur=0.37384
[2021-10-02 00:07:13][I]:IDEXBUSD trigerd
[2021-10-02 00:07:24][I]:最高点后的0-15分钟，持续爆拉升突破前高10%...
[2021-10-02 00:07:24][I]:high_24h=0.35686 cur=0.3786
[2021-10-02 00:07:35][I]:IDEXBUSD trigerd
[2021-10-02 00:07:45][I]:最高点后的0-15分钟，持续爆拉升突破前高10%...
[2021-10-02 00:07:45][I]:high_24h=0.35686 cur=0.38197
[2021-10-02 00:09:26][I]:IDEXBUSD trigerd
[2021-10-02 00:09:38][I]:最高点后的0-15分钟，持续爆拉升突破前高10%...
[2021-10-02 00:09:38][I]:high_24h=0.35686 cur=0.37242
[2021-10-02 00:09:52][I]:IDEXBUSD trigerd
[2021-10-02 00:10:03][I]:最高点后的0-15分钟，持续爆拉升突破前高10%...
[2021-10-02 00:10:03][I]:high_24h=0.35686 cur=0.37307
[2021-10-02 00:11:31][I]:IDEXBUSD trigerd
[2021-10-02 00:11:42][I]:最高点后的0-15分钟，持续爆拉升突破前高10%...
[2021-10-02 00:11:42][I]:high_24h=0.35686 cur=0.38479
[2021-10-02 00:12:05][I]:IDEXBUSD trigerd
[2021-10-02 00:12:16][I]:最高点后的0-15分钟，持续爆拉升突破前高10%...
[2021-10-02 00:12:16][I]:high_24h=0.35686 cur=0.39497
[2021-10-02 00:13:14][I]:IDEXBUSD trigerd
[2021-10-02 00:13:24][I]:最高点后的0-15分钟，持续爆拉升突破前高10%...
[2021-10-02 00:13:24][I]:high_24h=0.35686 cur=0.39506
[2021-10-02 00:13:38][I]:IDEXBUSD trigerd
[2021-10-02 00:13:48][I]:最高点后的0-15分钟，持续爆拉升突破前高10%...
[2021-10-02 00:13:48][I]:high_24h=0.35686 cur=0.39676
[2021-10-02 00:18:20][I]:YGGBUSD trigerd
[2021-10-02 00:18:21][I]:最高点后的63分钟， 拉升  
[2021-10-02 00:18:21][I]:LeftTime=30.0分钟，RightTime=33.3分钟
[2021-10-02 00:18:21][I]:左右时间比为: 0.8994442743292156比1
[2021-10-02 00:18:39][I]:最高点后的45分钟之后， 大低谷回落 再次 进入斐波区间 
[2021-10-02 00:19:22][I]:YGGBUSD trigerd
[2021-10-02 00:19:24][I]:最高点后的64分钟， 拉升  
[2021-10-02 00:19:24][I]:LeftTime=30.0分钟，RightTime=34.4分钟
[2021-10-02 00:19:24][I]:左右时间比为: 0.8720910209924291比1
[2021-10-02 00:19:42][I]:最高点后的45 分钟之后，短期持续爆拉升突破前高... 
[2021-10-02 00:19:59][I]:YGGBUSD trigerd
[2021-10-02 00:20:01][I]:最高点后的65分钟， 拉升  
[2021-10-02 00:20:01][I]:LeftTime=30.0分钟，RightTime=35.0分钟
[2021-10-02 00:20:01][I]:左右时间比为: 0.8564620566912449比1
[2021-10-02 00:20:20][I]:最高点后的45 分钟之后，短期持续爆拉升突破前高... 
[2021-10-02 00:20:57][I]:IDEXBUSD trigerd
[2021-10-02 00:21:09][I]:最高点后的0-15分钟，持续爆拉升突破前高... 
[2021-10-02 00:21:48][I]:IDEXBUSD trigerd
[2021-10-02 00:21:59][I]:最高点后的0-15分钟，持续爆拉升突破前高... 
[2021-10-02 00:23:25][I]:QUICKBUSD trigerd
[2021-10-02 00:23:27][I]:最高点后的398分钟， 拉升  
[2021-10-02 00:23:27][I]:LeftTime=390.分钟，RightTime=8.45分钟
[2021-10-02 00:23:27][I]:左右时间比为: 46.13884448648809比1
[2021-10-02 00:33:48][I]:YGGBUSD trigerd
[2021-10-02 00:33:58][I]:最高点后的0-15分钟，持续爆拉升突破前高10%...
[2021-10-02 00:33:58][I]:high_24h=7.321 cur=7.488
[2021-10-02 00:34:10][I]:YGGBUSD trigerd
[2021-10-02 00:34:20][I]:最高点后的0-15分钟，持续爆拉升突破前高10%...
[2021-10-02 00:34:20][I]:high_24h=7.321 cur=7.49
[2021-10-02 00:34:32][I]:YGGBUSD trigerd
[2021-10-02 00:34:43][I]:最高点后的0-15分钟，持续爆拉升突破前高10%...
[2021-10-02 00:34:43][I]:high_24h=7.321 cur=7.493
[2021-10-02 00:34:54][I]:YGGBUSD trigerd
[2021-10-02 00:35:04][I]:最高点后的0-15分钟，持续爆拉升突破前高10%...
[2021-10-02 00:35:04][I]:high_24h=7.321 cur=7.521
[2021-10-02 00:37:45][I]:MBOXBUSD trigerd
[2021-10-02 00:37:59][I]:最高点后的0-15分钟，持续爆拉升突破前高... 
[2021-10-02 00:38:54][I]:MBOXBUSD trigerd
[2021-10-02 00:39:04][I]:最高点后的0-15分钟，持续爆拉升突破前高... 
[2021-10-02 00:39:14][I]:MBOXBUSD trigerd
[2021-10-02 00:39:24][I]:最高点后的0-15分钟，持续爆拉升突破前高... 
[2021-10-02 00:39:39][I]:MBOXBUSD trigerd
[2021-10-02 00:39:49][I]:最高点后的0-15分钟，持续爆拉升突破前高... 
[2021-10-02 00:40:01][I]:MBOXBUSD trigerd
[2021-10-02 00:40:12][I]:最高点后的0-15分钟，持续爆拉升突破前高... 
[2021-10-02 00:52:49][I]:CVPBUSD trigerd
[2021-10-02 00:53:00][I]:最高点后的0-15分钟，持续爆拉升突破前高10%...
[2021-10-02 00:53:00][I]:high_24h=2.445 cur=2.521
[2021-10-02 00:53:12][I]:CVPBUSD trigerd
[2021-10-02 00:53:22][I]:最高点后的0-15分钟，持续爆拉升突破前高10%...
[2021-10-02 00:53:22][I]:high_24h=2.445 cur=2.522
[2021-10-02 01:03:50][I]:FORBUSD trigerd
[2021-10-02 01:03:51][I]:最高点后的48分钟， 拉升  
[2021-10-02 01:03:51][I]:LeftTime=45.0分钟，RightTime=3.85分钟
[2021-10-02 01:03:51][I]:左右时间比为: 11.663564737747073比1
[2021-10-02 01:04:23][I]:FORBUSD trigerd
[2021-10-02 01:04:24][I]:最高点后的49分钟， 拉升  
[2021-10-02 01:04:24][I]:LeftTime=45.0分钟，RightTime=4.41分钟
[2021-10-02 01:04:24][I]:左右时间比为: 10.193461142607577比1
[2021-10-02 01:08:04][I]:AXSBUSD trigerd
[2021-10-02 01:08:05][I]:最高点后的53分钟， 拉升  
[2021-10-02 01:08:05][I]:LeftTime=15.0分钟，RightTime=38.0分钟
[2021-10-02 01:08:05][I]:左右时间比为: 0.3938312811336478比1
[2021-10-02 01:08:55][I]:AXSBUSD trigerd
[2021-10-02 01:08:56][I]:最高点后的53分钟， 拉升  
[2021-10-02 01:08:56][I]:LeftTime=15.0分钟，RightTime=38.9分钟
[2021-10-02 01:08:56][I]:左右时间比为: 0.3851551159798396比1
[2021-10-02 01:09:28][I]:AXSBUSD trigerd
[2021-10-02 01:09:29][I]:最高点后的54分钟， 拉升  
[2021-10-02 01:09:29][I]:LeftTime=15.0分钟，RightTime=39.4分钟
[2021-10-02 01:09:29][I]:左右时间比为: 0.3798749446840792比1
[2021-10-02 01:13:37][I]:RAMPBUSD trigerd
[2021-10-02 01:13:38][I]:最高点后的478分钟， 拉升  
[2021-10-02 01:13:38][I]:LeftTime=225.分钟，RightTime=253.分钟
[2021-10-02 01:13:38][I]:左右时间比为: 0.887067289860142比1
[2021-10-02 01:13:57][I]:最高点后的45 分钟之后，斐波区间下面的拉升
[2021-10-02 01:13:57][I]:high_24h=0.36 cur=0.3207
[2021-10-02 01:14:09][I]:RAMPBUSD trigerd
[2021-10-02 01:14:10][I]:最高点后的479分钟， 拉升  
[2021-10-02 01:14:10][I]:LeftTime=225.分钟，RightTime=254.分钟
[2021-10-02 01:14:10][I]:左右时间比为: 0.8851936086367534比1
[2021-10-02 01:14:29][I]:最高点后的45 分钟之后，斐波区间下面的拉升
[2021-10-02 01:14:29][I]:high_24h=0.36 cur=0.3221
[2021-10-02 01:14:40][I]:RAMPBUSD trigerd
[2021-10-02 01:14:41][I]:最高点后的479分钟， 拉升  
[2021-10-02 01:14:41][I]:LeftTime=225.分钟，RightTime=254.分钟
[2021-10-02 01:14:41][I]:左右时间比为: 0.8834180763454933比1
[2021-10-02 01:15:00][I]:最高点后的45 分钟之后，斐波区间下面的拉升
[2021-10-02 01:15:00][I]:high_24h=0.36 cur=0.3216
[2021-10-02 01:26:26][I]:CVPBUSD trigerd
[2021-10-02 01:26:36][I]:最高点后的15-45分钟 ， 跌落后进入斐波区间 
[2021-10-02 01:26:53][I]:CVPBUSD trigerd
[2021-10-02 01:27:03][I]:最高点后的15-45分钟 ， 跌落后进入斐波区间 
[2021-10-02 01:27:18][I]:CVPBUSD trigerd
[2021-10-02 01:27:29][I]:最高点后的15-45分钟 ， 跌落后进入斐波区间 
[2021-10-02 01:28:06][I]:CVPBUSD trigerd
[2021-10-02 01:28:16][I]:最高点后的15-45分钟 ， 跌落后进入斐波区间 
[2021-10-02 01:28:32][I]:CVPBUSD trigerd
[2021-10-02 01:28:42][I]:最高点后的15-45分钟 ， 跌落后进入斐波区间 
[2021-10-02 01:28:58][I]:CVPBUSD trigerd
[2021-10-02 01:29:08][I]:最高点后的15-45分钟 ， 跌落后进入斐波区间 
[2021-10-02 01:29:25][I]:CVPBUSD trigerd
[2021-10-02 01:29:35][I]:最高点后的15-45分钟 ， 跌落后进入斐波区间 
[2021-10-02 01:29:51][I]:CVPBUSD trigerd
[2021-10-02 01:30:01][I]:最高点后的15-45分钟 ， 跌落后进入斐波区间 
[2021-10-02 01:42:28][I]:ROSEBUSD trigerd
[2021-10-02 01:42:29][I]:最高点后的282分钟， 拉升  
[2021-10-02 01:42:29][I]:LeftTime=210.分钟，RightTime=72.4分钟
[2021-10-02 01:42:29][I]:左右时间比为: 2.8968588037818166比1
[2021-10-02 01:44:18][I]:ROSEBUSD trigerd
[2021-10-02 01:44:18][I]:最高点后的284分钟， 拉升  
[2021-10-02 01:44:18][I]:LeftTime=210.分钟，RightTime=74.3分钟
[2021-10-02 01:44:18][I]:左右时间比为: 2.8257704286239957比1
[2021-10-02 01:44:50][I]:ROSEBUSD trigerd
[2021-10-02 01:44:51][I]:最高点后的284分钟， 拉升  
[2021-10-02 01:44:51][I]:LeftTime=210.分钟，RightTime=74.8分钟
[2021-10-02 01:44:51][I]:左右时间比为: 2.8055313800280626比1
[2021-10-02 01:51:09][I]:TORNBUSD trigerd
[2021-10-02 01:51:10][I]:最高点后的471分钟， 拉升  
[2021-10-02 01:51:10][I]:LeftTime=0.0分钟，RightTime=471.分钟
[2021-10-02 01:51:10][I]:左右时间比为: 0.0比1
[2021-10-02 01:51:41][I]:TORNBUSD trigerd
[2021-10-02 01:51:42][I]:最高点后的471分钟， 拉升  
[2021-10-02 01:51:42][I]:LeftTime=0.0分钟，RightTime=471.分钟
[2021-10-02 01:51:42][I]:左右时间比为: 0.0比1
[2021-10-02 01:52:13][I]:TORNBUSD trigerd
[2021-10-02 01:52:14][I]:最高点后的472分钟， 拉升  
[2021-10-02 01:52:14][I]:LeftTime=0.0分钟，RightTime=472.分钟
[2021-10-02 01:52:14][I]:左右时间比为: 0.0比1
[2021-10-02 01:52:46][I]:TORNBUSD trigerd
[2021-10-02 01:52:47][I]:最高点后的472分钟， 拉升  
[2021-10-02 01:52:47][I]:LeftTime=0.0分钟，RightTime=472.分钟
[2021-10-02 01:52:47][I]:左右时间比为: 0.0比1
[2021-10-02 01:53:18][I]:TORNBUSD trigerd
[2021-10-02 01:53:19][I]:最高点后的473分钟， 拉升  
[2021-10-02 01:53:19][I]:LeftTime=0.0分钟，RightTime=473.分钟
[2021-10-02 01:53:19][I]:左右时间比为: 0.0比1
[2021-10-02 01:53:50][I]:TORNBUSD trigerd
[2021-10-02 01:53:51][I]:最高点后的473分钟， 拉升  
[2021-10-02 01:53:51][I]:LeftTime=0.0分钟，RightTime=473.分钟
[2021-10-02 01:53:51][I]:左右时间比为: 0.0比1
[2021-10-02 01:54:24][I]:TORNBUSD trigerd
[2021-10-02 01:54:25][I]:最高点后的474分钟， 拉升  
[2021-10-02 01:54:25][I]:LeftTime=0.0分钟，RightTime=474.分钟
[2021-10-02 01:54:25][I]:左右时间比为: 0.0比1
[2021-10-02 01:54:56][I]:TORNBUSD trigerd
[2021-10-02 01:54:57][I]:最高点后的474分钟， 拉升  
[2021-10-02 01:54:57][I]:LeftTime=0.0分钟，RightTime=474.分钟
[2021-10-02 01:54:57][I]:左右时间比为: 0.0比1
[2021-10-02 02:03:02][I]:CVPBUSD trigerd
[2021-10-02 02:03:03][I]:最高点后的63分钟， 拉升  
[2021-10-02 02:03:03][I]:LeftTime=30.0分钟，RightTime=33.0分钟
[2021-10-02 02:03:03][I]:左右时间比为: 0.9073896263754322比1
[2021-10-02 02:03:22][I]:最高点后的45分钟之后， 大低谷回落 再次 进入斐波区间 
[2021-10-02 02:03:36][I]:TORNBUSD trigerd
[2021-10-02 02:03:46][I]:最高点后的0-15分钟,进入斐波区间 
[2021-10-02 02:04:30][I]:TORNBUSD trigerd
[2021-10-02 02:04:41][I]:最高点后的0-15分钟,进入斐波区间 
[2021-10-02 02:18:50][I]:IDEXBUSD trigerd
[2021-10-02 02:18:51][I]:最高点后的108分钟， 拉升  
[2021-10-02 02:18:51][I]:LeftTime=105.分钟，RightTime=3.86分钟
[2021-10-02 02:18:51][I]:左右时间比为: 27.19045707858429比1
[2021-10-02 02:19:26][I]:IDEXBUSD trigerd
[2021-10-02 02:19:27][I]:最高点后的109分钟， 拉升  
[2021-10-02 02:19:27][I]:LeftTime=105.分钟，RightTime=4.45分钟
[2021-10-02 02:19:27][I]:左右时间比为: 23.560434294553815比1
[2021-10-02 02:28:32][I]:BADGERBUSD trigerd
[2021-10-02 02:28:43][I]:最高点后的0-15分钟，持续爆拉升突破前高10%...
[2021-10-02 02:28:43][I]:high_24h=18.25 cur=18.64
[2021-10-02 02:29:12][I]:BADGERBUSD trigerd
[2021-10-02 02:29:23][I]:最高点后的0-15分钟，持续爆拉升突破前高10%...
[2021-10-02 02:29:23][I]:high_24h=18.25 cur=19.12
[2021-10-02 02:29:53][I]:BADGERBUSD trigerd
[2021-10-02 02:30:04][I]:最高点后的0-15分钟，持续爆拉升突破前高10%...
[2021-10-02 02:30:04][I]:high_24h=18.25 cur=19.16
[2021-10-02 02:34:25][I]:CVPBUSD trigerd
[2021-10-02 02:34:26][I]:最高点后的94分钟， 拉升  
[2021-10-02 02:34:26][I]:LeftTime=30.0分钟，RightTime=64.4分钟
[2021-10-02 02:34:26][I]:左右时间比为: 0.4655195042434403比1
[2021-10-02 02:34:45][I]:最高点后的45分钟之后， 大低谷回落 再次 进入斐波区间 
[2021-10-02 02:35:56][I]:CVPBUSD trigerd
[2021-10-02 02:35:57][I]:最高点后的95分钟， 拉升  
[2021-10-02 02:35:57][I]:LeftTime=30.0分钟，RightTime=65.9分钟
[2021-10-02 02:35:57][I]:左右时间比为: 0.45488763952373334比1
[2021-10-02 02:36:15][I]:最高点后的45 分钟之后，短期持续爆拉升突破前高... 
[2021-10-02 02:36:32][I]:CVPBUSD trigerd
[2021-10-02 02:36:33][I]:最高点后的96分钟， 拉升  
[2021-10-02 02:36:33][I]:LeftTime=30.0分钟，RightTime=66.5分钟
[2021-10-02 02:36:33][I]:左右时间比为: 0.45070974370059014比1
[2021-10-02 02:36:52][I]:最高点后的45 分钟之后，持续爆拉升突破前高10%... 
[2021-10-02 02:36:52][I]:high_24h=2.539 cur=2.6
[2021-10-02 02:37:12][I]:CVPBUSD trigerd
[2021-10-02 02:37:13][I]:最高点后的97分钟， 拉升  
[2021-10-02 02:37:13][I]:LeftTime=30.0分钟，RightTime=67.2分钟
[2021-10-02 02:37:13][I]:左右时间比为: 0.44621859857408547比1
[2021-10-02 02:37:32][I]:最高点后的45 分钟之后，短期持续爆拉升突破前高... 
[2021-10-02 02:37:48][I]:CVPBUSD trigerd
[2021-10-02 02:37:49][I]:最高点后的97分钟， 拉升  
[2021-10-02 02:37:49][I]:LeftTime=30.0分钟，RightTime=67.8分钟
[2021-10-02 02:37:49][I]:左右时间比为: 0.4423173283082882比1
[2021-10-02 02:38:07][I]:最高点后的45 分钟之后，持续爆拉升突破前高10%... 
[2021-10-02 02:38:07][I]:high_24h=2.539 cur=2.62
[2021-10-02 02:38:19][I]:CVPBUSD trigerd
[2021-10-02 02:38:20][I]:最高点后的98分钟， 拉升  
[2021-10-02 02:38:20][I]:LeftTime=30.0分钟，RightTime=68.3分钟
[2021-10-02 02:38:20][I]:左右时间比为: 0.43891893441337826比1
[2021-10-02 02:38:39][I]:最高点后的45 分钟之后，持续爆拉升突破前高10%... 
[2021-10-02 02:38:39][I]:high_24h=2.539 cur=2.643
[2021-10-02 02:43:20][I]:CVPBUSD trigerd
[2021-10-02 02:43:21][I]:最高点后的103分钟， 拉升  
[2021-10-02 02:43:21][I]:LeftTime=30.0分钟，RightTime=73.3分钟
[2021-10-02 02:43:21][I]:左右时间比为: 0.4089282720171853比1
[2021-10-02 02:43:40][I]:最高点后的45 分钟之后，持续爆拉升突破前高10%... 
[2021-10-02 02:43:40][I]:high_24h=2.539 cur=2.6
[2021-10-02 02:43:50][I]:CVPBUSD trigerd
[2021-10-02 02:43:51][I]:最高点后的103分钟， 拉升  
[2021-10-02 02:43:51][I]:LeftTime=30.0分钟，RightTime=73.8分钟
[2021-10-02 02:43:51][I]:左右时间比为: 0.40617551263523266比1
[2021-10-02 02:44:10][I]:最高点后的45 分钟之后，持续爆拉升突破前高10%... 
[2021-10-02 02:44:10][I]:high_24h=2.539 cur=2.6
[2021-10-02 02:45:58][I]:BADGERBUSD trigerd
[2021-10-02 02:46:09][I]:最高点后的0-15分钟，持续爆拉升突破前高... 
[2021-10-02 03:11:39][I]:BADGERBUSD trigerd
[2021-10-02 03:11:49][I]:最高点后的0-15分钟,进入斐波区间 
[2021-10-02 03:13:12][I]:BADGERBUSD trigerd
[2021-10-02 03:13:22][I]:最高点后的0-15分钟,进入斐波区间 
[2021-10-02 03:19:23][I]:CVPBUSD trigerd
[2021-10-02 03:19:34][I]:最高点后的15-45分钟 ， 跌落后进入斐波区间 
[2021-10-02 03:19:51][I]:CVPBUSD trigerd
[2021-10-02 03:20:01][I]:最高点后的15-45分钟 ， 跌落后进入斐波区间 
[2021-10-02 03:47:26][I]:IDEXBUSD trigerd
[2021-10-02 03:47:27][I]:最高点后的197分钟， 拉升  
[2021-10-02 03:47:27][I]:LeftTime=105.分钟，RightTime=92.4分钟
[2021-10-02 03:47:27][I]:左右时间比为: 1.135640016979575比1
[2021-10-02 03:47:46][I]:最高点后的45 分钟之后，斐波区间下面的拉升
[2021-10-02 03:47:46][I]:high_24h=0.40505 cur=0.38199
[2021-10-02 03:48:17][I]:IDEXBUSD trigerd
[2021-10-02 03:48:18][I]:最高点后的198分钟， 拉升  
[2021-10-02 03:48:18][I]:LeftTime=105.分钟，RightTime=93.3分钟
[2021-10-02 03:48:18][I]:左右时间比为: 1.125302586643897比1
[2021-10-02 03:48:37][I]:最高点后的45分钟之后， 大低谷回落 再次 进入斐波区间 
[2021-10-02 03:49:05][I]:IDEXBUSD trigerd
[2021-10-02 03:49:06][I]:最高点后的199分钟， 拉升  
[2021-10-02 03:49:06][I]:LeftTime=105.分钟，RightTime=94.1分钟
[2021-10-02 03:49:06][I]:左右时间比为: 1.115728338545625比1
[2021-10-02 03:49:25][I]:最高点后的45 分钟之后，斐波区间下面的拉升
[2021-10-02 03:49:25][I]:high_24h=0.40505 cur=0.38298
[2021-10-02 03:59:48][I]:AXSBUSD trigerd
[2021-10-02 03:59:51][I]:最高点后的104分钟， 拉升  
[2021-10-02 03:59:51][I]:LeftTime=45.0分钟，RightTime=59.8分钟
[2021-10-02 03:59:51][I]:左右时间比为: 0.751723557210435比1
[2021-10-02 04:00:10][I]:最高点后的45 分钟之后，短期持续爆拉升突破前高... 
[2021-10-02 04:17:43][I]:IDEXBUSD trigerd
[2021-10-02 04:17:43][I]:最高点后的227分钟， 拉升  
[2021-10-02 04:17:43][I]:LeftTime=105.分钟，RightTime=122.分钟
[2021-10-02 04:17:43][I]:左右时间比为: 0.8555339655973354比1
[2021-10-02 04:18:03][I]:最高点后的45分钟之后， 大低谷回落 再次 进入斐波区间 
[2021-10-02 04:18:22][I]:IDEXBUSD trigerd
[2021-10-02 04:18:23][I]:最高点后的228分钟， 拉升  
[2021-10-02 04:18:23][I]:LeftTime=105.分钟，RightTime=123.分钟
[2021-10-02 04:18:23][I]:左右时间比为: 0.8509822213969379比1
[2021-10-02 04:18:42][I]:最高点后的45分钟之后， 大低谷回落 再次 进入斐波区间 
[2021-10-02 04:19:31][I]:IDEXBUSD trigerd
[2021-10-02 04:19:32][I]:最高点后的229分钟， 拉升  
[2021-10-02 04:19:32][I]:LeftTime=105.分钟，RightTime=124.分钟
[2021-10-02 04:19:32][I]:左右时间比为: 0.843099727737761比1
[2021-10-02 04:19:51][I]:最高点后的45分钟之后， 大低谷回落 再次 进入斐波区间 
[2021-10-02 04:23:55][I]:AXSBUSD trigerd
[2021-10-02 04:24:05][I]:最高点后的0-15分钟，持续爆拉升突破前高... 
[2021-10-02 04:24:37][I]:AXSBUSD trigerd
[2021-10-02 04:24:47][I]:最高点后的0-15分钟，持续爆拉升突破前高... 
[2021-10-02 04:26:26][I]:AXSBUSD trigerd
[2021-10-02 04:26:37][I]:最高点后的0-15分钟，持续爆拉升突破前高10%...
[2021-10-02 04:26:37][I]:high_24h=100.19 cur=104.13
[2021-10-02 04:27:19][I]:AXSBUSD trigerd
[2021-10-02 04:27:29][I]:最高点后的0-15分钟，持续爆拉升突破前高10%...
[2021-10-02 04:27:29][I]:high_24h=100.19 cur=104.44
[2021-10-02 04:29:11][I]:AXSBUSD trigerd
[2021-10-02 04:29:22][I]:最高点后的0-15分钟，持续爆拉升突破前高10%...
[2021-10-02 04:29:22][I]:high_24h=100.19 cur=104.19
[2021-10-02 04:33:51][I]:AXSBUSD trigerd
[2021-10-02 04:34:02][I]:最高点后的0-15分钟，持续爆拉升突破前高... 
[2021-10-02 04:34:33][I]:AXSBUSD trigerd
[2021-10-02 04:34:44][I]:最高点后的0-15分钟，持续爆拉升突破前高... 
[2021-10-02 04:36:11][I]:AXSBUSD trigerd
[2021-10-02 04:36:21][I]:最高点后的0-15分钟，持续爆拉升突破前高10%...
[2021-10-02 04:36:21][I]:high_24h=104.8 cur=112.79
[2021-10-02 04:37:31][I]:AXSBUSD trigerd
[2021-10-02 04:37:41][I]:最高点后的0-15分钟，持续爆拉升突破前高10%...
[2021-10-02 04:37:41][I]:high_24h=104.8 cur=116.43
[2021-10-02 04:39:12][I]:AXSBUSD trigerd
[2021-10-02 04:39:22][I]:最高点后的0-15分钟，持续爆拉升突破前高10%...
[2021-10-02 04:39:22][I]:high_24h=104.8 cur=114.63
[2021-10-02 04:39:55][I]:AXSBUSD trigerd
[2021-10-02 04:40:05][I]:最高点后的0-15分钟，持续爆拉升突破前高10%...
[2021-10-02 04:40:05][I]:high_24h=104.8 cur=114.19
[2021-10-02 04:46:20][I]:ICXBUSD trigerd
[2021-10-02 04:46:21][I]:最高点后的406分钟， 拉升  
[2021-10-02 04:46:21][I]:LeftTime=60.0分钟，RightTime=346.分钟
[2021-10-02 04:46:21][I]:左右时间比为: 0.1732306081427883比1
[2021-10-02 04:46:40][I]:最高点后的45分钟之后， 大低谷回落 再次 进入斐波区间 
[2021-10-02 04:46:56][I]:ICXBUSD trigerd
[2021-10-02 04:46:57][I]:最高点后的406分钟， 拉升  
[2021-10-02 04:46:57][I]:LeftTime=60.0分钟，RightTime=346.分钟
[2021-10-02 04:46:57][I]:左右时间比为: 0.17293556036242927比1
[2021-10-02 04:47:15][I]:最高点后的45分钟之后， 大低谷回落 再次 进入斐波区间 
[2021-10-02 04:48:01][I]:ICXBUSD trigerd
[2021-10-02 04:48:02][I]:最高点后的408分钟， 拉升  
[2021-10-02 04:48:02][I]:LeftTime=60.0分钟，RightTime=348.分钟
[2021-10-02 04:48:02][I]:左右时间比为: 0.17239015653894774比1
[2021-10-02 04:48:21][I]:最高点后的45分钟之后， 大低谷回落 再次 进入斐波区间 
[2021-10-02 04:49:08][I]:ICXBUSD trigerd
[2021-10-02 04:49:09][I]:最高点后的409分钟， 拉升  
[2021-10-02 04:49:09][I]:LeftTime=60.0分钟，RightTime=349.分钟
[2021-10-02 04:49:09][I]:左右时间比为: 0.17184324076597252比1
[2021-10-02 04:49:28][I]:最高点后的45分钟之后， 大低谷回落 再次 进入斐波区间 
[2021-10-02 04:49:54][I]:ICXBUSD trigerd
[2021-10-02 04:49:54][I]:最高点后的409分钟， 拉升  
[2021-10-02 04:49:54][I]:LeftTime=60.0分钟，RightTime=349.分钟
[2021-10-02 04:49:54][I]:左右时间比为: 0.17146945469411703比1
[2021-10-02 04:50:13][I]:最高点后的45分钟之后， 大低谷回落 再次 进入斐波区间 
[2021-10-02 04:54:58][I]:TLMBUSD trigerd
[2021-10-02 04:55:09][I]:最高点后的0-15分钟，持续爆拉升突破前高10%...
[2021-10-02 04:55:09][I]:high_24h=0.1988 cur=0.2026
[2021-10-02 04:56:27][I]:YGGBUSD trigerd
[2021-10-02 04:56:28][I]:最高点后的176分钟， 拉升  
[2021-10-02 04:56:28][I]:LeftTime=150.分钟，RightTime=26.4分钟
[2021-10-02 04:56:28][I]:左右时间比为: 5.664241390018394比1
[2021-10-02 04:57:01][I]:YGGBUSD trigerd
[2021-10-02 04:57:02][I]:最高点后的177分钟， 拉升  
[2021-10-02 04:57:02][I]:LeftTime=150.分钟，RightTime=27.0分钟
[2021-10-02 04:57:02][I]:左右时间比为: 5.548690154685699比1
[2021-10-02 04:57:44][I]:YGGBUSD trigerd
[2021-10-02 04:57:46][I]:最高点后的177分钟， 拉升  
[2021-10-02 04:57:46][I]:LeftTime=150.分钟，RightTime=27.7分钟
[2021-10-02 04:57:46][I]:左右时间比为: 5.402072145472424比1
[2021-10-02 04:59:22][I]:YGGBUSD trigerd
[2021-10-02 04:59:23][I]:最高点后的179分钟， 拉升  
[2021-10-02 04:59:23][I]:LeftTime=150.分钟，RightTime=29.3分钟
[2021-10-02 04:59:23][I]:左右时间比为: 5.1035979196969645比1
[2021-10-02 04:59:57][I]:YGGBUSD trigerd
[2021-10-02 04:59:58][I]:最高点后的179分钟， 拉升  
[2021-10-02 04:59:58][I]:LeftTime=150.分钟，RightTime=29.9分钟
[2021-10-02 04:59:58][I]:左右时间比为: 5.003793756909995比1
[2021-10-02 05:00:59][I]:SLPBUSD trigerd
[2021-10-02 05:01:00][I]:最高点后的301分钟， 拉升  
[2021-10-02 05:01:00][I]:LeftTime=135.分钟，RightTime=166.分钟
[2021-10-02 05:01:00][I]:左右时间比为: 0.8132070799735143比1
[2021-10-02 05:01:19][I]:最高点后的45 分钟之后，持续爆拉升突破前高10%... 
[2021-10-02 05:01:19][I]:high_24h=0.0758 cur=0.0774
[2021-10-02 05:09:09][I]:RAMPBUSD trigerd
[2021-10-02 05:09:11][I]:最高点后的714分钟， 拉升  
[2021-10-02 05:09:11][I]:LeftTime=225.分钟，RightTime=489.分钟
[2021-10-02 05:09:11][I]:左右时间比为: 0.4599447090489649比1
[2021-10-02 05:09:30][I]:最高点后的45 分钟之后，斐波区间下面的拉升
[2021-10-02 05:09:30][I]:high_24h=0.36 cur=0.3269
[2021-10-02 05:16:46][I]:ERNBUSD trigerd
[2021-10-02 05:16:56][I]:最高点后的15-45分钟 ，拉升突破前高...
[2021-10-02 05:17:21][I]:ERNBUSD trigerd
[2021-10-02 05:17:31][I]:最高点后的15-45分钟，拉升突破前高10%... 
[2021-10-02 05:17:31][I]:high_24h=11.645 cur=11.9
[2021-10-02 05:18:11][I]:ERNBUSD trigerd
[2021-10-02 05:18:22][I]:最高点后的15-45分钟，拉升突破前高10%... 
[2021-10-02 05:18:22][I]:high_24h=11.645 cur=11.955
[2021-10-02 05:18:52][I]:ERNBUSD trigerd
[2021-10-02 05:19:02][I]:最高点后的15-45分钟，拉升突破前高10%... 
[2021-10-02 05:19:02][I]:high_24h=11.645 cur=11.998
[2021-10-02 05:20:19][I]:ERNBUSD trigerd
[2021-10-02 05:20:29][I]:最高点后的15-45分钟，拉升突破前高10%... 
[2021-10-02 05:20:29][I]:high_24h=11.645 cur=12.398
[2021-10-02 05:21:00][I]:ERNBUSD trigerd
[2021-10-02 05:21:11][I]:最高点后的15-45分钟，拉升突破前高10%... 
[2021-10-02 05:21:11][I]:high_24h=11.645 cur=12.197
[2021-10-02 05:22:40][I]:ERNBUSD trigerd
[2021-10-02 05:22:50][I]:最高点后的15-45分钟，拉升突破前高10%... 
[2021-10-02 05:22:50][I]:high_24h=11.645 cur=12.479
[2021-10-02 05:26:56][I]:ERNBUSD trigerd
[2021-10-02 05:27:06][I]:最高点后的15-45分钟，拉升突破前高10%... 
[2021-10-02 05:27:06][I]:high_24h=11.645 cur=12.233
[2021-10-02 05:27:56][I]:ERNBUSD trigerd
[2021-10-02 05:28:07][I]:最高点后的15-45分钟，拉升突破前高10%... 
[2021-10-02 05:28:07][I]:high_24h=11.645 cur=12.262
[2021-10-02 05:39:28][I]:POLSBUSD trigerd
[2021-10-02 05:39:39][I]:最高点后的0-15分钟，持续爆拉升突破前高10%...
[2021-10-02 05:39:39][I]:high_24h=1.834 cur=1.884
[2021-10-02 05:47:08][I]:AXSBUSD trigerd
[2021-10-02 05:47:09][I]:最高点后的62分钟， 拉升  
[2021-10-02 05:47:09][I]:LeftTime=0.0分钟，RightTime=62.1分钟
[2021-10-02 05:47:09][I]:左右时间比为: 0.0比1
[2021-10-02 05:48:34][I]:AXSBUSD trigerd
[2021-10-02 05:48:36][I]:最高点后的63分钟， 拉升  
[2021-10-02 05:48:36][I]:LeftTime=0.0分钟，RightTime=63.6分钟
[2021-10-02 05:48:36][I]:左右时间比为: 0.0比1
[2021-10-02 05:49:36][I]:AXSBUSD trigerd
[2021-10-02 05:49:37][I]:最高点后的64分钟， 拉升  
[2021-10-02 05:49:37][I]:LeftTime=0.0分钟，RightTime=64.6分钟
[2021-10-02 05:49:37][I]:左右时间比为: 0.0比1
[2021-10-02 06:07:18][I]:SLPBUSD trigerd
[2021-10-02 06:07:19][I]:最高点后的52分钟， 拉升  
[2021-10-02 06:07:19][I]:LeftTime=30.0分钟，RightTime=22.3分钟
[2021-10-02 06:07:19][I]:左右时间比为: 1.3439911000442875比1
[2021-10-02 06:07:38][I]:最高点后的45分钟之后， 大低谷回落 再次 进入斐波区间 
[2021-10-02 06:09:14][I]:SLPBUSD trigerd
[2021-10-02 06:09:15][I]:最高点后的54分钟， 拉升  
[2021-10-02 06:09:15][I]:LeftTime=30.0分钟，RightTime=24.2分钟
[2021-10-02 06:09:15][I]:左右时间比为: 1.2368828684931459比1
[2021-10-02 06:09:34][I]:最高点后的45分钟之后， 大低谷回落 再次 进入斐波区间 
[2021-10-02 06:09:49][I]:SLPBUSD trigerd
[2021-10-02 06:09:50][I]:最高点后的54分钟， 拉升  
[2021-10-02 06:09:50][I]:LeftTime=30.0分钟，RightTime=24.8分钟
[2021-10-02 06:09:50][I]:左右时间比为: 1.2079563883139008比1
[2021-10-02 06:10:09][I]:最高点后的45分钟之后， 大低谷回落 再次 进入斐波区间 
[2021-10-02 07:12:42][I]:YGGBUSD trigerd
[2021-10-02 07:12:43][I]:最高点后的117分钟， 拉升  
[2021-10-02 07:12:43][I]:LeftTime=90.0分钟，RightTime=27.7分钟
[2021-10-02 07:12:43][I]:左右时间比为: 3.246313198783293比1
[2021-10-02 07:13:15][I]:YGGBUSD trigerd
[2021-10-02 07:13:16][I]:最高点后的118分钟， 拉升  
[2021-10-02 07:13:16][I]:LeftTime=90.0分钟，RightTime=28.2分钟
[2021-10-02 07:13:16][I]:左右时间比为: 3.1830097505953083比1
[2021-10-02 07:14:06][I]:YGGBUSD trigerd
[2021-10-02 07:14:08][I]:最高点后的119分钟， 拉升  
[2021-10-02 07:14:08][I]:LeftTime=90.0分钟，RightTime=29.1分钟
[2021-10-02 07:14:08][I]:左右时间比为: 3.088935756015716比1
[2021-10-02 07:14:42][I]:YGGBUSD trigerd
[2021-10-02 07:14:43][I]:最高点后的119分钟， 拉升  
[2021-10-02 07:14:43][I]:LeftTime=90.0分钟，RightTime=29.7分钟
[2021-10-02 07:14:43][I]:左右时间比为: 3.027706223788508比1
[2021-10-02 07:21:25][I]:ALICEBUSD trigerd
[2021-10-02 07:21:25][I]:最高点后的66分钟， 拉升  
[2021-10-02 07:21:25][I]:LeftTime=30.0分钟，RightTime=36.4分钟
[2021-10-02 07:21:25][I]:左右时间比为: 0.8234438873726065比1
[2021-10-02 07:21:44][I]:最高点后的45 分钟之后，短期持续爆拉升突破前高... 
[2021-10-02 07:22:33][I]:SANDBUSD trigerd
[2021-10-02 07:22:34][I]:最高点后的142分钟， 拉升  
[2021-10-02 07:22:34][I]:LeftTime=105.分钟，RightTime=37.5分钟
[2021-10-02 07:22:34][I]:左右时间比为: 2.7941881185349096比1
[2021-10-02 07:23:17][I]:SANDBUSD trigerd
[2021-10-02 07:23:17][I]:最高点后的143分钟， 拉升  
[2021-10-02 07:23:17][I]:LeftTime=105.分钟，RightTime=38.2分钟
[2021-10-02 07:23:18][I]:左右时间比为: 2.7415161357477627比1
[2021-10-02 07:23:50][I]:SANDBUSD trigerd
[2021-10-02 07:23:51][I]:最高点后的143分钟， 拉升  
[2021-10-02 07:23:51][I]:LeftTime=105.分钟，RightTime=38.8分钟
[2021-10-02 07:23:51][I]:左右时间比为: 2.702010676005229比1
[2021-10-02 07:24:22][I]:ALICEBUSD trigerd
[2021-10-02 07:24:23][I]:最高点后的69分钟， 拉升  
[2021-10-02 07:24:23][I]:LeftTime=30.0分钟，RightTime=39.3分钟
[2021-10-02 07:24:23][I]:左右时间比为: 0.7615393465008665比1
[2021-10-02 07:24:42][I]:最高点后的45 分钟之后，短期持续爆拉升突破前高... 
[2021-10-02 07:25:01][I]:ALICEBUSD trigerd
[2021-10-02 07:25:02][I]:最高点后的70分钟， 拉升  
[2021-10-02 07:25:02][I]:LeftTime=30.0分钟，RightTime=40.0分钟
[2021-10-02 07:25:02][I]:左右时间比为: 0.7493606258177182比1
[2021-10-02 07:25:21][I]:最高点后的45 分钟之后，短期持续爆拉升突破前高... 
[2021-10-02 07:37:10][I]:YGGBUSD trigerd
[2021-10-02 07:37:20][I]:最高点后的0-15分钟，持续爆拉升突破前高... 
[2021-10-02 07:39:27][I]:YGGBUSD trigerd
[2021-10-02 07:39:38][I]:最高点后的0-15分钟，持续爆拉升突破前高... 
[2021-10-02 07:55:44][I]:SUPERBUSD trigerd
[2021-10-02 07:55:54][I]:最高点后的0-15分钟，持续爆拉升突破前高10%...
[2021-10-02 07:55:54][I]:high_24h=0.6774 cur=0.6995
[2021-10-02 07:56:24][I]:SUPERBUSD trigerd
[2021-10-02 07:56:35][I]:最高点后的0-15分钟，持续爆拉升突破前高10%...
[2021-10-02 07:56:35][I]:high_24h=0.6774 cur=0.708
[2021-10-02 07:57:04][I]:SUPERBUSD trigerd
[2021-10-02 07:57:15][I]:最高点后的0-15分钟，持续爆拉升突破前高10%...
[2021-10-02 07:57:15][I]:high_24h=0.6774 cur=0.7265
[2021-10-02 07:58:15][I]:SUPERBUSD trigerd
[2021-10-02 07:58:25][I]:最高点后的0-15分钟，持续爆拉升突破前高10%...
[2021-10-02 07:58:25][I]:high_24h=0.6774 cur=0.7182
[2021-10-02 07:59:05][I]:SUPERBUSD trigerd
[2021-10-02 07:59:15][I]:最高点后的0-15分钟，持续爆拉升突破前高10%...
[2021-10-02 07:59:15][I]:high_24h=0.6774 cur=0.7184
[2021-10-02 07:59:45][I]:SUPERBUSD trigerd
[2021-10-02 07:59:55][I]:最高点后的0-15分钟，持续爆拉升突破前高10%...
[2021-10-02 07:59:55][I]:high_24h=0.6774 cur=0.7303
[2021-10-02 08:12:22][I]:STMXBUSD trigerd
[2021-10-02 08:12:23][I]:最高点后的102分钟， 拉升  
[2021-10-02 08:12:23][I]:LeftTime=15.0分钟，RightTime=87.3分钟
[2021-10-02 08:12:23][I]:左右时间比为: 0.1716501849604951比1
[2021-10-02 08:14:51][I]:STMXBUSD trigerd
[2021-10-02 08:14:52][I]:最高点后的104分钟， 拉升  
[2021-10-02 08:14:52][I]:LeftTime=15.0分钟，RightTime=89.8分钟
[2021-10-02 08:14:52][I]:左右时间比为: 0.1668937285524673比1
[2021-10-02 08:18:45][I]:AXSBUSD trigerd
[2021-10-02 08:18:46][I]:最高点后的213分钟， 拉升  
[2021-10-02 08:18:46][I]:LeftTime=0.0分钟，RightTime=213.分钟
[2021-10-02 08:18:46][I]:左右时间比为: 0.0比1
[2021-10-02 08:24:27][I]:SANDBUSD trigerd
[2021-10-02 08:24:37][I]:最高点后的0-15分钟，持续爆拉升突破前高... 
[2021-10-02 08:29:28][I]:TLMBUSD trigerd
[2021-10-02 08:29:38][I]:高点后的15-45分钟，再次进入斐波区间前的拉升 
[2021-10-02 08:29:38][I]:high_24h=0.2084 cur=0.2054
[2021-10-02 08:38:05][I]:AXSBUSD trigerd
[2021-10-02 08:38:06][I]:最高点后的233分钟， 拉升  
[2021-10-02 08:38:06][I]:LeftTime=0.0分钟，RightTime=233.分钟
[2021-10-02 08:38:06][I]:左右时间比为: 0.0比1
[2021-10-02 08:38:48][I]:AXSBUSD trigerd
[2021-10-02 08:38:49][I]:最高点后的233分钟， 拉升  
[2021-10-02 08:38:49][I]:LeftTime=0.0分钟，RightTime=233.分钟
[2021-10-02 08:38:49][I]:左右时间比为: 0.0比1
[2021-10-02 08:39:32][I]:AXSBUSD trigerd
[2021-10-02 08:39:33][I]:最高点后的234分钟， 拉升  
[2021-10-02 08:39:33][I]:LeftTime=0.0分钟，RightTime=234.分钟
[2021-10-02 08:39:33][I]:左右时间比为: 0.0比1
[2021-10-02 09:02:38][I]:ALICEBUSD trigerd
[2021-10-02 09:02:39][I]:最高点后的77分钟， 拉升  
[2021-10-02 09:02:39][I]:LeftTime=60.0分钟，RightTime=17.6分钟
[2021-10-02 09:02:39][I]:左右时间比为: 3.3982882113632153比1
[2021-10-02 09:03:10][I]:ALICEBUSD trigerd
[2021-10-02 09:03:11][I]:最高点后的78分钟， 拉升  
[2021-10-02 09:03:11][I]:LeftTime=60.0分钟，RightTime=18.1分钟
[2021-10-02 09:03:11][I]:左右时间比为: 3.2975101203673973比1
[2021-10-02 09:03:43][I]:ALICEBUSD trigerd
[2021-10-02 09:03:44][I]:最高点后的78分钟， 拉升  
[2021-10-02 09:03:44][I]:LeftTime=60.0分钟，RightTime=18.7分钟
[2021-10-02 09:03:44][I]:左右时间比为: 3.2007410474923854比1
[2021-10-02 09:14:43][I]:ICXBUSD trigerd
[2021-10-02 09:37:17][I]:ERNBUSD trigerd
[2021-10-02 09:37:18][I]:最高点后的247分钟， 拉升  
[2021-10-02 09:37:18][I]:LeftTime=210.分钟，RightTime=37.3分钟
[2021-10-02 09:37:18][I]:左右时间比为: 5.629870381119524比1
[2021-10-02 09:37:50][I]:ERNBUSD trigerd
[2021-10-02 09:37:51][I]:最高点后的247分钟， 拉升  
[2021-10-02 09:37:51][I]:LeftTime=210.分钟，RightTime=37.8分钟
[2021-10-02 09:37:51][I]:左右时间比为: 5.546873878968837比1
[2021-10-02 09:39:34][I]:ERNBUSD trigerd
[2021-10-02 09:39:35][I]:最高点后的249分钟， 拉升  
[2021-10-02 09:39:35][I]:LeftTime=210.分钟，RightTime=39.5分钟
[2021-10-02 09:39:35][I]:左右时间比为: 5.303305613196766比1
[2021-10-02 09:43:25][I]:YGGBUSD trigerd
[2021-10-02 09:43:26][I]:最高点后的118分钟， 拉升  
[2021-10-02 09:43:26][I]:LeftTime=30.0分钟，RightTime=88.4分钟
[2021-10-02 09:43:26][I]:左右时间比为: 0.3392189473451735比1
[2021-10-02 09:43:45][I]:最高点后的45 分钟之后，持续爆拉升突破前高10%... 
[2021-10-02 09:43:45][I]:high_24h=8.1 cur=8.26
[2021-10-02 09:48:35][I]:YGGBUSD trigerd
[2021-10-02 09:48:45][I]:最高点后的0-15分钟，持续爆拉升突破前高10%...
[2021-10-02 09:48:45][I]:high_24h=8.307 cur=8.441
[2021-10-02 09:49:27][I]:YGGBUSD trigerd
[2021-10-02 09:49:37][I]:最高点后的0-15分钟，持续爆拉升突破前高10%...
[2021-10-02 09:49:37][I]:high_24h=8.307 cur=8.482
[2021-10-02 09:51:12][I]:YGGBUSD trigerd
[2021-10-02 09:51:22][I]:最高点后的0-15分钟，持续爆拉升突破前高10%...
[2021-10-02 09:51:22][I]:high_24h=8.307 cur=8.573
[2021-10-02 09:51:53][I]:YGGBUSD trigerd
[2021-10-02 09:52:03][I]:最高点后的0-15分钟，持续爆拉升突破前高10%...
[2021-10-02 09:52:03][I]:high_24h=8.307 cur=8.58
[2021-10-02 09:55:52][I]:AERGOBUSD trigerd
[2021-10-02 09:56:02][I]:最高点后的0-15分钟，持续爆拉升突破前高10%...
[2021-10-02 09:56:02][I]:high_24h=0.3116 cur=0.32
[2021-10-02 09:56:44][I]:AERGOBUSD trigerd
[2021-10-02 09:56:54][I]:最高点后的0-15分钟，持续爆拉升突破前高10%...
[2021-10-02 09:56:54][I]:high_24h=0.3116 cur=0.3249
[2021-10-02 09:57:27][I]:AERGOBUSD trigerd
[2021-10-02 09:57:37][I]:最高点后的0-15分钟，持续爆拉升突破前高10%...
[2021-10-02 09:57:37][I]:high_24h=0.3116 cur=0.3289
[2021-10-02 09:59:48][I]:AERGOBUSD trigerd
[2021-10-02 09:59:58][I]:最高点后的0-15分钟，持续爆拉升突破前高10%...
[2021-10-02 09:59:58][I]:high_24h=0.3116 cur=0.3292
[2021-10-02 10:04:24][I]:YGGBUSD trigerd
[2021-10-02 10:04:35][I]:最高点后的0-15分钟，持续爆拉升突破前高... 
[2021-10-02 10:26:25][I]:YGGBUSD trigerd
[2021-10-02 10:26:35][I]:最高点后的0-15分钟,进入斐波区间 
[2021-10-02 11:04:11][I]:THETABUSD trigerd
[2021-10-02 11:04:12][I]:最高点后的214分钟， 拉升  
[2021-10-02 11:04:12][I]:LeftTime=75.0分钟，RightTime=139.分钟
[2021-10-02 11:04:12][I]:左右时间比为: 0.5387597632496999比1
[2021-10-02 11:04:31][I]:最高点后的45 分钟之后，持续爆拉升突破前高10%... 
[2021-10-02 11:04:31][I]:high_24h=6.07 cur=6.169
[2021-10-02 12:01:50][I]:CTKBUSD trigerd
[2021-10-02 12:02:01][I]:最高点后的15-45分钟 ， 跌落后进入斐波区间 
[2021-10-02 12:32:59][I]:AXSBUSD trigerd
[2021-10-02 12:33:01][I]:最高点后的228分钟， 拉升  
[2021-10-02 12:33:01][I]:LeftTime=195.分钟，RightTime=33.0分钟
[2021-10-02 12:33:01][I]:左右时间比为: 5.905808350898128比1
[2021-10-02 12:34:23][I]:AXSBUSD trigerd
[2021-10-02 12:34:23][I]:最高点后的229分钟， 拉升  
[2021-10-02 12:34:23][I]:LeftTime=195.分钟，RightTime=34.3分钟
[2021-10-02 12:34:23][I]:左右时间比为: 5.6686469055174875比1
[2021-10-02 13:59:28][I]:QUICKBUSD trigerd
[2021-10-02 13:59:29][I]:最高点后的1214分钟， 拉升  
[2021-10-02 13:59:29][I]:LeftTime=1110分钟，RightTime=104.分钟
[2021-10-02 13:59:29][I]:左右时间比为: 10.623272436031765比1
[2021-10-02 15:08:22][I]:ATABUSD trigerd
[2021-10-02 15:08:34][I]:最高点后的0-15分钟，持续爆拉升突破前高10%...
[2021-10-02 15:08:34][I]:high_24h=1.0238 cur=1.047
[2021-10-02 15:09:09][I]:ATABUSD trigerd
[2021-10-02 15:09:24][I]:最高点后的0-15分钟，持续爆拉升突破前高10%...
[2021-10-02 15:09:24][I]:high_24h=1.0238 cur=1.0444
[2021-10-02 15:09:55][I]:ATABUSD trigerd
[2021-10-02 15:10:06][I]:最高点后的0-15分钟，持续爆拉升突破前高10%...
[2021-10-02 15:10:06][I]:high_24h=1.0238 cur=1.0517
[2021-10-02 15:10:48][I]:ATABUSD trigerd
[2021-10-02 15:10:58][I]:最高点后的0-15分钟，持续爆拉升突破前高10%...
[2021-10-02 15:10:58][I]:high_24h=1.0238 cur=1.0821
[2021-10-02 15:11:29][I]:ATABUSD trigerd
[2021-10-02 15:11:39][I]:最高点后的0-15分钟，持续爆拉升突破前高10%...
[2021-10-02 15:11:39][I]:high_24h=1.0238 cur=1.0802
[2021-10-02 15:12:47][I]:ATABUSD trigerd
[2021-10-02 15:12:57][I]:最高点后的0-15分钟，持续爆拉升突破前高10%...
[2021-10-02 15:12:57][I]:high_24h=1.0238 cur=1.0845
[2021-10-02 15:14:12][I]:ATABUSD trigerd
[2021-10-02 15:14:23][I]:最高点后的0-15分钟，持续爆拉升突破前高10%...
[2021-10-02 15:14:23][I]:high_24h=1.0238 cur=1.0809
[2021-10-02 15:15:01][I]:ATABUSD trigerd
[2021-10-02 15:15:12][I]:最高点后的0-15分钟,进入斐波区间 
[2021-10-02 15:27:09][I]:MBOXBUSD trigerd
[2021-10-02 15:27:10][I]:最高点后的342分钟， 拉升  
[2021-10-02 15:27:10][I]:LeftTime=315.分钟，RightTime=27.1分钟
[2021-10-02 15:27:10][I]:左右时间比为: 11.590158309104087比1
[2021-10-02 15:27:43][I]:MBOXBUSD trigerd
[2021-10-02 15:27:43][I]:最高点后的342分钟， 拉升  
[2021-10-02 15:27:43][I]:LeftTime=315.分钟，RightTime=27.7分钟
[2021-10-02 15:27:43][I]:左右时间比为: 11.358423290846682比1
[2021-10-02 15:28:16][I]:MBOXBUSD trigerd
[2021-10-02 15:28:16][I]:最高点后的343分钟， 拉升  
[2021-10-02 15:28:16][I]:LeftTime=315.分钟，RightTime=28.2分钟
[2021-10-02 15:28:16][I]:左右时间比为: 11.137433622171283比1
[2021-10-02 15:28:49][I]:MBOXBUSD trigerd
[2021-10-02 15:28:50][I]:最高点后的343分钟， 拉升  
[2021-10-02 15:28:50][I]:LeftTime=315.分钟，RightTime=28.8分钟
[2021-10-02 15:28:50][I]:左右时间比为: 10.924226136975934比1
[2021-10-02 15:29:22][I]:MBOXBUSD trigerd
[2021-10-02 15:29:22][I]:最高点后的344分钟， 拉升  
[2021-10-02 15:29:22][I]:LeftTime=315.分钟，RightTime=29.3分钟
[2021-10-02 15:29:22][I]:左右时间比为: 10.72107370415318比1
[2021-10-02 15:29:55][I]:MBOXBUSD trigerd
[2021-10-02 15:29:56][I]:最高点后的344分钟， 拉升  
[2021-10-02 15:29:56][I]:LeftTime=315.分钟，RightTime=29.9分钟
[2021-10-02 15:29:56][I]:左右时间比为: 10.521145416282048比1
[2021-10-02 15:42:51][I]:IDEXBUSD trigerd
[2021-10-02 15:42:52][I]:最高点后的912分钟， 拉升  
[2021-10-02 15:42:52][I]:LeftTime=495.分钟，RightTime=417.分钟
[2021-10-02 15:42:52][I]:左右时间比为: 1.184572649474094比1
[2021-10-02 15:43:11][I]:最高点后的45 分钟之后，斐波区间下面的拉升
[2021-10-02 15:43:11][I]:high_24h=0.40505 cur=0.37585
[2021-10-02 15:43:41][I]:IDEXBUSD trigerd
[2021-10-02 15:43:42][I]:最高点后的913分钟， 拉升  
[2021-10-02 15:43:42][I]:LeftTime=495.分钟，RightTime=418.分钟
[2021-10-02 15:43:42][I]:左右时间比为: 1.1822109579909759比1
[2021-10-02 15:44:01][I]:最高点后的45 分钟之后，斐波区间下面的拉升
[2021-10-02 15:44:01][I]:high_24h=0.40505 cur=0.37967
[2021-10-02 15:44:32][I]:IDEXBUSD trigerd
[2021-10-02 15:44:33][I]:最高点后的914分钟， 拉升  
[2021-10-02 15:44:33][I]:LeftTime=495.分钟，RightTime=419.分钟
[2021-10-02 15:44:33][I]:左右时间比为: 1.179834180984453比1
[2021-10-02 15:44:52][I]:最高点后的45 分钟之后，斐波区间下面的拉升
[2021-10-02 15:44:52][I]:high_24h=0.40505 cur=0.37998
[2021-10-02 16:01:55][I]:ATABUSD trigerd
[2021-10-02 16:01:56][I]:最高点后的46分钟， 拉升  
[2021-10-02 16:01:56][I]:LeftTime=0.0分钟，RightTime=46.9分钟
[2021-10-02 16:01:56][I]:左右时间比为: 0.0比1
[2021-10-02 16:33:41][I]:ATABUSD trigerd
[2021-10-02 16:33:42][I]:最高点后的78分钟， 拉升  
[2021-10-02 16:33:42][I]:LeftTime=0.0分钟，RightTime=78.7分钟
[2021-10-02 16:33:42][I]:左右时间比为: 0.0比1
[2021-10-02 16:57:06][I]:BADGERBUSD trigerd
[2021-10-02 16:57:07][I]:最高点后的837分钟， 拉升  
[2021-10-02 16:57:07][I]:LeftTime=225.分钟，RightTime=612.分钟
[2021-10-02 16:57:07][I]:左右时间比为: 0.36757351440871566比1
[2021-10-02 16:57:26][I]:最高点后的45 分钟之后，斐波区间下面的拉升
[2021-10-02 16:57:26][I]:high_24h=19.83 cur=19.17
[2021-10-02 18:11:46][I]:TLMBUSD trigerd
[2021-10-02 18:11:47][I]:最高点后的611分钟， 拉升  
[2021-10-02 18:11:47][I]:LeftTime=285.分钟，RightTime=326.分钟
[2021-10-02 18:11:47][I]:左右时间比为: 0.8720964156256046比1
[2021-10-02 18:12:06][I]:最高点后的45 分钟之后，持续爆拉升突破前高10%... 
[2021-10-02 18:12:06][I]:high_24h=0.2084 cur=0.2111
[2021-10-02 18:12:36][I]:TLMBUSD trigerd
[2021-10-02 18:12:37][I]:最高点后的612分钟， 拉升  
[2021-10-02 18:12:37][I]:LeftTime=285.分钟，RightTime=327.分钟
[2021-10-02 18:12:37][I]:左右时间比为: 0.8698860240542242比1
[2021-10-02 18:12:56][I]:最高点后的45 分钟之后，持续爆拉升突破前高10%... 
[2021-10-02 18:12:56][I]:high_24h=0.2084 cur=0.2127
[2021-10-02 18:13:27][I]:TLMBUSD trigerd
[2021-10-02 18:13:28][I]:最高点后的613分钟， 拉升  
[2021-10-02 18:13:28][I]:LeftTime=285.分钟，RightTime=328.分钟
[2021-10-02 18:13:28][I]:左右时间比为: 0.8676546368099199比1
[2021-10-02 18:13:46][I]:最高点后的45 分钟之后，持续爆拉升突破前高10%... 
[2021-10-02 18:13:46][I]:high_24h=0.2084 cur=0.2128
[2021-10-02 18:14:18][I]:TLMBUSD trigerd
[2021-10-02 18:14:19][I]:最高点后的614分钟， 拉升  
[2021-10-02 18:14:19][I]:LeftTime=285.分钟，RightTime=329.分钟
[2021-10-02 18:14:19][I]:左右时间比为: 0.8654276217961462比1
