[2021-09-17 00:02:25][I]:PHABUSD trigerd
[2021-09-17 00:02:26][I]:最高点后的182.分钟， 低谷回落 再次 拉升 
[2021-09-17 00:02:35][I]:最高点后的45 分钟之后，斐波区间下面的拉升
[2021-09-17 00:02:35][I]:high_24h=1.23 cur=1.0848
[2021-09-17 00:03:12][I]:DYDXBUSD trigerd
[2021-09-17 00:03:22][I]:最高点后的0-15分钟，持续爆拉升突破前高... 
[2021-09-17 00:03:26][I]:MBOXBUSD trigerd
[2021-09-17 00:03:27][I]:最高点后的198.分钟， 低谷回落 再次 拉升 
[2021-09-17 00:03:36][I]:最高点后的45分钟之后， 大低谷回落 再次 进入斐波区间 
[2021-09-17 00:04:00][I]:PHABUSD trigerd
[2021-09-17 00:04:01][I]:最高点后的184.分钟， 低谷回落 再次 拉升 
[2021-09-17 00:04:11][I]:最高点后的45 分钟之后，斐波区间下面的拉升
[2021-09-17 00:04:11][I]:high_24h=1.23 cur=1.1014
[2021-09-17 00:05:01][I]:MBOXBUSD trigerd
[2021-09-17 00:05:02][I]:最高点后的200.分钟， 低谷回落 再次 拉升 
[2021-09-17 00:05:11][I]:最高点后的45分钟之后， 大低谷回落 再次 进入斐波区间 
[2021-09-17 00:06:56][I]:MBOXBUSD trigerd
[2021-09-17 00:06:57][I]:最高点后的201.分钟， 低谷回落 再次 拉升 
[2021-09-17 00:07:07][I]:最高点后的45 分钟之后，短期持续爆拉升突破前高... 
[2021-09-17 00:07:39][I]:AUDIOBUSD trigerd
[2021-09-17 00:07:49][I]:最高点后的0-15分钟，持续爆拉升突破前高10%...
[2021-09-17 00:07:49][I]:high_24h=2.449 cur=2.553
[2021-09-17 00:09:15][I]:AUDIOBUSD trigerd
[2021-09-17 00:09:25][I]:最高点后的0-15分钟，持续爆拉升突破前高10%...
[2021-09-17 00:09:25][I]:high_24h=2.449 cur=2.539
[2021-09-17 00:09:52][I]:DYDXBUSD trigerd
[2021-09-17 00:10:02][I]:最高点后的0-15分钟，持续爆拉升突破前高... 
[2021-09-17 00:10:38][I]:AUDIOBUSD trigerd
[2021-09-17 00:10:48][I]:最高点后的0-15分钟，持续爆拉升突破前高10%...
[2021-09-17 00:10:48][I]:high_24h=2.449 cur=2.587
[2021-09-17 00:11:29][I]:AUDIOBUSD trigerd
[2021-09-17 00:11:39][I]:最高点后的0-15分钟，持续爆拉升突破前高10%...
[2021-09-17 00:11:39][I]:high_24h=2.449 cur=2.605
[2021-09-17 00:12:10][I]:AUDIOBUSD trigerd
[2021-09-17 00:12:21][I]:最高点后的0-15分钟，持续爆拉升突破前高10%...
[2021-09-17 00:12:21][I]:high_24h=2.449 cur=2.595
[2021-09-17 00:12:53][I]:AUDIOBUSD trigerd
[2021-09-17 00:13:03][I]:最高点后的0-15分钟，持续爆拉升突破前高10%...
[2021-09-17 00:13:03][I]:high_24h=2.449 cur=2.601
[2021-09-17 00:14:36][I]:AUDIOBUSD trigerd
[2021-09-17 00:14:47][I]:最高点后的0-15分钟，持续爆拉升突破前高10%...
[2021-09-17 00:14:47][I]:high_24h=2.449 cur=2.599
[2021-09-17 00:17:35][I]:GALABUSD trigerd
[2021-09-17 00:17:36][I]:最高点后的92.6分钟， 低谷回落 再次 拉升 
[2021-09-17 00:17:45][I]:最高点后的45分钟之后， 大低谷回落 再次 进入斐波区间 
[2021-09-17 00:18:44][I]:GALABUSD trigerd
[2021-09-17 00:18:45][I]:最高点后的93.7分钟， 低谷回落 再次 拉升 
[2021-09-17 00:18:54][I]:最高点后的45分钟之后， 大低谷回落 再次 进入斐波区间 
[2021-09-17 00:19:52][I]:GALABUSD trigerd
[2021-09-17 00:19:53][I]:最高点后的94.8分钟， 低谷回落 再次 拉升 
[2021-09-17 00:20:02][I]:最高点后的45分钟之后， 大低谷回落 再次 进入斐波区间 
[2021-09-17 00:21:35][I]:GALABUSD trigerd
[2021-09-17 00:21:36][I]:最高点后的96.6分钟， 低谷回落 再次 拉升 
[2021-09-17 00:21:46][I]:最高点后的45分钟之后， 大低谷回落 再次 进入斐波区间 
[2021-09-17 00:22:38][I]:AVAXBUSD trigerd
[2021-09-17 00:22:49][I]:最高点后的0-15分钟，持续爆拉升突破前高... 
[2021-09-17 00:23:49][I]:PHABUSD trigerd
[2021-09-17 00:23:50][I]:最高点后的203.分钟， 低谷回落 再次 拉升 
[2021-09-17 00:23:59][I]:最高点后的45 分钟之后，斐波区间下面的拉升
[2021-09-17 00:23:59][I]:high_24h=1.23 cur=1.125
[2021-09-17 00:24:30][I]:PHABUSD trigerd
[2021-09-17 00:24:31][I]:最高点后的204.分钟， 低谷回落 再次 拉升 
[2021-09-17 00:24:40][I]:最高点后的45 分钟之后，斐波区间下面的拉升
[2021-09-17 00:24:40][I]:high_24h=1.23 cur=1.1299
[2021-09-17 00:31:55][I]:AUDIOBUSD trigerd
[2021-09-17 00:32:05][I]:最高点后的0-15分钟，持续爆拉升突破前高10%...
[2021-09-17 00:32:05][I]:high_24h=2.65 cur=2.709
[2021-09-17 00:32:36][I]:MBOXBUSD trigerd
[2021-09-17 00:32:47][I]:最高点后的15-45分钟 ，拉升突破前高...
[2021-09-17 00:33:08][I]:AUDIOBUSD trigerd
[2021-09-17 00:33:18][I]:最高点后的0-15分钟，持续爆拉升突破前高10%...
[2021-09-17 00:33:18][I]:high_24h=2.65 cur=2.698
[2021-09-17 00:33:48][I]:AUDIOBUSD trigerd
[2021-09-17 00:33:58][I]:最高点后的0-15分钟，持续爆拉升突破前高10%...
[2021-09-17 00:33:58][I]:high_24h=2.65 cur=2.697
[2021-09-17 00:43:50][I]:MBOXBUSD trigerd
[2021-09-17 00:44:00][I]:最高点后的15-45分钟 ，拉升突破前高...
[2021-09-17 00:44:19][I]:MBOXBUSD trigerd
[2021-09-17 00:44:29][I]:最高点后的15-45分钟 ，拉升突破前高...
[2021-09-17 00:44:49][I]:MBOXBUSD trigerd
[2021-09-17 00:44:59][I]:最高点后的15-45分钟，拉升突破前高10%... 
[2021-09-17 00:44:59][I]:high_24h=6.785 cur=6.945
[2021-09-17 00:51:22][I]:MBOXBUSD trigerd
[2021-09-17 00:51:32][I]:最高点后的0-15分钟，持续爆拉升突破前高10%...
[2021-09-17 00:51:32][I]:high_24h=6.95 cur=7.138
[2021-09-17 00:56:26][I]:MBOXBUSD trigerd
[2021-09-17 00:56:36][I]:最高点后的0-15分钟，持续爆拉升突破前高10%...
[2021-09-17 00:56:36][I]:high_24h=6.95 cur=7.223
[2021-09-17 00:57:07][I]:MBOXBUSD trigerd
[2021-09-17 00:57:18][I]:最高点后的0-15分钟，持续爆拉升突破前高10%...
[2021-09-17 00:57:18][I]:high_24h=6.95 cur=7.253
[2021-09-17 00:57:48][I]:MBOXBUSD trigerd
[2021-09-17 00:57:58][I]:最高点后的0-15分钟，持续爆拉升突破前高10%...
[2021-09-17 00:57:58][I]:high_24h=6.95 cur=7.281
[2021-09-17 01:02:32][I]:MBOXBUSD trigerd
[2021-09-17 01:02:42][I]:最高点后的0-15分钟,进入斐波区间 
[2021-09-17 01:03:13][I]:MBOXBUSD trigerd
[2021-09-17 01:03:23][I]:最高点后的0-15分钟,进入斐波区间 
[2021-09-17 01:03:53][I]:MBOXBUSD trigerd
[2021-09-17 01:04:04][I]:最高点后的0-15分钟,进入斐波区间 
[2021-09-17 01:04:34][I]:MBOXBUSD trigerd
[2021-09-17 01:04:44][I]:最高点后的0-15分钟，持续爆拉升突破前高... 
[2021-09-17 01:23:56][I]:AUDIOBUSD trigerd
[2021-09-17 01:24:06][I]:最高点后的0-15分钟，持续爆拉升突破前高... 
[2021-09-17 01:24:36][I]:AUDIOBUSD trigerd
[2021-09-17 01:24:46][I]:最高点后的0-15分钟，持续爆拉升突破前高... 
[2021-09-17 01:32:36][I]:GALABUSD trigerd
[2021-09-17 01:32:37][I]:最高点后的167.分钟， 低谷回落 再次 拉升 
[2021-09-17 01:32:46][I]:最高点后的45 分钟之后，斐波区间下面的拉升
[2021-09-17 01:32:46][I]:high_24h=0.14769 cur=0.11826
[2021-09-17 01:34:27][I]:GALABUSD trigerd
[2021-09-17 01:34:28][I]:最高点后的169.分钟， 低谷回落 再次 拉升 
[2021-09-17 01:34:37][I]:最高点后的45 分钟之后，斐波区间下面的拉升
[2021-09-17 01:34:37][I]:high_24h=0.14769 cur=0.11827
[2021-09-17 01:42:05][I]:SHIBBUSD trigerd
[2021-09-17 01:42:05][I]:最高点后的57.0分钟， 低谷回落 再次 拉升 
[2021-09-17 01:42:15][I]:最高点后的45 分钟之后，持续爆拉升突破前高10%... 
[2021-09-17 01:42:15][I]:high_24h=7.47e-06 cur=7.67e-06
[2021-09-17 01:42:45][I]:SHIBBUSD trigerd
[2021-09-17 01:42:46][I]:最高点后的57.7分钟， 低谷回落 再次 拉升 
[2021-09-17 01:42:55][I]:最高点后的45 分钟之后，持续爆拉升突破前高10%... 
[2021-09-17 01:42:55][I]:high_24h=7.47e-06 cur=7.68e-06
[2021-09-17 01:43:26][I]:SHIBBUSD trigerd
[2021-09-17 01:43:27][I]:最高点后的58.4分钟， 低谷回落 再次 拉升 
[2021-09-17 01:43:37][I]:最高点后的45 分钟之后，持续爆拉升突破前高10%... 
[2021-09-17 01:43:37][I]:high_24h=7.47e-06 cur=7.74e-06
[2021-09-17 01:44:13][I]:SHIBBUSD trigerd
[2021-09-17 01:44:14][I]:最高点后的59.2分钟， 低谷回落 再次 拉升 
[2021-09-17 01:44:23][I]:最高点后的45 分钟之后，持续爆拉升突破前高10%... 
[2021-09-17 01:44:23][I]:high_24h=7.47e-06 cur=7.74e-06
[2021-09-17 01:48:15][I]:SHIBBUSD trigerd
[2021-09-17 01:48:25][I]:最高点后的0-15分钟，持续爆拉升突破前高10%...
[2021-09-17 01:48:25][I]:high_24h=7.76e-06 cur=7.91e-06
[2021-09-17 01:48:56][I]:SHIBBUSD trigerd
[2021-09-17 01:49:06][I]:最高点后的0-15分钟，持续爆拉升突破前高10%...
[2021-09-17 01:49:06][I]:high_24h=7.76e-06 cur=7.94e-06
[2021-09-17 01:49:36][I]:SHIBBUSD trigerd
[2021-09-17 01:49:46][I]:最高点后的0-15分钟，持续爆拉升突破前高10%...
[2021-09-17 01:49:46][I]:high_24h=7.76e-06 cur=7.98e-06
[2021-09-17 02:03:11][I]:SHIBBUSD trigerd
[2021-09-17 02:03:22][I]:最高点后的0-15分钟，持续爆拉升突破前高... 
[2021-09-17 02:03:52][I]:SHIBBUSD trigerd
[2021-09-17 02:04:02][I]:最高点后的0-15分钟，持续爆拉升突破前高... 
[2021-09-17 02:04:33][I]:SHIBBUSD trigerd
[2021-09-17 02:04:43][I]:最高点后的0-15分钟，持续爆拉升突破前高10%...
[2021-09-17 02:04:43][I]:high_24h=8.03e-06 cur=8.17e-06
[2021-09-17 02:08:36][I]:SHIBBUSD trigerd
[2021-09-17 02:08:47][I]:最高点后的0-15分钟，持续爆拉升突破前高10%...
[2021-09-17 02:08:47][I]:high_24h=8.03e-06 cur=8.33e-06
[2021-09-17 02:09:57][I]:SHIBBUSD trigerd
[2021-09-17 02:10:07][I]:最高点后的0-15分钟，持续爆拉升突破前高10%...
[2021-09-17 02:10:07][I]:high_24h=8.03e-06 cur=8.35e-06
[2021-09-17 02:14:54][I]:SHIBBUSD trigerd
[2021-09-17 02:15:05][I]:最高点后的0-15分钟，持续爆拉升突破前高10%...
[2021-09-17 02:15:05][I]:high_24h=8.03e-06 cur=8.51e-06
[2021-09-17 02:22:17][I]:GALABUSD trigerd
[2021-09-17 02:22:18][I]:最高点后的217.分钟， 低谷回落 再次 拉升 
[2021-09-17 02:22:27][I]:最高点后的45 分钟之后，斐波区间下面的拉升
[2021-09-17 02:22:27][I]:high_24h=0.14769 cur=0.11106
[2021-09-17 02:22:57][I]:GALABUSD trigerd
[2021-09-17 02:22:58][I]:最高点后的217.分钟， 低谷回落 再次 拉升 
[2021-09-17 02:23:08][I]:最高点后的45 分钟之后，斐波区间下面的拉升
[2021-09-17 02:23:08][I]:high_24h=0.14769 cur=0.1111
[2021-09-17 02:23:38][I]:GALABUSD trigerd
[2021-09-17 02:23:38][I]:最高点后的218.分钟， 低谷回落 再次 拉升 
[2021-09-17 02:23:48][I]:最高点后的45 分钟之后，斐波区间下面的拉升
[2021-09-17 02:23:48][I]:high_24h=0.14769 cur=0.11147
[2021-09-17 02:24:18][I]:GALABUSD trigerd
[2021-09-17 02:24:19][I]:最高点后的219.分钟， 低谷回落 再次 拉升 
[2021-09-17 02:24:28][I]:最高点后的45 分钟之后，斐波区间下面的拉升
[2021-09-17 02:24:28][I]:high_24h=0.14769 cur=0.11149
[2021-09-17 02:24:50][I]:AUDIOBUSD trigerd
[2021-09-17 02:25:01][I]:最高点后的15-45分钟 ， 跌落后进入斐波区间 
[2021-09-17 02:31:12][I]:AUDIOBUSD trigerd
[2021-09-17 02:31:23][I]:最高点后的15-45分钟 ，拉升突破前高...
[2021-09-17 02:31:40][I]:AUDIOBUSD trigerd
[2021-09-17 02:31:50][I]:最高点后的15-45分钟 ，拉升突破前高...
[2021-09-17 02:33:32][I]:AUDIOBUSD trigerd
[2021-09-17 02:33:42][I]:最高点后的15-45分钟 ，拉升突破前高...
[2021-09-17 02:33:57][I]:AUDIOBUSD trigerd
[2021-09-17 02:34:07][I]:最高点后的15-45分钟 ，拉升突破前高...
[2021-09-17 02:45:46][I]:TORNBUSD trigerd
[2021-09-17 02:45:47][I]:最高点后的75.7分钟， 低谷回落 再次 拉升 
[2021-09-17 02:45:56][I]:最高点后的45 分钟之后，短期持续爆拉升突破前高... 
[2021-09-17 02:46:26][I]:TORNBUSD trigerd
[2021-09-17 02:46:27][I]:最高点后的76.4分钟， 低谷回落 再次 拉升 
[2021-09-17 02:46:36][I]:最高点后的45 分钟之后，持续爆拉升突破前高10%... 
[2021-09-17 02:46:36][I]:high_24h=78.73 cur=80.31
[2021-09-17 02:47:07][I]:TORNBUSD trigerd
[2021-09-17 02:47:08][I]:最高点后的77.1分钟， 低谷回落 再次 拉升 
[2021-09-17 02:47:17][I]:最高点后的45 分钟之后，持续爆拉升突破前高10%... 
[2021-09-17 02:47:17][I]:high_24h=78.73 cur=80.26
[2021-09-17 02:47:49][I]:TORNBUSD trigerd
[2021-09-17 02:47:50][I]:最高点后的77.8分钟， 低谷回落 再次 拉升 
[2021-09-17 02:47:59][I]:最高点后的45 分钟之后，持续爆拉升突破前高10%... 
[2021-09-17 02:47:59][I]:high_24h=78.73 cur=80.44
[2021-09-17 02:48:30][I]:TORNBUSD trigerd
[2021-09-17 02:48:30][I]:最高点后的78.5分钟， 低谷回落 再次 拉升 
[2021-09-17 02:48:40][I]:最高点后的45 分钟之后，持续爆拉升突破前高10%... 
[2021-09-17 02:48:40][I]:high_24h=78.73 cur=82.79
[2021-09-17 02:49:09][I]:TORNBUSD trigerd
[2021-09-17 02:49:10][I]:最高点后的79.1分钟， 低谷回落 再次 拉升 
[2021-09-17 02:49:19][I]:最高点后的45 分钟之后，持续爆拉升突破前高10%... 
[2021-09-17 02:49:19][I]:high_24h=78.73 cur=84.54
