[2021-08-28 00:01:53][I]:ATABUSD trigerd
[2021-08-28 00:03:22][I]:ARBUSD trigerd
[2021-08-28 00:04:11][I]:ATABUSD trigerd
[2021-08-28 00:05:43][I]:ARBUSD trigerd
[2021-08-28 00:07:06][I]:ATABUSD trigerd
[2021-08-28 00:07:53][I]:ARBUSD trigerd
[2021-08-28 00:09:36][I]:ATABUSD trigerd
[2021-08-28 00:16:18][I]:ARBUSD trigerd
[2021-08-28 00:17:23][I]:ARBUSD trigerd
[2021-08-28 00:18:49][I]:ARBUSD trigerd
[2021-08-28 00:19:28][I]:ARBUSD trigerd
[2021-08-28 00:24:44][I]:ERNBUSD trigerd
[2021-08-28 00:29:22][I]:TKOBUSD trigerd
[2021-08-28 00:32:00][I]:ARBUSD trigerd
[2021-08-28 00:38:28][I]:KP3RBUSD trigerd
[2021-08-28 00:39:06][I]:KP3RBUSD trigerd
[2021-08-28 00:39:44][I]:MBOXBUSD trigerd
[2021-08-28 00:40:44][I]:KP3RBUSD trigerd
[2021-08-28 00:41:28][I]:KP3RBUSD trigerd
[2021-08-28 00:42:08][I]:KP3RBUSD trigerd
[2021-08-28 00:43:30][I]:RAYBUSD trigerd
[2021-08-28 00:43:55][I]:ARBUSD trigerd
[2021-08-28 00:44:37][I]:ARBUSD trigerd
[2021-08-28 00:46:49][I]:ATABUSD trigerd
[2021-08-28 00:47:10][I]:ATABUSD trigerd
[2021-08-28 00:47:51][I]:ATABUSD trigerd
[2021-08-28 00:53:59][I]:KP3RBUSD trigerd
[2021-08-28 00:54:40][I]:KP3RBUSD trigerd
[2021-08-28 01:01:18][I]:KP3RBUSD trigerd
[2021-08-28 01:01:59][I]:KP3RBUSD trigerd
[2021-08-28 01:03:50][I]:KP3RBUSD trigerd
[2021-08-28 01:13:03][I]:MBOXBUSD trigerd
[2021-08-28 01:13:43][I]:MBOXBUSD trigerd
[2021-08-28 01:14:44][I]:MBOXBUSD trigerd
[2021-08-28 01:27:46][I]:ARBUSD trigerd
[2021-08-28 01:31:33][I]:KP3RBUSD trigerd
[2021-08-28 01:36:29][I]:RAYBUSD trigerd
[2021-08-28 01:38:14][I]:RAYBUSD trigerd
[2021-08-28 01:42:36][I]:ARBUSD trigerd
[2021-08-28 01:44:22][I]:RAYBUSD trigerd
[2021-08-28 02:36:47][I]:CVPBUSD trigerd
[2021-08-28 03:14:45][I]:ATABUSD trigerd
[2021-08-28 03:39:54][I]:ARBUSD trigerd
[2021-08-28 03:42:19][I]:ARBUSD trigerd
[2021-08-28 03:42:38][I]:ARBUSD trigerd
[2021-08-28 03:43:31][I]:ARBUSD trigerd
[2021-08-28 03:49:04][I]:RAYBUSD trigerd
[2021-08-28 03:57:23][I]:ARBUSD trigerd
[2021-08-28 03:57:41][I]:ARBUSD trigerd
[2021-08-28 03:58:00][I]:ARBUSD trigerd
[2021-08-28 03:59:05][I]:ARBUSD trigerd
[2021-08-28 03:59:24][I]:ARBUSD trigerd
[2021-08-28 04:09:05][I]:ARBUSD trigerd
[2021-08-28 04:10:35][I]:ARBUSD trigerd
[2021-08-28 04:11:07][I]:ARBUSD trigerd
[2021-08-28 04:11:45][I]:ARBUSD trigerd
[2021-08-28 04:12:22][I]:ARBUSD trigerd
[2021-08-28 04:14:34][I]:ARBUSD trigerd
[2021-08-28 04:14:51][I]:ARBUSD trigerd
[2021-08-28 04:16:22][I]:ARBUSD trigerd
[2021-08-28 04:16:53][I]:ARBUSD trigerd
[2021-08-28 04:24:37][I]:KP3RBUSD trigerd
[2021-08-28 04:24:54][I]:KP3RBUSD trigerd
[2021-08-28 04:26:16][I]:ARBUSD trigerd
[2021-08-28 04:27:06][I]:ARBUSD trigerd
[2021-08-28 04:27:45][I]:ARBUSD trigerd
[2021-08-28 04:28:17][I]:ARBUSD trigerd
[2021-08-28 04:28:54][I]:ARBUSD trigerd
[2021-08-28 04:29:17][I]:ERNBUSD trigerd
[2021-08-28 04:37:35][I]:CVPBUSD trigerd
[2021-08-28 04:38:13][I]:CVPBUSD trigerd
[2021-08-28 04:39:17][I]:CVPBUSD trigerd
[2021-08-28 04:39:55][I]:CVPBUSD trigerd
[2021-08-28 04:54:00][I]:IOTXBUSD trigerd
[2021-08-28 04:54:39][I]:IOTXBUSD trigerd
[2021-08-28 05:01:57][I]:ARBUSD trigerd
[2021-08-28 05:02:29][I]:ARBUSD trigerd
[2021-08-28 05:03:22][I]:ARBUSD trigerd
[2021-08-28 05:03:46][I]:KP3RBUSD trigerd
[2021-08-28 05:04:21][I]:KP3RBUSD trigerd
[2021-08-28 05:04:59][I]:KP3RBUSD trigerd
[2021-08-28 05:09:51][I]:TORNBUSD trigerd
[2021-08-28 05:12:14][I]:KP3RBUSD trigerd
[2021-08-28 05:12:32][I]:KP3RBUSD trigerd
[2021-08-28 05:13:09][I]:KP3RBUSD trigerd
[2021-08-28 05:13:47][I]:KP3RBUSD trigerd
[2021-08-28 05:14:46][I]:KP3RBUSD trigerd
[2021-08-28 05:15:45][I]:CVPBUSD trigerd
[2021-08-28 05:17:21][I]:ARBUSD trigerd
[2021-08-28 05:17:39][I]:ARBUSD trigerd
[2021-08-28 06:07:11][I]:RAYBUSD trigerd
[2021-08-28 06:07:30][I]:RAYBUSD trigerd
[2021-08-28 06:09:44][I]:RAYBUSD trigerd
[2021-08-28 06:23:51][I]:ARBUSD trigerd
[2021-08-28 06:27:43][I]:KP3RBUSD trigerd
[2021-08-28 06:54:42][I]:HNTBUSD trigerd
[2021-08-28 07:03:34][I]:ATABUSD trigerd
[2021-08-28 07:08:19][I]:XECBUSD trigerd
[2021-08-28 07:09:20][I]:XECBUSD trigerd
[2021-08-28 07:13:31][I]:XECBUSD trigerd
[2021-08-28 07:19:45][I]:ATABUSD trigerd
[2021-08-28 07:28:47][I]:XECBUSD trigerd
[2021-08-28 07:29:24][I]:XECBUSD trigerd
[2021-08-28 07:52:57][I]:XECBUSD trigerd
[2021-08-28 07:53:34][I]:XECBUSD trigerd
[2021-08-28 07:54:32][I]:XECBUSD trigerd
[2021-08-28 08:01:35][I]:XECBUSD trigerd
[2021-08-28 08:02:12][I]:XECBUSD trigerd
[2021-08-28 08:03:23][I]:XECBUSD trigerd
[2021-08-28 08:04:21][I]:XECBUSD trigerd
[2021-08-28 08:04:53][I]:BTGBUSD trigerd
[2021-08-28 08:28:59][I]:TKOBUSD trigerd
[2021-08-28 08:30:00][I]:TKOBUSD trigerd
[2021-08-28 08:50:52][I]:XECBUSD trigerd
[2021-08-28 08:51:50][I]:XECBUSD trigerd
[2021-08-28 08:53:10][I]:KSMBUSD trigerd
[2021-08-28 09:11:22][I]:XECBUSD trigerd
[2021-08-28 09:12:00][I]:XECBUSD trigerd
[2021-08-28 09:14:07][I]:XECBUSD trigerd
[2021-08-28 09:19:31][I]:KP3RBUSD trigerd
[2021-08-28 09:20:50][I]:XECBUSD trigerd
[2021-08-28 09:21:28][I]:XECBUSD trigerd
[2021-08-28 09:22:29][I]:XECBUSD trigerd
[2021-08-28 09:23:29][I]:XECBUSD trigerd
[2021-08-28 09:24:30][I]:XECBUSD trigerd
[2021-08-28 09:25:59][I]:XECBUSD trigerd
[2021-08-28 09:26:56][I]:XECBUSD trigerd
[2021-08-28 09:28:08][I]:XECBUSD trigerd
[2021-08-28 09:43:56][I]:MASKBUSD trigerd
[2021-08-28 09:44:54][I]:MASKBUSD trigerd
[2021-08-28 09:49:17][I]:RAYBUSD trigerd
[2021-08-28 09:50:53][I]:ARBUSD trigerd
[2021-08-28 09:52:38][I]:ARBUSD trigerd
[2021-08-28 09:56:16][I]:RAYBUSD trigerd
[2021-08-28 09:56:44][I]:XTZBUSD trigerd
[2021-08-28 09:57:38][I]:RAYBUSD trigerd
[2021-08-28 09:58:53][I]:RAYBUSD trigerd
[2021-08-28 10:17:43][I]:RAYBUSD trigerd
[2021-08-28 10:18:36][I]:RAYBUSD trigerd
[2021-08-28 10:19:34][I]:RAYBUSD trigerd
[2021-08-28 10:24:31][I]:SANDBUSD trigerd
[2021-08-28 10:32:24][I]:RAYBUSD trigerd
[2021-08-28 10:33:58][I]:RAYBUSD trigerd
[2021-08-28 10:42:04][I]:ARBUSD trigerd
[2021-08-28 10:44:15][I]:ARBUSD trigerd
[2021-08-28 10:46:34][I]:XECBUSD trigerd
[2021-08-28 10:47:14][I]:XECBUSD trigerd
[2021-08-28 10:47:51][I]:XECBUSD trigerd
[2021-08-28 10:49:59][I]:XECBUSD trigerd
[2021-08-28 11:07:42][I]:MASKBUSD trigerd
[2021-08-28 11:08:18][I]:MASKBUSD trigerd
[2021-08-28 11:09:10][I]:MASKBUSD trigerd
[2021-08-28 11:09:48][I]:MASKBUSD trigerd
[2021-08-28 11:10:50][I]:MASKBUSD trigerd
[2021-08-28 11:16:18][I]:MASKBUSD trigerd
[2021-08-28 11:16:54][I]:MASKBUSD trigerd
[2021-08-28 11:17:32][I]:MASKBUSD trigerd
[2021-08-28 11:31:14][I]:MASKBUSD trigerd
[2021-08-28 11:31:35][I]:MASKBUSD trigerd
[2021-08-28 11:36:08][I]:MASKBUSD trigerd
[2021-08-28 11:36:26][I]:MASKBUSD trigerd
[2021-08-28 11:39:18][I]:MASKBUSD trigerd
[2021-08-28 11:46:51][I]:RAYBUSD trigerd
[2021-08-28 11:47:31][I]:RAYBUSD trigerd
[2021-08-28 11:47:50][I]:RAYBUSD trigerd
[2021-08-28 11:54:34][I]:XECBUSD trigerd
[2021-08-28 12:02:28][I]:XECBUSD trigerd
[2021-08-28 12:03:37][I]:XECBUSD trigerd
[2021-08-28 12:04:15][I]:XECBUSD trigerd
[2021-08-28 12:04:53][I]:XECBUSD trigerd
[2021-08-28 12:08:12][I]:KP3RBUSD trigerd
[2021-08-28 12:08:49][I]:KP3RBUSD trigerd
[2021-08-28 12:09:28][I]:KP3RBUSD trigerd
[2021-08-28 12:17:56][I]:KP3RBUSD trigerd
[2021-08-28 12:26:38][I]:SANDBUSD trigerd
[2021-08-28 12:27:18][I]:SANDBUSD trigerd
[2021-08-28 12:27:55][I]:SANDBUSD trigerd
[2021-08-28 12:28:34][I]:SANDBUSD trigerd
[2021-08-28 12:29:59][I]:SANDBUSD trigerd
[2021-08-28 12:36:37][I]:MASKBUSD trigerd
[2021-08-28 12:58:55][I]:XECBUSD trigerd
[2021-08-28 13:02:51][I]:RAYBUSD trigerd
[2021-08-28 13:03:33][I]:RAYBUSD trigerd
[2021-08-28 13:04:17][I]:RAYBUSD trigerd
[2021-08-28 13:04:37][I]:RAYBUSD trigerd
[2021-08-28 13:04:59][I]:RAYBUSD trigerd
[2021-08-28 13:23:23][I]:XECBUSD trigerd
[2021-08-28 13:23:44][I]:XECBUSD trigerd
[2021-08-28 13:24:23][I]:XECBUSD trigerd
[2021-08-28 13:29:10][I]:BADGERBUSD trigerd
[2021-08-28 13:29:30][I]:BADGERBUSD trigerd
[2021-08-28 13:29:53][I]:BADGERBUSD trigerd
[2021-08-28 13:33:21][I]:XECBUSD trigerd
[2021-08-28 13:33:40][I]:XECBUSD trigerd
[2021-08-28 13:33:59][I]:XECBUSD trigerd
[2021-08-28 13:34:36][I]:XECBUSD trigerd
[2021-08-28 13:34:54][I]:XECBUSD trigerd
[2021-08-28 13:41:11][I]:XECBUSD trigerd
[2021-08-28 13:41:29][I]:XECBUSD trigerd
[2021-08-28 13:41:46][I]:XECBUSD trigerd
[2021-08-28 13:42:18][I]:XECBUSD trigerd
[2021-08-28 13:43:14][I]:XECBUSD trigerd
[2021-08-28 13:43:32][I]:XECBUSD trigerd
[2021-08-28 14:06:32][I]:XECBUSD trigerd
[2021-08-28 14:06:52][I]:XECBUSD trigerd
[2021-08-28 14:07:10][I]:XECBUSD trigerd
[2021-08-28 14:07:35][I]:XECBUSD trigerd
[2021-08-28 14:07:54][I]:XECBUSD trigerd
[2021-08-28 14:09:31][I]:XECBUSD trigerd
[2021-08-28 14:09:52][I]:XECBUSD trigerd
[2021-08-28 14:23:58][I]:BADGERBUSD trigerd
[2021-08-28 14:24:17][I]:BADGERBUSD trigerd
[2021-08-28 14:27:11][I]:XECBUSD trigerd
[2021-08-28 14:27:48][I]:XECBUSD trigerd
[2021-08-28 14:29:45][I]:XECBUSD trigerd
[2021-08-28 14:39:56][I]:MASKBUSD trigerd
[2021-08-28 14:52:52][I]:BADGERBUSD trigerd
[2021-08-28 15:04:35][I]:RAYBUSD trigerd
[2021-08-28 15:04:53][I]:RAYBUSD trigerd
[2021-08-28 15:08:37][I]:RAYBUSD trigerd
[2021-08-28 15:09:16][I]:RAYBUSD trigerd
[2021-08-28 15:09:34][I]:RAYBUSD trigerd
[2021-08-28 15:13:37][I]:FARMBUSD trigerd
[2021-08-28 15:13:57][I]:FARMBUSD trigerd
[2021-08-28 15:14:37][I]:FARMBUSD trigerd
[2021-08-28 15:23:23][I]:RAYBUSD trigerd
[2021-08-28 15:23:36][I]:FARMBUSD trigerd
[2021-08-28 15:24:21][I]:RAYBUSD trigerd
[2021-08-28 15:24:36][I]:RAYBUSD trigerd
[2021-08-28 15:25:46][I]:FISBUSD trigerd
[2021-08-28 15:26:24][I]:FISBUSD trigerd
[2021-08-28 15:27:04][I]:FARMBUSD trigerd
[2021-08-28 15:28:09][I]:FISBUSD trigerd
[2021-08-28 15:29:07][I]:FISBUSD trigerd
[2021-08-28 15:29:49][I]:FISBUSD trigerd
[2021-08-28 15:37:30][I]:RAYBUSD trigerd
[2021-08-28 15:37:48][I]:RAYBUSD trigerd
[2021-08-28 15:39:49][I]:RAYBUSD trigerd
[2021-08-28 15:41:00][I]:FARMBUSD trigerd
[2021-08-28 15:41:39][I]:FARMBUSD trigerd
[2021-08-28 15:42:20][I]:FARMBUSD trigerd
[2021-08-28 15:43:00][I]:FARMBUSD trigerd
[2021-08-28 15:48:14][I]:ATABUSD trigerd
[2021-08-28 15:48:54][I]:ATABUSD trigerd
[2021-08-28 15:49:33][I]:ATABUSD trigerd
[2021-08-28 15:54:51][I]:FISBUSD trigerd
[2021-08-28 15:56:27][I]:ATABUSD trigerd
[2021-08-28 15:57:08][I]:ATABUSD trigerd
[2021-08-28 16:01:24][I]:RAYBUSD trigerd
[2021-08-28 16:03:29][I]:RAYBUSD trigerd
[2021-08-28 16:03:54][I]:FARMBUSD trigerd
[2021-08-28 16:04:30][I]:XECBUSD trigerd
[2021-08-28 16:04:59][I]:FARMBUSD trigerd
[2021-08-28 16:05:50][I]:FARMBUSD trigerd
[2021-08-28 16:06:29][I]:FARMBUSD trigerd
[2021-08-28 16:07:24][I]:FARMBUSD trigerd
[2021-08-28 16:08:09][I]:FARMBUSD trigerd
[2021-08-28 16:08:38][I]:ALICEBUSD trigerd
[2021-08-28 16:09:22][I]:FARMBUSD trigerd
[2021-08-28 16:09:50][I]:ALICEBUSD trigerd
[2021-08-28 16:23:14][I]:FARMBUSD trigerd
[2021-08-28 16:41:27][I]:ATABUSD trigerd
[2021-08-28 16:41:51][I]:ATABUSD trigerd
[2021-08-28 16:44:36][I]:ATABUSD trigerd
[2021-08-28 16:44:58][I]:ATABUSD trigerd
[2021-08-28 16:47:42][I]:ATABUSD trigerd
[2021-08-28 16:49:17][I]:XECBUSD trigerd
[2021-08-28 16:49:35][I]:XECBUSD trigerd
[2021-08-28 16:50:42][I]:XECBUSD trigerd
[2021-08-28 16:52:22][I]:XECBUSD trigerd
[2021-08-28 16:53:48][I]:XECBUSD trigerd
[2021-08-28 16:54:30][I]:XECBUSD trigerd
[2021-08-28 16:57:50][I]:FARMBUSD trigerd
[2021-08-28 16:58:32][I]:FARMBUSD trigerd
[2021-08-28 16:58:55][I]:FARMBUSD trigerd
[2021-08-28 17:01:39][I]:FARMBUSD trigerd
[2021-08-28 17:01:58][I]:FARMBUSD trigerd
[2021-08-28 17:02:17][I]:FARMBUSD trigerd
[2021-08-28 17:02:36][I]:FARMBUSD trigerd
[2021-08-28 17:02:55][I]:FARMBUSD trigerd
[2021-08-28 17:03:14][I]:FARMBUSD trigerd
[2021-08-28 17:03:32][I]:FARMBUSD trigerd
[2021-08-28 17:03:51][I]:FARMBUSD trigerd
[2021-08-28 17:06:57][I]:XECBUSD trigerd
[2021-08-28 17:07:52][I]:FARMBUSD trigerd
[2021-08-28 17:08:28][I]:XECBUSD trigerd
[2021-08-28 17:08:34][I]:FARMBUSD trigerd
[2021-08-28 17:08:56][I]:XECBUSD trigerd
[2021-08-28 17:09:20][I]:XECBUSD trigerd
[2021-08-28 17:10:34][I]:XECBUSD trigerd
[2021-08-28 17:10:40][I]:FARMBUSD trigerd
[2021-08-28 17:10:57][I]:XECBUSD trigerd
[2021-08-28 17:12:14][I]:FARMBUSD trigerd
[2021-08-28 17:12:50][I]:FARMBUSD trigerd
[2021-08-28 17:14:17][I]:FARMBUSD trigerd
[2021-08-28 17:14:27][I]:SANDBUSD trigerd
[2021-08-28 17:14:46][I]:SANDBUSD trigerd
[2021-08-28 17:20:40][I]:FARMBUSD trigerd
[2021-08-28 17:21:18][I]:FARMBUSD trigerd
[2021-08-28 17:21:45][I]:FARMBUSD trigerd
[2021-08-28 17:22:57][I]:FARMBUSD trigerd
[2021-08-28 17:23:22][I]:FARMBUSD trigerd
[2021-08-28 17:23:52][I]:FARMBUSD trigerd
[2021-08-28 17:24:19][I]:FARMBUSD trigerd
[2021-08-28 17:24:40][I]:FARMBUSD trigerd
[2021-08-28 17:25:25][I]:FARMBUSD trigerd
[2021-08-28 17:25:52][I]:FARMBUSD trigerd
[2021-08-28 17:26:11][I]:FARMBUSD trigerd
[2021-08-28 17:26:31][I]:FARMBUSD trigerd
[2021-08-28 17:29:14][I]:FARMBUSD trigerd
[2021-08-28 17:29:51][I]:FARMBUSD trigerd
[2021-08-28 17:33:49][I]:LTOBUSD trigerd
[2021-08-28 17:34:08][I]:LTOBUSD trigerd
[2021-08-28 17:34:25][I]:LTOBUSD trigerd
[2021-08-28 17:34:43][I]:LTOBUSD trigerd
[2021-08-28 17:35:34][I]:LTOBUSD trigerd
[2021-08-28 17:35:54][I]:LTOBUSD trigerd
[2021-08-28 17:36:11][I]:LTOBUSD trigerd
[2021-08-28 17:36:30][I]:LTOBUSD trigerd
[2021-08-28 17:36:52][I]:LTOBUSD trigerd
[2021-08-28 17:38:21][I]:LTOBUSD trigerd
[2021-08-28 17:38:39][I]:LTOBUSD trigerd
[2021-08-28 17:38:57][I]:LTOBUSD trigerd
[2021-08-28 17:52:59][I]:KP3RBUSD trigerd
[2021-08-28 17:55:54][I]:KP3RBUSD trigerd
[2021-08-28 17:56:35][I]:KP3RBUSD trigerd
[2021-08-28 17:57:14][I]:KP3RBUSD trigerd
[2021-08-28 17:58:06][I]:KP3RBUSD trigerd
[2021-08-28 17:58:44][I]:KP3RBUSD trigerd
[2021-08-28 18:03:29][I]:ATABUSD trigerd
[2021-08-28 18:08:24][I]:XECBUSD trigerd
[2021-08-28 18:13:04][I]:FARMBUSD trigerd
[2021-08-28 18:13:42][I]:FARMBUSD trigerd
[2021-08-28 18:14:21][I]:FARMBUSD trigerd
[2021-08-28 18:15:00][I]:FARMBUSD trigerd
[2021-08-28 18:22:19][I]:HOTBUSD trigerd
[2021-08-28 18:23:00][I]:HOTBUSD trigerd
[2021-08-28 18:34:13][I]:XECBUSD trigerd
[2021-08-28 18:34:31][I]:XECBUSD trigerd
[2021-08-28 18:41:08][I]:XECBUSD trigerd
[2021-08-28 18:41:29][I]:XECBUSD trigerd
[2021-08-28 18:42:37][I]:XECBUSD trigerd
[2021-08-28 18:43:28][I]:XECBUSD trigerd
[2021-08-28 18:43:46][I]:XECBUSD trigerd
[2021-08-28 18:44:25][I]:XECBUSD trigerd
[2021-08-28 18:57:58][I]:EPSBUSD trigerd
[2021-08-28 18:58:18][I]:EPSBUSD trigerd
[2021-08-28 18:58:57][I]:EPSBUSD trigerd
[2021-08-28 18:59:51][I]:EPSBUSD trigerd
[2021-08-28 19:01:57][I]:EPSBUSD trigerd
[2021-08-28 19:02:19][I]:EPSBUSD trigerd
[2021-08-28 19:03:00][I]:EPSBUSD trigerd
[2021-08-28 19:03:42][I]:EPSBUSD trigerd
[2021-08-28 19:04:47][I]:XECBUSD trigerd
[2021-08-28 19:14:25][I]:HEGICBUSD trigerd
[2021-08-28 19:16:31][I]:EPSBUSD trigerd
[2021-08-28 19:17:12][I]:EPSBUSD trigerd
[2021-08-28 19:17:55][I]:EPSBUSD trigerd
[2021-08-28 19:19:09][I]:EPSBUSD trigerd
[2021-08-28 19:19:30][I]:EPSBUSD trigerd
[2021-08-28 19:22:31][I]:EPSBUSD trigerd
[2021-08-28 19:24:25][I]:ALICEBUSD trigerd
[2021-08-28 19:44:30][I]:FARMBUSD trigerd
[2021-08-28 20:01:45][I]:EPSBUSD trigerd
[2021-08-28 20:02:43][I]:EPSBUSD trigerd
[2021-08-28 20:04:52][I]:EPSBUSD trigerd
[2021-08-28 20:07:25][I]:EPSBUSD trigerd
[2021-08-28 20:23:18][I]:ARBUSD trigerd
[2021-08-28 20:23:59][I]:ARBUSD trigerd
[2021-08-28 20:26:25][I]:ARBUSD trigerd
[2021-08-28 20:27:07][I]:ARBUSD trigerd
[2021-08-28 20:28:00][I]:ARBUSD trigerd
[2021-08-28 20:29:50][I]:ARBUSD trigerd
[2021-08-28 20:33:50][I]:ARBUSD trigerd
[2021-08-28 20:34:09][I]:ARBUSD trigerd
[2021-08-28 20:34:50][I]:ARBUSD trigerd
[2021-08-28 20:39:47][I]:SRMBUSD trigerd
[2021-08-28 20:43:50][I]:SRMBUSD trigerd
[2021-08-28 20:47:37][I]:XECBUSD trigerd
[2021-08-28 20:52:12][I]:FARMBUSD trigerd
[2021-08-28 21:04:13][I]:BADGERBUSD trigerd
[2021-08-28 21:16:48][I]:XECBUSD trigerd
[2021-08-28 21:17:31][I]:FARMBUSD trigerd
[2021-08-28 21:18:24][I]:GTCBUSD trigerd
[2021-08-28 21:18:56][I]:FARMBUSD trigerd
[2021-08-28 21:34:25][I]:EPSBUSD trigerd
[2021-08-28 21:38:54][I]:ARBUSD trigerd
[2021-08-28 21:43:56][I]:EPSBUSD trigerd
[2021-08-28 21:44:36][I]:EPSBUSD trigerd
[2021-08-28 22:04:57][I]:RAYBUSD trigerd
[2021-08-28 22:05:57][I]:RAYBUSD trigerd
[2021-08-28 22:07:24][I]:RAYBUSD trigerd
[2021-08-28 22:08:23][I]:RAYBUSD trigerd
[2021-08-28 22:09:26][I]:RAYBUSD trigerd
[2021-08-28 22:12:55][I]:RAYBUSD trigerd
[2021-08-28 22:14:09][I]:RAYBUSD trigerd
[2021-08-28 22:18:31][I]:DEGOBUSD trigerd
[2021-08-28 22:19:22][I]:XECBUSD trigerd
[2021-08-28 22:50:55][I]:RAYBUSD trigerd
[2021-08-28 22:52:33][I]:RAYBUSD trigerd
[2021-08-28 22:53:30][I]:TLMBUSD trigerd
[2021-08-28 22:54:07][I]:TLMBUSD trigerd
[2021-08-28 22:54:45][I]:TLMBUSD trigerd
[2021-08-28 22:57:12][I]:EPSBUSD trigerd
[2021-08-28 22:57:53][I]:EPSBUSD trigerd
[2021-08-28 22:59:15][I]:EPSBUSD trigerd
[2021-08-28 22:59:45][I]:TLMBUSD trigerd
[2021-08-28 23:01:06][I]:RAYBUSD trigerd
[2021-08-28 23:01:46][I]:RAYBUSD trigerd
[2021-08-28 23:02:47][I]:RAYBUSD trigerd
[2021-08-28 23:03:46][I]:RAYBUSD trigerd
[2021-08-28 23:04:46][I]:RAYBUSD trigerd
[2021-08-28 23:11:50][I]:SKLBUSD trigerd
[2021-08-28 23:12:52][I]:XECBUSD trigerd
[2021-08-28 23:13:47][I]:SKLBUSD trigerd
[2021-08-28 23:16:40][I]:RAYBUSD trigerd
[2021-08-28 23:19:33][I]:XECBUSD trigerd
[2021-08-28 23:20:20][I]:RAYBUSD trigerd
[2021-08-28 23:21:51][I]:SRMBUSD trigerd
[2021-08-28 23:22:30][I]:RAYBUSD trigerd
[2021-08-28 23:23:40][I]:RAYBUSD trigerd
[2021-08-28 23:27:53][I]:AUDIOBUSD trigerd
[2021-08-28 23:28:26][I]:XECBUSD trigerd
[2021-08-28 23:28:53][I]:EPSBUSD trigerd
[2021-08-28 23:29:59][I]:EPSBUSD trigerd
[2021-08-28 23:32:12][I]:ARBUSD trigerd
[2021-08-28 23:32:34][I]:ARBUSD trigerd
[2021-08-28 23:32:55][I]:ARBUSD trigerd
[2021-08-28 23:34:31][I]:ARBUSD trigerd
[2021-08-28 23:34:54][I]:ARBUSD trigerd
[2021-08-28 23:35:59][I]:RAYBUSD trigerd
[2021-08-28 23:36:44][I]:RAYBUSD trigerd
[2021-08-28 23:37:54][I]:BADGERBUSD trigerd
[2021-08-28 23:38:07][I]:GTCBUSD trigerd
[2021-08-28 23:38:59][I]:AUDIOBUSD trigerd
[2021-08-28 23:39:51][I]:BADGERBUSD trigerd
[2021-08-28 23:40:34][I]:RAYBUSD trigerd
[2021-08-28 23:43:10][I]:BADGERBUSD trigerd
[2021-08-28 23:43:54][I]:ARBUSD trigerd
[2021-08-28 23:44:47][I]:ARBUSD trigerd
[2021-08-28 23:48:15][I]:ARBUSD trigerd
[2021-08-28 23:48:26][I]:AUDIOBUSD trigerd
[2021-08-28 23:48:51][I]:ARBUSD trigerd
[2021-08-28 23:49:35][I]:ARBUSD trigerd
[2021-08-28 23:53:59][I]:ARBUSD trigerd
[2021-08-28 23:54:59][I]:ARBUSD trigerd
[2021-08-28 23:59:33][I]:AUDIOBUSD trigerd
