[2021-09-02 17:10:37][I]:JSTBUSD trigerd
[2021-09-02 17:10:54][I]:JSTBUSD trigerd
[2021-09-02 17:11:58][I]:JSTBUSD trigerd
[2021-09-02 17:17:20][I]:KP3RBUSD trigerd
[2021-09-02 17:18:51][I]:KP3RBUSD trigerd
[2021-09-02 17:20:47][I]:KP3RBUSD trigerd
[2021-09-02 17:21:50][I]:KP3RBUSD trigerd
[2021-09-02 17:22:29][I]:KP3RBUSD trigerd
[2021-09-02 17:23:32][I]:KP3RBUSD trigerd
[2021-09-02 17:24:11][I]:KP3RBUSD trigerd
[2021-09-02 17:24:55][I]:MASKBUSD trigerd
[2021-09-02 17:32:31][I]:XECBUSD trigerd
[2021-09-02 17:33:23][I]:XECBUSD trigerd
[2021-09-02 17:34:30][I]:KSMBUSD trigerd
[2021-09-02 17:44:45][I]:SLPBUSD trigerd
[2021-09-02 17:47:28][I]:SLPBUSD trigerd
[2021-09-02 18:13:50][I]:XECBUSD trigerd
[2021-09-02 18:19:35][I]:SLPBUSD trigerd
[2021-09-02 18:29:39][I]:ACMBUSD trigerd
[2021-09-02 18:29:52][I]:SLPBUSD trigerd
[2021-09-02 18:54:01][I]:SLPBUSD trigerd
[2021-09-02 18:54:18][I]:IOTABUSD trigerd
[2021-09-02 18:54:44][I]:SLPBUSD trigerd
[2021-09-02 18:58:07][I]:JSTBUSD trigerd
[2021-09-02 18:58:21][I]:IOTABUSD trigerd
[2021-09-02 18:58:30][I]:JSTBUSD trigerd
[2021-09-02 18:59:03][I]:IOTABUSD trigerd
[2021-09-02 18:59:44][I]:IOTABUSD trigerd
[2021-09-02 19:03:37][I]:KP3RBUSD trigerd
[2021-09-02 19:03:56][I]:KP3RBUSD trigerd
[2021-09-02 19:04:35][I]:KP3RBUSD trigerd
[2021-09-02 19:06:34][I]:KP3RBUSD trigerd
[2021-09-02 19:09:20][I]:IOTABUSD trigerd
[2021-09-02 19:09:38][I]:IOTABUSD trigerd
[2021-09-02 19:42:23][I]:KP3RBUSD trigerd
[2021-09-02 19:42:28][I]:FTTBUSD trigerd
[2021-09-02 19:44:02][I]:KP3RBUSD trigerd
[2021-09-02 19:44:41][I]:KP3RBUSD trigerd
[2021-09-02 20:18:41][I]:IOTABUSD trigerd
[2021-09-02 20:26:43][I]:ANTBUSD trigerd
[2021-09-02 20:27:18][I]:ANTBUSD trigerd
[2021-09-02 20:28:28][I]:ANTBUSD trigerd
[2021-09-02 20:36:36][I]:IOTABUSD trigerd
[2021-09-02 20:36:53][I]:IOTABUSD trigerd
[2021-09-02 20:37:31][I]:IOTABUSD trigerd
[2021-09-02 20:40:25][I]:RAMPBUSD trigerd
[2021-09-02 20:40:42][I]:RAMPBUSD trigerd
[2021-09-02 20:41:36][I]:RAMPBUSD trigerd
[2021-09-02 20:42:10][I]:RAMPBUSD trigerd
[2021-09-02 20:42:45][I]:RAMPBUSD trigerd
[2021-09-02 20:43:36][I]:RAMPBUSD trigerd
[2021-09-02 20:44:12][I]:RAMPBUSD trigerd
[2021-09-02 20:48:38][I]:RAMPBUSD trigerd
[2021-09-02 20:49:58][I]:RAMPBUSD trigerd
[2021-09-02 21:05:08][I]:RAMPBUSD trigerd
[2021-09-02 21:05:24][I]:RAMPBUSD trigerd
[2021-09-02 21:05:43][I]:RAMPBUSD trigerd
[2021-09-02 21:06:44][I]:IOTABUSD trigerd
[2021-09-02 21:07:20][I]:RAMPBUSD trigerd
[2021-09-02 21:07:31][I]:SYSBUSD trigerd
[2021-09-02 21:08:22][I]:SYSBUSD trigerd
[2021-09-02 21:09:53][I]:XECBUSD trigerd
[2021-09-02 21:11:43][I]:RAMPBUSD trigerd
[2021-09-02 21:12:25][I]:RAMPBUSD trigerd
[2021-09-02 21:13:04][I]:RAMPBUSD trigerd
[2021-09-02 21:14:10][I]:RAMPBUSD trigerd
[2021-09-02 21:15:58][I]:RAMPBUSD trigerd
[2021-09-02 21:16:16][I]:RAMPBUSD trigerd
[2021-09-02 21:16:53][I]:RAMPBUSD trigerd
[2021-09-02 21:17:49][I]:RAMPBUSD trigerd
[2021-09-02 21:18:26][I]:RAMPBUSD trigerd
[2021-09-02 21:19:46][I]:RAMPBUSD trigerd
[2021-09-02 21:32:37][I]:RAMPBUSD trigerd
[2021-09-02 21:33:29][I]:RAMPBUSD trigerd
[2021-09-02 21:36:49][I]:RAMPBUSD trigerd
[2021-09-02 21:37:47][I]:SYSBUSD trigerd
[2021-09-02 21:38:12][I]:RAMPBUSD trigerd
[2021-09-02 21:46:46][I]:SYSBUSD trigerd
[2021-09-02 21:48:23][I]:RAMPBUSD trigerd
[2021-09-02 21:48:35][I]:SYSBUSD trigerd
[2021-09-02 21:49:50][I]:SYSBUSD trigerd
[2021-09-02 21:51:00][I]:SYSBUSD trigerd
[2021-09-02 21:54:02][I]:SYSBUSD trigerd
[2021-09-02 21:54:52][I]:ANTBUSD trigerd
[2021-09-02 21:56:32][I]:SYSBUSD trigerd
[2021-09-02 21:57:22][I]:ANTBUSD trigerd
[2021-09-02 21:58:49][I]:ANTBUSD trigerd
[2021-09-02 22:01:16][I]:ANTBUSD trigerd
[2021-09-02 22:04:06][I]:ANTBUSD trigerd
[2021-09-02 22:09:33][I]:ANTBUSD trigerd
[2021-09-02 22:12:18][I]:ANTBUSD trigerd
[2021-09-02 22:17:45][I]:ANTBUSD trigerd
[2021-09-02 22:52:35][I]:IOTABUSD trigerd
[2021-09-02 22:54:13][I]:IOTABUSD trigerd
[2021-09-02 23:01:25][I]:ANTBUSD trigerd
[2021-09-02 23:03:54][I]:ANTBUSD trigerd
[2021-09-02 23:04:50][I]:SYSBUSD trigerd
[2021-09-02 23:08:22][I]:CFXBUSD trigerd
[2021-09-02 23:09:13][I]:ANTBUSD trigerd
[2021-09-02 23:10:24][I]:ANTBUSD trigerd
[2021-09-02 23:12:28][I]:ANTBUSD trigerd
[2021-09-02 23:14:13][I]:CFXBUSD trigerd
[2021-09-02 23:24:04][I]:SYSBUSD trigerd
[2021-09-02 23:31:58][I]:DOCKBUSD trigerd
[2021-09-02 23:33:39][I]:DOCKBUSD trigerd
[2021-09-02 23:37:13][I]:DOCKBUSD trigerd
[2021-09-02 23:38:10][I]:DOCKBUSD trigerd
[2021-09-02 23:39:12][I]:DOCKBUSD trigerd
[2021-09-02 23:41:53][I]:RAMPBUSD trigerd
[2021-09-02 23:47:36][I]:ANTBUSD trigerd
[2021-09-02 23:49:03][I]:ANTBUSD trigerd
[2021-09-02 23:58:31][I]:ANTBUSD trigerd
[2021-09-02 23:59:28][I]:ANTBUSD trigerd
