[2021-09-14 15:51:42][I]:PONDBUSD trigerd
[2021-09-14 15:51:56][I]:PONDBUSD trigerd
[2021-09-14 15:56:28][I]:PONDBUSD trigerd
[2021-09-14 15:58:05][I]:PONDBUSD trigerd
[2021-09-14 15:58:18][I]:PONDBUSD trigerd
[2021-09-14 15:58:49][I]:PONDBUSD trigerd
[2021-09-14 15:59:22][I]:PONDBUSD trigerd
[2021-09-14 15:59:54][I]:PONDBUSD trigerd
[2021-09-14 16:01:58][I]:PONDBUSD trigerd
[2021-09-14 16:02:30][I]:PONDBUSD trigerd
[2021-09-14 16:03:03][I]:PONDBUSD trigerd
[2021-09-14 16:03:15][I]:PONDBUSD trigerd
[2021-09-14 16:03:47][I]:PONDBUSD trigerd
[2021-09-14 16:03:59][I]:PONDBUSD trigerd
[2021-09-14 16:06:24][I]:PONDBUSD trigerd
[2021-09-14 16:06:36][I]:PONDBUSD trigerd
[2021-09-14 16:06:48][I]:PONDBUSD trigerd
[2021-09-14 16:07:21][I]:PONDBUSD trigerd
[2021-09-14 16:07:34][I]:PONDBUSD trigerd
[2021-09-14 16:09:07][I]:PONDBUSD trigerd
[2021-09-14 16:12:33][I]:PONDBUSD trigerd
[2021-09-14 16:13:26][I]:C98BUSD trigerd
[2021-09-14 16:24:03][I]:HBARBUSD trigerd
[2021-09-14 16:26:26][I]:FRONTBUSD trigerd
[2021-09-14 16:26:57][I]:FRONTBUSD trigerd
[2021-09-14 16:27:28][I]:FRONTBUSD trigerd
[2021-09-14 16:28:00][I]:FRONTBUSD trigerd
[2021-09-14 16:29:25][I]:FRONTBUSD trigerd
[2021-09-14 16:29:57][I]:FRONTBUSD trigerd
[2021-09-14 16:38:42][I]:PONDBUSD trigerd
[2021-09-14 16:38:57][I]:PONDBUSD trigerd
[2021-09-14 16:43:24][I]:PONDBUSD trigerd
[2021-09-14 16:43:38][I]:PONDBUSD trigerd
[2021-09-14 16:44:10][I]:PONDBUSD trigerd
[2021-09-14 16:44:44][I]:PONDBUSD trigerd
[2021-09-14 17:08:52][I]:XECBUSD trigerd
[2021-09-14 17:09:04][I]:XECBUSD trigerd
[2021-09-14 17:09:36][I]:XECBUSD trigerd
[2021-09-14 17:42:55][I]:MINABUSD trigerd
[2021-09-14 17:43:08][I]:MINABUSD trigerd
[2021-09-14 17:43:39][I]:MINABUSD trigerd
[2021-09-14 17:51:49][I]:XECBUSD trigerd
[2021-09-14 17:52:00][I]:XECBUSD trigerd
[2021-09-14 17:52:32][I]:XECBUSD trigerd
[2021-09-14 17:53:12][I]:XECBUSD trigerd
[2021-09-14 17:53:43][I]:XECBUSD trigerd
[2021-09-14 17:53:56][I]:XECBUSD trigerd
[2021-09-14 17:57:26][I]:XECBUSD trigerd
[2021-09-14 17:57:58][I]:XECBUSD trigerd
[2021-09-14 17:58:20][I]:XECBUSD trigerd
[2021-09-14 17:58:52][I]:XECBUSD trigerd
[2021-09-14 18:02:01][I]:C98BUSD trigerd
[2021-09-14 18:10:59][I]:CRVBUSD trigerd
[2021-09-14 18:12:14][I]:CRVBUSD trigerd
[2021-09-14 18:13:58][I]:CRVBUSD trigerd
[2021-09-14 18:14:37][I]:CRVBUSD trigerd
[2021-09-14 19:12:21][I]:KP3RBUSD trigerd
[2021-09-14 19:12:52][I]:KP3RBUSD trigerd
[2021-09-14 19:14:29][I]:KP3RBUSD trigerd
[2021-09-14 19:38:45][I]:PONDBUSD trigerd
[2021-09-14 19:39:16][I]:PONDBUSD trigerd
[2021-09-14 19:39:48][I]:PONDBUSD trigerd
[2021-09-14 19:48:40][I]:PONDBUSD trigerd
[2021-09-14 19:49:12][I]:PONDBUSD trigerd
[2021-09-14 19:49:44][I]:PONDBUSD trigerd
[2021-09-14 20:02:24][I]:COVERBUSD trigerd
[2021-09-14 20:02:55][I]:COVERBUSD trigerd
[2021-09-14 20:03:25][I]:COVERBUSD trigerd
[2021-09-14 20:03:56][I]:COVERBUSD trigerd
[2021-09-14 20:04:27][I]:COVERBUSD trigerd
[2021-09-14 20:04:58][I]:COVERBUSD trigerd
[2021-09-14 20:05:29][I]:COVERBUSD trigerd
[2021-09-14 20:06:10][I]:COVERBUSD trigerd
[2021-09-14 20:06:51][I]:COVERBUSD trigerd
[2021-09-14 20:07:22][I]:COVERBUSD trigerd
[2021-09-14 20:07:53][I]:COVERBUSD trigerd
[2021-09-14 20:08:24][I]:COVERBUSD trigerd
[2021-09-14 20:24:07][I]:COVERBUSD trigerd
[2021-09-14 20:24:59][I]:COVERBUSD trigerd
[2021-09-14 20:25:31][I]:COVERBUSD trigerd
[2021-09-14 20:28:06][I]:COVERBUSD trigerd
[2021-09-14 20:28:38][I]:COVERBUSD trigerd
[2021-09-14 20:29:28][I]:COVERBUSD trigerd
[2021-09-14 20:30:10][I]:COVERBUSD trigerd
[2021-09-14 20:30:32][I]:COVERBUSD trigerd
[2021-09-14 20:30:44][I]:COVERBUSD trigerd
[2021-09-14 20:30:57][I]:COVERBUSD trigerd
[2021-09-14 20:31:05][I]:DYDXBUSD trigerd
[2021-09-14 20:31:14][I]:COVERBUSD trigerd
[2021-09-14 20:31:27][I]:COVERBUSD trigerd
[2021-09-14 20:32:24][I]:C98BUSD trigerd
[2021-09-14 20:32:56][I]:C98BUSD trigerd
[2021-09-14 20:34:04][I]:C98BUSD trigerd
[2021-09-14 20:34:32][I]:COVERBUSD trigerd
[2021-09-14 20:34:47][I]:COVERBUSD trigerd
[2021-09-14 20:35:00][I]:COVERBUSD trigerd
[2021-09-14 20:36:18][I]:KP3RBUSD trigerd
[2021-09-14 20:36:51][I]:KP3RBUSD trigerd
[2021-09-14 20:37:23][I]:KP3RBUSD trigerd
[2021-09-14 20:37:57][I]:KP3RBUSD trigerd
[2021-09-14 20:38:38][I]:KP3RBUSD trigerd
[2021-09-14 20:39:32][I]:COVERBUSD trigerd
[2021-09-14 20:40:05][I]:COVERBUSD trigerd
[2021-09-14 20:40:39][I]:COVERBUSD trigerd
[2021-09-14 20:41:14][I]:COVERBUSD trigerd
[2021-09-14 20:46:16][I]:COVERBUSD trigerd
[2021-09-14 20:46:49][I]:COVERBUSD trigerd
[2021-09-14 20:47:23][I]:COVERBUSD trigerd
[2021-09-14 20:48:12][I]:TORNBUSD trigerd
[2021-09-14 20:48:44][I]:TORNBUSD trigerd
[2021-09-14 20:49:14][I]:TORNBUSD trigerd
[2021-09-14 20:49:47][I]:TORNBUSD trigerd
[2021-09-14 20:50:29][I]:TORNBUSD trigerd
[2021-09-14 20:51:14][I]:TORNBUSD trigerd
[2021-09-14 20:51:46][I]:TORNBUSD trigerd
[2021-09-14 20:54:46][I]:CVPBUSD trigerd
[2021-09-14 20:55:51][I]:CVPBUSD trigerd
[2021-09-14 20:56:24][I]:CVPBUSD trigerd
[2021-09-14 20:56:57][I]:CVPBUSD trigerd
[2021-09-14 20:57:54][I]:WINGBUSD trigerd
[2021-09-14 20:58:27][I]:WINGBUSD trigerd
[2021-09-14 20:58:56][I]:CVPBUSD trigerd
[2021-09-14 20:59:21][I]:WINGBUSD trigerd
[2021-09-14 20:59:51][I]:WINGBUSD trigerd
[2021-09-14 21:00:47][I]:CVPBUSD trigerd
[2021-09-14 21:01:15][I]:COVERBUSD trigerd
[2021-09-14 21:01:48][I]:COVERBUSD trigerd
[2021-09-14 21:02:18][I]:CVPBUSD trigerd
[2021-09-14 21:02:50][I]:CVPBUSD trigerd
[2021-09-14 21:06:42][I]:CELRBUSD trigerd
[2021-09-14 21:07:15][I]:CELRBUSD trigerd
[2021-09-14 21:07:47][I]:CELRBUSD trigerd
[2021-09-14 21:08:27][I]:TORNBUSD trigerd
[2021-09-14 21:08:52][I]:CELRBUSD trigerd
[2021-09-14 21:09:21][I]:TORNBUSD trigerd
[2021-09-14 21:11:17][I]:TORNBUSD trigerd
[2021-09-14 21:12:26][I]:SNXBUSD trigerd
[2021-09-14 21:12:58][I]:SNXBUSD trigerd
[2021-09-14 21:14:38][I]:KP3RBUSD trigerd
[2021-09-14 21:15:39][I]:TORNBUSD trigerd
[2021-09-14 21:16:30][I]:TORNBUSD trigerd
[2021-09-14 21:17:44][I]:COVERBUSD trigerd
[2021-09-14 21:18:40][I]:CELRBUSD trigerd
[2021-09-14 21:19:11][I]:TORNBUSD trigerd
[2021-09-14 21:19:57][I]:CELRBUSD trigerd
[2021-09-14 21:20:47][I]:TORNBUSD trigerd
[2021-09-14 21:26:14][I]:FRONTBUSD trigerd
[2021-09-14 21:26:45][I]:FRONTBUSD trigerd
[2021-09-14 21:27:16][I]:FRONTBUSD trigerd
[2021-09-14 21:27:49][I]:FRONTBUSD trigerd
[2021-09-14 21:28:32][I]:FRONTBUSD trigerd
[2021-09-14 21:29:05][I]:FRONTBUSD trigerd
[2021-09-14 21:29:37][I]:FRONTBUSD trigerd
[2021-09-14 21:31:09][I]:TORNBUSD trigerd
[2021-09-14 21:31:46][I]:TORNBUSD trigerd
[2021-09-14 21:32:19][I]:COVERBUSD trigerd
[2021-09-14 21:32:55][I]:COVERBUSD trigerd
[2021-09-14 21:33:28][I]:COVERBUSD trigerd
[2021-09-14 21:34:31][I]:COVERBUSD trigerd
[2021-09-14 21:37:41][I]:XECBUSD trigerd
[2021-09-14 21:38:14][I]:XECBUSD trigerd
[2021-09-14 21:38:57][I]:XECBUSD trigerd
[2021-09-14 21:39:38][I]:XECBUSD trigerd
[2021-09-14 21:43:22][I]:FLOWBUSD trigerd
[2021-09-14 21:43:57][I]:COVERBUSD trigerd
[2021-09-14 21:44:08][I]:FLOWBUSD trigerd
[2021-09-14 21:44:42][I]:COVERBUSD trigerd
[2021-09-14 21:45:55][I]:FLOWBUSD trigerd
[2021-09-14 21:46:13][I]:FLOWBUSD trigerd
[2021-09-14 21:47:14][I]:FLOWBUSD trigerd
[2021-09-14 21:47:28][I]:FLOWBUSD trigerd
[2021-09-14 21:48:00][I]:FLOWBUSD trigerd
[2021-09-14 21:48:14][I]:FLOWBUSD trigerd
[2021-09-14 21:48:46][I]:FLOWBUSD trigerd
[2021-09-14 21:49:19][I]:FLOWBUSD trigerd
[2021-09-14 21:49:31][I]:FLOWBUSD trigerd
[2021-09-14 21:55:16][I]:FLOWBUSD trigerd
[2021-09-14 21:55:30][I]:FLOWBUSD trigerd
[2021-09-14 21:56:12][I]:FLOWBUSD trigerd
[2021-09-14 21:57:12][I]:FLOWBUSD trigerd
[2021-09-14 21:57:44][I]:FLOWBUSD trigerd
[2021-09-14 22:07:08][I]:XECBUSD trigerd
[2021-09-14 22:08:50][I]:MINABUSD trigerd
[2021-09-14 22:11:59][I]:ICXBUSD trigerd
[2021-09-14 22:14:33][I]:ICXBUSD trigerd
[2021-09-14 22:22:43][I]:ICXBUSD trigerd
[2021-09-14 22:23:07][I]:CELRBUSD trigerd
[2021-09-14 22:23:42][I]:CELRBUSD trigerd
[2021-09-14 22:24:31][I]:ICXBUSD trigerd
[2021-09-14 22:26:18][I]:FRONTBUSD trigerd
[2021-09-14 22:26:52][I]:FRONTBUSD trigerd
[2021-09-14 22:27:22][I]:CELRBUSD trigerd
[2021-09-14 22:28:30][I]:FRONTBUSD trigerd
[2021-09-14 22:47:49][I]:COVERBUSD trigerd
[2021-09-14 22:53:47][I]:COVERBUSD trigerd
[2021-09-14 22:54:21][I]:COVERBUSD trigerd
[2021-09-14 22:54:55][I]:COVERBUSD trigerd
[2021-09-14 22:56:18][I]:COVERBUSD trigerd
[2021-09-14 22:56:46][I]:PERPBUSD trigerd
[2021-09-14 22:58:15][I]:PERPBUSD trigerd
[2021-09-14 22:58:49][I]:PERPBUSD trigerd
[2021-09-14 22:59:37][I]:TORNBUSD trigerd
[2021-09-14 23:06:50][I]:COVERBUSD trigerd
[2021-09-14 23:07:47][I]:COVERBUSD trigerd
[2021-09-14 23:08:32][I]:COVERBUSD trigerd
[2021-09-14 23:09:09][I]:COVERBUSD trigerd
[2021-09-14 23:09:38][I]:AUCTIONBUSD trigerd
[2021-09-14 23:10:17][I]:AUCTIONBUSD trigerd
[2021-09-14 23:10:51][I]:AUCTIONBUSD trigerd
[2021-09-14 23:12:36][I]:AUCTIONBUSD trigerd
[2021-09-14 23:13:08][I]:AUCTIONBUSD trigerd
[2021-09-14 23:13:42][I]:AUCTIONBUSD trigerd
[2021-09-14 23:28:16][I]:DYDXBUSD trigerd
[2021-09-14 23:28:29][I]:DYDXBUSD trigerd
[2021-09-14 23:28:41][I]:DYDXBUSD trigerd
[2021-09-14 23:28:54][I]:DYDXBUSD trigerd
[2021-09-14 23:37:54][I]:SKLBUSD trigerd
[2021-09-14 23:38:50][I]:SKLBUSD trigerd
[2021-09-14 23:44:48][I]:SNXBUSD trigerd
[2021-09-14 23:47:45][I]:TORNBUSD trigerd
[2021-09-14 23:49:24][I]:TORNBUSD trigerd
[2021-09-14 23:55:54][I]:COVERBUSD trigerd
[2021-09-14 23:56:28][I]:COVERBUSD trigerd
[2021-09-14 23:57:12][I]:COVERBUSD trigerd
[2021-09-14 23:57:45][I]:COVERBUSD trigerd
[2021-09-14 23:58:18][I]:COVERBUSD trigerd
[2021-09-14 23:59:10][I]:COVERBUSD trigerd
