[2021-09-04 00:04:49][I]:XECBUSD trigerd
[2021-09-04 00:21:51][I]:XECBUSD trigerd
[2021-09-04 00:24:27][I]:XECBUSD trigerd
[2021-09-04 00:32:44][I]:PROMBUSD trigerd
[2021-09-04 00:34:06][I]:UFTBUSD trigerd
[2021-09-04 00:43:35][I]:PROMBUSD trigerd
[2021-09-04 00:44:10][I]:PROMBUSD trigerd
[2021-09-04 00:50:48][I]:UFTBUSD trigerd
[2021-09-04 00:51:22][I]:UFTBUSD trigerd
[2021-09-04 00:54:11][I]:OMBUSD trigerd
[2021-09-04 00:55:06][I]:OMBUSD trigerd
[2021-09-04 02:03:08][I]:XECBUSD trigerd
[2021-09-04 02:12:29][I]:XECBUSD trigerd
[2021-09-04 02:14:35][I]:XECBUSD trigerd
[2021-09-04 02:18:58][I]:XECBUSD trigerd
[2021-09-04 02:19:47][I]:XECBUSD trigerd
[2021-09-04 02:32:22][I]:XECBUSD trigerd
[2021-09-04 02:33:12][I]:XECBUSD trigerd
[2021-09-04 02:34:02][I]:XECBUSD trigerd
[2021-09-04 02:35:41][I]:XECBUSD trigerd
[2021-09-04 02:36:30][I]:XECBUSD trigerd
[2021-09-04 02:39:06][I]:XECBUSD trigerd
[2021-09-04 02:42:12][I]:XECBUSD trigerd
[2021-09-04 02:44:13][I]:XECBUSD trigerd
[2021-09-04 02:47:51][I]:PROMBUSD trigerd
[2021-09-04 02:48:42][I]:PROMBUSD trigerd
[2021-09-04 03:04:15][I]:XECBUSD trigerd
[2021-09-04 03:08:23][I]:XECBUSD trigerd
[2021-09-04 03:08:51][I]:XECBUSD trigerd
[2021-09-04 03:09:40][I]:XECBUSD trigerd
[2021-09-04 03:12:59][I]:XECBUSD trigerd
[2021-09-04 03:18:44][I]:XECBUSD trigerd
[2021-09-04 03:22:00][I]:XECBUSD trigerd
[2021-09-04 03:24:05][I]:XECBUSD trigerd
[2021-09-04 03:38:25][I]:XECBUSD trigerd
[2021-09-04 03:52:48][I]:BTGBUSD trigerd
[2021-09-04 03:53:36][I]:BTGBUSD trigerd
[2021-09-04 03:54:21][I]:BTGBUSD trigerd
[2021-09-04 04:16:31][I]:XECBUSD trigerd
[2021-09-04 04:22:39][I]:PROMBUSD trigerd
[2021-09-04 04:24:26][I]:PROMBUSD trigerd
[2021-09-04 04:24:58][I]:PROMBUSD trigerd
[2021-09-04 04:32:46][I]:ATMBUSD trigerd
[2021-09-04 04:33:18][I]:ATMBUSD trigerd
[2021-09-04 04:33:42][I]:ATMBUSD trigerd
[2021-09-04 04:34:39][I]:ATMBUSD trigerd
[2021-09-04 04:37:38][I]:ATMBUSD trigerd
[2021-09-04 04:38:07][I]:ATMBUSD trigerd
[2021-09-04 04:38:59][I]:XECBUSD trigerd
[2021-09-04 04:39:31][I]:XECBUSD trigerd
[2021-09-04 04:41:44][I]:ATMBUSD trigerd
[2021-09-04 04:43:10][I]:ATMBUSD trigerd
[2021-09-04 04:43:39][I]:XECBUSD trigerd
[2021-09-04 04:43:48][I]:ATMBUSD trigerd
[2021-09-04 05:08:40][I]:BONDBUSD trigerd
[2021-09-04 05:10:44][I]:BONDBUSD trigerd
[2021-09-04 05:11:13][I]:BONDBUSD trigerd
[2021-09-04 05:11:59][I]:TWTBUSD trigerd
[2021-09-04 05:12:30][I]:TWTBUSD trigerd
[2021-09-04 05:13:21][I]:TWTBUSD trigerd
[2021-09-04 05:14:10][I]:TWTBUSD trigerd
[2021-09-04 05:15:00][I]:TWTBUSD trigerd
[2021-09-04 05:25:31][I]:ATMBUSD trigerd
[2021-09-04 05:26:24][I]:ATMBUSD trigerd
[2021-09-04 05:27:12][I]:ATMBUSD trigerd
[2021-09-04 05:27:42][I]:ATMBUSD trigerd
[2021-09-04 05:28:34][I]:ATMBUSD trigerd
[2021-09-04 05:29:31][I]:ATMBUSD trigerd
[2021-09-04 05:37:44][I]:OGNBUSD trigerd
[2021-09-04 05:37:57][I]:BONDBUSD trigerd
[2021-09-04 05:38:40][I]:OGNBUSD trigerd
[2021-09-04 05:39:07][I]:OGNBUSD trigerd
[2021-09-04 05:41:21][I]:TWTBUSD trigerd
[2021-09-04 05:42:11][I]:TWTBUSD trigerd
[2021-09-04 05:49:51][I]:OGNBUSD trigerd
[2021-09-04 06:14:54][I]:XECBUSD trigerd
[2021-09-04 06:18:10][I]:XECBUSD trigerd
[2021-09-04 06:24:24][I]:XECBUSD trigerd
[2021-09-04 06:46:56][I]:XECBUSD trigerd
[2021-09-04 06:47:47][I]:XECBUSD trigerd
[2021-09-04 06:49:13][I]:FTMBUSD trigerd
[2021-09-04 07:03:53][I]:XECBUSD trigerd
[2021-09-04 07:08:56][I]:XECBUSD trigerd
[2021-09-04 07:38:14][I]:PROMBUSD trigerd
[2021-09-04 07:39:31][I]:PROMBUSD trigerd
[2021-09-04 07:52:30][I]:XVSBUSD trigerd
[2021-09-04 07:54:14][I]:XVSBUSD trigerd
[2021-09-04 08:01:54][I]:FTMBUSD trigerd
[2021-09-04 08:03:33][I]:FTMBUSD trigerd
[2021-09-04 08:04:49][I]:PROMBUSD trigerd
[2021-09-04 08:07:27][I]:PROMBUSD trigerd
[2021-09-04 08:09:06][I]:PROMBUSD trigerd
[2021-09-04 08:11:21][I]:XECBUSD trigerd
[2021-09-04 08:12:51][I]:ZENBUSD trigerd
[2021-09-04 08:13:43][I]:AERGOBUSD trigerd
[2021-09-04 08:14:22][I]:PROMBUSD trigerd
[2021-09-04 08:17:39][I]:PROMBUSD trigerd
[2021-09-04 08:45:53][I]:AERGOBUSD trigerd
[2021-09-04 08:48:52][I]:AERGOBUSD trigerd
[2021-09-04 08:57:55][I]:IOSTBUSD trigerd
[2021-09-04 09:08:33][I]:XECBUSD trigerd
[2021-09-04 09:09:25][I]:XECBUSD trigerd
[2021-09-04 09:51:48][I]:AERGOBUSD trigerd
[2021-09-04 09:53:48][I]:AERGOBUSD trigerd
[2021-09-04 09:54:38][I]:AERGOBUSD trigerd
[2021-09-04 10:07:25][I]:AERGOBUSD trigerd
[2021-09-04 10:09:13][I]:AERGOBUSD trigerd
[2021-09-04 10:10:29][I]:AERGOBUSD trigerd
[2021-09-04 10:29:19][I]:XECBUSD trigerd
[2021-09-04 10:44:33][I]:IOSTBUSD trigerd
[2021-09-04 11:08:15][I]:PROMBUSD trigerd
[2021-09-04 11:12:04][I]:IOSTBUSD trigerd
[2021-09-04 11:13:53][I]:AERGOBUSD trigerd
[2021-09-04 11:14:40][I]:IOSTBUSD trigerd
[2021-09-04 11:24:00][I]:IOSTBUSD trigerd
[2021-09-04 11:26:55][I]:IOSTBUSD trigerd
[2021-09-04 11:27:44][I]:IOSTBUSD trigerd
[2021-09-04 11:28:36][I]:IOSTBUSD trigerd
[2021-09-04 11:53:08][I]:PROMBUSD trigerd
[2021-09-04 11:54:11][I]:PROMBUSD trigerd
[2021-09-04 11:54:47][I]:PROMBUSD trigerd
[2021-09-04 11:55:54][I]:PROMBUSD trigerd
[2021-09-04 11:56:29][I]:PROMBUSD trigerd
[2021-09-04 12:01:54][I]:PROMBUSD trigerd
[2021-09-04 12:37:58][I]:PROMBUSD trigerd
[2021-09-04 12:48:58][I]:IOSTBUSD trigerd
[2021-09-04 12:49:49][I]:IOSTBUSD trigerd
[2021-09-04 12:59:26][I]:IOSTBUSD trigerd
[2021-09-04 13:19:33][I]:FTMBUSD trigerd
[2021-09-04 13:31:31][I]:FTMBUSD trigerd
[2021-09-04 13:32:45][I]:FTMBUSD trigerd
[2021-09-04 13:33:35][I]:FTMBUSD trigerd
[2021-09-04 14:08:41][I]:TWTBUSD trigerd
[2021-09-04 14:09:27][I]:TWTBUSD trigerd
[2021-09-04 14:29:54][I]:XECBUSD trigerd
[2021-09-04 15:16:18][I]:TWTBUSD trigerd
[2021-09-04 15:17:07][I]:TWTBUSD trigerd
[2021-09-04 15:18:23][I]:TWTBUSD trigerd
[2021-09-04 15:23:19][I]:TWTBUSD trigerd
[2021-09-04 15:24:09][I]:TWTBUSD trigerd
[2021-09-04 15:24:59][I]:TWTBUSD trigerd
[2021-09-04 16:07:41][I]:XECBUSD trigerd
[2021-09-04 16:08:40][I]:XECBUSD trigerd
[2021-09-04 16:11:44][I]:STMXBUSD trigerd
[2021-09-04 16:12:58][I]:STMXBUSD trigerd
[2021-09-04 16:19:29][I]:TWTBUSD trigerd
[2021-09-04 16:59:15][I]:STMXBUSD trigerd
[2021-09-04 17:09:27][I]:IQBUSD trigerd
[2021-09-04 17:11:47][I]:STMXBUSD trigerd
[2021-09-04 17:12:36][I]:STMXBUSD trigerd
[2021-09-04 17:13:58][I]:IQBUSD trigerd
[2021-09-04 17:14:44][I]:STMXBUSD trigerd
[2021-09-04 17:34:35][I]:STMXBUSD trigerd
[2021-09-04 17:35:15][I]:BIFIBUSD trigerd
[2021-09-04 17:36:01][I]:BIFIBUSD trigerd
[2021-09-04 17:36:50][I]:BIFIBUSD trigerd
[2021-09-04 17:37:38][I]:BIFIBUSD trigerd
[2021-09-04 17:49:49][I]:STMXBUSD trigerd
[2021-09-04 17:54:51][I]:QNTBUSD trigerd
[2021-09-04 17:55:41][I]:STMXBUSD trigerd
[2021-09-04 17:55:58][I]:STMXBUSD trigerd
[2021-09-04 17:56:26][I]:STMXBUSD trigerd
[2021-09-04 17:56:47][I]:STMXBUSD trigerd
[2021-09-04 17:58:03][I]:STMXBUSD trigerd
[2021-09-04 17:58:20][I]:STMXBUSD trigerd
[2021-09-04 17:58:43][I]:STMXBUSD trigerd
[2021-09-04 17:58:55][I]:BIFIBUSD trigerd
[2021-09-04 17:59:42][I]:STMXBUSD trigerd
[2021-09-04 18:32:39][I]:XVSBUSD trigerd
[2021-09-04 18:33:08][I]:XVSBUSD trigerd
[2021-09-04 18:33:36][I]:XVSBUSD trigerd
[2021-09-04 18:34:04][I]:XVSBUSD trigerd
[2021-09-04 18:34:33][I]:XVSBUSD trigerd
[2021-09-04 18:42:44][I]:BIFIBUSD trigerd
[2021-09-04 18:43:15][I]:BIFIBUSD trigerd
[2021-09-04 18:43:47][I]:BIFIBUSD trigerd
[2021-09-04 18:44:47][I]:BIFIBUSD trigerd
[2021-09-04 18:48:31][I]:AXSBUSD trigerd
[2021-09-04 18:49:25][I]:AXSBUSD trigerd
[2021-09-04 18:49:51][I]:AXSBUSD trigerd
[2021-09-04 18:54:54][I]:AXSBUSD trigerd
[2021-09-04 19:06:25][I]:XVSBUSD trigerd
[2021-09-04 19:06:56][I]:XVSBUSD trigerd
[2021-09-04 19:07:25][I]:XECBUSD trigerd
[2021-09-04 19:07:40][I]:XVSBUSD trigerd
[2021-09-04 19:07:56][I]:GTCBUSD trigerd
[2021-09-04 19:08:40][I]:XVSBUSD trigerd
[2021-09-04 19:11:54][I]:AXSBUSD trigerd
[2021-09-04 19:13:23][I]:AXSBUSD trigerd
[2021-09-04 19:13:58][I]:AXSBUSD trigerd
[2021-09-04 19:14:32][I]:QNTBUSD trigerd
[2021-09-04 19:23:24][I]:AXSBUSD trigerd
[2021-09-04 19:23:37][I]:SANDBUSD trigerd
[2021-09-04 19:24:00][I]:AXSBUSD trigerd
[2021-09-04 19:24:34][I]:SANDBUSD trigerd
[2021-09-04 19:34:56][I]:STMXBUSD trigerd
[2021-09-04 19:52:37][I]:AXSBUSD trigerd
[2021-09-04 19:52:54][I]:AXSBUSD trigerd
[2021-09-04 19:53:25][I]:AXSBUSD trigerd
[2021-09-04 20:17:38][I]:ATABUSD trigerd
[2021-09-04 20:18:17][I]:ATABUSD trigerd
[2021-09-04 20:22:26][I]:ATABUSD trigerd
[2021-09-04 20:23:18][I]:ATABUSD trigerd
[2021-09-04 21:02:50][I]:STMXBUSD trigerd
[2021-09-04 21:04:11][I]:BELBUSD trigerd
[2021-09-04 21:04:43][I]:BELBUSD trigerd
[2021-09-04 21:04:58][I]:STMXBUSD trigerd
[2021-09-04 21:13:58][I]:STMXBUSD trigerd
[2021-09-04 21:14:39][I]:STMXBUSD trigerd
[2021-09-04 21:14:56][I]:STMXBUSD trigerd
[2021-09-04 21:37:55][I]:XVSBUSD trigerd
[2021-09-04 22:34:26][I]:XECBUSD trigerd
[2021-09-04 22:34:43][I]:XECBUSD trigerd
[2021-09-04 22:34:59][I]:XECBUSD trigerd
[2021-09-04 22:35:34][I]:XECBUSD trigerd
[2021-09-04 22:36:11][I]:XECBUSD trigerd
[2021-09-04 22:39:54][I]:XECBUSD trigerd
[2021-09-04 22:44:24][I]:IOTABUSD trigerd
[2021-09-04 22:44:40][I]:IOTABUSD trigerd
[2021-09-04 22:59:30][I]:IOTABUSD trigerd
[2021-09-04 22:59:47][I]:IOTABUSD trigerd
[2021-09-04 23:08:09][I]:ATABUSD trigerd
[2021-09-04 23:39:40][I]:KP3RBUSD trigerd
[2021-09-04 23:39:57][I]:KP3RBUSD trigerd
[2021-09-04 23:41:27][I]:MDXBUSD trigerd
[2021-09-04 23:41:41][I]:MDXBUSD trigerd
[2021-09-04 23:42:55][I]:MDXBUSD trigerd
[2021-09-04 23:44:05][I]:MDXBUSD trigerd
[2021-09-04 23:44:39][I]:IOTABUSD trigerd
