[2021-08-25 00:01:14][I]:MASKBUSD trigerd
[2021-08-25 00:01:56][I]:MASKBUSD trigerd
[2021-08-25 00:03:09][I]:MASKBUSD trigerd
[2021-08-25 00:08:59][I]:MASKBUSD trigerd
[2021-08-25 00:26:37][I]:CTSIBUSD trigerd
[2021-08-25 00:27:48][I]:C98BUSD trigerd
[2021-08-25 00:28:37][I]:TRIBEBUSD trigerd
[2021-08-25 00:28:58][I]:C98BUSD trigerd
[2021-08-25 00:31:02][I]:TRIBEBUSD trigerd
[2021-08-25 00:31:23][I]:TRIBEBUSD trigerd
[2021-08-25 00:31:43][I]:TRIBEBUSD trigerd
[2021-08-25 00:32:21][I]:C98BUSD trigerd
[2021-08-25 00:33:44][I]:C98BUSD trigerd
[2021-08-25 00:34:33][I]:FXSBUSD trigerd
[2021-08-25 00:37:54][I]:TRIBEBUSD trigerd
[2021-08-25 00:39:12][I]:TRIBEBUSD trigerd
[2021-08-25 00:39:59][I]:LRCBUSD trigerd
[2021-08-25 00:48:56][I]:LRCBUSD trigerd
[2021-08-25 00:49:57][I]:LRCBUSD trigerd
[2021-08-25 01:03:56][I]:C98BUSD trigerd
[2021-08-25 01:09:18][I]:IQBUSD trigerd
[2021-08-25 01:19:26][I]:LRCBUSD trigerd
[2021-08-25 01:26:51][I]:MASKBUSD trigerd
[2021-08-25 01:27:30][I]:MASKBUSD trigerd
[2021-08-25 01:46:22][I]:MASKBUSD trigerd
[2021-08-25 01:47:01][I]:MASKBUSD trigerd
[2021-08-25 01:48:01][I]:MASKBUSD trigerd
[2021-08-25 01:50:52][I]:MASKBUSD trigerd
[2021-08-25 01:52:17][I]:MASKBUSD trigerd
[2021-08-25 01:53:19][I]:MASKBUSD trigerd
[2021-08-25 01:55:19][I]:BELBUSD trigerd
[2021-08-25 01:55:54][I]:MASKBUSD trigerd
[2021-08-25 01:56:42][I]:BELBUSD trigerd
[2021-08-25 01:57:34][I]:BELBUSD trigerd
[2021-08-25 01:58:44][I]:MASKBUSD trigerd
[2021-08-25 01:59:13][I]:BELBUSD trigerd
[2021-08-25 02:05:34][I]:C98BUSD trigerd
[2021-08-25 02:07:20][I]:C98BUSD trigerd
[2021-08-25 02:07:59][I]:C98BUSD trigerd
[2021-08-25 02:11:44][I]:QNTBUSD trigerd
[2021-08-25 02:17:25][I]:MASKBUSD trigerd
[2021-08-25 02:17:55][I]:CTKBUSD trigerd
[2021-08-25 02:18:55][I]:MASKBUSD trigerd
[2021-08-25 02:24:56][I]:MASKBUSD trigerd
[2021-08-25 02:25:35][I]:MASKBUSD trigerd
[2021-08-25 02:27:02][I]:MASKBUSD trigerd
[2021-08-25 02:27:42][I]:MASKBUSD trigerd
[2021-08-25 02:28:56][I]:MASKBUSD trigerd
[2021-08-25 02:29:57][I]:MASKBUSD trigerd
[2021-08-25 02:30:59][I]:MASKBUSD trigerd
[2021-08-25 02:31:38][I]:MASKBUSD trigerd
[2021-08-25 02:32:19][I]:MASKBUSD trigerd
[2021-08-25 02:33:20][I]:MASKBUSD trigerd
[2021-08-25 02:35:39][I]:FXSBUSD trigerd
[2021-08-25 02:36:21][I]:FXSBUSD trigerd
[2021-08-25 02:38:13][I]:FXSBUSD trigerd
[2021-08-25 02:58:50][I]:FORBUSD trigerd
[2021-08-25 03:02:56][I]:FORBUSD trigerd
[2021-08-25 03:03:35][I]:FORBUSD trigerd
[2021-08-25 03:04:33][I]:AVAXBUSD trigerd
[2021-08-25 03:12:00][I]:BONDBUSD trigerd
[2021-08-25 03:19:42][I]:C98BUSD trigerd
[2021-08-25 03:34:30][I]:BONDBUSD trigerd
[2021-08-25 03:36:38][I]:MASKBUSD trigerd
[2021-08-25 04:09:43][I]:FXSBUSD trigerd
[2021-08-25 04:16:16][I]:MASKBUSD trigerd
[2021-08-25 04:26:53][I]:C98BUSD trigerd
[2021-08-25 04:27:56][I]:C98BUSD trigerd
[2021-08-25 04:43:48][I]:BONDBUSD trigerd
[2021-08-25 04:44:45][I]:TWTBUSD trigerd
[2021-08-25 04:48:25][I]:C98BUSD trigerd
[2021-08-25 04:49:47][I]:C98BUSD trigerd
[2021-08-25 04:52:55][I]:C98BUSD trigerd
[2021-08-25 04:53:49][I]:C98BUSD trigerd
[2021-08-25 04:54:29][I]:C98BUSD trigerd
[2021-08-25 05:02:42][I]:AVAXBUSD trigerd
[2021-08-25 05:03:21][I]:AVAXBUSD trigerd
[2021-08-25 05:05:51][I]:MASKBUSD trigerd
[2021-08-25 05:10:54][I]:AVAXBUSD trigerd
[2021-08-25 05:11:39][I]:AVAXBUSD trigerd
[2021-08-25 05:13:23][I]:AVAXBUSD trigerd
[2021-08-25 05:17:11][I]:MASKBUSD trigerd
[2021-08-25 05:19:53][I]:MASKBUSD trigerd
[2021-08-25 05:21:10][I]:MASKBUSD trigerd
[2021-08-25 05:22:59][I]:MASKBUSD trigerd
[2021-08-25 05:24:16][I]:MASKBUSD trigerd
[2021-08-25 05:31:36][I]:MASKBUSD trigerd
[2021-08-25 05:32:17][I]:MASKBUSD trigerd
[2021-08-25 05:33:55][I]:FORBUSD trigerd
[2021-08-25 05:34:51][I]:C98BUSD trigerd
[2021-08-25 05:36:43][I]:FORBUSD trigerd
[2021-08-25 05:37:45][I]:FORBUSD trigerd
[2021-08-25 05:38:45][I]:FORBUSD trigerd
[2021-08-25 05:53:33][I]:FORBUSD trigerd
[2021-08-25 05:54:33][I]:CTKBUSD trigerd
[2021-08-25 05:58:44][I]:FORBUSD trigerd
[2021-08-25 06:03:30][I]:LUNABUSD trigerd
[2021-08-25 06:19:14][I]:C98BUSD trigerd
[2021-08-25 06:29:14][I]:C98BUSD trigerd
[2021-08-25 06:29:55][I]:C98BUSD trigerd
[2021-08-25 06:40:00][I]:AVAXBUSD trigerd
[2021-08-25 06:42:01][I]:C98BUSD trigerd
[2021-08-25 06:42:59][I]:C98BUSD trigerd
[2021-08-25 06:44:13][I]:C98BUSD trigerd
[2021-08-25 06:44:56][I]:C98BUSD trigerd
[2021-08-25 06:47:45][I]:MASKBUSD trigerd
[2021-08-25 06:50:21][I]:C98BUSD trigerd
[2021-08-25 06:51:01][I]:C98BUSD trigerd
[2021-08-25 06:53:07][I]:C98BUSD trigerd
[2021-08-25 06:53:50][I]:C98BUSD trigerd
[2021-08-25 06:54:32][I]:C98BUSD trigerd
[2021-08-25 06:59:26][I]:FORBUSD trigerd
[2021-08-25 07:01:46][I]:CTKBUSD trigerd
[2021-08-25 07:02:26][I]:CTKBUSD trigerd
[2021-08-25 07:05:48][I]:BONDBUSD trigerd
[2021-08-25 07:07:22][I]:BONDBUSD trigerd
[2021-08-25 07:08:52][I]:MASKBUSD trigerd
[2021-08-25 07:11:06][I]:C98BUSD trigerd
[2021-08-25 07:21:01][I]:AVAXBUSD trigerd
[2021-08-25 07:23:51][I]:TRIBEBUSD trigerd
[2021-08-25 07:34:42][I]:TRIBEBUSD trigerd
[2021-08-25 07:38:23][I]:TRIBEBUSD trigerd
[2021-08-25 07:38:42][I]:TRIBEBUSD trigerd
[2021-08-25 07:39:15][I]:TRIBEBUSD trigerd
[2021-08-25 07:39:34][I]:TRIBEBUSD trigerd
[2021-08-25 07:39:53][I]:TRIBEBUSD trigerd
[2021-08-25 07:41:58][I]:TRIBEBUSD trigerd
[2021-08-25 07:42:18][I]:TRIBEBUSD trigerd
[2021-08-25 07:42:38][I]:TRIBEBUSD trigerd
[2021-08-25 07:42:57][I]:TRIBEBUSD trigerd
[2021-08-25 07:44:03][I]:TRIBEBUSD trigerd
[2021-08-25 07:44:22][I]:TRIBEBUSD trigerd
[2021-08-25 07:44:43][I]:TRIBEBUSD trigerd
[2021-08-25 07:47:14][I]:C98BUSD trigerd
[2021-08-25 07:59:56][I]:CTKBUSD trigerd
[2021-08-25 08:01:17][I]:AERGOBUSD trigerd
[2021-08-25 08:02:35][I]:C98BUSD trigerd
[2021-08-25 08:03:04][I]:CTKBUSD trigerd
[2021-08-25 08:04:05][I]:C98BUSD trigerd
[2021-08-25 08:04:53][I]:CTKBUSD trigerd
[2021-08-25 08:07:13][I]:MASKBUSD trigerd
[2021-08-25 08:08:32][I]:MASKBUSD trigerd
[2021-08-25 08:10:01][I]:ZENBUSD trigerd
[2021-08-25 08:10:54][I]:MASKBUSD trigerd
[2021-08-25 08:11:41][I]:CTKBUSD trigerd
[2021-08-25 08:12:46][I]:CTKBUSD trigerd
[2021-08-25 08:14:00][I]:ALPHABUSD trigerd
[2021-08-25 08:14:55][I]:MASKBUSD trigerd
[2021-08-25 08:17:29][I]:AERGOBUSD trigerd
[2021-08-25 08:18:23][I]:ALPHABUSD trigerd
[2021-08-25 08:19:16][I]:AERGOBUSD trigerd
[2021-08-25 08:23:30][I]:MASKBUSD trigerd
[2021-08-25 08:24:31][I]:MASKBUSD trigerd
[2021-08-25 08:26:44][I]:ZENBUSD trigerd
[2021-08-25 08:27:46][I]:ZENBUSD trigerd
[2021-08-25 08:29:05][I]:ZENBUSD trigerd
[2021-08-25 08:30:43][I]:AERGOBUSD trigerd
[2021-08-25 08:31:59][I]:AERGOBUSD trigerd
[2021-08-25 08:33:16][I]:RSRBUSD trigerd
[2021-08-25 08:34:17][I]:RSRBUSD trigerd
[2021-08-25 08:36:30][I]:RSRBUSD trigerd
[2021-08-25 08:38:14][I]:RSRBUSD trigerd
[2021-08-25 08:39:15][I]:RSRBUSD trigerd
[2021-08-25 08:46:18][I]:AERGOBUSD trigerd
[2021-08-25 08:47:36][I]:AERGOBUSD trigerd
[2021-08-25 08:48:25][I]:ALPHABUSD trigerd
[2021-08-25 08:55:58][I]:C98BUSD trigerd
[2021-08-25 08:58:18][I]:C98BUSD trigerd
[2021-08-25 09:06:52][I]:MASKBUSD trigerd
[2021-08-25 09:09:21][I]:MASKBUSD trigerd
[2021-08-25 09:11:05][I]:C98BUSD trigerd
[2021-08-25 09:12:05][I]:C98BUSD trigerd
[2021-08-25 09:12:45][I]:C98BUSD trigerd
[2021-08-25 09:13:45][I]:C98BUSD trigerd
[2021-08-25 09:17:27][I]:CTKBUSD trigerd
[2021-08-25 09:18:06][I]:CTKBUSD trigerd
[2021-08-25 09:19:21][I]:CTKBUSD trigerd
[2021-08-25 09:20:35][I]:TRIBEBUSD trigerd
[2021-08-25 09:20:46][I]:FORBUSD trigerd
[2021-08-25 09:21:43][I]:TRIBEBUSD trigerd
[2021-08-25 09:21:52][I]:FORBUSD trigerd
[2021-08-25 09:22:51][I]:TRIBEBUSD trigerd
[2021-08-25 09:22:59][I]:FORBUSD trigerd
[2021-08-25 09:23:57][I]:TRIBEBUSD trigerd
[2021-08-25 09:24:25][I]:FORBUSD trigerd
[2021-08-25 09:28:25][I]:CTKBUSD trigerd
[2021-08-25 09:32:01][I]:AVAXBUSD trigerd
[2021-08-25 09:33:09][I]:AVAXBUSD trigerd
[2021-08-25 09:38:30][I]:BONDBUSD trigerd
[2021-08-25 09:39:39][I]:BONDBUSD trigerd
[2021-08-25 09:44:04][I]:MDXBUSD trigerd
[2021-08-25 09:44:43][I]:MDXBUSD trigerd
[2021-08-25 09:52:39][I]:C98BUSD trigerd
[2021-08-25 09:53:36][I]:C98BUSD trigerd
[2021-08-25 10:08:08][I]:AERGOBUSD trigerd
[2021-08-25 10:08:50][I]:AERGOBUSD trigerd
[2021-08-25 10:09:27][I]:C98BUSD trigerd
[2021-08-25 10:09:56][I]:AERGOBUSD trigerd
[2021-08-25 10:21:11][I]:MASKBUSD trigerd
[2021-08-25 10:21:50][I]:MASKBUSD trigerd
[2021-08-25 10:22:30][I]:MASKBUSD trigerd
[2021-08-25 10:24:21][I]:MASKBUSD trigerd
[2021-08-25 10:30:22][I]:SXPBUSD trigerd
[2021-08-25 10:31:33][I]:SXPBUSD trigerd
[2021-08-25 10:32:13][I]:SXPBUSD trigerd
[2021-08-25 10:33:22][I]:DEXEBUSD trigerd
[2021-08-25 10:34:04][I]:DEXEBUSD trigerd
[2021-08-25 10:34:40][I]:SXPBUSD trigerd
[2021-08-25 10:37:55][I]:DEXEBUSD trigerd
[2021-08-25 10:38:58][I]:DEXEBUSD trigerd
[2021-08-25 10:42:51][I]:DEXEBUSD trigerd
[2021-08-25 10:59:26][I]:AERGOBUSD trigerd
[2021-08-25 10:59:46][I]:AERGOBUSD trigerd
[2021-08-25 11:02:16][I]:C98BUSD trigerd
[2021-08-25 11:04:19][I]:C98BUSD trigerd
[2021-08-25 11:19:49][I]:FORBUSD trigerd
[2021-08-25 11:36:14][I]:MASKBUSD trigerd
[2021-08-25 11:41:34][I]:MBOXBUSD trigerd
[2021-08-25 11:47:37][I]:C98BUSD trigerd
[2021-08-25 11:48:38][I]:C98BUSD trigerd
[2021-08-25 11:52:47][I]:MBOXBUSD trigerd
[2021-08-25 11:57:36][I]:MBOXBUSD trigerd
[2021-08-25 11:58:40][I]:MBOXBUSD trigerd
[2021-08-25 12:03:06][I]:MBOXBUSD trigerd
[2021-08-25 12:07:29][I]:MBOXBUSD trigerd
[2021-08-25 12:08:28][I]:MBOXBUSD trigerd
[2021-08-25 12:09:59][I]:TRIBEBUSD trigerd
[2021-08-25 12:11:12][I]:TRIBEBUSD trigerd
[2021-08-25 12:11:21][I]:MBOXBUSD trigerd
[2021-08-25 12:12:23][I]:TRIBEBUSD trigerd
[2021-08-25 12:12:31][I]:MBOXBUSD trigerd
[2021-08-25 12:14:03][I]:MBOXBUSD trigerd
[2021-08-25 12:15:02][I]:TRIBEBUSD trigerd
[2021-08-25 12:15:49][I]:MBOXBUSD trigerd
[2021-08-25 12:17:03][I]:MBOXBUSD trigerd
[2021-08-25 12:21:06][I]:MBOXBUSD trigerd
[2021-08-25 12:27:30][I]:MBOXBUSD trigerd
[2021-08-25 12:28:30][I]:MBOXBUSD trigerd
[2021-08-25 12:29:31][I]:MBOXBUSD trigerd
[2021-08-25 12:31:55][I]:MASKBUSD trigerd
[2021-08-25 12:33:45][I]:MASKBUSD trigerd
[2021-08-25 12:39:05][I]:MBOXBUSD trigerd
[2021-08-25 12:40:33][I]:MBOXBUSD trigerd
[2021-08-25 12:41:33][I]:MBOXBUSD trigerd
[2021-08-25 12:42:33][I]:MBOXBUSD trigerd
[2021-08-25 12:44:41][I]:MBOXBUSD trigerd
[2021-08-25 12:46:23][I]:MBOXBUSD trigerd
[2021-08-25 12:47:04][I]:MBOXBUSD trigerd
[2021-08-25 12:47:43][I]:MBOXBUSD trigerd
[2021-08-25 12:49:58][I]:MBOXBUSD trigerd
[2021-08-25 12:51:34][I]:FORBUSD trigerd
[2021-08-25 12:52:30][I]:FORBUSD trigerd
[2021-08-25 12:53:55][I]:TRIBEBUSD trigerd
[2021-08-25 12:54:18][I]:TRIBEBUSD trigerd
[2021-08-25 12:56:39][I]:TRIBEBUSD trigerd
[2021-08-25 12:56:59][I]:TRIBEBUSD trigerd
[2021-08-25 12:58:27][I]:MBOXBUSD trigerd
[2021-08-25 12:59:06][I]:MBOXBUSD trigerd
[2021-08-25 13:07:56][I]:MASKBUSD trigerd
[2021-08-25 13:08:36][I]:MASKBUSD trigerd
[2021-08-25 13:13:51][I]:PSGBUSD trigerd
[2021-08-25 13:14:24][I]:MASKBUSD trigerd
[2021-08-25 13:19:29][I]:MASKBUSD trigerd
[2021-08-25 13:21:25][I]:MASKBUSD trigerd
[2021-08-25 13:22:00][I]:DEXEBUSD trigerd
[2021-08-25 13:23:49][I]:DEXEBUSD trigerd
[2021-08-25 13:24:47][I]:DEXEBUSD trigerd
[2021-08-25 13:25:42][I]:DEXEBUSD trigerd
[2021-08-25 13:26:22][I]:DEXEBUSD trigerd
[2021-08-25 13:34:39][I]:DEXEBUSD trigerd
[2021-08-25 13:36:16][I]:MBOXBUSD trigerd
[2021-08-25 13:36:45][I]:DEXEBUSD trigerd
[2021-08-25 13:37:22][I]:MBOXBUSD trigerd
[2021-08-25 13:38:03][I]:MBOXBUSD trigerd
[2021-08-25 13:39:03][I]:DEXEBUSD trigerd
[2021-08-25 13:39:45][I]:MBOXBUSD trigerd
[2021-08-25 13:41:18][I]:DEXEBUSD trigerd
[2021-08-25 13:42:45][I]:C98BUSD trigerd
[2021-08-25 13:43:29][I]:C98BUSD trigerd
[2021-08-25 13:45:35][I]:DEXEBUSD trigerd
[2021-08-25 13:48:24][I]:MASKBUSD trigerd
[2021-08-25 13:49:05][I]:MASKBUSD trigerd
[2021-08-25 13:49:46][I]:MASKBUSD trigerd
[2021-08-25 13:56:31][I]:FORBUSD trigerd
[2021-08-25 13:57:40][I]:FORBUSD trigerd
[2021-08-25 13:59:59][I]:FORBUSD trigerd
[2021-08-25 14:02:17][I]:DEXEBUSD trigerd
[2021-08-25 14:03:27][I]:DEXEBUSD trigerd
[2021-08-25 14:04:44][I]:XECBUSD trigerd
[2021-08-25 14:07:02][I]:XECBUSD trigerd
[2021-08-25 14:08:34][I]:XECBUSD trigerd
[2021-08-25 14:09:38][I]:XECBUSD trigerd
[2021-08-25 14:10:37][I]:DEXEBUSD trigerd
[2021-08-25 14:11:56][I]:DEXEBUSD trigerd
[2021-08-25 14:12:57][I]:DEXEBUSD trigerd
[2021-08-25 14:18:15][I]:C98BUSD trigerd
[2021-08-25 14:19:35][I]:XECBUSD trigerd
[2021-08-25 14:20:33][I]:DEXEBUSD trigerd
[2021-08-25 14:21:12][I]:DEXEBUSD trigerd
[2021-08-25 14:22:14][I]:DEXEBUSD trigerd
[2021-08-25 14:22:53][I]:DEXEBUSD trigerd
[2021-08-25 14:23:40][I]:XECBUSD trigerd
[2021-08-25 14:24:42][I]:XECBUSD trigerd
[2021-08-25 14:37:46][I]:ACMBUSD trigerd
[2021-08-25 14:38:45][I]:MASKBUSD trigerd
[2021-08-25 14:41:33][I]:DEXEBUSD trigerd
[2021-08-25 14:42:53][I]:XECBUSD trigerd
[2021-08-25 14:43:53][I]:DEXEBUSD trigerd
[2021-08-25 14:44:55][I]:DEXEBUSD trigerd
[2021-08-25 15:02:12][I]:DEXEBUSD trigerd
[2021-08-25 15:02:52][I]:DEXEBUSD trigerd
[2021-08-25 15:04:05][I]:DEXEBUSD trigerd
[2021-08-25 15:07:23][I]:FXSBUSD trigerd
[2021-08-25 15:08:21][I]:MBOXBUSD trigerd
[2021-08-25 15:09:35][I]:MBOXBUSD trigerd
[2021-08-25 15:13:22][I]:MBOXBUSD trigerd
[2021-08-25 15:14:20][I]:MBOXBUSD trigerd
[2021-08-25 15:18:31][I]:FORBUSD trigerd
[2021-08-25 15:19:24][I]:FORBUSD trigerd
[2021-08-25 15:20:52][I]:FORBUSD trigerd
[2021-08-25 15:21:32][I]:FORBUSD trigerd
[2021-08-25 15:22:10][I]:FORBUSD trigerd
[2021-08-25 15:23:24][I]:FORBUSD trigerd
[2021-08-25 15:24:56][I]:FORBUSD trigerd
[2021-08-25 15:33:19][I]:XECBUSD trigerd
[2021-08-25 15:33:59][I]:FORBUSD trigerd
[2021-08-25 15:34:27][I]:XECBUSD trigerd
[2021-08-25 15:36:15][I]:DEXEBUSD trigerd
[2021-08-25 15:46:55][I]:DEXEBUSD trigerd
[2021-08-25 15:47:48][I]:DEXEBUSD trigerd
[2021-08-25 15:48:27][I]:DEXEBUSD trigerd
[2021-08-25 15:48:44][I]:MBOXBUSD trigerd
[2021-08-25 15:49:09][I]:DEXEBUSD trigerd
[2021-08-25 15:49:59][I]:FORBUSD trigerd
[2021-08-25 15:52:42][I]:CTSIBUSD trigerd
[2021-08-25 15:53:37][I]:CTSIBUSD trigerd
[2021-08-25 15:54:34][I]:CTSIBUSD trigerd
[2021-08-25 15:58:57][I]:DEXEBUSD trigerd
[2021-08-25 15:59:17][I]:DEXEBUSD trigerd
[2021-08-25 16:02:46][I]:MBOXBUSD trigerd
[2021-08-25 16:04:05][I]:MBOXBUSD trigerd
[2021-08-25 16:06:23][I]:MBOXBUSD trigerd
[2021-08-25 16:07:52][I]:MBOXBUSD trigerd
[2021-08-25 16:08:39][I]:MBOXBUSD trigerd
[2021-08-25 16:10:50][I]:MBOXBUSD trigerd
[2021-08-25 16:11:09][I]:MBOXBUSD trigerd
[2021-08-25 16:11:50][I]:MBOXBUSD trigerd
[2021-08-25 16:13:06][I]:MBOXBUSD trigerd
[2021-08-25 16:13:29][I]:MBOXBUSD trigerd
[2021-08-25 16:16:55][I]:MBOXBUSD trigerd
[2021-08-25 16:17:36][I]:MBOXBUSD trigerd
[2021-08-25 16:17:55][I]:MBOXBUSD trigerd
[2021-08-25 16:22:29][I]:MBOXBUSD trigerd
[2021-08-25 16:22:50][I]:MBOXBUSD trigerd
[2021-08-25 16:24:28][I]:PSGBUSD trigerd
[2021-08-25 16:31:10][I]:MBOXBUSD trigerd
[2021-08-25 16:53:32][I]:DEXEBUSD trigerd
[2021-08-25 16:54:49][I]:DEXEBUSD trigerd
[2021-08-25 17:01:25][I]:MBOXBUSD trigerd
[2021-08-25 17:03:38][I]:AERGOBUSD trigerd
[2021-08-25 17:04:10][I]:MBOXBUSD trigerd
[2021-08-25 17:04:39][I]:QNTBUSD trigerd
[2021-08-25 17:06:22][I]:MBOXBUSD trigerd
[2021-08-25 17:06:55][I]:AERGOBUSD trigerd
[2021-08-25 17:07:27][I]:MBOXBUSD trigerd
[2021-08-25 17:08:00][I]:AERGOBUSD trigerd
[2021-08-25 17:09:25][I]:MBOXBUSD trigerd
[2021-08-25 17:09:54][I]:DEXEBUSD trigerd
[2021-08-25 17:12:41][I]:C98BUSD trigerd
[2021-08-25 17:13:13][I]:QNTBUSD trigerd
[2021-08-25 17:14:04][I]:AVAXBUSD trigerd
[2021-08-25 17:16:24][I]:C98BUSD trigerd
[2021-08-25 17:18:17][I]:C98BUSD trigerd
[2021-08-25 17:21:40][I]:DEXEBUSD trigerd
[2021-08-25 17:22:20][I]:DEXEBUSD trigerd
[2021-08-25 17:23:19][I]:DEXEBUSD trigerd
[2021-08-25 17:24:20][I]:DEXEBUSD trigerd
[2021-08-25 17:27:26][I]:MBOXBUSD trigerd
[2021-08-25 17:30:44][I]:DEXEBUSD trigerd
[2021-08-25 17:31:23][I]:DEXEBUSD trigerd
[2021-08-25 17:35:01][I]:DEXEBUSD trigerd
[2021-08-25 17:35:43][I]:C98BUSD trigerd
[2021-08-25 17:36:19][I]:C98BUSD trigerd
[2021-08-25 17:37:00][I]:C98BUSD trigerd
[2021-08-25 17:37:37][I]:C98BUSD trigerd
[2021-08-25 17:38:15][I]:C98BUSD trigerd
[2021-08-25 17:38:33][I]:C98BUSD trigerd
[2021-08-25 17:39:41][I]:C98BUSD trigerd
[2021-08-25 17:39:58][I]:C98BUSD trigerd
[2021-08-25 17:49:46][I]:MBOXBUSD trigerd
[2021-08-25 17:51:54][I]:AERGOBUSD trigerd
[2021-08-25 17:52:31][I]:AERGOBUSD trigerd
[2021-08-25 17:53:31][I]:MBOXBUSD trigerd
[2021-08-25 17:53:51][I]:MBOXBUSD trigerd
[2021-08-25 17:54:21][I]:AERGOBUSD trigerd
[2021-08-25 17:54:58][I]:AERGOBUSD trigerd
[2021-08-25 18:01:46][I]:C98BUSD trigerd
[2021-08-25 18:02:25][I]:C98BUSD trigerd
[2021-08-25 18:03:17][I]:C98BUSD trigerd
[2021-08-25 18:04:25][I]:C98BUSD trigerd
[2021-08-25 18:04:56][I]:DEXEBUSD trigerd
[2021-08-25 18:06:20][I]:DEXEBUSD trigerd
[2021-08-25 18:07:00][I]:DEXEBUSD trigerd
[2021-08-25 18:08:31][I]:DEXEBUSD trigerd
[2021-08-25 18:09:14][I]:DEXEBUSD trigerd
[2021-08-25 18:11:19][I]:ALICEBUSD trigerd
[2021-08-25 18:11:59][I]:ALICEBUSD trigerd
[2021-08-25 18:13:15][I]:ALICEBUSD trigerd
[2021-08-25 18:13:53][I]:ALICEBUSD trigerd
[2021-08-25 18:14:58][I]:ALICEBUSD trigerd
[2021-08-25 18:18:29][I]:ALICEBUSD trigerd
[2021-08-25 18:19:26][I]:ALICEBUSD trigerd
[2021-08-25 18:21:24][I]:ALICEBUSD trigerd
[2021-08-25 18:22:20][I]:ALICEBUSD trigerd
[2021-08-25 18:27:20][I]:ALICEBUSD trigerd
[2021-08-25 18:28:01][I]:ALICEBUSD trigerd
[2021-08-25 18:28:42][I]:ALICEBUSD trigerd
[2021-08-25 18:29:23][I]:ALICEBUSD trigerd
[2021-08-25 18:32:31][I]:ALICEBUSD trigerd
[2021-08-25 18:33:12][I]:ALICEBUSD trigerd
[2021-08-25 18:37:01][I]:ZENBUSD trigerd
[2021-08-25 18:37:44][I]:ZENBUSD trigerd
[2021-08-25 18:38:22][I]:DEXEBUSD trigerd
[2021-08-25 18:47:30][I]:MBOXBUSD trigerd
[2021-08-25 18:48:57][I]:MASKBUSD trigerd
[2021-08-25 18:53:40][I]:ATABUSD trigerd
[2021-08-25 18:54:30][I]:ATABUSD trigerd
[2021-08-25 18:55:32][I]:ATABUSD trigerd
[2021-08-25 18:56:22][I]:ATABUSD trigerd
[2021-08-25 18:56:58][I]:ATABUSD trigerd
[2021-08-25 18:57:34][I]:ATABUSD trigerd
[2021-08-25 18:58:12][I]:DEXEBUSD trigerd
[2021-08-25 18:58:40][I]:ATABUSD trigerd
[2021-08-25 18:59:34][I]:ATABUSD trigerd
[2021-08-25 19:02:26][I]:DEXEBUSD trigerd
[2021-08-25 19:03:19][I]:DEXEBUSD trigerd
[2021-08-25 19:06:41][I]:ATABUSD trigerd
[2021-08-25 19:07:09][I]:CTKBUSD trigerd
[2021-08-25 19:07:45][I]:ATABUSD trigerd
[2021-08-25 19:08:25][I]:ATABUSD trigerd
[2021-08-25 19:09:18][I]:ATABUSD trigerd
[2021-08-25 19:09:57][I]:ATABUSD trigerd
[2021-08-25 19:11:47][I]:ALICEBUSD trigerd
[2021-08-25 19:12:28][I]:ALICEBUSD trigerd
[2021-08-25 19:13:36][I]:ALICEBUSD trigerd
[2021-08-25 19:14:45][I]:MASKBUSD trigerd
[2021-08-25 19:16:18][I]:MBOXBUSD trigerd
[2021-08-25 19:16:56][I]:MBOXBUSD trigerd
[2021-08-25 19:18:52][I]:MBOXBUSD trigerd
[2021-08-25 19:19:30][I]:MBOXBUSD trigerd
[2021-08-25 19:21:33][I]:RSRBUSD trigerd
[2021-08-25 19:22:29][I]:RSRBUSD trigerd
[2021-08-25 19:22:58][I]:XECBUSD trigerd
[2021-08-25 19:24:15][I]:AERGOBUSD trigerd
[2021-08-25 19:28:23][I]:MBOXBUSD trigerd
[2021-08-25 19:29:17][I]:MBOXBUSD trigerd
[2021-08-25 19:34:07][I]:DEXEBUSD trigerd
[2021-08-25 19:40:49][I]:ATABUSD trigerd
[2021-08-25 19:41:42][I]:ATABUSD trigerd
[2021-08-25 19:42:21][I]:ATABUSD trigerd
[2021-08-25 19:43:43][I]:ATABUSD trigerd
[2021-08-25 19:44:21][I]:ATABUSD trigerd
[2021-08-25 19:44:59][I]:ATABUSD trigerd
[2021-08-25 19:56:30][I]:DEXEBUSD trigerd
[2021-08-25 19:56:47][I]:DEXEBUSD trigerd
[2021-08-25 19:59:33][I]:MBOXBUSD trigerd
[2021-08-25 19:59:52][I]:MBOXBUSD trigerd
[2021-08-25 20:02:07][I]:BONDBUSD trigerd
[2021-08-25 20:09:09][I]:ALICEBUSD trigerd
[2021-08-25 20:09:47][I]:ALICEBUSD trigerd
[2021-08-25 20:13:12][I]:ALICEBUSD trigerd
[2021-08-25 20:14:12][I]:SFPBUSD trigerd
[2021-08-25 20:19:35][I]:ALICEBUSD trigerd
[2021-08-25 20:27:19][I]:DEGOBUSD trigerd
[2021-08-25 20:27:59][I]:DEGOBUSD trigerd
[2021-08-25 20:28:58][I]:DEGOBUSD trigerd
[2021-08-25 20:29:57][I]:ALPHABUSD trigerd
[2021-08-25 20:31:25][I]:AERGOBUSD trigerd
[2021-08-25 20:32:46][I]:AERGOBUSD trigerd
[2021-08-25 20:33:54][I]:MBOXBUSD trigerd
[2021-08-25 20:34:42][I]:MBOXBUSD trigerd
[2021-08-25 20:37:35][I]:MBOXBUSD trigerd
[2021-08-25 20:38:33][I]:MBOXBUSD trigerd
[2021-08-25 20:39:11][I]:MBOXBUSD trigerd
[2021-08-25 20:39:57][I]:SFPBUSD trigerd
[2021-08-25 20:42:18][I]:TLMBUSD trigerd
[2021-08-25 20:42:58][I]:TLMBUSD trigerd
[2021-08-25 20:43:34][I]:ATABUSD trigerd
[2021-08-25 20:44:39][I]:TLMBUSD trigerd
[2021-08-25 20:46:38][I]:ATABUSD trigerd
[2021-08-25 20:47:20][I]:ATABUSD trigerd
[2021-08-25 20:47:57][I]:MASKBUSD trigerd
[2021-08-25 20:48:25][I]:ATABUSD trigerd
[2021-08-25 20:49:06][I]:ATABUSD trigerd
[2021-08-25 20:49:46][I]:ATABUSD trigerd
[2021-08-25 20:50:40][I]:ATABUSD trigerd
[2021-08-25 20:53:26][I]:TLMBUSD trigerd
[2021-08-25 20:59:51][I]:ATABUSD trigerd
[2021-08-25 21:01:18][I]:ATABUSD trigerd
[2021-08-25 21:01:58][I]:ATABUSD trigerd
[2021-08-25 21:03:56][I]:MASKBUSD trigerd
[2021-08-25 21:04:35][I]:MASKBUSD trigerd
[2021-08-25 21:06:50][I]:MASKBUSD trigerd
[2021-08-25 21:07:29][I]:MASKBUSD trigerd
[2021-08-25 21:08:27][I]:MASKBUSD trigerd
[2021-08-25 21:09:34][I]:MASKBUSD trigerd
[2021-08-25 21:12:23][I]:ATABUSD trigerd
[2021-08-25 21:13:04][I]:ATABUSD trigerd
[2021-08-25 21:13:36][I]:XTZBUSD trigerd
[2021-08-25 21:14:56][I]:ATABUSD trigerd
[2021-08-25 21:15:35][I]:MASKBUSD trigerd
[2021-08-25 21:20:35][I]:ATABUSD trigerd
[2021-08-25 21:27:32][I]:MASKBUSD trigerd
[2021-08-25 21:30:02][I]:DEGOBUSD trigerd
[2021-08-25 21:36:45][I]:TLMBUSD trigerd
[2021-08-25 21:42:53][I]:ATABUSD trigerd
[2021-08-25 21:46:30][I]:MASKBUSD trigerd
[2021-08-25 21:48:14][I]:ATABUSD trigerd
[2021-08-25 21:48:33][I]:ATABUSD trigerd
[2021-08-25 21:48:50][I]:ATABUSD trigerd
[2021-08-25 21:49:07][I]:ATABUSD trigerd
[2021-08-25 21:49:26][I]:ATABUSD trigerd
[2021-08-25 21:49:57][I]:ATABUSD trigerd
[2021-08-25 21:52:09][I]:CTSIBUSD trigerd
[2021-08-25 21:52:25][I]:CTSIBUSD trigerd
[2021-08-25 21:56:24][I]:CTSIBUSD trigerd
[2021-08-25 22:07:31][I]:MASKBUSD trigerd
[2021-08-25 22:07:51][I]:MASKBUSD trigerd
[2021-08-25 22:11:39][I]:MASKBUSD trigerd
[2021-08-25 22:16:16][I]:ATABUSD trigerd
[2021-08-25 22:16:33][I]:ATABUSD trigerd
[2021-08-25 22:16:50][I]:ATABUSD trigerd
[2021-08-25 22:17:08][I]:ATABUSD trigerd
[2021-08-25 22:17:52][I]:MASKBUSD trigerd
[2021-08-25 22:20:22][I]:MASKBUSD trigerd
[2021-08-25 22:53:15][I]:ATABUSD trigerd
[2021-08-25 22:53:47][I]:TKOBUSD trigerd
[2021-08-25 22:54:09][I]:ATABUSD trigerd
[2021-08-25 22:54:31][I]:SFPBUSD trigerd
[2021-08-25 22:54:43][I]:TKOBUSD trigerd
[2021-08-25 22:55:58][I]:TKOBUSD trigerd
[2021-08-25 23:08:23][I]:FORTHBUSD trigerd
[2021-08-25 23:09:37][I]:FORTHBUSD trigerd
[2021-08-25 23:09:55][I]:FORTHBUSD trigerd
[2021-08-25 23:13:44][I]:TLMBUSD trigerd
[2021-08-25 23:16:16][I]:ATABUSD trigerd
[2021-08-25 23:24:59][I]:FORTHBUSD trigerd
[2021-08-25 23:25:29][I]:ATABUSD trigerd
[2021-08-25 23:25:48][I]:ATABUSD trigerd
[2021-08-25 23:26:35][I]:FORTHBUSD trigerd
[2021-08-25 23:27:16][I]:FORTHBUSD trigerd
