[2021-09-18 15:24:11][I]:FRONTBUSD trigerd
[2021-09-18 15:24:23][I]:最高点后的0-15分钟，持续爆拉升突破前高10%...
[2021-09-18 15:24:23][I]:high_24h=1.6642 cur=1.7349
[2021-09-18 15:24:35][I]:FRONTBUSD trigerd
[2021-09-18 15:24:45][I]:最高点后的0-15分钟，持续爆拉升突破前高10%...
[2021-09-18 15:24:45][I]:high_24h=1.6642 cur=1.7371
[2021-09-18 15:36:21][I]:SWRVBUSD trigerd
[2021-09-18 15:36:22][I]:最高点后的81.3分钟， 低谷回落 再次 拉升 
[2021-09-18 15:36:33][I]:最高点后的45 分钟之后，斐波区间下面的拉升
[2021-09-18 15:36:33][I]:high_24h=1.589 cur=1.4704
[2021-09-18 15:37:10][I]:SWRVBUSD trigerd
[2021-09-18 15:37:11][I]:最高点后的82.1分钟， 低谷回落 再次 拉升 
[2021-09-18 15:37:20][I]:最高点后的45 分钟之后，斐波区间下面的拉升
[2021-09-18 15:37:20][I]:high_24h=1.589 cur=1.4934
[2021-09-18 15:37:53][I]:SWRVBUSD trigerd
[2021-09-18 15:37:55][I]:最高点后的82.9分钟， 低谷回落 再次 拉升 
[2021-09-18 15:38:04][I]:最高点后的45 分钟之后，斐波区间下面的拉升
[2021-09-18 15:38:04][I]:high_24h=1.589 cur=1.4958
[2021-09-18 15:38:20][I]:SWRVBUSD trigerd
[2021-09-18 15:38:22][I]:最高点后的83.3分钟， 低谷回落 再次 拉升 
[2021-09-18 15:38:31][I]:最高点后的45 分钟之后，斐波区间下面的拉升
[2021-09-18 15:38:31][I]:high_24h=1.589 cur=1.4926
[2021-09-18 15:39:09][I]:SWRVBUSD trigerd
[2021-09-18 15:39:10][I]:最高点后的84.1分钟， 低谷回落 再次 拉升 
[2021-09-18 15:39:20][I]:最高点后的45 分钟之后，斐波区间下面的拉升
[2021-09-18 15:39:20][I]:high_24h=1.589 cur=1.5075
[2021-09-18 15:39:35][I]:SWRVBUSD trigerd
[2021-09-18 15:39:36][I]:最高点后的84.6分钟， 低谷回落 再次 拉升 
[2021-09-18 15:39:45][I]:最高点后的45 分钟之后，斐波区间下面的拉升
[2021-09-18 15:39:45][I]:high_24h=1.589 cur=1.5004
[2021-09-18 15:46:12][I]:SWRVBUSD trigerd
[2021-09-18 15:46:13][I]:最高点后的91.2分钟， 低谷回落 再次 拉升 
[2021-09-18 15:46:22][I]:最高点后的45 分钟之后，斐波区间下面的拉升
[2021-09-18 15:46:22][I]:high_24h=1.589 cur=1.5214
[2021-09-18 15:46:36][I]:SWRVBUSD trigerd
[2021-09-18 15:46:38][I]:最高点后的91.6分钟， 低谷回落 再次 拉升 
[2021-09-18 15:46:47][I]:最高点后的45 分钟之后，斐波区间下面的拉升
[2021-09-18 15:46:47][I]:high_24h=1.589 cur=1.53
[2021-09-18 15:47:00][I]:SWRVBUSD trigerd
[2021-09-18 15:47:02][I]:最高点后的92.0分钟， 低谷回落 再次 拉升 
[2021-09-18 15:47:11][I]:最高点后的45分钟之后， 大低谷回落 再次 进入斐波区间 
[2021-09-18 15:48:32][I]:SWRVBUSD trigerd
[2021-09-18 15:48:33][I]:最高点后的93.5分钟， 低谷回落 再次 拉升 
[2021-09-18 15:48:43][I]:最高点后的45 分钟之后，斐波区间下面的拉升
[2021-09-18 15:48:43][I]:high_24h=1.589 cur=1.5189
[2021-09-18 16:03:26][I]:SWRVBUSD trigerd
[2021-09-18 16:03:27][I]:最高点后的108.分钟， 低谷回落 再次 拉升 
[2021-09-18 16:03:36][I]:最高点后的45分钟之后， 大低谷回落 再次 进入斐波区间 
[2021-09-18 16:03:52][I]:SWRVBUSD trigerd
[2021-09-18 16:03:53][I]:最高点后的108.分钟， 低谷回落 再次 拉升 
[2021-09-18 16:04:02][I]:最高点后的45分钟之后， 大低谷回落 再次 进入斐波区间 
[2021-09-18 16:07:14][I]:SWRVBUSD trigerd
[2021-09-18 16:07:15][I]:最高点后的112.分钟， 低谷回落 再次 拉升 
[2021-09-18 16:07:25][I]:最高点后的45分钟之后， 大低谷回落 再次 进入斐波区间 
[2021-09-18 16:07:41][I]:SWRVBUSD trigerd
[2021-09-18 16:07:42][I]:最高点后的112.分钟， 低谷回落 再次 拉升 
[2021-09-18 16:07:51][I]:最高点后的45分钟之后， 大低谷回落 再次 进入斐波区间 
[2021-09-18 16:08:38][I]:SWRVBUSD trigerd
[2021-09-18 16:08:39][I]:最高点后的113.分钟， 低谷回落 再次 拉升 
[2021-09-18 16:08:48][I]:最高点后的45 分钟之后，短期持续爆拉升突破前高... 
[2021-09-18 16:09:00][I]:SWRVBUSD trigerd
[2021-09-18 16:09:01][I]:最高点后的114.分钟， 低谷回落 再次 拉升 
[2021-09-18 16:09:10][I]:最高点后的45 分钟之后，持续爆拉升突破前高10%... 
[2021-09-18 16:09:10][I]:high_24h=1.589 cur=1.62
[2021-09-18 16:11:35][I]:SWRVBUSD trigerd
[2021-09-18 16:11:36][I]:最高点后的116.分钟， 低谷回落 再次 拉升 
[2021-09-18 16:11:45][I]:最高点后的45 分钟之后，持续爆拉升突破前高10%... 
[2021-09-18 16:11:45][I]:high_24h=1.589 cur=1.6391
[2021-09-18 16:12:35][I]:SWRVBUSD trigerd
[2021-09-18 16:12:36][I]:最高点后的117.分钟， 低谷回落 再次 拉升 
[2021-09-18 16:12:46][I]:最高点后的45 分钟之后，持续爆拉升突破前高10%... 
[2021-09-18 16:12:46][I]:high_24h=1.589 cur=1.6913
[2021-09-18 16:12:55][I]:COTIBUSD trigerd
[2021-09-18 16:12:56][I]:最高点后的117.分钟， 低谷回落 再次 拉升 
[2021-09-18 16:13:05][I]:最高点后的45分钟之后， 大低谷回落 再次 进入斐波区间 
[2021-09-18 16:14:06][I]:SWRVBUSD trigerd
[2021-09-18 16:14:07][I]:最高点后的119.分钟， 低谷回落 再次 拉升 
[2021-09-18 16:14:16][I]:最高点后的45 分钟之后，持续爆拉升突破前高10%... 
[2021-09-18 16:14:16][I]:high_24h=1.589 cur=1.6713
[2021-09-18 16:14:18][I]:COTIBUSD trigerd
[2021-09-18 16:14:19][I]:最高点后的119.分钟， 低谷回落 再次 拉升 
[2021-09-18 16:14:28][I]:最高点后的45分钟之后， 大低谷回落 再次 进入斐波区间 
[2021-09-18 16:16:10][I]:SWRVBUSD trigerd
[2021-09-18 16:16:21][I]:最高点后的0-15分钟,进入斐波区间 
[2021-09-18 16:16:32][I]:SWRVBUSD trigerd
[2021-09-18 16:16:42][I]:最高点后的0-15分钟,进入斐波区间 
[2021-09-18 16:16:55][I]:SWRVBUSD trigerd
[2021-09-18 16:17:05][I]:最高点后的0-15分钟,进入斐波区间 
[2021-09-18 16:17:51][I]:SWRVBUSD trigerd
[2021-09-18 16:18:01][I]:最高点后的0-15分钟,进入斐波区间 
[2021-09-18 16:21:04][I]:SWRVBUSD trigerd
[2021-09-18 16:21:14][I]:最高点后的0-15分钟,进入斐波区间 
[2021-09-18 16:23:22][I]:SWRVBUSD trigerd
[2021-09-18 16:23:32][I]:最高点后的0-15分钟,进入斐波区间 
[2021-09-18 16:23:47][I]:SWRVBUSD trigerd
[2021-09-18 16:23:58][I]:最高点后的0-15分钟,进入斐波区间 
[2021-09-18 16:24:08][I]:SWRVBUSD trigerd
[2021-09-18 16:24:18][I]:最高点后的0-15分钟,进入斐波区间 
[2021-09-18 16:24:31][I]:SWRVBUSD trigerd
[2021-09-18 16:24:41][I]:最高点后的0-15分钟,进入斐波区间 
[2021-09-18 16:30:56][I]:SWRVBUSD trigerd
[2021-09-18 16:31:07][I]:最高点后的0-15分钟，持续爆拉升突破前高... 
[2021-09-18 16:48:21][I]:NMRBUSD trigerd
[2021-09-18 16:48:22][I]:最高点后的183.分钟， 低谷回落 再次 拉升 
[2021-09-18 16:48:31][I]:最高点后的45 分钟之后，斐波区间下面的拉升
[2021-09-18 16:48:31][I]:high_24h=62.81 cur=52.73
[2021-09-18 16:48:44][I]:NMRBUSD trigerd
[2021-09-18 16:48:45][I]:最高点后的183.分钟， 低谷回落 再次 拉升 
[2021-09-18 16:48:54][I]:最高点后的45 分钟之后，斐波区间下面的拉升
[2021-09-18 16:48:54][I]:high_24h=62.81 cur=52.98
[2021-09-18 16:49:42][I]:NMRBUSD trigerd
[2021-09-18 16:49:43][I]:最高点后的184.分钟， 低谷回落 再次 拉升 
[2021-09-18 16:49:53][I]:最高点后的45 分钟之后，斐波区间下面的拉升
[2021-09-18 16:49:53][I]:high_24h=62.81 cur=52.77
[2021-09-18 17:01:53][I]:SWRVBUSD trigerd
[2021-09-18 17:02:04][I]:高点后的15-45分钟，再次进入斐波区间前的拉升 
[2021-09-18 17:02:04][I]:high_24h=1.742 cur=1.6203
[2021-09-18 17:03:28][I]:SWRVBUSD trigerd
[2021-09-18 17:03:38][I]:高点后的15-45分钟，再次进入斐波区间前的拉升 
[2021-09-18 17:03:38][I]:high_24h=1.742 cur=1.6255
[2021-09-18 17:04:18][I]:SWRVBUSD trigerd
[2021-09-18 17:04:28][I]:最高点后的15-45分钟 ， 跌落后进入斐波区间 
[2021-09-18 17:04:43][I]:SWRVBUSD trigerd
[2021-09-18 17:04:54][I]:最高点后的15-45分钟 ， 跌落后进入斐波区间 
[2021-09-18 17:05:36][I]:SWRVBUSD trigerd
[2021-09-18 17:05:46][I]:最高点后的15-45分钟 ， 跌落后进入斐波区间 
[2021-09-18 17:06:03][I]:SWRVBUSD trigerd
[2021-09-18 17:06:13][I]:最高点后的15-45分钟 ， 跌落后进入斐波区间 
[2021-09-18 17:06:28][I]:SWRVBUSD trigerd
[2021-09-18 17:06:39][I]:最高点后的15-45分钟 ， 跌落后进入斐波区间 
[2021-09-18 17:08:19][I]:VIDTBUSD trigerd
[2021-09-18 17:08:20][I]:最高点后的143.分钟， 低谷回落 再次 拉升 
[2021-09-18 17:08:29][I]:最高点后的45 分钟之后，斐波区间下面的拉升
[2021-09-18 17:08:29][I]:high_24h=1.15 cur=1.0824
[2021-09-18 17:08:48][I]:SWRVBUSD trigerd
[2021-09-18 17:08:59][I]:最高点后的15-45分钟 ， 跌落后进入斐波区间 
[2021-09-18 17:15:34][I]:SYSBUSD trigerd
[2021-09-18 17:15:44][I]:最高点后的0-15分钟，持续爆拉升突破前高10%...
[2021-09-18 17:15:44][I]:high_24h=0.3 cur=0.3073
[2021-09-18 17:16:14][I]:SYSBUSD trigerd
[2021-09-18 17:16:24][I]:最高点后的0-15分钟，持续爆拉升突破前高10%...
[2021-09-18 17:16:24][I]:high_24h=0.3 cur=0.3113
[2021-09-18 17:16:51][I]:SWRVBUSD trigerd
[2021-09-18 17:17:01][I]:最高点后的15-45分钟 ， 跌落后进入斐波区间 
[2021-09-18 17:17:13][I]:SYSBUSD trigerd
[2021-09-18 17:17:24][I]:最高点后的0-15分钟，持续爆拉升突破前高10%...
[2021-09-18 17:17:24][I]:high_24h=0.3 cur=0.3225
[2021-09-18 17:18:35][I]:SYSBUSD trigerd
[2021-09-18 17:18:45][I]:最高点后的0-15分钟，持续爆拉升突破前高10%...
[2021-09-18 17:18:45][I]:high_24h=0.3 cur=0.3196
[2021-09-18 17:19:23][I]:C98BUSD trigerd
[2021-09-18 17:19:24][I]:最高点后的124.分钟， 低谷回落 再次 拉升 
[2021-09-18 17:19:34][I]:最高点后的45 分钟之后，持续爆拉升突破前高10%... 
[2021-09-18 17:19:34][I]:high_24h=3.99 cur=4.065
[2021-09-18 17:19:53][I]:C98BUSD trigerd
[2021-09-18 17:19:55][I]:最高点后的124.分钟， 低谷回落 再次 拉升 
[2021-09-18 17:20:04][I]:最高点后的45 分钟之后，持续爆拉升突破前高10%... 
[2021-09-18 17:20:04][I]:high_24h=3.99 cur=4.08
[2021-09-18 17:21:54][I]:C98BUSD trigerd
[2021-09-18 17:21:55][I]:最高点后的126.分钟， 低谷回落 再次 拉升 
[2021-09-18 17:22:05][I]:最高点后的45 分钟之后，持续爆拉升突破前高10%... 
[2021-09-18 17:22:05][I]:high_24h=3.99 cur=4.139
[2021-09-18 17:22:16][I]:SYSBUSD trigerd
[2021-09-18 17:22:26][I]:最高点后的0-15分钟，持续爆拉升突破前高10%...
[2021-09-18 17:22:26][I]:high_24h=0.3 cur=0.3677
[2021-09-18 17:24:07][I]:SYSBUSD trigerd
[2021-09-18 17:24:17][I]:最高点后的0-15分钟，持续爆拉升突破前高10%...
[2021-09-18 17:24:17][I]:high_24h=0.3 cur=0.3717
[2021-09-18 17:24:33][I]:C98BUSD trigerd
[2021-09-18 17:24:34][I]:最高点后的129.分钟， 低谷回落 再次 拉升 
[2021-09-18 17:24:43][I]:最高点后的45 分钟之后，持续爆拉升突破前高10%... 
[2021-09-18 17:24:43][I]:high_24h=3.99 cur=4.142
[2021-09-18 17:24:56][I]:SYSBUSD trigerd
[2021-09-18 17:25:07][I]:最高点后的0-15分钟，持续爆拉升突破前高10%...
[2021-09-18 17:25:07][I]:high_24h=0.3 cur=0.3724
[2021-09-18 17:25:23][I]:SYSBUSD trigerd
[2021-09-18 17:25:34][I]:最高点后的0-15分钟，持续爆拉升突破前高10%...
[2021-09-18 17:25:34][I]:high_24h=0.3 cur=0.3837
[2021-09-18 17:25:45][I]:C98BUSD trigerd
[2021-09-18 17:25:46][I]:最高点后的130.分钟， 低谷回落 再次 拉升 
[2021-09-18 17:25:55][I]:最高点后的45 分钟之后，持续爆拉升突破前高10%... 
[2021-09-18 17:25:55][I]:high_24h=3.99 cur=4.232
[2021-09-18 17:26:08][I]:SYSBUSD trigerd
[2021-09-18 17:26:18][I]:最高点后的0-15分钟，持续爆拉升突破前高10%...
[2021-09-18 17:26:18][I]:high_24h=0.3 cur=0.3796
[2021-09-18 17:26:29][I]:C98BUSD trigerd
[2021-09-18 17:26:30][I]:最高点后的131.分钟， 低谷回落 再次 拉升 
[2021-09-18 17:26:39][I]:最高点后的45 分钟之后，持续爆拉升突破前高10%... 
[2021-09-18 17:26:39][I]:high_24h=3.99 cur=4.246
[2021-09-18 17:26:55][I]:C98BUSD trigerd
[2021-09-18 17:26:56][I]:最高点后的131.分钟， 低谷回落 再次 拉升 
[2021-09-18 17:27:06][I]:最高点后的45 分钟之后，持续爆拉升突破前高10%... 
[2021-09-18 17:27:06][I]:high_24h=3.99 cur=4.247
[2021-09-18 17:27:37][I]:C98BUSD trigerd
[2021-09-18 17:27:38][I]:最高点后的132.分钟， 低谷回落 再次 拉升 
[2021-09-18 17:27:47][I]:最高点后的45 分钟之后，持续爆拉升突破前高10%... 
[2021-09-18 17:27:47][I]:high_24h=3.99 cur=4.248
[2021-09-18 17:28:00][I]:C98BUSD trigerd
[2021-09-18 17:28:01][I]:最高点后的133.分钟， 低谷回落 再次 拉升 
[2021-09-18 17:28:10][I]:最高点后的45 分钟之后，持续爆拉升突破前高10%... 
[2021-09-18 17:28:10][I]:high_24h=3.99 cur=4.25
[2021-09-18 17:29:57][I]:C98BUSD trigerd
[2021-09-18 17:29:58][I]:最高点后的134.分钟， 低谷回落 再次 拉升 
[2021-09-18 17:30:07][I]:最高点后的45 分钟之后，持续爆拉升突破前高10%... 
[2021-09-18 17:30:07][I]:high_24h=3.99 cur=4.229
[2021-09-18 17:31:42][I]:SWRVBUSD trigerd
[2021-09-18 17:31:43][I]:最高点后的46.7分钟， 低谷回落 再次 拉升 
[2021-09-18 17:31:52][I]:最高点后的45分钟之后， 大低谷回落 再次 进入斐波区间 
[2021-09-18 17:43:34][I]:ACMBUSD trigerd
[2021-09-18 17:43:35][I]:最高点后的313.分钟， 低谷回落 再次 拉升 
[2021-09-18 17:43:44][I]:最高点后的45分钟之后， 大低谷回落 再次 进入斐波区间 
[2021-09-18 17:44:00][I]:ACMBUSD trigerd
[2021-09-18 17:44:01][I]:最高点后的314.分钟， 低谷回落 再次 拉升 
[2021-09-18 17:44:10][I]:最高点后的45分钟之后， 大低谷回落 再次 进入斐波区间 
[2021-09-18 17:44:27][I]:ACMBUSD trigerd
[2021-09-18 17:44:28][I]:最高点后的314.分钟， 低谷回落 再次 拉升 
[2021-09-18 17:44:37][I]:最高点后的45分钟之后， 大低谷回落 再次 进入斐波区间 
[2021-09-18 17:44:56][I]:ACMBUSD trigerd
[2021-09-18 17:44:57][I]:最高点后的314.分钟， 低谷回落 再次 拉升 
[2021-09-18 17:45:07][I]:最高点后的45分钟之后， 大低谷回落 再次 进入斐波区间 
[2021-09-18 17:49:25][I]:HEGICBUSD trigerd
[2021-09-18 17:49:35][I]:最高点后的0-15分钟，持续爆拉升突破前高10%...
[2021-09-18 17:49:35][I]:high_24h=0.1952 cur=0.1976
[2021-09-18 17:50:10][I]:HEGICBUSD trigerd
[2021-09-18 17:50:20][I]:最高点后的0-15分钟，持续爆拉升突破前高10%...
[2021-09-18 17:50:20][I]:high_24h=0.1952 cur=0.2045
[2021-09-18 17:50:53][I]:HEGICBUSD trigerd
[2021-09-18 17:51:03][I]:最高点后的0-15分钟，持续爆拉升突破前高10%...
[2021-09-18 17:51:03][I]:high_24h=0.1952 cur=0.2026
[2021-09-18 17:51:35][I]:HEGICBUSD trigerd
[2021-09-18 17:51:46][I]:最高点后的0-15分钟，持续爆拉升突破前高10%...
[2021-09-18 17:51:46][I]:high_24h=0.1952 cur=0.204
[2021-09-18 17:52:46][I]:HEGICBUSD trigerd
[2021-09-18 17:52:57][I]:最高点后的0-15分钟，持续爆拉升突破前高10%...
[2021-09-18 17:52:57][I]:high_24h=0.1952 cur=0.206
[2021-09-18 17:56:46][I]:BADGERBUSD trigerd
[2021-09-18 17:56:47][I]:最高点后的281.分钟， 低谷回落 再次 拉升 
[2021-09-18 17:56:56][I]:最高点后的45分钟之后， 大低谷回落 再次 进入斐波区间 
[2021-09-18 17:57:23][I]:BADGERBUSD trigerd
[2021-09-18 17:57:24][I]:最高点后的282.分钟， 低谷回落 再次 拉升 
[2021-09-18 17:57:33][I]:最高点后的45 分钟之后，短期持续爆拉升突破前高... 
[2021-09-18 17:58:45][I]:BADGERBUSD trigerd
[2021-09-18 17:58:46][I]:最高点后的283.分钟， 低谷回落 再次 拉升 
[2021-09-18 17:58:55][I]:最高点后的45分钟之后， 大低谷回落 再次 进入斐波区间 
[2021-09-18 18:13:42][I]:SYSBUSD trigerd
[2021-09-18 18:13:52][I]:高点后的15-45分钟，再次进入斐波区间前的拉升 
[2021-09-18 18:13:52][I]:high_24h=0.3895 cur=0.2842
[2021-09-18 18:14:24][I]:SYSBUSD trigerd
[2021-09-18 18:14:35][I]:高点后的15-45分钟，再次进入斐波区间前的拉升 
[2021-09-18 18:14:35][I]:high_24h=0.3895 cur=0.2842
[2021-09-18 18:21:44][I]:SYSBUSD trigerd
[2021-09-18 18:21:45][I]:最高点后的51.7分钟， 拉升 
[2021-09-18 18:21:54][I]:最高点后的45 分钟之后，斐波区间下面的拉升
[2021-09-18 18:21:54][I]:high_24h=0.3895 cur=0.2842
[2021-09-18 18:30:46][I]:SYSBUSD trigerd
[2021-09-18 18:30:47][I]:最高点后的60.7分钟， 拉升 
[2021-09-18 18:30:56][I]:最高点后的45 分钟之后，斐波区间下面的拉升
[2021-09-18 18:30:56][I]:high_24h=0.3895 cur=0.2842
[2021-09-18 18:31:30][I]:SYSBUSD trigerd
[2021-09-18 18:31:31][I]:最高点后的61.5分钟， 拉升 
[2021-09-18 18:31:40][I]:最高点后的45 分钟之后，斐波区间下面的拉升
[2021-09-18 18:31:41][I]:high_24h=0.3895 cur=0.2842
[2021-09-18 18:33:37][I]:SYSBUSD trigerd
[2021-09-18 18:33:38][I]:最高点后的63.6分钟， 拉升 
[2021-09-18 18:33:48][I]:最高点后的45 分钟之后，斐波区间下面的拉升
[2021-09-18 18:33:48][I]:high_24h=0.3895 cur=0.2842
[2021-09-18 18:44:10][I]:SWRVBUSD trigerd
[2021-09-18 18:44:11][I]:最高点后的119.分钟， 拉升 
[2021-09-18 18:44:20][I]:最高点后的45 分钟之后，斐波区间下面的拉升
[2021-09-18 18:44:20][I]:high_24h=1.742 cur=1.1914
[2021-09-18 18:44:53][I]:SWRVBUSD trigerd
[2021-09-18 18:44:54][I]:最高点后的119.分钟， 拉升 
[2021-09-18 18:45:03][I]:最高点后的45 分钟之后，斐波区间下面的拉升
[2021-09-18 18:45:03][I]:high_24h=1.742 cur=1.1914
[2021-09-18 19:23:55][I]:SYSBUSD trigerd
[2021-09-18 19:23:56][I]:最高点后的113.分钟， 拉升 
[2021-09-18 19:24:05][I]:最高点后的45 分钟之后，斐波区间下面的拉升
[2021-09-18 19:24:05][I]:high_24h=0.3895 cur=0.2842
[2021-09-18 19:33:28][I]:GALABUSD trigerd
[2021-09-18 19:33:29][I]:最高点后的423.分钟， 拉升 
[2021-09-18 19:33:38][I]:最高点后的45 分钟之后，斐波区间下面的拉升
[2021-09-18 19:33:38][I]:high_24h=0.119 cur=0.04725
[2021-09-18 19:34:07][I]:GALABUSD trigerd
[2021-09-18 19:34:09][I]:最高点后的424.分钟， 拉升 
[2021-09-18 19:34:19][I]:最高点后的45 分钟之后，斐波区间下面的拉升
[2021-09-18 19:34:19][I]:high_24h=0.119 cur=0.04725
[2021-09-18 19:34:48][I]:GALABUSD trigerd
[2021-09-18 19:34:49][I]:最高点后的424.分钟， 拉升 
[2021-09-18 19:34:59][I]:最高点后的45 分钟之后，斐波区间下面的拉升
[2021-09-18 19:34:59][I]:high_24h=0.119 cur=0.04725
[2021-09-18 19:36:10][I]:GALABUSD trigerd
[2021-09-18 19:36:11][I]:最高点后的426.分钟， 拉升 
[2021-09-18 19:36:21][I]:最高点后的45 分钟之后，斐波区间下面的拉升
[2021-09-18 19:36:21][I]:high_24h=0.119 cur=0.04725
[2021-09-18 19:36:51][I]:GALABUSD trigerd
[2021-09-18 19:36:52][I]:最高点后的426.分钟， 拉升 
[2021-09-18 19:37:01][I]:最高点后的45 分钟之后，斐波区间下面的拉升
[2021-09-18 19:37:01][I]:high_24h=0.119 cur=0.04725
[2021-09-18 19:38:08][I]:GALABUSD trigerd
[2021-09-18 19:38:09][I]:最高点后的428.分钟， 拉升 
[2021-09-18 19:38:18][I]:最高点后的45 分钟之后，斐波区间下面的拉升
[2021-09-18 19:38:18][I]:high_24h=0.119 cur=0.04725
[2021-09-18 19:38:49][I]:GALABUSD trigerd
[2021-09-18 19:38:50][I]:最高点后的428.分钟， 拉升 
[2021-09-18 19:38:59][I]:最高点后的45 分钟之后，斐波区间下面的拉升
[2021-09-18 19:38:59][I]:high_24h=0.119 cur=0.04725
[2021-09-18 19:48:27][I]:SWRVBUSD trigerd
[2021-09-18 19:48:28][I]:最高点后的183.分钟， 拉升 
[2021-09-18 19:48:37][I]:最高点后的45 分钟之后，斐波区间下面的拉升
[2021-09-18 19:48:37][I]:high_24h=1.742 cur=1.1914
[2021-09-18 19:53:52][I]:SYSBUSD trigerd
[2021-09-18 19:53:53][I]:最高点后的143.分钟， 拉升 
[2021-09-18 19:54:02][I]:最高点后的45 分钟之后，斐波区间下面的拉升
[2021-09-18 19:54:02][I]:high_24h=0.3895 cur=0.2842
[2021-09-18 20:01:13][I]:SYSBUSD trigerd
[2021-09-18 20:01:14][I]:最高点后的151.分钟， 拉升 
[2021-09-18 20:01:23][I]:最高点后的45 分钟之后，斐波区间下面的拉升
[2021-09-18 20:01:23][I]:high_24h=0.3895 cur=0.2842
[2021-09-18 20:02:16][I]:SYSBUSD trigerd
[2021-09-18 20:02:17][I]:最高点后的152.分钟， 拉升 
[2021-09-18 20:02:26][I]:最高点后的45 分钟之后，斐波区间下面的拉升
[2021-09-18 20:02:26][I]:high_24h=0.3895 cur=0.2842
[2021-09-18 20:03:57][I]:GALABUSD trigerd
[2021-09-18 20:03:58][I]:最高点后的453.分钟， 拉升 
[2021-09-18 20:04:07][I]:最高点后的45 分钟之后，斐波区间下面的拉升
[2021-09-18 20:04:07][I]:high_24h=0.119 cur=0.04725
[2021-09-18 20:04:39][I]:GALABUSD trigerd
[2021-09-18 20:04:40][I]:最高点后的454.分钟， 拉升 
[2021-09-18 20:04:49][I]:最高点后的45 分钟之后，斐波区间下面的拉升
[2021-09-18 20:04:49][I]:high_24h=0.119 cur=0.04725
[2021-09-18 20:05:38][I]:GALABUSD trigerd
[2021-09-18 20:05:39][I]:最高点后的455.分钟， 拉升 
[2021-09-18 20:05:49][I]:最高点后的45 分钟之后，斐波区间下面的拉升
[2021-09-18 20:05:49][I]:high_24h=0.119 cur=0.04725
[2021-09-18 20:08:11][I]:GALABUSD trigerd
[2021-09-18 20:08:12][I]:最高点后的458.分钟， 拉升 
[2021-09-18 20:08:21][I]:最高点后的45 分钟之后，斐波区间下面的拉升
[2021-09-18 20:08:21][I]:high_24h=0.119 cur=0.04725
[2021-09-18 20:09:12][I]:GALABUSD trigerd
[2021-09-18 20:09:13][I]:最高点后的459.分钟， 拉升 
[2021-09-18 20:09:22][I]:最高点后的45 分钟之后，斐波区间下面的拉升
[2021-09-18 20:09:22][I]:high_24h=0.119 cur=0.04725
[2021-09-18 20:09:52][I]:GALABUSD trigerd
[2021-09-18 20:09:54][I]:最高点后的459.分钟， 拉升 
[2021-09-18 20:10:03][I]:最高点后的45 分钟之后，斐波区间下面的拉升
[2021-09-18 20:10:03][I]:high_24h=0.119 cur=0.04725
[2021-09-18 20:12:20][I]:GALABUSD trigerd
[2021-09-18 20:12:21][I]:最高点后的462.分钟， 拉升 
[2021-09-18 20:12:30][I]:最高点后的45 分钟之后，斐波区间下面的拉升
[2021-09-18 20:12:30][I]:high_24h=0.119 cur=0.04725
[2021-09-18 20:15:39][I]:MLNBUSD trigerd
[2021-09-18 20:15:49][I]:最高点后的0-15分钟，进入斐波区间下面的拉升 
[2021-09-18 20:15:49][I]:high_24h=125.3 cur=108.8
[2021-09-18 20:16:21][I]:MLNBUSD trigerd
[2021-09-18 20:16:31][I]:最高点后的0-15分钟，进入斐波区间下面的拉升 
[2021-09-18 20:16:31][I]:high_24h=125.3 cur=108.8
[2021-09-18 20:17:16][I]:MLNBUSD trigerd
[2021-09-18 20:17:26][I]:最高点后的0-15分钟，进入斐波区间下面的拉升 
[2021-09-18 20:17:26][I]:high_24h=125.3 cur=108.8
[2021-09-18 20:18:11][I]:MLNBUSD trigerd
[2021-09-18 20:18:22][I]:最高点后的0-15分钟，进入斐波区间下面的拉升 
[2021-09-18 20:18:22][I]:high_24h=125.3 cur=108.8
[2021-09-18 20:19:44][I]:MLNBUSD trigerd
[2021-09-18 20:19:55][I]:最高点后的0-15分钟，进入斐波区间下面的拉升 
[2021-09-18 20:19:55][I]:high_24h=125.3 cur=108.8
[2021-09-18 20:22:24][I]:GALABUSD trigerd
[2021-09-18 20:22:34][I]:最高点后的0-15分钟，进入斐波区间下面的拉升 
[2021-09-18 20:22:34][I]:high_24h=0.12888 cur=0.04725
[2021-09-18 20:23:07][I]:GALABUSD trigerd
[2021-09-18 20:23:18][I]:最高点后的0-15分钟，进入斐波区间下面的拉升 
[2021-09-18 20:23:18][I]:high_24h=0.12888 cur=0.04725
[2021-09-18 20:27:39][I]:MLNBUSD trigerd
[2021-09-18 20:27:50][I]:最高点后的0-15分钟，进入斐波区间下面的拉升 
[2021-09-18 20:27:50][I]:high_24h=125.3 cur=108.8
[2021-09-18 20:47:36][I]:SWRVBUSD trigerd
[2021-09-18 20:47:37][I]:最高点后的242.分钟， 拉升 
[2021-09-18 20:47:46][I]:最高点后的45 分钟之后，斐波区间下面的拉升
[2021-09-18 20:47:46][I]:high_24h=1.742 cur=1.1914
[2021-09-18 20:48:17][I]:SWRVBUSD trigerd
[2021-09-18 20:48:19][I]:最高点后的243.分钟， 拉升 
[2021-09-18 20:48:28][I]:最高点后的45 分钟之后，斐波区间下面的拉升
[2021-09-18 20:48:28][I]:high_24h=1.742 cur=1.1914
[2021-09-18 21:00:55][I]:GALABUSD trigerd
[2021-09-18 21:01:06][I]:高点后的15-45分钟，再次进入斐波区间前的拉升 
[2021-09-18 21:01:06][I]:high_24h=0.135 cur=0.04725
[2021-09-18 21:02:11][I]:GALABUSD trigerd
[2021-09-18 21:02:21][I]:高点后的15-45分钟，再次进入斐波区间前的拉升 
[2021-09-18 21:02:21][I]:high_24h=0.135 cur=0.04725
[2021-09-18 21:02:53][I]:GALABUSD trigerd
[2021-09-18 21:03:03][I]:高点后的15-45分钟，再次进入斐波区间前的拉升 
[2021-09-18 21:03:03][I]:high_24h=0.135 cur=0.04725
[2021-09-18 21:03:27][I]:NMRBUSD trigerd
[2021-09-18 21:03:28][I]:最高点后的438.分钟， 拉升 
[2021-09-18 21:03:37][I]:最高点后的45 分钟之后，斐波区间下面的拉升
[2021-09-18 21:03:37][I]:high_24h=62.81 cur=45.61
[2021-09-18 21:06:28][I]:GALABUSD trigerd
[2021-09-18 21:06:39][I]:高点后的15-45分钟，再次进入斐波区间前的拉升 
[2021-09-18 21:06:39][I]:high_24h=0.135 cur=0.04725
[2021-09-18 21:06:51][I]:GALABUSD trigerd
[2021-09-18 21:07:02][I]:高点后的15-45分钟，再次进入斐波区间前的拉升 
[2021-09-18 21:07:02][I]:high_24h=0.135 cur=0.04725
[2021-09-18 21:16:13][I]:MBOXBUSD trigerd
[2021-09-18 21:16:23][I]:最高点后的0-15分钟，进入斐波区间下面的拉升 
[2021-09-18 21:16:23][I]:high_24h=6.59 cur=5.297
[2021-09-18 21:16:54][I]:MBOXBUSD trigerd
[2021-09-18 21:17:04][I]:最高点后的0-15分钟，进入斐波区间下面的拉升 
[2021-09-18 21:17:04][I]:high_24h=6.59 cur=5.297
[2021-09-18 21:47:47][I]:SYSBUSD trigerd
[2021-09-18 21:47:48][I]:最高点后的257.分钟， 拉升 
[2021-09-18 21:47:57][I]:最高点后的45 分钟之后，斐波区间下面的拉升
[2021-09-18 21:47:57][I]:high_24h=0.3895 cur=0.2842
[2021-09-18 21:48:11][I]:SYSBUSD trigerd
[2021-09-18 21:48:12][I]:最高点后的258.分钟， 拉升 
[2021-09-18 21:48:21][I]:最高点后的45 分钟之后，斐波区间下面的拉升
[2021-09-18 21:48:21][I]:high_24h=0.3895 cur=0.2842
[2021-09-18 21:48:31][I]:SYSBUSD trigerd
[2021-09-18 21:48:32][I]:最高点后的258.分钟， 拉升 
[2021-09-18 21:48:42][I]:最高点后的45 分钟之后，斐波区间下面的拉升
[2021-09-18 21:48:42][I]:high_24h=0.3895 cur=0.2842
[2021-09-18 21:49:32][I]:CFXBUSD trigerd
[2021-09-18 21:49:42][I]:高点后的15-45分钟，再次进入斐波区间前的拉升 
[2021-09-18 21:49:42][I]:high_24h=0.2812 cur=0.2692
[2021-09-18 21:54:51][I]:SWRVBUSD trigerd
[2021-09-18 21:54:52][I]:最高点后的309.分钟， 拉升 
[2021-09-18 21:55:01][I]:最高点后的45 分钟之后，斐波区间下面的拉升
[2021-09-18 21:55:01][I]:high_24h=1.742 cur=1.1914
[2021-09-18 22:03:40][I]:GALABUSD trigerd
[2021-09-18 22:03:41][I]:最高点后的93.6分钟， 拉升 
[2021-09-18 22:03:51][I]:最高点后的45 分钟之后，斐波区间下面的拉升
[2021-09-18 22:03:51][I]:high_24h=0.135 cur=0.04725
[2021-09-18 22:04:21][I]:GALABUSD trigerd
[2021-09-18 22:04:22][I]:最高点后的94.3分钟， 拉升 
[2021-09-18 22:04:31][I]:最高点后的45 分钟之后，斐波区间下面的拉升
[2021-09-18 22:04:31][I]:high_24h=0.135 cur=0.04725
[2021-09-18 22:14:51][I]:ATOMBUSD trigerd
[2021-09-18 22:14:52][I]:最高点后的59.8分钟， 拉升 
[2021-09-18 22:15:01][I]:最高点后的45 分钟之后，斐波区间下面的拉升
[2021-09-18 22:15:01][I]:high_24h=38.8 cur=34.86
[2021-09-18 22:29:40][I]:GALABUSD trigerd
[2021-09-18 22:29:41][I]:最高点后的119.分钟， 拉升 
[2021-09-18 22:29:50][I]:最高点后的45 分钟之后，斐波区间下面的拉升
[2021-09-18 22:29:50][I]:high_24h=0.135 cur=0.04725
[2021-09-18 23:03:24][I]:AUTOBUSD trigerd
[2021-09-18 23:03:35][I]:最高点后的0-15分钟，进入斐波区间下面的拉升 
[2021-09-18 23:03:35][I]:high_24h=1327.5 cur=1296.4
[2021-09-18 23:04:05][I]:AUTOBUSD trigerd
[2021-09-18 23:04:16][I]:最高点后的0-15分钟，进入斐波区间下面的拉升 
[2021-09-18 23:04:16][I]:high_24h=1327.5 cur=1296.4
[2021-09-18 23:04:28][I]:AUTOBUSD trigerd
[2021-09-18 23:04:39][I]:最高点后的0-15分钟，进入斐波区间下面的拉升 
[2021-09-18 23:04:39][I]:high_24h=1327.5 cur=1296.4
[2021-09-18 23:53:13][I]:VIDTBUSD trigerd
[2021-09-18 23:53:14][I]:最高点后的458.分钟， 拉升 
[2021-09-18 23:53:23][I]:最高点后的45 分钟之后，斐波区间下面的拉升
[2021-09-18 23:53:23][I]:high_24h=1.1151 cur=1.0441
[2021-09-18 23:53:37][I]:VIDTBUSD trigerd
[2021-09-18 23:53:38][I]:最高点后的458.分钟， 拉升 
[2021-09-18 23:53:47][I]:最高点后的45 分钟之后，斐波区间下面的拉升
[2021-09-18 23:53:47][I]:high_24h=1.1151 cur=1.0441
[2021-09-18 23:54:18][I]:VIDTBUSD trigerd
[2021-09-18 23:54:19][I]:最高点后的459.分钟， 拉升 
[2021-09-18 23:54:29][I]:最高点后的45 分钟之后，斐波区间下面的拉升
[2021-09-18 23:54:29][I]:high_24h=1.1151 cur=1.0441
[2021-09-18 23:54:41][I]:VIDTBUSD trigerd
[2021-09-18 23:54:42][I]:最高点后的459.分钟， 拉升 
[2021-09-18 23:54:52][I]:最高点后的45 分钟之后，斐波区间下面的拉升
[2021-09-18 23:54:52][I]:high_24h=1.1151 cur=1.0441
[2021-09-18 23:57:34][I]:IDEXBUSD trigerd
[2021-09-18 23:57:35][I]:最高点后的387.分钟， 拉升 
[2021-09-18 23:57:44][I]:最高点后的45 分钟之后，斐波区间下面的拉升
[2021-09-18 23:57:44][I]:high_24h=0.497 cur=0.56249
[2021-09-18 23:58:16][I]:IDEXBUSD trigerd
[2021-09-18 23:58:17][I]:最高点后的388.分钟， 拉升 
