[2021-09-03 00:01:53][I]:ANTBUSD trigerd
[2021-09-03 00:02:55][I]:ANTBUSD trigerd
[2021-09-03 00:04:24][I]:ANTBUSD trigerd
[2021-09-03 00:07:18][I]:ANTBUSD trigerd
[2021-09-03 00:08:26][I]:SYSBUSD trigerd
[2021-09-03 00:10:00][I]:SYSBUSD trigerd
[2021-09-03 00:12:31][I]:SYSBUSD trigerd
[2021-09-03 00:14:25][I]:SYSBUSD trigerd
[2021-09-03 00:21:13][I]:DOCKBUSD trigerd
[2021-09-03 00:23:19][I]:ANTBUSD trigerd
[2021-09-03 00:24:31][I]:ANTBUSD trigerd
[2021-09-03 00:27:06][I]:ANTBUSD trigerd
[2021-09-03 00:27:58][I]:KP3RBUSD trigerd
[2021-09-03 00:29:06][I]:KP3RBUSD trigerd
[2021-09-03 00:32:12][I]:ANTBUSD trigerd
[2021-09-03 00:33:27][I]:KP3RBUSD trigerd
[2021-09-03 00:34:30][I]:KP3RBUSD trigerd
[2021-09-03 00:43:59][I]:RAMPBUSD trigerd
[2021-09-03 01:02:42][I]:KP3RBUSD trigerd
[2021-09-03 01:04:58][I]:KP3RBUSD trigerd
[2021-09-03 01:06:39][I]:ANTBUSD trigerd
[2021-09-03 01:07:24][I]:ANTBUSD trigerd
[2021-09-03 01:08:21][I]:ANTBUSD trigerd
[2021-09-03 01:09:11][I]:SLPBUSD trigerd
[2021-09-03 01:09:49][I]:SLPBUSD trigerd
[2021-09-03 01:12:27][I]:GNOBUSD trigerd
[2021-09-03 01:12:42][I]:GNOBUSD trigerd
[2021-09-03 01:12:57][I]:GNOBUSD trigerd
[2021-09-03 01:13:49][I]:KP3RBUSD trigerd
[2021-09-03 01:14:47][I]:KP3RBUSD trigerd
[2021-09-03 01:17:40][I]:KP3RBUSD trigerd
[2021-09-03 01:23:00][I]:DIABUSD trigerd
[2021-09-03 01:23:33][I]:DIABUSD trigerd
[2021-09-03 01:24:19][I]:DIABUSD trigerd
[2021-09-03 01:24:53][I]:DIABUSD trigerd
[2021-09-03 01:25:54][I]:DIABUSD trigerd
[2021-09-03 01:26:45][I]:DIABUSD trigerd
[2021-09-03 01:29:50][I]:RLCBUSD trigerd
[2021-09-03 01:34:54][I]:UFTBUSD trigerd
[2021-09-03 01:38:27][I]:DIABUSD trigerd
[2021-09-03 01:39:03][I]:DIABUSD trigerd
[2021-09-03 01:39:52][I]:DIABUSD trigerd
[2021-09-03 01:41:27][I]:DIABUSD trigerd
[2021-09-03 01:43:05][I]:DIABUSD trigerd
[2021-09-03 01:46:38][I]:UFTBUSD trigerd
[2021-09-03 01:47:14][I]:UFTBUSD trigerd
[2021-09-03 01:47:49][I]:UFTBUSD trigerd
[2021-09-03 01:49:06][I]:UFTBUSD trigerd
[2021-09-03 01:49:31][I]:DIABUSD trigerd
[2021-09-03 01:52:06][I]:UFTBUSD trigerd
[2021-09-03 01:53:01][I]:UFTBUSD trigerd
[2021-09-03 01:53:55][I]:UFTBUSD trigerd
[2021-09-03 01:54:51][I]:UFTBUSD trigerd
[2021-09-03 01:55:46][I]:UFTBUSD trigerd
[2021-09-03 01:58:36][I]:SYSBUSD trigerd
[2021-09-03 01:59:45][I]:SYSBUSD trigerd
[2021-09-03 02:03:08][I]:UFTBUSD trigerd
[2021-09-03 02:05:17][I]:UFTBUSD trigerd
[2021-09-03 02:06:14][I]:UFTBUSD trigerd
[2021-09-03 02:07:11][I]:UFTBUSD trigerd
[2021-09-03 02:08:05][I]:UFTBUSD trigerd
[2021-09-03 02:12:17][I]:UFTBUSD trigerd
[2021-09-03 02:13:14][I]:UFTBUSD trigerd
[2021-09-03 02:14:20][I]:ERNBUSD trigerd
[2021-09-03 02:23:49][I]:OMBUSD trigerd
[2021-09-03 02:24:43][I]:OMBUSD trigerd
[2021-09-03 02:27:09][I]:OMBUSD trigerd
[2021-09-03 02:31:20][I]:OMBUSD trigerd
[2021-09-03 02:32:14][I]:UFTBUSD trigerd
[2021-09-03 02:32:59][I]:OMBUSD trigerd
[2021-09-03 02:33:55][I]:OMBUSD trigerd
[2021-09-03 02:34:49][I]:UFTBUSD trigerd
[2021-09-03 02:36:47][I]:UFTBUSD trigerd
[2021-09-03 02:38:11][I]:UFTBUSD trigerd
[2021-09-03 02:39:19][I]:UFTBUSD trigerd
[2021-09-03 02:41:21][I]:OMBUSD trigerd
[2021-09-03 02:45:30][I]:UFTBUSD trigerd
[2021-09-03 02:47:07][I]:UFTBUSD trigerd
[2021-09-03 02:48:18][I]:OMBUSD trigerd
[2021-09-03 02:49:13][I]:OMBUSD trigerd
[2021-09-03 02:51:23][I]:OMBUSD trigerd
[2021-09-03 02:58:08][I]:RAMPBUSD trigerd
[2021-09-03 03:08:19][I]:RLCBUSD trigerd
[2021-09-03 03:09:25][I]:RLCBUSD trigerd
[2021-09-03 03:18:13][I]:ERNBUSD trigerd
[2021-09-03 03:18:47][I]:ERNBUSD trigerd
[2021-09-03 03:19:19][I]:ERNBUSD trigerd
[2021-09-03 03:19:53][I]:ERNBUSD trigerd
[2021-09-03 03:21:04][I]:ERNBUSD trigerd
[2021-09-03 03:21:19][I]:ERNBUSD trigerd
[2021-09-03 03:45:36][I]:UFTBUSD trigerd
[2021-09-03 03:45:52][I]:UFTBUSD trigerd
[2021-09-03 03:46:47][I]:UFTBUSD trigerd
[2021-09-03 03:54:17][I]:OMBUSD trigerd
[2021-09-03 03:54:55][I]:OMBUSD trigerd
[2021-09-03 03:56:00][I]:UFTBUSD trigerd
[2021-09-03 03:59:21][I]:UFTBUSD trigerd
[2021-09-03 03:59:55][I]:UFTBUSD trigerd
[2021-09-03 04:01:38][I]:UFTBUSD trigerd
[2021-09-03 04:02:14][I]:UFTBUSD trigerd
[2021-09-03 04:06:35][I]:ERNBUSD trigerd
[2021-09-03 04:07:09][I]:ERNBUSD trigerd
[2021-09-03 04:07:44][I]:ERNBUSD trigerd
[2021-09-03 04:08:20][I]:ERNBUSD trigerd
[2021-09-03 04:08:44][I]:SLPBUSD trigerd
[2021-09-03 04:09:47][I]:OMBUSD trigerd
[2021-09-03 04:14:59][I]:OMBUSD trigerd
[2021-09-03 04:18:23][I]:ERNBUSD trigerd
[2021-09-03 04:28:37][I]:SLPBUSD trigerd
[2021-09-03 04:29:15][I]:SLPBUSD trigerd
[2021-09-03 04:39:26][I]:HOTBUSD trigerd
[2021-09-03 04:39:44][I]:HOTBUSD trigerd
[2021-09-03 04:46:25][I]:IOTABUSD trigerd
[2021-09-03 04:46:41][I]:IOTABUSD trigerd
[2021-09-03 04:47:41][I]:IOTABUSD trigerd
[2021-09-03 04:49:37][I]:HOTBUSD trigerd
[2021-09-03 04:52:40][I]:HOTBUSD trigerd
[2021-09-03 05:14:47][I]:SOLBUSD trigerd
[2021-09-03 05:16:21][I]:UFTBUSD trigerd
[2021-09-03 05:23:16][I]:RAMPBUSD trigerd
[2021-09-03 05:24:18][I]:AUDIOBUSD trigerd
[2021-09-03 05:31:23][I]:OMBUSD trigerd
[2021-09-03 05:32:18][I]:OMBUSD trigerd
[2021-09-03 05:33:13][I]:OMBUSD trigerd
[2021-09-03 05:34:10][I]:OMBUSD trigerd
[2021-09-03 05:38:14][I]:IOTABUSD trigerd
[2021-09-03 05:38:51][I]:IOTABUSD trigerd
[2021-09-03 05:41:43][I]:IOTABUSD trigerd
[2021-09-03 05:42:45][I]:IOTABUSD trigerd
[2021-09-03 05:53:47][I]:AVAXBUSD trigerd
[2021-09-03 05:54:41][I]:AVAXBUSD trigerd
[2021-09-03 06:08:23][I]:OMBUSD trigerd
[2021-09-03 06:08:33][I]:OMBUSD trigerd
[2021-09-03 06:09:18][I]:OMBUSD trigerd
[2021-09-03 06:09:28][I]:OMBUSD trigerd
[2021-09-03 06:21:09][I]:OMBUSD trigerd
[2021-09-03 06:21:10][I]:OMBUSD trigerd
[2021-09-03 06:22:28][I]:OMBUSD trigerd
[2021-09-03 06:22:31][I]:OMBUSD trigerd
[2021-09-03 06:23:22][I]:OMBUSD trigerd
[2021-09-03 06:23:26][I]:OMBUSD trigerd
[2021-09-03 06:24:18][I]:OMBUSD trigerd
[2021-09-03 06:24:21][I]:OMBUSD trigerd
[2021-09-03 06:32:11][I]:OMBUSD trigerd
[2021-09-03 06:32:26][I]:OMBUSD trigerd
[2021-09-03 06:32:46][I]:OMBUSD trigerd
[2021-09-03 06:33:42][I]:OMBUSD trigerd
[2021-09-03 06:33:52][I]:OMBUSD trigerd
[2021-09-03 06:36:39][I]:HOTBUSD trigerd
[2021-09-03 06:36:46][I]:HOTBUSD trigerd
[2021-09-03 06:37:36][I]:HOTBUSD trigerd
[2021-09-03 06:38:30][I]:HOTBUSD trigerd
[2021-09-03 06:38:32][I]:HOTBUSD trigerd
[2021-09-03 06:39:24][I]:HOTBUSD trigerd
[2021-09-03 06:39:26][I]:HOTBUSD trigerd
[2021-09-03 07:24:38][I]:RAMPBUSD trigerd
[2021-09-03 07:24:39][I]:RAMPBUSD trigerd
[2021-09-03 07:38:47][I]:RAMPBUSD trigerd
[2021-09-03 07:38:48][I]:RAMPBUSD trigerd
[2021-09-03 07:39:42][I]:RAMPBUSD trigerd
[2021-09-03 07:39:42][I]:RAMPBUSD trigerd
[2021-09-03 07:48:49][I]:ANTBUSD trigerd
[2021-09-03 07:48:53][I]:ANTBUSD trigerd
[2021-09-03 07:58:39][I]:OMBUSD trigerd
[2021-09-03 08:03:49][I]:ANTBUSD trigerd
[2021-09-03 08:03:53][I]:ANTBUSD trigerd
[2021-09-03 08:04:33][I]:XECBUSD trigerd
[2021-09-03 08:04:37][I]:XECBUSD trigerd
[2021-09-03 08:08:29][I]:ALPHABUSD trigerd
[2021-09-03 08:08:30][I]:ALPHABUSD trigerd
[2021-09-03 08:09:26][I]:ALPHABUSD trigerd
[2021-09-03 08:09:26][I]:ALPHABUSD trigerd
[2021-09-03 08:11:58][I]:XECBUSD trigerd
[2021-09-03 08:11:59][I]:XECBUSD trigerd
[2021-09-03 08:14:59][I]:UFTBUSD trigerd
[2021-09-03 08:21:52][I]:WAVESBUSD trigerd
[2021-09-03 08:21:54][I]:WAVESBUSD trigerd
[2021-09-03 08:23:59][I]:XECBUSD trigerd
[2021-09-03 08:23:59][I]:XECBUSD trigerd
[2021-09-03 08:26:59][I]:AUDIOBUSD trigerd
[2021-09-03 08:26:59][I]:AUDIOBUSD trigerd
[2021-09-03 08:28:41][I]:AUDIOBUSD trigerd
[2021-09-03 08:29:28][I]:XECBUSD trigerd
[2021-09-03 08:29:31][I]:XECBUSD trigerd
[2021-09-03 08:48:19][I]:OMBUSD trigerd
[2021-09-03 08:48:27][I]:OMBUSD trigerd
[2021-09-03 08:49:40][I]:OMBUSD trigerd
[2021-09-03 08:49:49][I]:OMBUSD trigerd
[2021-09-03 08:52:22][I]:NEARBUSD trigerd
[2021-09-03 08:53:35][I]:SOLBUSD trigerd
[2021-09-03 08:53:35][I]:SOLBUSD trigerd
[2021-09-03 08:57:22][I]:NEARBUSD trigerd
[2021-09-03 08:57:22][I]:NEARBUSD trigerd
[2021-09-03 09:03:39][I]:XECBUSD trigerd
[2021-09-03 09:03:39][I]:XECBUSD trigerd
[2021-09-03 09:04:27][I]:RAYBUSD trigerd
[2021-09-03 09:04:28][I]:RAYBUSD trigerd
[2021-09-03 09:12:30][I]:SRMBUSD trigerd
[2021-09-03 09:12:59][I]:SRMBUSD trigerd
[2021-09-03 09:14:18][I]:RAYBUSD trigerd
[2021-09-03 09:14:40][I]:RAYBUSD trigerd
[2021-09-03 09:14:53][I]:RAYBUSD trigerd
[2021-09-03 09:35:47][I]:NEARBUSD trigerd
[2021-09-03 09:35:48][I]:NEARBUSD trigerd
[2021-09-03 09:37:54][I]:NEARBUSD trigerd
[2021-09-03 09:38:19][I]:NEARBUSD trigerd
[2021-09-03 09:38:30][I]:NEARBUSD trigerd
[2021-09-03 09:39:50][I]:NEARBUSD trigerd
[2021-09-03 09:39:53][I]:NEARBUSD trigerd
[2021-09-03 09:43:37][I]:RLCBUSD trigerd
[2021-09-03 09:43:43][I]:RLCBUSD trigerd
[2021-09-03 09:44:18][I]:RLCBUSD trigerd
[2021-09-03 09:58:11][I]:ERNBUSD trigerd
[2021-09-03 09:58:14][I]:ERNBUSD trigerd
[2021-09-03 09:58:47][I]:ERNBUSD trigerd
[2021-09-03 09:59:07][I]:ERNBUSD trigerd
[2021-09-03 13:54:46][I]:SYSBUSD trigerd
[2021-09-03 13:54:56][I]:XECBUSD trigerd
[2021-09-03 14:02:48][I]:OMBUSD trigerd
[2021-09-03 14:03:23][I]:OMBUSD trigerd
[2021-09-03 14:04:01][I]:OMBUSD trigerd
[2021-09-03 14:08:04][I]:ANTBUSD trigerd
[2021-09-03 14:08:31][I]:OMBUSD trigerd
[2021-09-03 14:08:56][I]:BTTBUSD trigerd
[2021-09-03 14:18:36][I]:OMBUSD trigerd
[2021-09-03 14:19:12][I]:OMBUSD trigerd
[2021-09-03 14:19:47][I]:OMBUSD trigerd
[2021-09-03 14:20:54][I]:OMBUSD trigerd
[2021-09-03 14:22:53][I]:OMBUSD trigerd
[2021-09-03 14:23:37][I]:OMBUSD trigerd
[2021-09-03 14:24:14][I]:OMBUSD trigerd
[2021-09-03 14:24:52][I]:OMBUSD trigerd
[2021-09-03 14:26:14][I]:OMBUSD trigerd
[2021-09-03 14:26:33][I]:OMBUSD trigerd
[2021-09-03 14:28:47][I]:OMBUSD trigerd
[2021-09-03 14:31:31][I]:OMBUSD trigerd
[2021-09-03 14:31:47][I]:OMBUSD trigerd
[2021-09-03 14:33:29][I]:OMBUSD trigerd
[2021-09-03 14:33:45][I]:OMBUSD trigerd
[2021-09-03 14:34:02][I]:OMBUSD trigerd
[2021-09-03 14:34:39][I]:OMBUSD trigerd
[2021-09-03 14:34:55][I]:OMBUSD trigerd
[2021-09-03 14:39:00][I]:RAMPBUSD trigerd
[2021-09-03 14:39:28][I]:SYSBUSD trigerd
[2021-09-03 14:41:09][I]:SYSBUSD trigerd
[2021-09-03 14:41:42][I]:RAMPBUSD trigerd
[2021-09-03 14:43:26][I]:RAMPBUSD trigerd
[2021-09-03 14:43:50][I]:SYSBUSD trigerd
[2021-09-03 14:44:28][I]:SYSBUSD trigerd
[2021-09-03 14:54:51][I]:SLPBUSD trigerd
[2021-09-03 14:57:26][I]:SLPBUSD trigerd
[2021-09-03 14:59:14][I]:SLPBUSD trigerd
[2021-09-03 15:02:19][I]:SLPBUSD trigerd
[2021-09-03 15:02:57][I]:SLPBUSD trigerd
[2021-09-03 15:08:37][I]:SYSBUSD trigerd
[2021-09-03 15:09:31][I]:SYSBUSD trigerd
[2021-09-03 15:11:52][I]:SLPBUSD trigerd
[2021-09-03 15:12:40][I]:ANTBUSD trigerd
[2021-09-03 15:13:24][I]:OMBUSD trigerd
[2021-09-03 15:14:38][I]:OMBUSD trigerd
[2021-09-03 15:25:55][I]:OMBUSD trigerd
[2021-09-03 15:27:04][I]:OMBUSD trigerd
[2021-09-03 15:28:01][I]:OMBUSD trigerd
[2021-09-03 15:51:47][I]:ERNBUSD trigerd
[2021-09-03 15:52:24][I]:ERNBUSD trigerd
[2021-09-03 15:54:14][I]:ANTBUSD trigerd
[2021-09-03 15:57:40][I]:AUDIOBUSD trigerd
[2021-09-03 15:58:36][I]:AUDIOBUSD trigerd
[2021-09-03 16:03:34][I]:ANTBUSD trigerd
[2021-09-03 16:05:50][I]:OMBUSD trigerd
[2021-09-03 16:06:46][I]:OMBUSD trigerd
[2021-09-03 16:07:43][I]:OMBUSD trigerd
[2021-09-03 16:10:20][I]:OMBUSD trigerd
[2021-09-03 16:10:57][I]:OMBUSD trigerd
[2021-09-03 16:14:19][I]:RAMPBUSD trigerd
[2021-09-03 16:14:57][I]:RAMPBUSD trigerd
[2021-09-03 16:33:49][I]:PROMBUSD trigerd
[2021-09-03 16:34:10][I]:PROMBUSD trigerd
[2021-09-03 16:34:49][I]:PROMBUSD trigerd
[2021-09-03 16:35:22][I]:PROMBUSD trigerd
[2021-09-03 16:36:17][I]:PROMBUSD trigerd
[2021-09-03 16:37:12][I]:PROMBUSD trigerd
[2021-09-03 16:38:02][I]:PROMBUSD trigerd
[2021-09-03 16:38:59][I]:PROMBUSD trigerd
[2021-09-03 16:40:39][I]:PROMBUSD trigerd
[2021-09-03 17:17:03][I]:PROMBUSD trigerd
[2021-09-03 17:17:33][I]:PROMBUSD trigerd
[2021-09-03 17:19:13][I]:PROMBUSD trigerd
[2021-09-03 17:21:42][I]:PROMBUSD trigerd
[2021-09-03 17:24:58][I]:PROMBUSD trigerd
[2021-09-03 17:25:55][I]:PROMBUSD trigerd
[2021-09-03 17:31:35][I]:PROMBUSD trigerd
[2021-09-03 17:32:16][I]:PROMBUSD trigerd
[2021-09-03 17:32:56][I]:PROMBUSD trigerd
[2021-09-03 17:33:52][I]:PROMBUSD trigerd
[2021-09-03 17:35:41][I]:PROMBUSD trigerd
[2021-09-03 17:40:41][I]:PROMBUSD trigerd
[2021-09-03 17:41:31][I]:PROMBUSD trigerd
[2021-09-03 17:42:27][I]:PROMBUSD trigerd
[2021-09-03 17:43:16][I]:PROMBUSD trigerd
[2021-09-03 17:43:34][I]:PROMBUSD trigerd
[2021-09-03 17:44:43][I]:PROMBUSD trigerd
[2021-09-03 17:46:35][I]:PROMBUSD trigerd
[2021-09-03 17:48:32][I]:RAMPBUSD trigerd
[2021-09-03 17:53:22][I]:PROMBUSD trigerd
[2021-09-03 17:53:39][I]:PROMBUSD trigerd
[2021-09-03 17:54:29][I]:PROMBUSD trigerd
[2021-09-03 17:57:22][I]:SYSBUSD trigerd
[2021-09-03 18:20:36][I]:PROMBUSD trigerd
[2021-09-03 18:22:30][I]:PROMBUSD trigerd
[2021-09-03 18:22:57][I]:PROMBUSD trigerd
[2021-09-03 18:23:43][I]:PROMBUSD trigerd
[2021-09-03 18:30:57][I]:PROMBUSD trigerd
[2021-09-03 18:32:29][I]:PROMBUSD trigerd
[2021-09-03 18:33:02][I]:PROMBUSD trigerd
[2021-09-03 18:34:15][I]:PROMBUSD trigerd
[2021-09-03 18:36:31][I]:PROMBUSD trigerd
[2021-09-03 18:37:21][I]:PROMBUSD trigerd
[2021-09-03 18:37:55][I]:PROMBUSD trigerd
[2021-09-03 18:39:05][I]:DFBUSD trigerd
[2021-09-03 18:39:34][I]:AUDIOBUSD trigerd
[2021-09-03 18:40:14][I]:PROMBUSD trigerd
[2021-09-03 18:51:45][I]:ERNBUSD trigerd
[2021-09-03 18:53:02][I]:ERNBUSD trigerd
[2021-09-03 18:53:49][I]:ERNBUSD trigerd
[2021-09-03 18:54:39][I]:ERNBUSD trigerd
[2021-09-03 19:03:00][I]:XECBUSD trigerd
[2021-09-03 19:03:50][I]:XECBUSD trigerd
[2021-09-03 19:08:38][I]:XECBUSD trigerd
[2021-09-03 19:09:53][I]:XECBUSD trigerd
[2021-09-03 19:13:46][I]:AUDIOBUSD trigerd
[2021-09-03 19:14:35][I]:AUDIOBUSD trigerd
[2021-09-03 19:16:25][I]:PROMBUSD trigerd
[2021-09-03 19:19:52][I]:IOSTBUSD trigerd
[2021-09-03 19:47:18][I]:PROMBUSD trigerd
[2021-09-03 19:48:08][I]:PROMBUSD trigerd
[2021-09-03 19:49:17][I]:PROMBUSD trigerd
[2021-09-03 19:54:39][I]:ANTBUSD trigerd
[2021-09-03 20:08:10][I]:ANTBUSD trigerd
[2021-09-03 20:09:15][I]:ANTBUSD trigerd
[2021-09-03 20:10:40][I]:ANTBUSD trigerd
[2021-09-03 20:21:16][I]:OMBUSD trigerd
[2021-09-03 20:27:32][I]:OMBUSD trigerd
[2021-09-03 20:28:24][I]:OMBUSD trigerd
[2021-09-03 20:40:00][I]:GNOBUSD trigerd
[2021-09-03 20:47:55][I]:OMBUSD trigerd
[2021-09-03 20:59:38][I]:PROMBUSD trigerd
[2021-09-03 21:18:47][I]:OMBUSD trigerd
[2021-09-03 21:19:39][I]:OMBUSD trigerd
[2021-09-03 21:26:02][I]:GNOBUSD trigerd
[2021-09-03 21:26:31][I]:GNOBUSD trigerd
[2021-09-03 21:26:58][I]:GNOBUSD trigerd
[2021-09-03 21:27:27][I]:GNOBUSD trigerd
[2021-09-03 21:27:54][I]:GNOBUSD trigerd
[2021-09-03 21:29:18][I]:GNOBUSD trigerd
[2021-09-03 21:55:54][I]:PROMBUSD trigerd
[2021-09-03 21:56:43][I]:PROMBUSD trigerd
[2021-09-03 21:58:48][I]:PROMBUSD trigerd
[2021-09-03 22:03:19][I]:OMBUSD trigerd
[2021-09-03 22:07:25][I]:OMBUSD trigerd
[2021-09-03 22:17:32][I]:ERNBUSD trigerd
[2021-09-03 22:28:36][I]:XVSBUSD trigerd
[2021-09-03 22:32:40][I]:XVSBUSD trigerd
[2021-09-03 22:34:13][I]:XVSBUSD trigerd
[2021-09-03 22:51:24][I]:XVSBUSD trigerd
[2021-09-03 22:52:33][I]:XVSBUSD trigerd
[2021-09-03 23:03:03][I]:XVSBUSD trigerd
[2021-09-03 23:03:57][I]:XVSBUSD trigerd
[2021-09-03 23:11:30][I]:XVSBUSD trigerd
[2021-09-03 23:12:21][I]:XVSBUSD trigerd
[2021-09-03 23:14:42][I]:XVSBUSD trigerd
[2021-09-03 23:24:59][I]:NEARBUSD trigerd
[2021-09-03 23:40:52][I]:UFTBUSD trigerd
[2021-09-03 23:41:42][I]:UFTBUSD trigerd
[2021-09-03 23:42:49][I]:UFTBUSD trigerd
[2021-09-03 23:43:37][I]:UFTBUSD trigerd
[2021-09-03 23:44:27][I]:UFTBUSD trigerd
