[2021-08-24 00:21:55][I]:MASKBUSD trigerd
[2021-08-24 00:22:55][I]:MASKBUSD trigerd
[2021-08-24 00:24:33][I]:MASKBUSD trigerd
[2021-08-24 00:27:17][I]:MASKBUSD trigerd
[2021-08-24 00:29:21][I]:MASKBUSD trigerd
[2021-08-24 00:36:35][I]:POLSBUSD trigerd
[2021-08-24 00:37:51][I]:POLSBUSD trigerd
[2021-08-24 00:38:52][I]:FXSBUSD trigerd
[2021-08-24 00:40:55][I]:POLSBUSD trigerd
[2021-08-24 00:50:00][I]:LITBUSD trigerd

[2021-08-24 01:18:31][I]:ENJBUSD trigerd
[2021-08-24 01:21:43][I]:ENJBUSD trigerd
[2021-08-24 01:22:57][I]:WINGBUSD trigerd
[2021-08-24 01:23:59][I]:WINGBUSD trigerd
[2021-08-24 01:34:06][I]:ENJBUSD trigerd
[2021-08-24 01:41:19][I]:ENJBUSD trigerd
[2021-08-24 01:42:20][I]:ENJBUSD trigerd

[2021-08-24 02:02:17][I]:AUTOBUSD trigerd
[2021-08-24 02:03:16][I]:AUTOBUSD trigerd
[2021-08-24 02:06:45][I]:AUTOBUSD trigerd
[2021-08-24 02:07:49][I]:SFPBUSD trigerd
[2021-08-24 02:08:44][I]:AUTOBUSD trigerd
[2021-08-24 02:12:39][I]:FXSBUSD trigerd
[2021-08-24 02:13:41][I]:FXSBUSD trigerd
[2021-08-24 02:16:08][I]:FXSBUSD trigerd
[2021-08-24 02:33:34][I]:MASKBUSD trigerd
[2021-08-24 02:34:16][I]:MASKBUSD trigerd
[2021-08-24 02:52:05][I]:MASKBUSD trigerd
[2021-08-24 02:52:51][I]:MASKBUSD trigerd
[2021-08-24 02:54:07][I]:MASKBUSD trigerd

[2021-08-24 03:07:32][I]:MASKBUSD trigerd
[2021-08-24 03:08:29][I]:MASKBUSD trigerd
[2021-08-24 03:09:30][I]:MASKBUSD trigerd
[2021-08-24 03:11:16][I]:MASKBUSD trigerd
[2021-08-24 03:12:17][I]:MASKBUSD trigerd
[2021-08-24 03:13:19][I]:MASKBUSD trigerd
[2021-08-24 03:17:08][I]:MASKBUSD trigerd
[2021-08-24 03:18:18][I]:MASKBUSD trigerd
[2021-08-24 03:32:06][I]:MASKBUSD trigerd
[2021-08-24 03:43:54][I]:WAXPBUSD trigerd

[2021-08-24 04:08:21][I]:YFIIBUSD trigerd
[2021-08-24 04:14:15][I]:YFIIBUSD trigerd
[2021-08-24 04:19:32][I]:MASKBUSD trigerd
[2021-08-24 04:29:22][I]:WAXPBUSD trigerd
[2021-08-24 04:29:42][I]:WAXPBUSD trigerd
[2021-08-24 04:30:48][I]:MASKBUSD trigerd
[2021-08-24 04:31:49][I]:MASKBUSD trigerd
[2021-08-24 04:32:49][I]:MASKBUSD trigerd
[2021-08-24 04:33:30][I]:MASKBUSD trigerd
[2021-08-24 04:39:58][I]:WAXPBUSD trigerd
[2021-08-24 04:40:52][I]:WAXPBUSD trigerd
[2021-08-24 04:41:45][I]:WAXPBUSD trigerd
[2021-08-24 04:42:06][I]:WAXPBUSD trigerd
[2021-08-24 04:42:27][I]:WAXPBUSD trigerd
[2021-08-24 04:42:48][I]:WAXPBUSD trigerd
[2021-08-24 04:42:55][I]:MASKBUSD trigerd
[2021-08-24 04:43:57][I]:MASKBUSD trigerd
[2021-08-24 04:47:37][I]:MASKBUSD trigerd
[2021-08-24 04:48:26][I]:TVKBUSD trigerd
[2021-08-24 04:49:23][I]:MASKBUSD trigerd
[2021-08-24 04:49:53][I]:TVKBUSD trigerd

[2021-08-24 05:04:46][I]:TVKBUSD trigerd
[2021-08-24 05:32:08][I]:FXSBUSD trigerd
[2021-08-24 05:32:47][I]:FXSBUSD trigerd
[2021-08-24 05:33:47][I]:FXSBUSD trigerd
[2021-08-24 05:34:45][I]:FXSBUSD trigerd
[2021-08-24 05:36:40][I]:FXSBUSD trigerd
[2021-08-24 05:37:18][I]:FXSBUSD trigerd
[2021-08-24 05:38:52][I]:FXSBUSD trigerd
[2021-08-24 05:39:56][I]:FXSBUSD trigerd

[2021-08-24 06:09:43][I]:FXSBUSD trigerd
[2021-08-24 06:22:16][I]:WAXPBUSD trigerd
[2021-08-24 06:22:36][I]:WAXPBUSD trigerd
[2021-08-24 06:22:56][I]:WAXPBUSD trigerd
[2021-08-24 06:23:16][I]:WAXPBUSD trigerd
[2021-08-24 06:24:52][I]:WAXPBUSD trigerd
[2021-08-24 06:32:48][I]:MASKBUSD trigerd
[2021-08-24 06:33:28][I]:MASKBUSD trigerd
[2021-08-24 06:38:21][I]:MASKBUSD trigerd
[2021-08-24 06:43:27][I]:FXSBUSD trigerd
[2021-08-24 06:44:24][I]:FXSBUSD trigerd

[2021-08-24 07:13:10][I]:XTZBUSD trigerd
[2021-08-24 07:13:50][I]:XTZBUSD trigerd
[2021-08-24 07:14:24][I]:MASKBUSD trigerd
[2021-08-24 07:19:24][I]:MASKBUSD trigerd

[2021-08-24 08:06:49][I]:WAXPBUSD trigerd
[2021-08-24 08:07:08][I]:WAXPBUSD trigerd
[2021-08-24 08:07:44][I]:WAXPBUSD trigerd
[2021-08-24 08:08:20][I]:WAXPBUSD trigerd
[2021-08-24 08:08:57][I]:WAXPBUSD trigerd
[2021-08-24 08:09:17][I]:WAXPBUSD trigerd
[2021-08-24 08:09:37][I]:WAXPBUSD trigerd
[2021-08-24 08:09:58][I]:WAXPBUSD trigerd
[2021-08-24 08:10:51][I]:WAXPBUSD trigerd
[2021-08-24 08:11:11][I]:WAXPBUSD trigerd
[2021-08-24 08:12:37][I]:WAXPBUSD trigerd
[2021-08-24 08:12:58][I]:WAXPBUSD trigerd
[2021-08-24 08:14:27][I]:NEOBUSD trigerd
[2021-08-24 08:14:48][I]:NEOBUSD trigerd
[2021-08-24 08:34:46][I]:ONTBUSD trigerd
[2021-08-24 08:37:08][I]:IQBUSD trigerd
[2021-08-24 08:38:07][I]:IQBUSD trigerd
[2021-08-24 08:38:46][I]:IQBUSD trigerd
[2021-08-24 08:39:23][I]:IQBUSD trigerd
[2021-08-24 08:41:16][I]:IQBUSD trigerd
[2021-08-24 08:41:55][I]:IQBUSD trigerd
[2021-08-24 08:43:14][I]:IQBUSD trigerd
[2021-08-24 08:49:25][I]:LUNABUSD trigerd
[2021-08-24 08:58:24][I]:LUNABUSD trigerd

[2021-08-24 09:13:48][I]:MASKBUSD trigerd
[2021-08-24 09:14:48][I]:MASKBUSD trigerd
[2021-08-24 09:17:33][I]:IQBUSD trigerd
[2021-08-24 09:18:34][I]:IQBUSD trigerd
[2021-08-24 09:20:21][I]:IQBUSD trigerd
[2021-08-24 09:21:22][I]:IQBUSD trigerd
[2021-08-24 09:22:23][I]:IQBUSD trigerd
[2021-08-24 09:23:18][I]:STMXBUSD trigerd
[2021-08-24 09:24:26][I]:SCBUSD trigerd
[2021-08-24 09:26:29][I]:IQBUSD trigerd
[2021-08-24 09:37:24][I]:LUNABUSD trigerd
[2021-08-24 09:54:57][I]:IQBUSD trigerd
[2021-08-24 09:59:18][I]:IQBUSD trigerd

[2021-08-24 10:34:12][I]:FXSBUSD trigerd
[2021-08-24 10:35:57][I]:FXSBUSD trigerd
[2021-08-24 10:36:58][I]:FXSBUSD trigerd

[2021-08-24 11:34:24][I]:FORBUSD trigerd
[2021-08-24 11:51:36][I]:FORBUSD trigerd
[2021-08-24 11:54:33][I]:FORBUSD trigerd
[2021-08-24 12:10:41][I]:MDXBUSD trigerd
[2021-08-24 12:11:43][I]:MDXBUSD trigerd
[2021-08-24 12:14:52][I]:MDXBUSD trigerd
[2021-08-24 12:16:51][I]:MDXBUSD trigerd
[2021-08-24 12:17:50][I]:MDXBUSD trigerd
[2021-08-24 12:19:06][I]:MDXBUSD trigerd
[2021-08-24 12:38:25][I]:MASKBUSD trigerd
[2021-08-24 12:39:06][I]:MASKBUSD trigerd
[2021-08-24 12:44:17][I]:IQBUSD trigerd
[2021-08-24 12:53:30][I]:MDXBUSD trigerd
[2021-08-24 12:53:50][I]:MDXBUSD trigerd
[2021-08-24 12:59:50][I]:MASKBUSD trigerd

[2021-08-24 13:02:19][I]:MASKBUSD trigerd
[2021-08-24 13:03:00][I]:MASKBUSD trigerd
[2021-08-24 13:09:17][I]:FORBUSD trigerd
[2021-08-24 13:09:38][I]:FORBUSD trigerd
[2021-08-24 13:43:57][I]:FORTHBUSD trigerd
[2021-08-24 13:44:38][I]:FORTHBUSD trigerd
[2021-08-24 13:51:48][I]:BNTBUSD trigerd
[2021-08-24 13:53:00][I]:LUNABUSD trigerd
[2021-08-24 13:53:58][I]:LUNABUSD trigerd

[2021-08-24 14:02:25][I]:TRIBEBUSD trigerd
[2021-08-24 14:02:47][I]:TRIBEBUSD trigerd
[2021-08-24 14:03:25][I]:TRIBEBUSD trigerd
[2021-08-24 14:03:44][I]:TRIBEBUSD trigerd
[2021-08-24 14:04:51][I]:TRIBEBUSD trigerd
[2021-08-24 14:06:28][I]:TRIBEBUSD trigerd
[2021-08-24 14:06:48][I]:TRIBEBUSD trigerd
[2021-08-24 14:07:08][I]:TRIBEBUSD trigerd
[2021-08-24 14:07:28][I]:TRIBEBUSD trigerd
[2021-08-24 14:08:05][I]:TRIBEBUSD trigerd
[2021-08-24 14:08:25][I]:TRIBEBUSD trigerd
[2021-08-24 14:16:17][I]:TRIBEBUSD trigerd
[2021-08-24 14:16:38][I]:TRIBEBUSD trigerd
[2021-08-24 14:17:14][I]:TRIBEBUSD trigerd
[2021-08-24 14:17:53][I]:TRIBEBUSD trigerd
[2021-08-24 14:19:23][I]:TRIBEBUSD trigerd
[2021-08-24 14:29:49][I]:TRIBEBUSD trigerd
[2021-08-24 14:54:00][I]:HBARBUSD trigerd

[2021-08-24 15:13:19][I]:SCBUSD trigerd
[2021-08-24 15:24:44][I]:FORBUSD trigerd
[2021-08-24 16:24:29][I]:TRIBEBUSD trigerd
[2021-08-24 16:24:47][I]:TRIBEBUSD trigerd
[2021-08-24 16:43:53][I]:TRIBEBUSD trigerd
[2021-08-24 16:58:17][I]:OMGBUSD trigerd
[2021-08-24 16:58:58][I]:OMGBUSD trigerd
[2021-08-24 17:06:35][I]:TRIBEBUSD trigerd
[2021-08-24 17:07:06][I]:TRIBEBUSD trigerd
[2021-08-24 17:07:26][I]:TRIBEBUSD trigerd
[2021-08-24 17:08:39][I]:TRIBEBUSD trigerd
[2021-08-24 17:08:46][I]:OMGBUSD trigerd
[2021-08-24 17:09:17][I]:TRIBEBUSD trigerd
[2021-08-24 17:09:36][I]:TRIBEBUSD trigerd
[2021-08-24 17:09:55][I]:TRIBEBUSD trigerd
[2021-08-24 17:11:59][I]:C98BUSD trigerd
[2021-08-24 17:13:40][I]:C98BUSD trigerd
[2021-08-24 17:17:57][I]:FORBUSD trigerd
[2021-08-24 17:18:59][I]:FORBUSD trigerd
[2021-08-24 17:19:39][I]:FORBUSD trigerd
[2021-08-24 17:21:13][I]:FORBUSD trigerd
[2021-08-24 17:21:54][I]:FORBUSD trigerd
[2021-08-24 17:22:56][I]:FORBUSD trigerd
[2021-08-24 17:23:52][I]:DEXEBUSD trigerd
[2021-08-24 17:24:44][I]:FORBUSD trigerd
[2021-08-24 17:26:18][I]:C98BUSD trigerd
[2021-08-24 17:27:19][I]:C98BUSD trigerd
[2021-08-24 17:28:20][I]:FORBUSD trigerd
[2021-08-24 17:29:22][I]:FORBUSD trigerd
[2021-08-24 17:34:08][I]:FORBUSD trigerd
[2021-08-24 17:35:45][I]:FORBUSD trigerd
[2021-08-24 17:37:32][I]:FORBUSD trigerd
[2021-08-24 17:38:35][I]:FORBUSD trigerd
[2021-08-24 17:53:48][I]:HBARBUSD trigerd
[2021-08-24 17:54:48][I]:HBARBUSD trigerd
[2021-08-24 18:02:18][I]:C98BUSD trigerd
[2021-08-24 18:04:05][I]:C98BUSD trigerd
[2021-08-24 18:08:03][I]:C98BUSD trigerd
[2021-08-24 18:09:03][I]:C98BUSD trigerd
[2021-08-24 18:11:39][I]:C98BUSD trigerd
[2021-08-24 18:12:39][I]:C98BUSD trigerd
[2021-08-24 18:47:35][I]:FORBUSD trigerd
[2021-08-24 18:48:14][I]:FORBUSD trigerd
[2021-08-24 18:48:55][I]:FORBUSD trigerd
[2021-08-24 18:49:54][I]:FORBUSD trigerd
[2021-08-24 19:04:18][I]:FORBUSD trigerd
[2021-08-24 19:11:32][I]:BONDBUSD trigerd
[2021-08-24 19:13:19][I]:BONDBUSD trigerd
[2021-08-24 19:20:05][I]:RAMPBUSD trigerd
[2021-08-24 19:27:59][I]:MASKBUSD trigerd
[2021-08-24 19:29:59][I]:MASKBUSD trigerd
[2021-08-24 19:41:13][I]:MASKBUSD trigerd
[2021-08-24 19:43:03][I]:MASKBUSD trigerd
[2021-08-24 19:44:21][I]:MASKBUSD trigerd
[2021-08-24 20:26:58][I]:FXSBUSD trigerd
[2021-08-24 20:27:59][I]:FXSBUSD trigerd
[2021-08-24 20:29:22][I]:FXSBUSD trigerd
[2021-08-24 20:38:39][I]:PSGBUSD trigerd
[2021-08-24 20:39:41][I]:PSGBUSD trigerd
[2021-08-24 20:47:55][I]:MASKBUSD trigerd
[2021-08-24 20:49:02][I]:PSGBUSD trigerd
[2021-08-24 20:49:58][I]:MASKBUSD trigerd
[2021-08-24 21:11:58][I]:RAYBUSD trigerd
[2021-08-24 21:12:47][I]:RAYBUSD trigerd
[2021-08-24 21:13:28][I]:RAYBUSD trigerd
[2021-08-24 21:26:17][I]:MASKBUSD trigerd
[2021-08-24 21:27:00][I]:MASKBUSD trigerd
[2021-08-24 21:28:01][I]:MASKBUSD trigerd
[2021-08-24 21:49:50][I]:AVAXBUSD trigerd
[2021-08-24 21:51:34][I]:AVAXBUSD trigerd
[2021-08-24 21:53:22][I]:AVAXBUSD trigerd
[2021-08-24 21:54:17][I]:FXSBUSD trigerd
[2021-08-24 21:58:43][I]:FORBUSD trigerd
[2021-08-24 22:23:00][I]:C98BUSD trigerd
[2021-08-24 22:23:41][I]:C98BUSD trigerd
[2021-08-24 22:28:59][I]:TRIBEBUSD trigerd
[2021-08-24 22:29:16][I]:QNTBUSD trigerd
[2021-08-24 22:29:55][I]:FXSBUSD trigerd
[2021-08-24 22:30:56][I]:FXSBUSD trigerd
[2021-08-24 22:33:59][I]:C98BUSD trigerd
[2021-08-24 22:34:47][I]:FXSBUSD trigerd
[2021-08-24 22:38:22][I]:FXSBUSD trigerd
[2021-08-24 22:39:09][I]:FXSBUSD trigerd
[2021-08-24 22:40:52][I]:FXSBUSD trigerd
[2021-08-24 22:43:23][I]:SXPBUSD trigerd
[2021-08-24 22:44:35][I]:CTSIBUSD trigerd
[2021-08-24 22:48:20][I]:PSGBUSD trigerd
[2021-08-24 22:49:21][I]:PSGBUSD trigerd
[2021-08-24 22:51:33][I]:PSGBUSD trigerd
[2021-08-24 22:52:35][I]:PSGBUSD trigerd
[2021-08-24 22:56:46][I]:C98BUSD trigerd
[2021-08-24 22:59:14][I]:C98BUSD trigerd
[2021-08-24 23:02:12][I]:C98BUSD trigerd
[2021-08-24 23:03:53][I]:FORBUSD trigerd
[2021-08-24 23:04:53][I]:FORBUSD trigerd
[2021-08-24 23:08:56][I]:QNTBUSD trigerd
[2021-08-24 23:10:21][I]:CTKBUSD trigerd
[2021-08-24 23:13:09][I]:CTKBUSD trigerd
[2021-08-24 23:15:44][I]:MASKBUSD trigerd
[2021-08-24 23:16:24][I]:MASKBUSD trigerd
[2021-08-24 23:17:39][I]:C98BUSD trigerd
[2021-08-24 23:18:47][I]:C98BUSD trigerd
[2021-08-24 23:19:35][I]:MASKBUSD trigerd
[2021-08-24 23:21:38][I]:MASKBUSD trigerd
[2021-08-24 23:25:47][I]:RSRBUSD trigerd
[2021-08-24 23:26:33][I]:CTSIBUSD trigerd
[2021-08-24 23:27:32][I]:RSRBUSD trigerd
[2021-08-24 23:28:33][I]:RSRBUSD trigerd
[2021-08-24 23:29:02][I]:CTSIBUSD trigerd
[2021-08-24 23:29:54][I]:C98BUSD trigerd
[2021-08-24 23:33:11][I]:MASKBUSD trigerd
[2021-08-24 23:34:14][I]:MASKBUSD trigerd
[2021-08-24 23:38:15][I]:FORBUSD trigerd
[2021-08-24 23:41:43][I]:QNTBUSD trigerd
