[2021-09-21 00:01:10][I]:ELFBUSD trigerd
[2021-09-21 00:01:20][I]:高点后的15-45分钟，再次进入斐波区间前的拉升 
[2021-09-21 00:01:20][I]:high_24h=1.0776 cur=0.9388
[2021-09-21 00:01:30][I]:ELFBUSD trigerd
[2021-09-21 00:01:40][I]:高点后的15-45分钟，再次进入斐波区间前的拉升 
[2021-09-21 00:01:40][I]:high_24h=1.0776 cur=0.9419
[2021-09-21 00:02:00][I]:ELFBUSD trigerd
[2021-09-21 00:02:10][I]:高点后的15-45分钟，再次进入斐波区间前的拉升 
[2021-09-21 00:02:10][I]:high_24h=1.0776 cur=0.9384
[2021-09-21 00:03:36][I]:ELFBUSD trigerd
[2021-09-21 00:03:46][I]:高点后的15-45分钟，再次进入斐波区间前的拉升 
[2021-09-21 00:03:46][I]:high_24h=1.0776 cur=0.9478
[2021-09-21 00:03:57][I]:ELFBUSD trigerd
[2021-09-21 00:04:07][I]:高点后的15-45分钟，再次进入斐波区间前的拉升 
[2021-09-21 00:04:07][I]:high_24h=1.0776 cur=0.9539
[2021-09-21 00:07:26][I]:OMGBUSD trigerd
[2021-09-21 00:07:36][I]:最高点后的0-15分钟，持续爆拉升突破前高10%...
[2021-09-21 00:07:36][I]:high_24h=11.071 cur=11.274
[2021-09-21 00:26:09][I]:ELFBUSD trigerd
[2021-09-21 00:26:10][I]:最高点后的56分钟， 拉升  
[2021-09-21 00:26:10][I]:LeftTime=0.0分钟，RightTime=56.1分钟
[2021-09-21 00:26:10][I]:左右时间比为: 0.0比1
[2021-09-21 00:26:28][I]:最高点后的45 分钟之后，斐波区间下面的拉升
[2021-09-21 00:26:28][I]:high_24h=1.0776 cur=0.9562
[2021-09-21 00:44:01][I]:BURGERBUSD trigerd
[2021-09-21 00:44:02][I]:最高点后的1169分钟， 拉升  
[2021-09-21 00:44:02][I]:LeftTime=915.分钟，RightTime=254.分钟
[2021-09-21 00:44:02][I]:左右时间比为: 3.6017251299837887比1
[2021-09-21 00:44:37][I]:BURGERBUSD trigerd
[2021-09-21 00:44:38][I]:最高点后的1169分钟， 拉升  
[2021-09-21 00:44:38][I]:LeftTime=915.分钟，RightTime=254.分钟
[2021-09-21 00:44:38][I]:左右时间比为: 3.593305526436886比1
[2021-09-21 00:45:38][I]:BURGERBUSD trigerd
[2021-09-21 00:45:48][I]:最高点后的0-15分钟，持续爆拉升突破前高10%...
[2021-09-21 00:45:48][I]:high_24h=4.196 cur=4.265
[2021-09-21 00:46:09][I]:BURGERBUSD trigerd
[2021-09-21 00:46:19][I]:最高点后的0-15分钟，持续爆拉升突破前高10%...
[2021-09-21 00:46:19][I]:high_24h=4.196 cur=4.347
[2021-09-21 00:46:30][I]:BURGERBUSD trigerd
[2021-09-21 00:46:40][I]:最高点后的0-15分钟，持续爆拉升突破前高10%...
[2021-09-21 00:46:40][I]:high_24h=4.196 cur=4.399
[2021-09-21 00:47:12][I]:BURGERBUSD trigerd
[2021-09-21 00:47:23][I]:最高点后的0-15分钟，持续爆拉升突破前高10%...
[2021-09-21 00:47:23][I]:high_24h=4.196 cur=4.572
[2021-09-21 00:47:33][I]:BURGERBUSD trigerd
[2021-09-21 00:47:43][I]:最高点后的0-15分钟，持续爆拉升突破前高10%...
[2021-09-21 00:47:43][I]:high_24h=4.196 cur=4.626
[2021-09-21 00:52:11][I]:BURGERBUSD trigerd
[2021-09-21 00:52:21][I]:最高点后的0-15分钟，持续爆拉升突破前高10%...
[2021-09-21 00:52:21][I]:high_24h=4.196 cur=4.547
[2021-09-21 00:54:19][I]:BURGERBUSD trigerd
[2021-09-21 00:54:30][I]:最高点后的0-15分钟，持续爆拉升突破前高10%...
[2021-09-21 00:54:30][I]:high_24h=4.196 cur=4.652
[2021-09-21 00:54:59][I]:BURGERBUSD trigerd
[2021-09-21 00:55:09][I]:最高点后的0-15分钟，持续爆拉升突破前高10%...
[2021-09-21 00:55:09][I]:high_24h=4.196 cur=4.728
[2021-09-21 01:22:58][I]:SYSBUSD trigerd
[2021-09-21 01:22:59][I]:最高点后的892分钟， 拉升  
[2021-09-21 01:22:59][I]:LeftTime=270.分钟，RightTime=622.分钟
[2021-09-21 01:22:59][I]:左右时间比为: 0.4333874108629515比1
[2021-09-21 01:23:18][I]:最高点后的45 分钟之后，斐波区间下面的拉升
[2021-09-21 01:23:18][I]:high_24h=0.3731 cur=0.3074
[2021-09-21 01:39:16][I]:ELFBUSD trigerd
[2021-09-21 01:39:17][I]:最高点后的129分钟， 拉升  
[2021-09-21 01:39:17][I]:LeftTime=90.0分钟，RightTime=39.2分钟
[2021-09-21 01:39:17][I]:左右时间比为: 2.290182245620339比1
[2021-09-21 01:39:49][I]:ELFBUSD trigerd
[2021-09-21 01:39:50][I]:最高点后的129分钟， 拉升  
[2021-09-21 01:39:50][I]:LeftTime=90.0分钟，RightTime=39.8分钟
[2021-09-21 01:39:50][I]:左右时间比为: 2.258769763210321比1
[2021-09-21 01:52:27][I]:ALPACABUSD trigerd
[2021-09-21 01:52:28][I]:最高点后的1387分钟， 拉升  
[2021-09-21 01:52:28][I]:LeftTime=1080分钟，RightTime=307.分钟
[2021-09-21 01:52:28][I]:左右时间比为: 3.5125285393511687比1
[2021-09-21 02:07:41][I]:SYSBUSD trigerd
[2021-09-21 02:07:43][I]:最高点后的937分钟， 拉升  
[2021-09-21 02:07:43][I]:LeftTime=270.分钟，RightTime=667.分钟
[2021-09-21 02:07:43][I]:左右时间比为: 0.40436006089177634比1
[2021-09-21 02:08:01][I]:最高点后的45 分钟之后，斐波区间下面的拉升
[2021-09-21 02:08:01][I]:high_24h=0.3731 cur=0.3128
[2021-09-21 02:08:11][I]:SYSBUSD trigerd
[2021-09-21 02:08:12][I]:最高点后的938分钟， 拉升  
[2021-09-21 02:08:12][I]:LeftTime=270.分钟，RightTime=668.分钟
[2021-09-21 02:08:12][I]:左右时间比为: 0.40406127247772694比1
[2021-09-21 02:08:31][I]:最高点后的45 分钟之后，斐波区间下面的拉升
[2021-09-21 02:08:31][I]:high_24h=0.3731 cur=0.3151
[2021-09-21 02:08:41][I]:SYSBUSD trigerd
[2021-09-21 02:08:42][I]:最高点后的938分钟， 拉升  
[2021-09-21 02:08:42][I]:LeftTime=270.分钟，RightTime=668.分钟
[2021-09-21 02:08:42][I]:左右时间比为: 0.40376112812239573比1
[2021-09-21 02:09:01][I]:最高点后的45 分钟之后，斐波区间下面的拉升
[2021-09-21 02:09:01][I]:high_24h=0.3731 cur=0.3165
[2021-09-21 02:09:17][I]:SYSBUSD trigerd
[2021-09-21 02:09:18][I]:最高点后的939分钟， 拉升  
[2021-09-21 02:09:18][I]:LeftTime=270.分钟，RightTime=669.分钟
[2021-09-21 02:09:18][I]:左右时间比为: 0.40340515857062886比1
[2021-09-21 02:09:36][I]:最高点后的45 分钟之后，斐波区间下面的拉升
[2021-09-21 02:09:36][I]:high_24h=0.3731 cur=0.3183
[2021-09-21 02:11:29][I]:SYSBUSD trigerd
[2021-09-21 02:11:30][I]:最高点后的941分钟， 拉升  
[2021-09-21 02:11:30][I]:LeftTime=270.分钟，RightTime=671.分钟
[2021-09-21 02:11:30][I]:左右时间比为: 0.4020775521754352比1
[2021-09-21 02:11:49][I]:最高点后的45 分钟之后，斐波区间下面的拉升
[2021-09-21 02:11:49][I]:high_24h=0.3731 cur=0.3218
[2021-09-21 02:12:00][I]:SYSBUSD trigerd
[2021-09-21 02:12:01][I]:最高点后的942分钟， 拉升  
[2021-09-21 02:12:01][I]:LeftTime=270.分钟，RightTime=672.分钟
[2021-09-21 02:12:01][I]:左右时间比为: 0.401775610865882比1
[2021-09-21 02:12:19][I]:最高点后的45 分钟之后，斐波区间下面的拉升
[2021-09-21 02:12:19][I]:high_24h=0.3731 cur=0.3261
[2021-09-21 02:12:30][I]:SYSBUSD trigerd
[2021-09-21 02:12:31][I]:最高点后的942分钟， 拉升  
[2021-09-21 02:12:31][I]:LeftTime=270.分钟，RightTime=672.分钟
[2021-09-21 02:12:31][I]:左右时间比为: 0.4014735534856997比1
[2021-09-21 02:12:49][I]:最高点后的45 分钟之后，斐波区间下面的拉升
[2021-09-21 02:12:49][I]:high_24h=0.3731 cur=0.328
[2021-09-21 02:13:09][I]:SYSBUSD trigerd
[2021-09-21 02:13:11][I]:最高点后的943分钟， 拉升  
[2021-09-21 02:13:11][I]:LeftTime=270.分钟，RightTime=673.分钟
[2021-09-21 02:13:11][I]:左右时间比为: 0.4010734813028941比1
[2021-09-21 02:13:30][I]:最高点后的45 分钟之后，斐波区间下面的拉升
[2021-09-21 02:13:30][I]:high_24h=0.3731 cur=0.3262
[2021-09-21 02:13:40][I]:SYSBUSD trigerd
[2021-09-21 02:13:41][I]:最高点后的943分钟， 拉升  
[2021-09-21 02:13:41][I]:LeftTime=270.分钟，RightTime=673.分钟
[2021-09-21 02:13:41][I]:左右时间比为: 0.40077542971305735比1
[2021-09-21 02:14:00][I]:最高点后的45 分钟之后，斐波区间下面的拉升
[2021-09-21 02:14:00][I]:high_24h=0.3731 cur=0.3286
[2021-09-21 02:14:10][I]:SYSBUSD trigerd
[2021-09-21 02:14:11][I]:最高点后的944分钟， 拉升  
[2021-09-21 02:14:11][I]:LeftTime=270.分钟，RightTime=674.分钟
[2021-09-21 02:14:11][I]:左右时间比为: 0.4004818704258238比1
[2021-09-21 02:14:29][I]:最高点后的45 分钟之后，斐波区间下面的拉升
[2021-09-21 02:14:29][I]:high_24h=0.3731 cur=0.3291
[2021-09-21 02:14:52][I]:SYSBUSD trigerd
[2021-09-21 02:14:53][I]:最高点后的944分钟， 拉升  
[2021-09-21 02:14:53][I]:LeftTime=270.分钟，RightTime=674.分钟
[2021-09-21 02:14:53][I]:左右时间比为: 0.4000658678512399比1
[2021-09-21 02:15:11][I]:最高点后的45 分钟之后，斐波区间下面的拉升
[2021-09-21 02:15:11][I]:high_24h=0.3731 cur=0.3291
[2021-09-21 02:16:22][I]:SYSBUSD trigerd
[2021-09-21 02:16:23][I]:最高点后的946分钟， 拉升  
[2021-09-21 02:16:23][I]:LeftTime=270.分钟，RightTime=676.分钟
[2021-09-21 02:16:23][I]:左右时间比为: 0.3991809132027118比1
[2021-09-21 02:16:41][I]:最高点后的45 分钟之后，斐波区间下面的拉升
[2021-09-21 02:16:41][I]:high_24h=0.3731 cur=0.3389
[2021-09-21 02:17:05][I]:ELFBUSD trigerd
[2021-09-21 02:17:06][I]:最高点后的167分钟， 拉升  
[2021-09-21 02:17:06][I]:LeftTime=165.分钟，RightTime=2.10分钟
[2021-09-21 02:17:06][I]:左右时间比为: 78.3468679587522比1
[2021-09-21 02:17:41][I]:ELFBUSD trigerd
[2021-09-21 02:17:43][I]:最高点后的167分钟， 拉升  
[2021-09-21 02:17:43][I]:LeftTime=165.分钟，RightTime=2.72分钟
[2021-09-21 02:17:43][I]:左右时间比为: 60.63974123614936比1
[2021-09-21 02:36:13][I]:SYSBUSD trigerd
[2021-09-21 02:36:14][I]:最高点后的966分钟， 拉升  
[2021-09-21 02:36:14][I]:LeftTime=270.分钟，RightTime=696.分钟
[2021-09-21 02:36:14][I]:左右时间比为: 0.38779774795002486比1
[2021-09-21 02:36:33][I]:最高点后的45 分钟之后，斐波区间下面的拉升
[2021-09-21 02:36:33][I]:high_24h=0.3731 cur=0.3293
[2021-09-21 02:36:44][I]:SYSBUSD trigerd
[2021-09-21 02:36:45][I]:最高点后的966分钟， 拉升  
[2021-09-21 02:36:45][I]:LeftTime=270.分钟，RightTime=696.分钟
[2021-09-21 02:36:45][I]:左右时间比为: 0.3875070072614383比1
[2021-09-21 02:37:04][I]:最高点后的45 分钟之后，斐波区间下面的拉升
[2021-09-21 02:37:04][I]:high_24h=0.3731 cur=0.3311
[2021-09-21 02:37:13][I]:SYSBUSD trigerd
[2021-09-21 02:37:14][I]:最高点后的967分钟， 拉升  
[2021-09-21 02:37:14][I]:LeftTime=270.分钟，RightTime=697.分钟
[2021-09-21 02:37:14][I]:左右时间比为: 0.3872374491747936比1
[2021-09-21 02:37:33][I]:最高点后的45 分钟之后，斐波区间下面的拉升
[2021-09-21 02:37:33][I]:high_24h=0.3731 cur=0.33
[2021-09-21 02:46:13][I]:SYSBUSD trigerd
[2021-09-21 02:46:14][I]:最高点后的976分钟， 拉升  
[2021-09-21 02:46:14][I]:LeftTime=270.分钟，RightTime=706.分钟
[2021-09-21 02:46:14][I]:左右时间比为: 0.3823010253371411比1
[2021-09-21 02:46:33][I]:最高点后的45 分钟之后，斐波区间下面的拉升
[2021-09-21 02:46:33][I]:high_24h=0.3731 cur=0.3345
[2021-09-21 02:46:53][I]:SYSBUSD trigerd
[2021-09-21 02:46:54][I]:最高点后的976分钟， 拉升  
[2021-09-21 02:46:54][I]:LeftTime=270.分钟，RightTime=706.分钟
[2021-09-21 02:46:54][I]:左右时间比为: 0.3819462032122327比1
[2021-09-21 02:47:12][I]:最高点后的45 分钟之后，斐波区间下面的拉升
[2021-09-21 02:47:12][I]:high_24h=0.3731 cur=0.3375
[2021-09-21 02:47:23][I]:SYSBUSD trigerd
[2021-09-21 02:47:23][I]:最高点后的977分钟， 拉升  
[2021-09-21 02:47:23][I]:LeftTime=270.分钟，RightTime=707.分钟
[2021-09-21 02:47:23][I]:左右时间比为: 0.38167977987737184比1
[2021-09-21 02:47:42][I]:最高点后的45 分钟之后，斐波区间下面的拉升
[2021-09-21 02:47:42][I]:high_24h=0.3731 cur=0.3392
[2021-09-21 02:47:44][I]:OMGBUSD trigerd
[2021-09-21 02:47:45][I]:最高点后的137分钟， 拉升  
[2021-09-21 02:47:45][I]:LeftTime=135.分钟，RightTime=2.76分钟
[2021-09-21 02:47:45][I]:左右时间比为: 48.86626729826158比1
[2021-09-21 02:48:16][I]:SYSBUSD trigerd
[2021-09-21 02:48:17][I]:最高点后的978分钟， 拉升  
[2021-09-21 02:48:17][I]:LeftTime=270.分钟，RightTime=708.分钟
[2021-09-21 02:48:17][I]:左右时间比为: 0.3811997765155095比1
[2021-09-21 02:48:35][I]:最高点后的45 分钟之后，斐波区间下面的拉升
[2021-09-21 02:48:35][I]:high_24h=0.3731 cur=0.3377
[2021-09-21 02:48:48][I]:SYSBUSD trigerd
[2021-09-21 02:48:48][I]:最高点后的978分钟， 拉升  
[2021-09-21 02:48:48][I]:LeftTime=270.分钟，RightTime=708.分钟
[2021-09-21 02:48:48][I]:左右时间比为: 0.38091709785327693比1
[2021-09-21 02:49:07][I]:最高点后的45 分钟之后，斐波区间下面的拉升
[2021-09-21 02:49:07][I]:high_24h=0.3731 cur=0.34
[2021-09-21 02:49:09][I]:OMGBUSD trigerd
[2021-09-21 02:49:10][I]:最高点后的139分钟， 拉升  
[2021-09-21 02:49:10][I]:LeftTime=135.分钟，RightTime=4.17分钟
[2021-09-21 02:49:10][I]:左右时间比为: 32.33188112439805比1
[2021-09-21 02:49:45][I]:OMGBUSD trigerd
[2021-09-21 02:49:46][I]:最高点后的139分钟， 拉升  
[2021-09-21 02:49:46][I]:LeftTime=135.分钟，RightTime=4.77分钟
[2021-09-21 02:49:46][I]:左右时间比为: 28.26488201608591比1
[2021-09-21 03:31:50][I]:SYSBUSD trigerd
[2021-09-21 03:31:51][I]:最高点后的1021分钟， 拉升  
[2021-09-21 03:31:51][I]:LeftTime=270.分钟，RightTime=751.分钟
[2021-09-21 03:31:51][I]:左右时间比为: 0.35911211928274756比1
[2021-09-21 03:32:09][I]:最高点后的45 分钟之后，斐波区间下面的拉升
[2021-09-21 03:32:09][I]:high_24h=0.3731 cur=0.3206
[2021-09-21 03:32:20][I]:SYSBUSD trigerd
[2021-09-21 03:32:21][I]:最高点后的1022分钟， 拉升  
[2021-09-21 03:32:21][I]:LeftTime=270.分钟，RightTime=752.分钟
[2021-09-21 03:32:21][I]:左右时间比为: 0.3588749813944067比1
[2021-09-21 03:32:39][I]:最高点后的45 分钟之后，斐波区间下面的拉升
[2021-09-21 03:32:39][I]:high_24h=0.3731 cur=0.3202
[2021-09-21 03:32:41][I]:OMGBUSD trigerd
[2021-09-21 03:32:42][I]:最高点后的182分钟， 拉升  
[2021-09-21 03:32:42][I]:LeftTime=180.分钟，RightTime=2.71分钟
[2021-09-21 03:32:42][I]:左右时间比为: 66.35995785992786比1
[2021-09-21 03:33:13][I]:OMGBUSD trigerd
[2021-09-21 03:33:14][I]:最高点后的183分钟， 拉升  
[2021-09-21 03:33:14][I]:LeftTime=180.分钟，RightTime=3.24分钟
[2021-09-21 03:33:14][I]:左右时间比为: 55.542163723910576比1
[2021-09-21 03:33:44][I]:OMGBUSD trigerd
[2021-09-21 03:33:45][I]:最高点后的183分钟， 拉升  
[2021-09-21 03:33:45][I]:LeftTime=180.分钟，RightTime=3.76分钟
[2021-09-21 03:33:45][I]:左右时间比为: 47.84913295719606比1
[2021-09-21 03:43:43][I]:OMGBUSD trigerd
[2021-09-21 03:43:44][I]:最高点后的193分钟， 拉升  
[2021-09-21 03:43:44][I]:LeftTime=180.分钟，RightTime=13.7分钟
[2021-09-21 03:43:44][I]:左右时间比为: 13.10084544174184比1
[2021-09-21 03:57:38][I]:ELFBUSD trigerd
[2021-09-21 03:57:39][I]:最高点后的267分钟， 拉升  
[2021-09-21 03:57:39][I]:LeftTime=240.分钟，RightTime=27.6分钟
[2021-09-21 03:57:39][I]:左右时间比为: 8.67802653683682比1
[2021-09-21 03:58:20][I]:ELFBUSD trigerd
[2021-09-21 03:58:21][I]:最高点后的268分钟， 拉升  
[2021-09-21 03:58:21][I]:LeftTime=240.分钟，RightTime=28.3分钟
[2021-09-21 03:58:21][I]:左右时间比为: 8.462343423537053比1
[2021-09-21 03:58:52][I]:ELFBUSD trigerd
[2021-09-21 03:58:53][I]:最高点后的268分钟， 拉升  
[2021-09-21 03:58:53][I]:LeftTime=240.分钟，RightTime=28.8分钟
[2021-09-21 03:58:53][I]:左右时间比为: 8.305087639309622比1
[2021-09-21 04:01:24][I]:COVERBUSD trigerd
[2021-09-21 04:01:25][I]:最高点后的751分钟， 拉升  
[2021-09-21 04:01:25][I]:LeftTime=720.分钟，RightTime=31.4分钟
[2021-09-21 04:01:25][I]:左右时间比为: 22.91132350790018比1
[2021-09-21 04:03:08][I]:SYSBUSD trigerd
[2021-09-21 04:03:09][I]:最高点后的1053分钟， 拉升  
[2021-09-21 04:03:09][I]:LeftTime=270.分钟，RightTime=783.分钟
[2021-09-21 04:03:09][I]:左右时间比为: 0.34475866103275415比1
[2021-09-21 04:03:28][I]:最高点后的45 分钟之后，斐波区间下面的拉升
[2021-09-21 04:03:28][I]:high_24h=0.3731 cur=0.3275
[2021-09-21 04:04:03][I]:ELFBUSD trigerd
[2021-09-21 04:04:04][I]:最高点后的274分钟， 拉升  
[2021-09-21 04:04:04][I]:LeftTime=240.分钟，RightTime=34.0分钟
[2021-09-21 04:04:04][I]:左右时间比为: 7.042792242974327比1
[2021-09-21 04:04:37][I]:ELFBUSD trigerd
[2021-09-21 04:04:38][I]:最高点后的274分钟， 拉升  
[2021-09-21 04:04:38][I]:LeftTime=240.分钟，RightTime=34.6分钟
[2021-09-21 04:04:38][I]:左右时间比为: 6.929400561061099比1
[2021-09-21 04:09:14][I]:COVERBUSD trigerd
[2021-09-21 04:09:15][I]:最高点后的759分钟， 拉升  
[2021-09-21 04:09:15][I]:LeftTime=720.分钟，RightTime=39.2分钟
[2021-09-21 04:09:15][I]:左右时间比为: 18.337575745851105比1
[2021-09-21 04:12:34][I]:SYSBUSD trigerd
[2021-09-21 04:12:35][I]:最高点后的1062分钟， 拉升  
[2021-09-21 04:12:35][I]:LeftTime=270.分钟，RightTime=792.分钟
[2021-09-21 04:12:35][I]:左右时间比为: 0.3406536477933826比1
[2021-09-21 04:12:54][I]:最高点后的45 分钟之后，斐波区间下面的拉升
[2021-09-21 04:12:54][I]:high_24h=0.3731 cur=0.3261
[2021-09-21 04:13:13][I]:SYSBUSD trigerd
[2021-09-21 04:13:14][I]:最高点后的1063分钟， 拉升  
[2021-09-21 04:13:14][I]:LeftTime=270.分钟，RightTime=793.分钟
[2021-09-21 04:13:14][I]:左右时间比为: 0.34037898286248147比1
[2021-09-21 04:13:32][I]:最高点后的45 分钟之后，斐波区间下面的拉升
[2021-09-21 04:13:32][I]:high_24h=0.3731 cur=0.3285
[2021-09-21 04:14:34][I]:SYSBUSD trigerd
[2021-09-21 04:14:35][I]:最高点后的1064分钟， 拉升  
[2021-09-21 04:14:35][I]:LeftTime=270.分钟，RightTime=794.分钟
[2021-09-21 04:14:35][I]:左右时间比为: 0.3397954627644479比1
[2021-09-21 04:14:54][I]:最高点后的45 分钟之后，斐波区间下面的拉升
[2021-09-21 04:14:54][I]:high_24h=0.3731 cur=0.3268
[2021-09-21 04:28:55][I]:ALPACABUSD trigerd
[2021-09-21 04:28:56][I]:最高点后的148分钟， 拉升  
[2021-09-21 04:28:56][I]:LeftTime=90.0分钟，RightTime=58.9分钟
[2021-09-21 04:28:56][I]:左右时间比为: 1.5270478188605467比1
[2021-09-21 04:29:31][I]:ALPACABUSD trigerd
[2021-09-21 04:29:32][I]:最高点后的149分钟， 拉升  
[2021-09-21 04:29:32][I]:LeftTime=90.0分钟，RightTime=59.5分钟
[2021-09-21 04:29:32][I]:左右时间比为: 1.511627048132123比1
[2021-09-21 04:35:00][I]:SYSBUSD trigerd
[2021-09-21 04:35:01][I]:最高点后的1085分钟， 拉升  
[2021-09-21 04:35:01][I]:LeftTime=270.分钟，RightTime=815.分钟
[2021-09-21 04:35:01][I]:左右时间比为: 0.33127977933295255比1
[2021-09-21 04:35:19][I]:最高点后的45 分钟之后，斐波区间下面的拉升
[2021-09-21 04:35:19][I]:high_24h=0.3731 cur=0.3298
[2021-09-21 04:40:39][I]:ALPACABUSD trigerd
[2021-09-21 04:40:40][I]:最高点后的160分钟， 拉升  
[2021-09-21 04:40:40][I]:LeftTime=90.0分钟，RightTime=70.6分钟
[2021-09-21 04:40:40][I]:左右时间比为: 1.2733715753729515比1
[2021-09-21 04:40:59][I]:最高点后的45分钟之后， 大低谷回落 再次 进入斐波区间 
[2021-09-21 04:41:17][I]:ALPACABUSD trigerd
[2021-09-21 04:41:18][I]:最高点后的161分钟， 拉升  
[2021-09-21 04:41:18][I]:LeftTime=90.0分钟，RightTime=71.3分钟
[2021-09-21 04:41:18][I]:左右时间比为: 1.262262584118187比1
[2021-09-21 04:41:36][I]:最高点后的45 分钟之后，短期持续爆拉升突破前高... 
[2021-09-21 04:41:56][I]:ALPACABUSD trigerd
[2021-09-21 04:41:57][I]:最高点后的161分钟， 拉升  
[2021-09-21 04:41:57][I]:LeftTime=90.0分钟，RightTime=71.9分钟
[2021-09-21 04:41:57][I]:左右时间比为: 1.250691715108022比1
[2021-09-21 04:42:16][I]:最高点后的45 分钟之后，短期持续爆拉升突破前高... 
[2021-09-21 04:51:22][I]:ALPACABUSD trigerd
[2021-09-21 04:51:33][I]:最高点后的0-15分钟,进入斐波区间 
[2021-09-21 04:51:42][I]:ALPACABUSD trigerd
[2021-09-21 04:51:52][I]:最高点后的0-15分钟，持续爆拉升突破前高... 
[2021-09-21 04:52:03][I]:ALPACABUSD trigerd
[2021-09-21 04:52:13][I]:最高点后的0-15分钟，持续爆拉升突破前高10%...
[2021-09-21 04:52:13][I]:high_24h=1.1634 cur=1.1863
[2021-09-21 04:54:23][I]:ALPACABUSD trigerd
[2021-09-21 04:54:33][I]:最高点后的0-15分钟,进入斐波区间 
[2021-09-21 04:54:43][I]:ALPACABUSD trigerd
[2021-09-21 04:54:50][I]:最高点后的0-15分钟,进入斐波区间 
[2021-09-21 04:55:01][I]:ALPACABUSD trigerd
[2021-09-21 04:55:11][I]:最高点后的0-15分钟,进入斐波区间 
[2021-09-21 04:57:12][I]:ALPACABUSD trigerd
[2021-09-21 04:57:22][I]:最高点后的0-15分钟，持续爆拉升突破前高10%...
[2021-09-21 04:57:22][I]:high_24h=1.1634 cur=1.1745
[2021-09-21 04:57:32][I]:ALPACABUSD trigerd
[2021-09-21 04:57:42][I]:最高点后的0-15分钟，持续爆拉升突破前高10%...
[2021-09-21 04:57:42][I]:high_24h=1.1634 cur=1.1847
[2021-09-21 05:09:59][I]:TRIBEBUSD trigerd
[2021-09-21 05:10:00][I]:最高点后的820分钟， 拉升  
[2021-09-21 05:10:00][I]:LeftTime=0.0分钟，RightTime=820.分钟
[2021-09-21 05:10:00][I]:左右时间比为: 0.0比1
[2021-09-21 05:10:18][I]:最高点后的45 分钟之后，斐波区间下面的拉升
[2021-09-21 05:10:18][I]:high_24h=0.9124 cur=0.6745
[2021-09-21 05:44:38][I]:OMGBUSD trigerd
[2021-09-21 05:44:39][I]:最高点后的314分钟， 拉升  
[2021-09-21 05:44:39][I]:LeftTime=180.分钟，RightTime=134.分钟
[2021-09-21 05:44:39][I]:左右时间比为: 1.3367739763334958比1
[2021-09-21 05:44:57][I]:最高点后的45 分钟之后，斐波区间下面的拉升
[2021-09-21 05:44:57][I]:high_24h=11.4 cur=10.893
[2021-09-21 05:59:34][I]:COVERBUSD trigerd
[2021-09-21 05:59:35][I]:最高点后的869分钟， 拉升  
[2021-09-21 05:59:35][I]:LeftTime=720.分钟，RightTime=149.分钟
[2021-09-21 05:59:35][I]:左右时间比为: 4.813172559625689比1
[2021-09-21 06:02:46][I]:COVERBUSD trigerd
[2021-09-21 06:02:47][I]:最高点后的872分钟， 拉升  
[2021-09-21 06:02:47][I]:LeftTime=720.分钟，RightTime=152.分钟
[2021-09-21 06:02:47][I]:左右时间比为: 4.712497949580572比1
[2021-09-21 06:03:50][I]:TRIBEBUSD trigerd
[2021-09-21 06:03:51][I]:最高点后的873分钟， 拉升  
[2021-09-21 06:03:51][I]:LeftTime=0.0分钟，RightTime=873.分钟
[2021-09-21 06:03:51][I]:左右时间比为: 0.0比1
[2021-09-21 06:04:10][I]:最高点后的45 分钟之后，斐波区间下面的拉升
[2021-09-21 06:04:10][I]:high_24h=0.9124 cur=0.6677
[2021-09-21 06:04:20][I]:COVERBUSD trigerd
[2021-09-21 06:04:21][I]:最高点后的874分钟， 拉升  
[2021-09-21 06:04:21][I]:LeftTime=720.分钟，RightTime=154.分钟
[2021-09-21 06:04:21][I]:左右时间比为: 4.664470495397484比1
[2021-09-21 06:04:55][I]:COVERBUSD trigerd
[2021-09-21 06:04:56][I]:最高点后的874分钟， 拉升  
[2021-09-21 06:04:56][I]:LeftTime=720.分钟，RightTime=154.分钟
[2021-09-21 06:04:56][I]:左右时间比为: 4.646731654852762比1
[2021-09-21 06:18:29][I]:ELFBUSD trigerd
[2021-09-21 06:18:32][I]:最高点后的408分钟， 拉升  
[2021-09-21 06:18:32][I]:LeftTime=240.分钟，RightTime=168.分钟
[2021-09-21 06:18:32][I]:左右时间比为: 1.4239213447620467比1
[2021-09-21 06:18:51][I]:最高点后的45 分钟之后，斐波区间下面的拉升
[2021-09-21 06:18:51][I]:high_24h=1.0776 cur=0.8598
[2021-09-21 06:19:22][I]:ELFBUSD trigerd
[2021-09-21 06:19:22][I]:最高点后的409分钟， 拉升  
[2021-09-21 06:19:22][I]:LeftTime=240.分钟，RightTime=169.分钟
[2021-09-21 06:19:22][I]:左右时间比为: 1.4169061531102438比1
[2021-09-21 06:19:41][I]:最高点后的45 分钟之后，斐波区间下面的拉升
[2021-09-21 06:19:41][I]:high_24h=1.0776 cur=0.8629
[2021-09-21 06:19:51][I]:ELFBUSD trigerd
[2021-09-21 06:19:52][I]:最高点后的409分钟， 拉升  
[2021-09-21 06:19:52][I]:LeftTime=240.分钟，RightTime=169.分钟
[2021-09-21 06:19:52][I]:左右时间比为: 1.4127504407371392比1
[2021-09-21 06:20:11][I]:最高点后的45 分钟之后，斐波区间下面的拉升
[2021-09-21 06:20:11][I]:high_24h=1.0776 cur=0.8669
[2021-09-21 06:26:18][I]:ELFBUSD trigerd
[2021-09-21 06:26:19][I]:最高点后的416分钟， 拉升  
[2021-09-21 06:26:19][I]:LeftTime=240.分钟，RightTime=176.分钟
[2021-09-21 06:26:19][I]:左右时间比为: 1.361111053051621比1
[2021-09-21 06:26:38][I]:最高点后的45 分钟之后，斐波区间下面的拉升
[2021-09-21 06:26:38][I]:high_24h=1.0776 cur=0.8694
[2021-09-21 06:34:57][I]:OMGBUSD trigerd
[2021-09-21 06:34:58][I]:最高点后的364分钟， 拉升  
[2021-09-21 06:34:58][I]:LeftTime=180.分钟，RightTime=184.分钟
[2021-09-21 06:34:58][I]:左右时间比为: 0.9731236856410032比1
[2021-09-21 06:35:16][I]:最高点后的45分钟之后， 大低谷回落 再次 进入斐波区间 
[2021-09-21 07:14:20][I]:SYSBUSD trigerd
[2021-09-21 07:14:21][I]:最高点后的1244分钟， 拉升  
[2021-09-21 07:14:21][I]:LeftTime=270.分钟，RightTime=974.分钟
[2021-09-21 07:14:21][I]:左右时间比为: 0.2771071561140086比1
[2021-09-21 07:14:39][I]:最高点后的45 分钟之后，斐波区间下面的拉升
[2021-09-21 07:14:39][I]:high_24h=0.3731 cur=0.3163
[2021-09-21 07:14:49][I]:SYSBUSD trigerd
[2021-09-21 07:14:51][I]:最高点后的1244分钟， 拉升  
[2021-09-21 07:14:51][I]:LeftTime=270.分钟，RightTime=974.分钟
[2021-09-21 07:14:51][I]:左右时间比为: 0.27696170524126223比1
[2021-09-21 07:15:10][I]:最高点后的45 分钟之后，斐波区间下面的拉升
[2021-09-21 07:15:10][I]:high_24h=0.3731 cur=0.3175
[2021-09-21 08:32:48][I]:OMGBUSD trigerd
[2021-09-21 08:33:10][I]:OMGBUSD trigerd
[2021-09-21 08:34:11][I]:OMGBUSD trigerd
[2021-09-21 08:34:34][I]:OMGBUSD trigerd
[2021-09-21 08:34:58][I]:OMGBUSD trigerd
[2021-09-21 08:36:43][I]:OMGBUSD trigerd
[2021-09-21 08:36:44][I]:最高点后的486分钟， 拉升  
[2021-09-21 08:36:44][I]:LeftTime=480.分钟，RightTime=6.73分钟
[2021-09-21 08:36:44][I]:左右时间比为: 71.2599474710945比1
[2021-09-21 08:37:43][I]:OMGBUSD trigerd
[2021-09-21 08:37:44][I]:最高点后的487分钟， 拉升  
[2021-09-21 08:37:44][I]:LeftTime=480.分钟，RightTime=7.74分钟
[2021-09-21 08:37:44][I]:左右时间比为: 61.994723779815544比1
[2021-09-21 08:38:55][I]:COVERBUSD trigerd
[2021-09-21 08:39:30][I]:OMGBUSD trigerd
[2021-09-21 08:39:31][I]:最高点后的489分钟， 拉升  
[2021-09-21 08:39:31][I]:LeftTime=480.分钟，RightTime=9.52分钟
[2021-09-21 08:39:31][I]:左右时间比为: 50.38811514730916比1
[2021-09-21 08:42:24][I]:OMGBUSD trigerd
[2021-09-21 08:42:25][I]:最高点后的492分钟， 拉升  
[2021-09-21 08:42:25][I]:LeftTime=480.分钟，RightTime=12.4分钟
[2021-09-21 08:42:25][I]:左右时间比为: 38.613808636304555比1
[2021-09-21 08:42:58][I]:OMGBUSD trigerd
[2021-09-21 08:42:59][I]:最高点后的492分钟， 拉升  
[2021-09-21 08:42:59][I]:LeftTime=480.分钟，RightTime=12.9分钟
[2021-09-21 08:42:59][I]:左右时间比为: 36.95266502603679比1
[2021-09-21 08:43:30][I]:OMGBUSD trigerd
[2021-09-21 08:43:31][I]:最高点后的493分钟， 拉升  
[2021-09-21 08:43:31][I]:LeftTime=480.分钟，RightTime=13.5分钟
[2021-09-21 08:43:31][I]:左右时间比为: 35.48479432346859比1
[2021-09-21 08:44:50][I]:OMGBUSD trigerd
[2021-09-21 08:44:52][I]:最高点后的494分钟， 拉升  
[2021-09-21 08:44:52][I]:LeftTime=480.分钟，RightTime=14.8分钟
[2021-09-21 08:44:52][I]:左右时间比为: 32.284354896286004比1
[2021-09-21 08:48:00][I]:COVERBUSD trigerd
[2021-09-21 08:48:01][I]:最高点后的1038分钟， 拉升  
[2021-09-21 08:48:01][I]:LeftTime=1020分钟，RightTime=18.0分钟
[2021-09-21 08:48:01][I]:左右时间比为: 56.59832717088141比1
[2021-09-21 08:48:35][I]:COVERBUSD trigerd
[2021-09-21 08:48:36][I]:最高点后的1038分钟， 拉升  
[2021-09-21 08:48:36][I]:LeftTime=1020分钟，RightTime=18.6分钟
[2021-09-21 08:48:36][I]:左右时间比为: 54.79405163872161比1
[2021-09-21 08:49:11][I]:COVERBUSD trigerd
[2021-09-21 08:49:12][I]:最高点后的1039分钟， 拉升  
[2021-09-21 08:49:12][I]:LeftTime=1020分钟，RightTime=19.2分钟
[2021-09-21 08:49:12][I]:左右时间比为: 53.11633070023665比1
[2021-09-21 08:49:46][I]:COVERBUSD trigerd
[2021-09-21 08:49:47][I]:最高点后的1039分钟， 拉升  
[2021-09-21 08:49:47][I]:LeftTime=1020分钟，RightTime=19.7分钟
[2021-09-21 08:49:47][I]:左右时间比为: 51.53721439109332比1
[2021-09-21 08:56:13][I]:COVERBUSD trigerd
[2021-09-21 08:56:14][I]:最高点后的1046分钟， 拉升  
[2021-09-21 08:56:14][I]:LeftTime=1020分钟，RightTime=26.2分钟
[2021-09-21 08:56:14][I]:左右时间比为: 38.87719954401864比1
[2021-09-21 08:56:51][I]:COVERBUSD trigerd
[2021-09-21 08:56:52][I]:最高点后的1046分钟， 拉升  
[2021-09-21 08:56:52][I]:LeftTime=1020分钟，RightTime=26.8分钟
[2021-09-21 08:56:52][I]:左右时间比为: 37.95385082766379比1
[2021-09-21 08:57:19][I]:SYSBUSD trigerd
[2021-09-21 08:57:42][I]:SYSBUSD trigerd
[2021-09-21 08:58:07][I]:SYSBUSD trigerd
[2021-09-21 08:58:08][I]:最高点后的1348分钟， 拉升  
[2021-09-21 08:58:08][I]:LeftTime=270.分钟，RightTime=1078分钟
[2021-09-21 08:58:08][I]:左右时间比为: 0.25043024718475737比1
[2021-09-21 08:58:27][I]:最高点后的45 分钟之后，斐波区间下面的拉升
[2021-09-21 08:58:27][I]:high_24h=0.3731 cur=0.307
[2021-09-21 08:58:37][I]:COVERBUSD trigerd
[2021-09-21 08:58:37][I]:最高点后的1048分钟， 拉升  
[2021-09-21 08:58:37][I]:LeftTime=1020分钟，RightTime=28.6分钟
[2021-09-21 08:58:37][I]:左右时间比为: 35.62304042535127比1
[2021-09-21 08:59:23][I]:COVERBUSD trigerd
[2021-09-21 08:59:24][I]:最高点后的1049分钟， 拉升  
[2021-09-21 08:59:24][I]:LeftTime=1020分钟，RightTime=29.4分钟
[2021-09-21 08:59:24][I]:左右时间比为: 34.67702934972023比1
[2021-09-21 09:00:00][I]:COVERBUSD trigerd
[2021-09-21 09:00:01][I]:最高点后的1050分钟， 拉升  
[2021-09-21 09:00:01][I]:LeftTime=1020分钟，RightTime=30.0分钟
[2021-09-21 09:00:01][I]:左右时间比为: 33.977779606270936比1
[2021-09-21 09:01:09][I]:COVERBUSD trigerd
[2021-09-21 09:01:11][I]:最高点后的1051分钟， 拉升  
[2021-09-21 09:01:11][I]:LeftTime=1020分钟，RightTime=31.1分钟
[2021-09-21 09:01:11][I]:左右时间比为: 32.7097259754957比1
[2021-09-21 09:02:04][I]:COVERBUSD trigerd
[2021-09-21 09:02:05][I]:最高点后的1052分钟， 拉升  
[2021-09-21 09:02:05][I]:LeftTime=1020分钟，RightTime=32.0分钟
[2021-09-21 09:02:05][I]:左右时间比为: 31.791842392366316比1
[2021-09-21 09:03:34][I]:COVERBUSD trigerd
[2021-09-21 09:03:35][I]:最高点后的1053分钟， 拉升  
[2021-09-21 09:03:35][I]:LeftTime=1020分钟，RightTime=33.5分钟
[2021-09-21 09:03:35][I]:左右时间比为: 30.359487028391804比1
[2021-09-21 09:04:10][I]:COVERBUSD trigerd
[2021-09-21 09:04:11][I]:最高点后的1054分钟， 拉升  
[2021-09-21 09:04:11][I]:LeftTime=1020分钟，RightTime=34.1分钟
[2021-09-21 09:04:11][I]:左右时间比为: 29.827187749858158比1
[2021-09-21 09:06:19][I]:OMGBUSD trigerd
[2021-09-21 09:06:20][I]:最高点后的516分钟， 拉升  
[2021-09-21 09:06:20][I]:LeftTime=480.分钟，RightTime=36.3分钟
[2021-09-21 09:06:20][I]:左右时间比为: 13.20966146297426比1
[2021-09-21 09:07:10][I]:COVERBUSD trigerd
[2021-09-21 09:07:11][I]:最高点后的1057分钟， 拉升  
[2021-09-21 09:07:11][I]:LeftTime=1020分钟，RightTime=37.1分钟
[2021-09-21 09:07:11][I]:左右时间比为: 27.425042169099655比1
[2021-09-21 09:07:37][I]:OMGBUSD trigerd
[2021-09-21 09:07:38][I]:最高点后的517分钟， 拉升  
[2021-09-21 09:07:38][I]:LeftTime=480.分钟，RightTime=37.6分钟
[2021-09-21 09:07:38][I]:左右时间比为: 12.750641783667055比1
[2021-09-21 09:08:11][I]:OMGBUSD trigerd
[2021-09-21 09:08:12][I]:最高点后的518分钟， 拉升  
[2021-09-21 09:08:12][I]:LeftTime=480.分钟，RightTime=38.2分钟
[2021-09-21 09:08:12][I]:左右时间比为: 12.562986046745204比1
[2021-09-21 09:08:54][I]:OMGBUSD trigerd
[2021-09-21 09:08:55][I]:最高点后的518分钟， 拉升  
[2021-09-21 09:08:55][I]:LeftTime=480.分钟，RightTime=38.9分钟
[2021-09-21 09:08:55][I]:左右时间比为: 12.331971250221667比1
[2021-09-21 09:09:27][I]:OMGBUSD trigerd
[2021-09-21 09:09:28][I]:最高点后的519分钟， 拉升  
[2021-09-21 09:09:28][I]:LeftTime=480.分钟，RightTime=39.4分钟
[2021-09-21 09:09:28][I]:左右时间比为: 12.158960982026395比1
[2021-09-21 09:09:59][I]:COVERBUSD trigerd
[2021-09-21 09:10:00][I]:最高点后的1060分钟， 拉升  
[2021-09-21 09:10:00][I]:LeftTime=1020分钟，RightTime=40.0分钟
[2021-09-21 09:10:00][I]:左右时间比为: 25.49122711146316比1
[2021-09-21 09:15:42][I]:COVERBUSD trigerd
[2021-09-21 09:15:43][I]:最高点后的1065分钟， 拉升  
[2021-09-21 09:15:43][I]:LeftTime=1020分钟，RightTime=45.7分钟
[2021-09-21 09:15:43][I]:左右时间比为: 22.309081287344比1
[2021-09-21 09:16:17][I]:COVERBUSD trigerd
[2021-09-21 09:16:18][I]:最高点后的1066分钟， 拉升  
[2021-09-21 09:16:18][I]:LeftTime=1020分钟，RightTime=46.3分钟
[2021-09-21 09:16:18][I]:左右时间比为: 22.023978349117144比1
[2021-09-21 09:17:12][I]:COVERBUSD trigerd
[2021-09-21 09:17:13][I]:最高点后的1067分钟， 拉升  
[2021-09-21 09:17:13][I]:LeftTime=1020分钟，RightTime=47.2分钟
[2021-09-21 09:17:13][I]:左右时间比为: 21.5958536591727比1
[2021-09-21 09:19:22][I]:COVERBUSD trigerd
[2021-09-21 09:19:23][I]:最高点后的1069分钟， 拉升  
[2021-09-21 09:19:23][I]:LeftTime=1020分钟，RightTime=49.3分钟
[2021-09-21 09:19:23][I]:左右时间比为: 20.652909902632405比1
[2021-09-21 09:19:54][I]:COVERBUSD trigerd
[2021-09-21 09:19:55][I]:最高点后的1069分钟， 拉升  
[2021-09-21 09:19:55][I]:LeftTime=1020分钟，RightTime=49.9分钟
[2021-09-21 09:19:55][I]:左右时间比为: 20.43167716386459比1
[2021-09-21 09:20:35][I]:COVERBUSD trigerd
[2021-09-21 09:20:36][I]:最高点后的1070分钟， 拉升  
[2021-09-21 09:20:36][I]:LeftTime=1020分钟，RightTime=50.6分钟
[2021-09-21 09:20:36][I]:左右时间比为: 20.15561382787223比1
[2021-09-21 09:33:56][I]:GHSTBUSD trigerd
[2021-09-21 09:33:57][I]:最高点后的1068分钟， 拉升  
[2021-09-21 09:33:57][I]:LeftTime=1005分钟，RightTime=63.9分钟
[2021-09-21 09:33:57][I]:左右时间比为: 15.715147067572246比1
[2021-09-21 09:34:27][I]:GHSTBUSD trigerd
[2021-09-21 09:34:28][I]:最高点后的1069分钟， 拉升  
[2021-09-21 09:34:28][I]:LeftTime=1005分钟，RightTime=64.4分钟
[2021-09-21 09:34:28][I]:左右时间比为: 15.585604034914585比1
[2021-09-21 09:43:01][I]:ELFBUSD trigerd
[2021-09-21 09:44:20][I]:ELFBUSD trigerd
[2021-09-21 09:44:43][I]:ELFBUSD trigerd
[2021-09-21 09:48:56][I]:GHSTBUSD trigerd
[2021-09-21 09:48:57][I]:最高点后的1083分钟， 拉升  
[2021-09-21 09:48:57][I]:LeftTime=1005分钟，RightTime=78.9分钟
[2021-09-21 09:48:57][I]:左右时间比为: 12.728268790964739比1
[2021-09-21 09:52:20][I]:COVERBUSD trigerd
[2021-09-21 09:52:21][I]:最高点后的1102分钟， 拉升  
[2021-09-21 09:52:21][I]:LeftTime=1020分钟，RightTime=82.3分钟
[2021-09-21 09:52:21][I]:左右时间比为: 12.384040529159488比1
[2021-09-21 09:52:53][I]:COVERBUSD trigerd
[2021-09-21 09:52:53][I]:最高点后的1102分钟， 拉升  
[2021-09-21 09:52:53][I]:LeftTime=1020分钟，RightTime=82.8分钟
[2021-09-21 09:52:53][I]:左右时间比为: 12.304002347048389比1
[2021-09-21 09:53:26][I]:COVERBUSD trigerd
[2021-09-21 09:53:27][I]:最高点后的1103分钟， 拉升  
[2021-09-21 09:53:27][I]:LeftTime=1020分钟，RightTime=83.4分钟
[2021-09-21 09:53:27][I]:左右时间比为: 12.22206627617385比1
[2021-09-21 09:53:58][I]:COVERBUSD trigerd
[2021-09-21 09:53:59][I]:最高点后的1103分钟， 拉升  
[2021-09-21 09:53:59][I]:LeftTime=1020分钟，RightTime=83.9分钟
[2021-09-21 09:53:59][I]:左右时间比为: 12.143764057919842比1
[2021-09-21 09:59:23][I]:COVERBUSD trigerd
[2021-09-21 09:59:24][I]:最高点后的1109分钟， 拉升  
[2021-09-21 09:59:24][I]:LeftTime=1020分钟，RightTime=89.4分钟
[2021-09-21 09:59:24][I]:左右时间比为: 11.408447513481393比1
[2021-09-21 10:02:32][I]:OMGBUSD trigerd
[2021-09-21 10:02:33][I]:最高点后的47分钟， 拉升  
[2021-09-21 10:02:33][I]:LeftTime=30.0分钟，RightTime=17.5分钟
[2021-09-21 10:02:33][I]:左右时间比为: 1.7088964472426365比1
[2021-09-21 10:03:47][I]:OMGBUSD trigerd
[2021-09-21 10:03:48][I]:最高点后的48分钟， 拉升  
[2021-09-21 10:03:48][I]:LeftTime=30.0分钟，RightTime=18.8分钟
[2021-09-21 10:03:48][I]:左右时间比为: 1.5957314935335738比1
[2021-09-21 10:28:19][I]:CELRBUSD trigerd
[2021-09-21 10:28:30][I]:最高点后的0-15分钟，持续爆拉升突破前高10%...
[2021-09-21 10:28:30][I]:high_24h=0.097 cur=0.09888
[2021-09-21 10:28:42][I]:CELRBUSD trigerd
[2021-09-21 10:28:52][I]:最高点后的0-15分钟，持续爆拉升突破前高10%...
[2021-09-21 10:28:52][I]:high_24h=0.097 cur=0.09975
[2021-09-21 10:29:03][I]:CELRBUSD trigerd
[2021-09-21 10:29:13][I]:最高点后的0-15分钟，持续爆拉升突破前高10%...
[2021-09-21 10:29:13][I]:high_24h=0.097 cur=0.10011
[2021-09-21 10:29:24][I]:CELRBUSD trigerd
[2021-09-21 10:29:34][I]:最高点后的0-15分钟，持续爆拉升突破前高10%...
[2021-09-21 10:29:34][I]:high_24h=0.097 cur=0.10095
[2021-09-21 10:29:45][I]:CELRBUSD trigerd
[2021-09-21 10:29:55][I]:最高点后的0-15分钟，持续爆拉升突破前高10%...
[2021-09-21 10:29:55][I]:high_24h=0.097 cur=0.10113
[2021-09-21 10:36:20][I]:SWRVBUSD trigerd
[2021-09-21 10:36:21][I]:最高点后的756分钟， 拉升  
[2021-09-21 10:36:21][I]:LeftTime=630.分钟，RightTime=126.分钟
[2021-09-21 10:36:21][I]:左右时间比为: 4.985696607003863比1
[2021-09-21 10:36:52][I]:SWRVBUSD trigerd
[2021-09-21 10:36:52][I]:最高点后的756分钟， 拉升  
[2021-09-21 10:36:52][I]:LeftTime=630.分钟，RightTime=126.分钟
[2021-09-21 10:36:52][I]:左右时间比为: 4.96520036084043比1
[2021-09-21 10:37:23][I]:SWRVBUSD trigerd
[2021-09-21 10:37:24][I]:最高点后的757分钟， 拉升  
[2021-09-21 10:37:24][I]:LeftTime=630.分钟，RightTime=127.分钟
[2021-09-21 10:37:24][I]:左右时间比为: 4.9445309237156225比1
[2021-09-21 10:38:11][I]:SWRVBUSD trigerd
[2021-09-21 10:38:11][I]:最高点后的758分钟， 拉升  
[2021-09-21 10:38:11][I]:LeftTime=630.分钟，RightTime=128.分钟
[2021-09-21 10:38:11][I]:左右时间比为: 4.914258282251548比1
[2021-09-21 10:38:42][I]:SWRVBUSD trigerd
[2021-09-21 10:38:43][I]:最高点后的758分钟， 拉升  
[2021-09-21 10:38:43][I]:LeftTime=630.分钟，RightTime=128.分钟
[2021-09-21 10:38:43][I]:左右时间比为: 4.89443350842605比1
[2021-09-21 10:39:14][I]:SWRVBUSD trigerd
[2021-09-21 10:39:15][I]:最高点后的759分钟， 拉升  
[2021-09-21 10:39:15][I]:LeftTime=630.分钟，RightTime=129.分钟
[2021-09-21 10:39:15][I]:左右时间比为: 4.873948125331775比1
[2021-09-21 10:39:48][I]:SWRVBUSD trigerd
[2021-09-21 10:39:49][I]:最高点后的759分钟， 拉升  
[2021-09-21 10:39:49][I]:LeftTime=630.分钟，RightTime=129.分钟
[2021-09-21 10:39:49][I]:左右时间比为: 4.8528111333734625比1
[2021-09-21 10:40:39][I]:SWRVBUSD trigerd
[2021-09-21 10:40:40][I]:最高点后的760分钟， 拉升  
[2021-09-21 10:40:40][I]:LeftTime=630.分钟，RightTime=130.分钟
[2021-09-21 10:40:40][I]:左右时间比为: 4.820945623366478比1
[2021-09-21 10:42:21][I]:SWRVBUSD trigerd
[2021-09-21 10:42:22][I]:最高点后的762分钟， 拉升  
[2021-09-21 10:42:22][I]:LeftTime=630.分钟，RightTime=132.分钟
[2021-09-21 10:42:22][I]:左右时间比为: 4.759200051921522比1
[2021-09-21 10:43:04][I]:SWRVBUSD trigerd
[2021-09-21 10:43:05][I]:最高点后的763分钟， 拉升  
[2021-09-21 10:43:05][I]:LeftTime=630.分钟，RightTime=133.分钟
[2021-09-21 10:43:05][I]:左右时间比为: 4.733575195145047比1
[2021-09-21 10:43:38][I]:SWRVBUSD trigerd
[2021-09-21 10:43:40][I]:最高点后的763分钟， 拉升  
[2021-09-21 10:43:40][I]:LeftTime=630.分钟，RightTime=133.分钟
[2021-09-21 10:43:40][I]:左右时间比为: 4.713171939799566比1
[2021-09-21 10:47:53][I]:COVERBUSD trigerd
[2021-09-21 10:47:54][I]:最高点后的1157分钟， 拉升  
[2021-09-21 10:47:54][I]:LeftTime=1020分钟，RightTime=137.分钟
[2021-09-21 10:47:54][I]:左右时间比为: 7.3963004174657225比1
[2021-09-21 10:48:25][I]:COVERBUSD trigerd
[2021-09-21 10:48:26][I]:最高点后的1158分钟， 拉升  
[2021-09-21 10:48:26][I]:LeftTime=1020分钟，RightTime=138.分钟
[2021-09-21 10:48:26][I]:左右时间比为: 7.367797153573586比1
[2021-09-21 10:48:57][I]:COVERBUSD trigerd
[2021-09-21 10:48:58][I]:最高点后的1158分钟， 拉升  
[2021-09-21 10:48:58][I]:LeftTime=1020分钟，RightTime=138.分钟
[2021-09-21 10:48:58][I]:左右时间比为: 7.339179727590808比1
[2021-09-21 10:49:30][I]:COVERBUSD trigerd
[2021-09-21 10:49:31][I]:最高点后的1159分钟， 拉升  
[2021-09-21 10:49:31][I]:LeftTime=1020分钟，RightTime=139.分钟
[2021-09-21 10:49:31][I]:左右时间比为: 7.310461934024423比1
[2021-09-21 10:50:22][I]:BIFIBUSD trigerd
[2021-09-21 10:50:23][I]:最高点后的1055分钟， 拉升  
[2021-09-21 10:50:23][I]:LeftTime=210.分钟，RightTime=845.分钟
[2021-09-21 10:50:23][I]:左右时间比为: 0.24840341576012231比1
[2021-09-21 10:50:42][I]:最高点后的45 分钟之后，持续爆拉升突破前高10%... 
[2021-09-21 10:50:42][I]:high_24h=1042.8 cur=1145.4
[2021-09-21 10:54:04][I]:CREAMBUSD trigerd
[2021-09-21 10:54:05][I]:最高点后的1014分钟， 拉升  
[2021-09-21 10:54:05][I]:LeftTime=600.分钟，RightTime=414.分钟
[2021-09-21 10:54:05][I]:左右时间比为: 1.4489367721034108比1
[2021-09-21 10:54:24][I]:最高点后的45 分钟之后，斐波区间下面的拉升
[2021-09-21 10:54:24][I]:high_24h=215.1 cur=163.6
[2021-09-21 10:54:35][I]:CREAMBUSD trigerd
[2021-09-21 10:54:36][I]:最高点后的1014分钟， 拉升  
[2021-09-21 10:54:36][I]:LeftTime=600.分钟，RightTime=414.分钟
[2021-09-21 10:54:36][I]:左右时间比为: 1.4471416902123913比1
[2021-09-21 10:54:55][I]:最高点后的45 分钟之后，斐波区间下面的拉升
[2021-09-21 10:54:55][I]:high_24h=215.1 cur=163.6
[2021-09-21 10:55:41][I]:BIFIBUSD trigerd
[2021-09-21 10:55:42][I]:最高点后的1060分钟， 拉升  
[2021-09-21 10:55:42][I]:LeftTime=210.分钟，RightTime=850.分钟
[2021-09-21 10:55:42][I]:左右时间比为: 0.24685151429317898比1
[2021-09-21 10:56:01][I]:最高点后的45分钟之后， 大低谷回落 再次 进入斐波区间 
[2021-09-21 10:59:11][I]:COVERBUSD trigerd
[2021-09-21 10:59:12][I]:最高点后的1169分钟， 拉升  
[2021-09-21 10:59:12][I]:LeftTime=1020分钟，RightTime=149.分钟
[2021-09-21 10:59:12][I]:左右时间比为: 6.836418192339779比1
[2021-09-21 10:59:44][I]:COVERBUSD trigerd
[2021-09-21 10:59:45][I]:最高点后的1169分钟， 拉升  
[2021-09-21 10:59:45][I]:LeftTime=1020分钟，RightTime=149.分钟
[2021-09-21 10:59:45][I]:左右时间比为: 6.811340990210902比1
[2021-09-21 11:01:43][I]:COVERBUSD trigerd
[2021-09-21 11:01:44][I]:最高点后的1171分钟， 拉升  
[2021-09-21 11:01:44][I]:LeftTime=1020分钟，RightTime=151.分钟
[2021-09-21 11:01:44][I]:左右时间比为: 6.72221740991158比1
[2021-09-21 11:03:51][I]:COVERBUSD trigerd
[2021-09-21 11:03:52][I]:最高点后的1173分钟， 拉升  
[2021-09-21 11:03:52][I]:LeftTime=1020分钟，RightTime=153.分钟
[2021-09-21 11:03:52][I]:左右时间比为: 6.628833429671056比1
[2021-09-21 11:08:27][I]:ALPACABUSD trigerd
[2021-09-21 11:08:29][I]:最高点后的368分钟， 拉升  
[2021-09-21 11:08:29][I]:LeftTime=210.分钟，RightTime=158.分钟
[2021-09-21 11:08:29][I]:左右时间比为: 1.3250376355764268比1
[2021-09-21 11:08:47][I]:最高点后的45 分钟之后，斐波区间下面的拉升
[2021-09-21 11:08:47][I]:high_24h=1.2279 cur=1.0483
[2021-09-21 11:09:41][I]:HEGICBUSD trigerd
[2021-09-21 11:09:42][I]:最高点后的534分钟， 拉升  
[2021-09-21 11:09:42][I]:LeftTime=375.分钟，RightTime=159.分钟
[2021-09-21 11:09:42][I]:左右时间比为: 2.3480149029937896比1
[2021-09-21 11:10:56][I]:HEGICBUSD trigerd
[2021-09-21 11:10:57][I]:最高点后的535分钟， 拉升  
[2021-09-21 11:10:57][I]:LeftTime=375.分钟，RightTime=160.分钟
[2021-09-21 11:10:57][I]:左右时间比为: 2.32970120482343比1
[2021-09-21 11:11:28][I]:HEGICBUSD trigerd
[2021-09-21 11:11:29][I]:最高点后的536分钟， 拉升  
[2021-09-21 11:11:29][I]:LeftTime=375.分钟，RightTime=161.分钟
[2021-09-21 11:11:29][I]:左右时间比为: 2.32201825147809比1
[2021-09-21 11:12:10][I]:HEGICBUSD trigerd
[2021-09-21 11:12:11][I]:最高点后的537分钟， 拉升  
[2021-09-21 11:12:11][I]:LeftTime=375.分钟，RightTime=162.分钟
[2021-09-21 11:12:11][I]:左右时间比为: 2.31215856852821比1
[2021-09-21 11:12:42][I]:HEGICBUSD trigerd
[2021-09-21 11:12:43][I]:最高点后的537分钟， 拉升  
[2021-09-21 11:12:43][I]:LeftTime=375.分钟，RightTime=162.分钟
[2021-09-21 11:12:43][I]:左右时间比为: 2.3044825242083595比1
[2021-09-21 11:14:03][I]:HEGICBUSD trigerd
[2021-09-21 11:14:04][I]:最高点后的539分钟， 拉升  
[2021-09-21 11:14:04][I]:LeftTime=375.分钟，RightTime=164.分钟
[2021-09-21 11:14:04][I]:左右时间比为: 2.285553725704554比1
[2021-09-21 11:14:35][I]:HEGICBUSD trigerd
[2021-09-21 11:14:36][I]:最高点后的539分钟， 拉升  
[2021-09-21 11:14:36][I]:LeftTime=375.分钟，RightTime=164.分钟
[2021-09-21 11:14:36][I]:左右时间比为: 2.278116149318361比1
[2021-09-21 11:20:41][I]:SWRVBUSD trigerd
[2021-09-21 11:20:51][I]:高点后的15-45分钟，再次进入斐波区间前的拉升 
[2021-09-21 11:20:51][I]:high_24h=1.32 cur=1.25
[2021-09-21 11:21:02][I]:SWRVBUSD trigerd
[2021-09-21 11:21:13][I]:高点后的15-45分钟，再次进入斐波区间前的拉升 
[2021-09-21 11:21:13][I]:high_24h=1.32 cur=1.2692
[2021-09-21 11:23:36][I]:SWRVBUSD trigerd
[2021-09-21 11:23:47][I]:最高点后的15-45分钟 ， 跌落后进入斐波区间 
[2021-09-21 11:27:47][I]:SWRVBUSD trigerd
[2021-09-21 11:27:57][I]:最高点后的15-45分钟 ， 跌落后进入斐波区间 
[2021-09-21 11:31:54][I]:HARDBUSD trigerd
[2021-09-21 11:31:55][I]:最高点后的1306分钟， 拉升  
[2021-09-21 11:31:55][I]:LeftTime=420.分钟，RightTime=886.分钟
[2021-09-21 11:31:55][I]:左右时间比为: 0.47354748135634017比1
[2021-09-21 11:32:13][I]:最高点后的45 分钟之后，斐波区间下面的拉升
[2021-09-21 11:32:13][I]:high_24h=0.9958 cur=0.9638
[2021-09-21 11:32:33][I]:HARDBUSD trigerd
[2021-09-21 11:32:34][I]:最高点后的1307分钟， 拉升  
[2021-09-21 11:32:34][I]:LeftTime=420.分钟，RightTime=887.分钟
[2021-09-21 11:32:34][I]:左右时间比为: 0.4731997027660941比1
[2021-09-21 11:32:53][I]:最高点后的45 分钟之后，斐波区间下面的拉升
[2021-09-21 11:32:53][I]:high_24h=0.9958 cur=0.9801
[2021-09-21 11:33:48][I]:HARDBUSD trigerd
[2021-09-21 11:33:49][I]:最高点后的1308分钟， 拉升  
[2021-09-21 11:33:49][I]:LeftTime=420.分钟，RightTime=888.分钟
[2021-09-21 11:33:49][I]:左右时间比为: 0.47253211335567097比1
[2021-09-21 11:34:08][I]:最高点后的45分钟之后， 大低谷回落 再次 进入斐波区间 
[2021-09-21 11:44:31][I]:HEGICBUSD trigerd
[2021-09-21 11:44:32][I]:最高点后的569分钟， 拉升  
[2021-09-21 11:44:32][I]:LeftTime=375.分钟，RightTime=194.分钟
[2021-09-21 11:44:32][I]:左右时间比为: 1.9276040128353433比1
[2021-09-21 11:45:56][I]:HARDBUSD trigerd
[2021-09-21 11:45:57][I]:最高点后的1320分钟， 拉升  
[2021-09-21 11:45:57][I]:LeftTime=420.分钟，RightTime=900.分钟
[2021-09-21 11:45:57][I]:左右时间比为: 0.46617118984053796比1
[2021-09-21 11:46:16][I]:最高点后的45 分钟之后，斐波区间下面的拉升
[2021-09-21 11:46:16][I]:high_24h=0.9958 cur=0.9824
[2021-09-21 11:46:43][I]:HARDBUSD trigerd
[2021-09-21 11:46:44][I]:最高点后的1321分钟， 拉升  
[2021-09-21 11:46:44][I]:LeftTime=420.分钟，RightTime=901.分钟
[2021-09-21 11:46:44][I]:左右时间比为: 0.4657668505395297比1
[2021-09-21 11:47:02][I]:最高点后的45 分钟之后，斐波区间下面的拉升
[2021-09-21 11:47:02][I]:high_24h=0.9958 cur=0.9708
[2021-09-21 11:48:23][I]:CELRBUSD trigerd
[2021-09-21 11:48:24][I]:最高点后的63分钟， 拉升  
[2021-09-21 11:48:24][I]:LeftTime=60.0分钟，RightTime=3.40分钟
[2021-09-21 11:48:24][I]:左右时间比为: 17.62760374568956比1
[2021-09-21 11:58:07][I]:COVERBUSD trigerd
[2021-09-21 11:58:08][I]:最高点后的1228分钟， 拉升  
[2021-09-21 11:58:08][I]:LeftTime=1020分钟，RightTime=208.分钟
[2021-09-21 11:58:08][I]:左右时间比为: 4.900685866119044比1
[2021-09-21 11:58:39][I]:COVERBUSD trigerd
[2021-09-21 11:58:40][I]:最高点后的1228分钟， 拉升  
[2021-09-21 11:58:40][I]:LeftTime=1020分钟，RightTime=208.分钟
[2021-09-21 11:58:40][I]:左右时间比为: 4.887932122000517比1
[2021-09-21 11:59:12][I]:COVERBUSD trigerd
[2021-09-21 11:59:13][I]:最高点后的1229分钟， 拉升  
[2021-09-21 11:59:13][I]:LeftTime=1020分钟，RightTime=209.分钟
[2021-09-21 11:59:13][I]:左右时间比为: 4.875157197625843比1
[2021-09-21 12:02:03][I]:COVERBUSD trigerd
[2021-09-21 12:02:04][I]:最高点后的1232分钟， 拉升  
[2021-09-21 12:02:04][I]:LeftTime=1020分钟，RightTime=212.分钟
[2021-09-21 12:02:04][I]:左右时间比为: 4.809493032500356比1
[2021-09-21 12:03:56][I]:BIFIBUSD trigerd
[2021-09-21 12:03:57][I]:最高点后的63分钟， 拉升  
[2021-09-21 12:03:57][I]:LeftTime=15.0分钟，RightTime=48.9分钟
[2021-09-21 12:03:57][I]:左右时间比为: 0.30638645052200725比1
[2021-09-21 12:04:16][I]:最高点后的45 分钟之后，斐波区间下面的拉升
[2021-09-21 12:04:16][I]:high_24h=1200.6 cur=1019.7
[2021-09-21 12:04:25][I]:BIFIBUSD trigerd
[2021-09-21 12:04:26][I]:最高点后的64分钟， 拉升  
[2021-09-21 12:04:26][I]:LeftTime=15.0分钟，RightTime=49.4分钟
[2021-09-21 12:04:26][I]:左右时间比为: 0.3033997571080086比1
[2021-09-21 12:04:45][I]:最高点后的45 分钟之后，斐波区间下面的拉升
[2021-09-21 12:04:45][I]:high_24h=1200.6 cur=1027.4
[2021-09-21 12:04:55][I]:BIFIBUSD trigerd
[2021-09-21 12:04:56][I]:最高点后的64分钟， 拉升  
[2021-09-21 12:04:56][I]:LeftTime=15.0分钟，RightTime=49.9分钟
[2021-09-21 12:04:56][I]:左右时间比为: 0.3003374308069712比1
[2021-09-21 12:05:15][I]:最高点后的45 分钟之后，斐波区间下面的拉升
[2021-09-21 12:05:15][I]:high_24h=1200.6 cur=1023.3
[2021-09-21 12:06:40][I]:COVERBUSD trigerd
[2021-09-21 12:06:41][I]:最高点后的1236分钟， 拉升  
[2021-09-21 12:06:41][I]:LeftTime=1020分钟，RightTime=216.分钟
[2021-09-21 12:06:41][I]:左右时间比为: 4.707261512165612比1
[2021-09-21 12:07:14][I]:COVERBUSD trigerd
[2021-09-21 12:07:15][I]:最高点后的1237分钟， 拉升  
[2021-09-21 12:07:15][I]:LeftTime=1020分钟，RightTime=217.分钟
[2021-09-21 12:07:15][I]:左右时间比为: 4.6947286801382315比1
[2021-09-21 12:07:48][I]:COVERBUSD trigerd
[2021-09-21 12:07:49][I]:最高点后的1237分钟， 拉升  
[2021-09-21 12:07:49][I]:LeftTime=1020分钟，RightTime=217.分钟
[2021-09-21 12:07:49][I]:左右时间比为: 4.682643718013605比1
[2021-09-21 12:08:43][I]:BIFIBUSD trigerd
[2021-09-21 12:08:45][I]:最高点后的68分钟， 拉升  
[2021-09-21 12:08:45][I]:LeftTime=15.0分钟，RightTime=53.7分钟
[2021-09-21 12:08:45][I]:左右时间比为: 0.27906645509020755比1
[2021-09-21 12:09:03][I]:最高点后的45 分钟之后，斐波区间下面的拉升
[2021-09-21 12:09:03][I]:high_24h=1200.6 cur=1041.3
[2021-09-21 12:16:41][I]:BIFIBUSD trigerd
[2021-09-21 12:16:42][I]:最高点后的76分钟， 拉升  
[2021-09-21 12:16:42][I]:LeftTime=75.0分钟，RightTime=1.71分钟
[2021-09-21 12:16:42][I]:左右时间比为: 43.694988525844266比1
[2021-09-21 12:20:56][I]:HARDBUSD trigerd
[2021-09-21 12:20:57][I]:最高点后的1355分钟， 拉升  
[2021-09-21 12:20:57][I]:LeftTime=420.分钟，RightTime=935.分钟
[2021-09-21 12:20:57][I]:左右时间比为: 0.4487373032481617比1
[2021-09-21 12:21:16][I]:最高点后的45 分钟之后，斐波区间下面的拉升
[2021-09-21 12:21:16][I]:high_24h=0.9958 cur=0.9654
[2021-09-21 12:25:54][I]:COVERBUSD trigerd
[2021-09-21 12:25:55][I]:最高点后的1255分钟， 拉升  
[2021-09-21 12:25:55][I]:LeftTime=1020分钟，RightTime=235.分钟
[2021-09-21 12:25:55][I]:左右时间比为: 4.323408486357845比1
[2021-09-21 12:26:27][I]:COVERBUSD trigerd
[2021-09-21 12:26:28][I]:最高点后的1256分钟， 拉升  
[2021-09-21 12:26:28][I]:LeftTime=1020分钟，RightTime=236.分钟
[2021-09-21 12:26:28][I]:左右时间比为: 4.313270316888495比1
[2021-09-21 12:27:00][I]:COVERBUSD trigerd
[2021-09-21 12:27:00][I]:最高点后的1257分钟， 拉升  
[2021-09-21 12:27:00][I]:LeftTime=1020分钟，RightTime=237.分钟
[2021-09-21 12:27:00][I]:左右时间比为: 4.303513953651009比1
[2021-09-21 12:27:32][I]:COVERBUSD trigerd
[2021-09-21 12:27:33][I]:最高点后的1257分钟， 拉升  
[2021-09-21 12:27:33][I]:LeftTime=1020分钟，RightTime=237.分钟
[2021-09-21 12:27:33][I]:左右时间比为: 4.2937763530507445比1
[2021-09-21 12:28:04][I]:COVERBUSD trigerd
[2021-09-21 12:28:05][I]:最高点后的1258分钟， 拉升  
[2021-09-21 12:28:05][I]:LeftTime=1020分钟，RightTime=238.分钟
[2021-09-21 12:28:05][I]:左右时间比为: 4.284138927139718比1
[2021-09-21 12:29:04][I]:COVERBUSD trigerd
[2021-09-21 12:29:05][I]:最高点后的1259分钟， 拉升  
[2021-09-21 12:29:05][I]:LeftTime=1020分钟，RightTime=239.分钟
[2021-09-21 12:29:05][I]:左右时间比为: 4.266158851069772比1
[2021-09-21 12:29:36][I]:COVERBUSD trigerd
[2021-09-21 12:29:37][I]:最高点后的1259分钟， 拉升  
[2021-09-21 12:29:37][I]:LeftTime=1020分钟，RightTime=239.分钟
[2021-09-21 12:29:37][I]:左右时间比为: 4.256529591262616比1
[2021-09-21 12:37:54][I]:COVERBUSD trigerd
[2021-09-21 12:37:55][I]:最高点后的1267分钟， 拉升  
[2021-09-21 12:37:55][I]:LeftTime=1020分钟，RightTime=247.分钟
[2021-09-21 12:37:55][I]:左右时间比为: 4.114048355106149比1
[2021-09-21 12:46:04][I]:COVERBUSD trigerd
[2021-09-21 12:46:06][I]:最高点后的1276分钟， 拉升  
[2021-09-21 12:46:06][I]:LeftTime=1020分钟，RightTime=256.分钟
[2021-09-21 12:46:06][I]:左右时间比为: 3.9827834488834624比1
[2021-09-21 12:47:25][I]:COVERBUSD trigerd
[2021-09-21 12:47:25][I]:最高点后的1277分钟， 拉升  
[2021-09-21 12:47:25][I]:LeftTime=1020分钟，RightTime=257.分钟
[2021-09-21 12:47:25][I]:左右时间比为: 3.962207833436569比1
[2021-09-21 12:47:57][I]:COVERBUSD trigerd
[2021-09-21 12:47:58][I]:最高点后的1277分钟， 拉升  
[2021-09-21 12:47:58][I]:LeftTime=1020分钟，RightTime=257.分钟
[2021-09-21 12:47:58][I]:左右时间比为: 3.9539359002171244比1
[2021-09-21 12:48:22][I]:SWRVBUSD trigerd
[2021-09-21 12:48:23][I]:最高点后的123分钟， 拉升  
[2021-09-21 12:48:23][I]:LeftTime=0.0分钟，RightTime=123.分钟
[2021-09-21 12:48:23][I]:左右时间比为: 0.0比1
[2021-09-21 12:48:42][I]:最高点后的45 分钟之后，斐波区间下面的拉升
[2021-09-21 12:48:42][I]:high_24h=1.32 cur=1.2278
[2021-09-21 12:48:53][I]:SWRVBUSD trigerd
[2021-09-21 12:48:54][I]:最高点后的123分钟， 拉升  
[2021-09-21 12:48:54][I]:LeftTime=0.0分钟，RightTime=123.分钟
[2021-09-21 12:48:54][I]:左右时间比为: 0.0比1
[2021-09-21 12:49:13][I]:最高点后的45 分钟之后，斐波区间下面的拉升
[2021-09-21 12:49:13][I]:high_24h=1.32 cur=1.2278
[2021-09-21 12:49:22][I]:COVERBUSD trigerd
[2021-09-21 12:49:23][I]:最高点后的1279分钟， 拉升  
[2021-09-21 12:49:23][I]:LeftTime=1020分钟，RightTime=259.分钟
[2021-09-21 12:49:23][I]:左右时间比为: 3.932370272356189比1
[2021-09-21 12:49:47][I]:SWRVBUSD trigerd
[2021-09-21 12:49:48][I]:最高点后的124分钟， 拉升  
[2021-09-21 12:49:48][I]:LeftTime=0.0分钟，RightTime=124.分钟
[2021-09-21 12:49:48][I]:左右时间比为: 0.0比1
[2021-09-21 12:50:06][I]:最高点后的45 分钟之后，斐波区间下面的拉升
[2021-09-21 12:50:06][I]:high_24h=1.32 cur=1.2375
[2021-09-21 12:59:29][I]:COVERBUSD trigerd
[2021-09-21 12:59:30][I]:最高点后的1289分钟， 拉升  
[2021-09-21 12:59:30][I]:LeftTime=1020分钟，RightTime=269.分钟
[2021-09-21 12:59:30][I]:左右时间比为: 3.7846142191782937比1
[2021-09-21 13:01:11][I]:HARDBUSD trigerd
[2021-09-21 13:01:12][I]:最高点后的1396分钟， 拉升  
[2021-09-21 13:01:12][I]:LeftTime=420.分钟，RightTime=976.分钟
[2021-09-21 13:01:12][I]:左右时间比为: 0.43023535663579315比1
[2021-09-21 13:01:31][I]:最高点后的45 分钟之后，斐波区间下面的拉升
[2021-09-21 13:01:31][I]:high_24h=0.9958 cur=0.9768
[2021-09-21 13:01:39][I]:COVERBUSD trigerd
[2021-09-21 13:01:40][I]:最高点后的1291分钟， 拉升  
[2021-09-21 13:01:40][I]:LeftTime=1020分钟，RightTime=271.分钟
[2021-09-21 13:01:40][I]:左右时间比为: 3.7545260337839195比1
[2021-09-21 13:02:12][I]:COVERBUSD trigerd
[2021-09-21 13:02:13][I]:最高点后的1292分钟， 拉升  
[2021-09-21 13:02:13][I]:LeftTime=1020分钟，RightTime=272.分钟
[2021-09-21 13:02:13][I]:左右时间比为: 3.7469995036204717比1
[2021-09-21 13:02:44][I]:COVERBUSD trigerd
[2021-09-21 13:02:45][I]:最高点后的1292分钟， 拉升  
[2021-09-21 13:02:45][I]:LeftTime=1020分钟，RightTime=272.分钟
[2021-09-21 13:02:45][I]:左右时间比为: 3.7396126630732565比1
[2021-09-21 13:03:27][I]:COVERBUSD trigerd
[2021-09-21 13:03:28][I]:最高点后的1293分钟， 拉升  
[2021-09-21 13:03:28][I]:LeftTime=1020分钟，RightTime=273.分钟
[2021-09-21 13:03:28][I]:左右时间比为: 3.7297858510665645比1
[2021-09-21 13:03:52][I]:BIFIBUSD trigerd
[2021-09-21 13:03:53][I]:最高点后的123分钟， 拉升  
[2021-09-21 13:03:53][I]:LeftTime=120.分钟，RightTime=3.89分钟
[2021-09-21 13:03:53][I]:左右时间比为: 30.830058107631793比1
[2021-09-21 13:04:32][I]:COVERBUSD trigerd
[2021-09-21 13:04:33][I]:最高点后的1294分钟， 拉升  
[2021-09-21 13:04:33][I]:LeftTime=1020分钟，RightTime=274.分钟
[2021-09-21 13:04:33][I]:左右时间比为: 3.715165636775751比1
[2021-09-21 13:07:03][I]:HEGICBUSD trigerd
[2021-09-21 13:07:04][I]:最高点后的652分钟， 拉升  
[2021-09-21 13:07:04][I]:LeftTime=375.分钟，RightTime=277.分钟
[2021-09-21 13:07:04][I]:左右时间比为: 1.3534141102856103比1
[2021-09-21 13:07:23][I]:最高点后的45 分钟之后，斐波区间下面的拉升
[2021-09-21 13:07:23][I]:high_24h=0.188 cur=0.1715
[2021-09-21 13:08:03][I]:HEGICBUSD trigerd
[2021-09-21 13:08:04][I]:最高点后的653分钟， 拉升  
[2021-09-21 13:08:04][I]:LeftTime=375.分钟，RightTime=278.分钟
[2021-09-21 13:08:04][I]:左右时间比为: 1.348518576134226比1
[2021-09-21 13:08:23][I]:最高点后的45 分钟之后，斐波区间下面的拉升
[2021-09-21 13:08:23][I]:high_24h=0.188 cur=0.1709
[2021-09-21 13:08:55][I]:HEGICBUSD trigerd
[2021-09-21 13:08:56][I]:最高点后的653分钟， 拉升  
[2021-09-21 13:08:56][I]:LeftTime=375.分钟，RightTime=278.分钟
[2021-09-21 13:08:56][I]:左右时间比为: 1.3443962518593988比1
[2021-09-21 13:09:14][I]:最高点后的45 分钟之后，斐波区间下面的拉升
[2021-09-21 13:09:14][I]:high_24h=0.188 cur=0.1729
[2021-09-21 13:09:24][I]:HEGICBUSD trigerd
[2021-09-21 13:09:25][I]:最高点后的654分钟， 拉升  
[2021-09-21 13:09:25][I]:LeftTime=375.分钟，RightTime=279.分钟
[2021-09-21 13:09:25][I]:左右时间比为: 1.342006562221513比1
[2021-09-21 13:09:44][I]:最高点后的45 分钟之后，斐波区间下面的拉升
[2021-09-21 13:09:44][I]:high_24h=0.188 cur=0.1737
[2021-09-21 13:09:55][I]:HEGICBUSD trigerd
[2021-09-21 13:09:56][I]:最高点后的654分钟， 拉升  
[2021-09-21 13:09:56][I]:LeftTime=375.分钟，RightTime=279.分钟
[2021-09-21 13:09:56][I]:左右时间比为: 1.3395331991131245比1
[2021-09-21 13:10:15][I]:最高点后的45 分钟之后，斐波区间下面的拉升
[2021-09-21 13:10:15][I]:high_24h=0.188 cur=0.1752
[2021-09-21 13:31:30][I]:COVERBUSD trigerd
[2021-09-21 13:31:31][I]:最高点后的1321分钟， 拉升  
[2021-09-21 13:31:31][I]:LeftTime=1020分钟，RightTime=301.分钟
[2021-09-21 13:31:31][I]:左右时间比为: 3.382834794522879比1
[2021-09-21 13:42:09][I]:CELRBUSD trigerd
[2021-09-21 13:42:10][I]:最高点后的177分钟， 拉升  
[2021-09-21 13:42:10][I]:LeftTime=165.分钟，RightTime=12.1分钟
[2021-09-21 13:42:10][I]:左右时间比为: 13.54688604638331比1
[2021-09-21 13:42:48][I]:CELRBUSD trigerd
[2021-09-21 13:42:50][I]:最高点后的177分钟， 拉升  
[2021-09-21 13:42:50][I]:LeftTime=165.分钟，RightTime=12.8分钟
[2021-09-21 13:42:50][I]:左右时间比为: 12.846871566362342比1
[2021-09-21 13:43:26][I]:ALPACABUSD trigerd
[2021-09-21 13:43:27][I]:最高点后的523分钟， 拉升  
[2021-09-21 13:43:27][I]:LeftTime=210.分钟，RightTime=313.分钟
[2021-09-21 13:43:27][I]:左右时间比为: 0.6699354318972172比1
[2021-09-21 13:43:46][I]:最高点后的45 分钟之后，斐波区间下面的拉升
[2021-09-21 13:43:46][I]:high_24h=1.2279 cur=1.0888
[2021-09-21 13:43:49][I]:CELRBUSD trigerd
[2021-09-21 13:43:51][I]:最高点后的178分钟， 拉升  
[2021-09-21 13:43:51][I]:LeftTime=165.分钟，RightTime=13.8分钟
[2021-09-21 13:43:51][I]:左右时间比为: 11.909043019433618比1
[2021-09-21 13:44:26][I]:CELRBUSD trigerd
[2021-09-21 13:44:27][I]:最高点后的179分钟， 拉升  
[2021-09-21 13:44:27][I]:LeftTime=165.分钟，RightTime=14.4分钟
[2021-09-21 13:44:27][I]:左右时间比为: 11.411681575879065比1
[2021-09-21 13:45:00][I]:ALPACABUSD trigerd
[2021-09-21 13:45:01][I]:最高点后的525分钟， 拉升  
[2021-09-21 13:45:01][I]:LeftTime=210.分钟，RightTime=315.分钟
[2021-09-21 13:45:01][I]:左右时间比为: 0.6665994407862337比1
[2021-09-21 13:45:20][I]:最高点后的45 分钟之后，斐波区间下面的拉升
[2021-09-21 13:45:20][I]:high_24h=1.2279 cur=1.1069
[2021-09-21 13:46:21][I]:COVERBUSD trigerd
[2021-09-21 13:46:22][I]:最高点后的1336分钟， 拉升  
[2021-09-21 13:46:22][I]:LeftTime=1020分钟，RightTime=316.分钟
[2021-09-21 13:46:22][I]:左右时间比为: 3.2239737775205697比1
[2021-09-21 13:46:53][I]:COVERBUSD trigerd
[2021-09-21 13:46:54][I]:最高点后的1336分钟， 拉升  
[2021-09-21 13:46:54][I]:LeftTime=1020分钟，RightTime=316.分钟
[2021-09-21 13:46:54][I]:左右时间比为: 3.2185506136780138比1
[2021-09-21 13:52:04][I]:CELRBUSD trigerd
[2021-09-21 13:52:05][I]:最高点后的187分钟， 拉升  
[2021-09-21 13:52:05][I]:LeftTime=165.分钟，RightTime=22.0分钟
[2021-09-21 13:52:05][I]:左右时间比为: 7.468068215560544比1
[2021-09-21 13:52:39][I]:CELRBUSD trigerd
[2021-09-21 13:52:40][I]:最高点后的187分钟， 拉升  
[2021-09-21 13:52:40][I]:LeftTime=165.分钟，RightTime=22.6分钟
[2021-09-21 13:52:40][I]:左右时间比为: 7.274708110958405比1
[2021-09-21 13:53:14][I]:CELRBUSD trigerd
[2021-09-21 13:53:15][I]:最高点后的188分钟， 拉升  
[2021-09-21 13:53:15][I]:LeftTime=165.分钟，RightTime=23.2分钟
[2021-09-21 13:53:15][I]:左右时间比为: 7.092624541056127比1
[2021-09-21 13:53:49][I]:CELRBUSD trigerd
[2021-09-21 13:53:50][I]:最高点后的188分钟， 拉升  
[2021-09-21 13:53:50][I]:LeftTime=165.分钟，RightTime=23.8分钟
[2021-09-21 13:53:50][I]:左右时间比为: 6.919585538438914比1
[2021-09-21 13:54:24][I]:CELRBUSD trigerd
[2021-09-21 13:54:25][I]:最高点后的189分钟， 拉升  
[2021-09-21 13:54:25][I]:LeftTime=165.分钟，RightTime=24.4分钟
[2021-09-21 13:54:25][I]:左右时间比为: 6.756965507440389比1
[2021-09-21 13:54:57][I]:CELRBUSD trigerd
[2021-09-21 13:54:58][I]:最高点后的189分钟， 拉升  
[2021-09-21 13:54:58][I]:LeftTime=165.分钟，RightTime=24.9分钟
[2021-09-21 13:54:58][I]:左右时间比为: 6.605921821149741比1
[2021-09-21 13:57:22][I]:SWRVBUSD trigerd
[2021-09-21 13:57:23][I]:最高点后的192分钟， 拉升  
[2021-09-21 13:57:23][I]:LeftTime=0.0分钟，RightTime=192.分钟
[2021-09-21 13:57:23][I]:左右时间比为: 0.0比1
[2021-09-21 13:57:42][I]:最高点后的45 分钟之后，斐波区间下面的拉升
[2021-09-21 13:57:42][I]:high_24h=1.32 cur=1.2301
[2021-09-21 13:57:54][I]:SWRVBUSD trigerd
[2021-09-21 13:57:56][I]:最高点后的192分钟， 拉升  
[2021-09-21 13:57:56][I]:LeftTime=0.0分钟，RightTime=192.分钟
[2021-09-21 13:57:56][I]:左右时间比为: 0.0比1
[2021-09-21 13:58:15][I]:最高点后的45 分钟之后，斐波区间下面的拉升
[2021-09-21 13:58:15][I]:high_24h=1.32 cur=1.237
[2021-09-21 13:58:26][I]:SWRVBUSD trigerd
[2021-09-21 13:58:27][I]:最高点后的193分钟， 拉升  
[2021-09-21 13:58:27][I]:LeftTime=0.0分钟，RightTime=193.分钟
[2021-09-21 13:58:27][I]:左右时间比为: 0.0比1
[2021-09-21 13:58:46][I]:最高点后的45 分钟之后，斐波区间下面的拉升
[2021-09-21 13:58:46][I]:high_24h=1.32 cur=1.246
[2021-09-21 13:58:58][I]:SWRVBUSD trigerd
[2021-09-21 13:58:59][I]:最高点后的193分钟， 拉升  
[2021-09-21 13:58:59][I]:LeftTime=0.0分钟，RightTime=193.分钟
[2021-09-21 13:58:59][I]:左右时间比为: 0.0比1
[2021-09-21 13:59:17][I]:最高点后的45 分钟之后，斐波区间下面的拉升
[2021-09-21 13:59:17][I]:high_24h=1.32 cur=1.2439
[2021-09-21 13:59:28][I]:SWRVBUSD trigerd
[2021-09-21 13:59:29][I]:最高点后的194分钟， 拉升  
[2021-09-21 13:59:29][I]:LeftTime=0.0分钟，RightTime=194.分钟
[2021-09-21 13:59:29][I]:左右时间比为: 0.0比1
[2021-09-21 13:59:47][I]:最高点后的45 分钟之后，斐波区间下面的拉升
[2021-09-21 13:59:47][I]:high_24h=1.32 cur=1.2503
[2021-09-21 13:59:59][I]:SWRVBUSD trigerd
[2021-09-21 14:00:00][I]:最高点后的195分钟， 拉升  
[2021-09-21 14:00:00][I]:LeftTime=0.0分钟，RightTime=195.分钟
[2021-09-21 14:00:00][I]:左右时间比为: 0.0比1
[2021-09-21 14:00:19][I]:最高点后的45 分钟之后，斐波区间下面的拉升
[2021-09-21 14:00:19][I]:high_24h=1.32 cur=1.2536
[2021-09-21 14:01:13][I]:SWRVBUSD trigerd
[2021-09-21 14:01:14][I]:最高点后的196分钟， 拉升  
[2021-09-21 14:01:14][I]:LeftTime=0.0分钟，RightTime=196.分钟
[2021-09-21 14:01:14][I]:左右时间比为: 0.0比1
[2021-09-21 14:01:32][I]:最高点后的45分钟之后， 大低谷回落 再次 进入斐波区间 
[2021-09-21 14:01:48][I]:SWRVBUSD trigerd
[2021-09-21 14:01:49][I]:最高点后的196分钟， 拉升  
[2021-09-21 14:01:49][I]:LeftTime=0.0分钟，RightTime=196.分钟
[2021-09-21 14:01:49][I]:左右时间比为: 0.0比1
[2021-09-21 14:02:08][I]:最高点后的45分钟之后， 大低谷回落 再次 进入斐波区间 
[2021-09-21 14:03:37][I]:COVERBUSD trigerd
[2021-09-21 14:03:38][I]:最高点后的1353分钟， 拉升  
[2021-09-21 14:03:38][I]:LeftTime=1020分钟，RightTime=333.分钟
[2021-09-21 14:03:38][I]:左右时间比为: 3.057099042745094比1
[2021-09-21 14:04:10][I]:COVERBUSD trigerd
[2021-09-21 14:04:11][I]:最高点后的1354分钟， 拉升  
[2021-09-21 14:04:11][I]:LeftTime=1020分钟，RightTime=334.分钟
[2021-09-21 14:04:11][I]:左右时间比为: 3.052159274308527比1
[2021-09-21 14:04:41][I]:HNTBUSD trigerd
[2021-09-21 14:04:42][I]:最高点后的214分钟， 拉升  
[2021-09-21 14:04:42][I]:LeftTime=180.分钟，RightTime=34.7分钟
[2021-09-21 14:04:42][I]:左右时间比为: 5.1866948833491735比1
[2021-09-21 14:06:26][I]:COVERBUSD trigerd
[2021-09-21 14:06:27][I]:最高点后的1356分钟， 拉升  
[2021-09-21 14:06:27][I]:LeftTime=1020分钟，RightTime=336.分钟
[2021-09-21 14:06:27][I]:左右时间比为: 3.0315208995291147比1
[2021-09-21 14:06:59][I]:COVERBUSD trigerd
[2021-09-21 14:07:00][I]:最高点后的1357分钟， 拉升  
[2021-09-21 14:07:00][I]:LeftTime=1020分钟，RightTime=337.分钟
[2021-09-21 14:07:00][I]:左右时间比为: 3.026577883755446比1
[2021-09-21 14:07:34][I]:COVERBUSD trigerd
[2021-09-21 14:07:35][I]:最高点后的1357分钟， 拉升  
[2021-09-21 14:07:35][I]:LeftTime=1020分钟，RightTime=337.分钟
[2021-09-21 14:07:35][I]:左右时间比为: 3.021415124216458比1
[2021-09-21 14:16:14][I]:COVERBUSD trigerd
[2021-09-21 14:16:15][I]:最高点后的1366分钟， 拉升  
[2021-09-21 14:16:15][I]:LeftTime=1020分钟，RightTime=346.分钟
[2021-09-21 14:16:15][I]:左右时间比为: 2.9458322094685565比1
[2021-09-21 14:16:46][I]:COVERBUSD trigerd
[2021-09-21 14:16:47][I]:最高点后的1366分钟， 拉升  
[2021-09-21 14:16:47][I]:LeftTime=1020分钟，RightTime=346.分钟
[2021-09-21 14:16:47][I]:左右时间比为: 2.941256636518105比1
[2021-09-21 14:17:27][I]:COVERBUSD trigerd
[2021-09-21 14:17:28][I]:最高点后的1367分钟， 拉升  
[2021-09-21 14:17:28][I]:LeftTime=1020分钟，RightTime=347.分钟
[2021-09-21 14:17:28][I]:左右时间比为: 2.935428712850621比1
[2021-09-21 14:18:19][I]:COVERBUSD trigerd
[2021-09-21 14:18:20][I]:最高点后的1368分钟， 拉升  
[2021-09-21 14:18:20][I]:LeftTime=1020分钟，RightTime=348.分钟
[2021-09-21 14:18:20][I]:左右时间比为: 2.9282037560950336比1
[2021-09-21 14:18:45][I]:HEGICBUSD trigerd
[2021-09-21 14:18:46][I]:最高点后的723分钟， 拉升  
[2021-09-21 14:18:46][I]:LeftTime=375.分钟，RightTime=348.分钟
[2021-09-21 14:18:46][I]:左右时间比为: 1.0751841582079134比1
[2021-09-21 14:19:05][I]:最高点后的45 分钟之后，斐波区间下面的拉升
[2021-09-21 14:19:05][I]:high_24h=0.188 cur=0.1738
[2021-09-21 14:19:16][I]:HEGICBUSD trigerd
[2021-09-21 14:19:17][I]:最高点后的724分钟， 拉升  
[2021-09-21 14:19:17][I]:LeftTime=375.分钟，RightTime=349.分钟
[2021-09-21 14:19:17][I]:左右时间比为: 1.073605937066315比1
[2021-09-21 14:19:35][I]:最高点后的45 分钟之后，斐波区间下面的拉升
[2021-09-21 14:19:35][I]:high_24h=0.188 cur=0.1741
[2021-09-21 14:19:37][I]:HNTBUSD trigerd
[2021-09-21 14:19:48][I]:最高点后的0-15分钟，持续爆拉升突破前高10%...
[2021-09-21 14:19:48][I]:high_24h=19.04 cur=19.36
[2021-09-21 14:19:58][I]:HNTBUSD trigerd
[2021-09-21 14:20:08][I]:最高点后的0-15分钟，持续爆拉升突破前高10%...
[2021-09-21 14:20:08][I]:high_24h=19.04 cur=19.39
[2021-09-21 14:20:45][I]:COVERBUSD trigerd
[2021-09-21 14:20:46][I]:最高点后的1370分钟， 拉升  
[2021-09-21 14:20:46][I]:LeftTime=1020分钟，RightTime=350.分钟
[2021-09-21 14:20:46][I]:左右时间比为: 2.907852480879572比1
[2021-09-21 14:28:32][I]:HNTBUSD trigerd
[2021-09-21 14:28:42][I]:最高点后的0-15分钟，持续爆拉升突破前高10%...
[2021-09-21 14:28:42][I]:high_24h=19.04 cur=19.51
[2021-09-21 14:33:27][I]:HEGICBUSD trigerd
[2021-09-21 14:33:27][I]:最高点后的738分钟， 拉升  
[2021-09-21 14:33:27][I]:LeftTime=375.分钟，RightTime=363.分钟
[2021-09-21 14:33:27][I]:左右时间比为: 1.0317349435946914比1
[2021-09-21 14:33:46][I]:最高点后的45 分钟之后，斐波区间下面的拉升
[2021-09-21 14:33:46][I]:high_24h=0.188 cur=0.1771
[2021-09-21 14:33:56][I]:HEGICBUSD trigerd
[2021-09-21 14:33:57][I]:最高点后的738分钟， 拉升  
[2021-09-21 14:33:57][I]:LeftTime=375.分钟，RightTime=363.分钟
[2021-09-21 14:33:57][I]:左右时间比为: 1.03035912384182比1
[2021-09-21 14:34:15][I]:最高点后的45 分钟之后，斐波区间下面的拉升
[2021-09-21 14:34:15][I]:high_24h=0.188 cur=0.1766
[2021-09-21 14:37:42][I]:CELRBUSD trigerd
[2021-09-21 14:37:52][I]:最高点后的15-45分钟，拉升突破前高10%... 
[2021-09-21 14:37:52][I]:high_24h=0.10268 cur=0.1041
[2021-09-21 14:39:15][I]:CELRBUSD trigerd
[2021-09-21 14:39:25][I]:最高点后的15-45分钟 ，拉升突破前高...
[2021-09-21 14:39:53][I]:CELRBUSD trigerd
[2021-09-21 14:40:03][I]:最高点后的15-45分钟 ，拉升突破前高...
[2021-09-21 14:44:50][I]:ELFBUSD trigerd
[2021-09-21 14:48:18][I]:CELRBUSD trigerd
[2021-09-21 14:48:28][I]:最高点后的0-15分钟，持续爆拉升突破前高... 
[2021-09-21 14:49:11][I]:CELRBUSD trigerd
[2021-09-21 14:49:21][I]:最高点后的0-15分钟，持续爆拉升突破前高... 
[2021-09-21 14:49:31][I]:CELRBUSD trigerd
[2021-09-21 14:49:41][I]:最高点后的0-15分钟，持续爆拉升突破前高... 
[2021-09-21 14:49:52][I]:CELRBUSD trigerd
[2021-09-21 14:50:02][I]:最高点后的0-15分钟，持续爆拉升突破前高10%...
[2021-09-21 14:50:02][I]:high_24h=0.10455 cur=0.10646
[2021-09-21 14:57:39][I]:BIFIBUSD trigerd
[2021-09-21 14:57:39][I]:最高点后的237分钟， 拉升  
[2021-09-21 14:57:39][I]:LeftTime=150.分钟，RightTime=87.6分钟
[2021-09-21 14:57:39][I]:左右时间比为: 1.7110625973915956比1
[2021-09-21 15:00:00][I]:GHSTBUSD trigerd
[2021-09-21 15:00:01][I]:最高点后的1395分钟， 拉升  
[2021-09-21 15:00:01][I]:LeftTime=1005分钟，RightTime=390.分钟
[2021-09-21 15:00:01][I]:左右时间比为: 2.5767813663990133比1
[2021-09-21 15:01:02][I]:GHSTBUSD trigerd
[2021-09-21 15:01:03][I]:最高点后的1396分钟， 拉升  
[2021-09-21 15:01:03][I]:LeftTime=1005分钟，RightTime=391.分钟
[2021-09-21 15:01:03][I]:左右时间比为: 2.569985427639111比1
[2021-09-21 15:02:29][I]:GHSTBUSD trigerd
[2021-09-21 15:02:30][I]:最高点后的1397分钟， 拉升  
[2021-09-21 15:02:30][I]:LeftTime=1005分钟，RightTime=392.分钟
[2021-09-21 15:02:30][I]:左右时间比为: 2.56046931521461比1
[2021-09-21 15:14:24][I]:ELFBUSD trigerd
[2021-09-21 15:14:26][I]:最高点后的944分钟， 拉升  
[2021-09-21 15:14:26][I]:LeftTime=540.分钟，RightTime=404.分钟
[2021-09-21 15:14:26][I]:左右时间比为: 1.335176277925116比1
[2021-09-21 15:14:45][I]:最高点后的45 分钟之后，斐波区间下面的拉升
[2021-09-21 15:14:45][I]:high_24h=1.0776 cur=0.8621
[2021-09-21 15:14:54][I]:ELFBUSD trigerd
[2021-09-21 15:14:56][I]:最高点后的944分钟， 拉升  
[2021-09-21 15:14:56][I]:LeftTime=540.分钟，RightTime=404.分钟
[2021-09-21 15:14:56][I]:左右时间比为: 1.333549285297467比1
[2021-09-21 15:15:14][I]:最高点后的45 分钟之后，斐波区间下面的拉升
[2021-09-21 15:15:14][I]:high_24h=1.0776 cur=0.8644
[2021-09-21 15:26:58][I]:SWRVBUSD trigerd
[2021-09-21 15:26:59][I]:最高点后的281分钟， 拉升  
[2021-09-21 15:26:59][I]:LeftTime=0.0分钟，RightTime=281.分钟
[2021-09-21 15:26:59][I]:左右时间比为: 0.0比1
[2021-09-21 15:27:18][I]:最高点后的45 分钟之后，斐波区间下面的拉升
[2021-09-21 15:27:18][I]:high_24h=1.32 cur=1.2547
[2021-09-21 15:37:39][I]:ELFBUSD trigerd
[2021-09-21 15:37:40][I]:最高点后的967分钟， 拉升  
[2021-09-21 15:37:40][I]:LeftTime=540.分钟，RightTime=427.分钟
[2021-09-21 15:37:40][I]:左右时间比为: 1.2626302658756903比1
[2021-09-21 15:37:59][I]:最高点后的45 分钟之后，斐波区间下面的拉升
[2021-09-21 15:37:59][I]:high_24h=1.0776 cur=0.8942
[2021-09-21 15:38:09][I]:ELFBUSD trigerd
[2021-09-21 15:38:10][I]:最高点后的968分钟， 拉升  
[2021-09-21 15:38:10][I]:LeftTime=540.分钟，RightTime=428.分钟
[2021-09-21 15:38:10][I]:左右时间比为: 1.2611668963619147比1
[2021-09-21 15:38:29][I]:最高点后的45 分钟之后，斐波区间下面的拉升
[2021-09-21 15:38:29][I]:high_24h=1.0776 cur=0.8966
[2021-09-21 15:38:39][I]:ELFBUSD trigerd
[2021-09-21 15:38:40][I]:最高点后的968分钟， 拉升  
[2021-09-21 15:38:40][I]:LeftTime=540.分钟，RightTime=428.分钟
[2021-09-21 15:38:40][I]:左右时间比为: 1.2597094204063726比1
[2021-09-21 15:38:58][I]:最高点后的45 分钟之后，斐波区间下面的拉升
[2021-09-21 15:38:58][I]:high_24h=1.0776 cur=0.9163
[2021-09-21 15:39:09][I]:COVERBUSD trigerd
[2021-09-21 15:39:10][I]:最高点后的1419分钟， 拉升  
[2021-09-21 15:39:10][I]:LeftTime=990.分钟，RightTime=429.分钟
[2021-09-21 15:39:10][I]:左右时间比为: 2.306793306895825比1
[2021-09-21 15:39:42][I]:COVERBUSD trigerd
[2021-09-21 15:39:43][I]:最高点后的1419分钟， 拉升  
[2021-09-21 15:39:43][I]:LeftTime=990.分钟，RightTime=429.分钟
[2021-09-21 15:39:43][I]:左右时间比为: 2.303774270476914比1
[2021-09-21 15:41:36][I]:COVERBUSD trigerd
[2021-09-21 15:41:38][I]:最高点后的1421分钟， 拉升  
[2021-09-21 15:41:38][I]:LeftTime=990.分钟，RightTime=431.分钟
[2021-09-21 15:41:38][I]:左右时间比为: 2.2935869426901787比1
[2021-09-21 15:42:30][I]:COVERBUSD trigerd
[2021-09-21 15:42:31][I]:最高点后的1422分钟， 拉升  
[2021-09-21 15:42:31][I]:LeftTime=990.分钟，RightTime=432.分钟
[2021-09-21 15:42:31][I]:左右时间比为: 2.288915082724159比1
[2021-09-21 15:43:15][I]:FORBUSD trigerd
[2021-09-21 15:43:16][I]:最高点后的1363分钟， 拉升  
[2021-09-21 15:43:16][I]:LeftTime=930.分钟，RightTime=433.分钟
[2021-09-21 15:43:16][I]:左右时间比为: 2.1464274039536946比1
[2021-09-21 15:43:50][I]:FORBUSD trigerd
[2021-09-21 15:43:51][I]:最高点后的1363分钟， 拉升  
[2021-09-21 15:43:51][I]:LeftTime=930.分钟，RightTime=433.分钟
[2021-09-21 15:43:51][I]:左右时间比为: 2.143569708657891比1
[2021-09-21 15:44:21][I]:FORBUSD trigerd
[2021-09-21 15:44:22][I]:最高点后的1364分钟， 拉升  
[2021-09-21 15:44:22][I]:LeftTime=930.分钟，RightTime=434.分钟
[2021-09-21 15:44:22][I]:左右时间比为: 2.141020187666068比1
[2021-09-21 15:44:52][I]:FORBUSD trigerd
[2021-09-21 15:44:53][I]:最高点后的1364分钟， 拉升  
[2021-09-21 15:44:53][I]:LeftTime=930.分钟，RightTime=434.分钟
[2021-09-21 15:44:53][I]:左右时间比为: 2.1384302562609308比1
[2021-09-21 15:46:10][I]:FORBUSD trigerd
[2021-09-21 15:46:20][I]:最高点后的0-15分钟，持续爆拉升突破前高10%...
[2021-09-21 15:46:20][I]:high_24h=0.09 cur=0.09157
[2021-09-21 15:46:30][I]:FORBUSD trigerd
[2021-09-21 15:46:40][I]:最高点后的0-15分钟，持续爆拉升突破前高10%...
[2021-09-21 15:46:40][I]:high_24h=0.09 cur=0.09266
[2021-09-21 15:46:50][I]:FORBUSD trigerd
[2021-09-21 15:47:01][I]:最高点后的0-15分钟，持续爆拉升突破前高10%...
[2021-09-21 15:47:01][I]:high_24h=0.09 cur=0.09276
[2021-09-21 15:47:11][I]:FORBUSD trigerd
[2021-09-21 15:47:21][I]:最高点后的0-15分钟，持续爆拉升突破前高10%...
[2021-09-21 15:47:21][I]:high_24h=0.09 cur=0.09311
[2021-09-21 15:47:32][I]:FORBUSD trigerd
[2021-09-21 15:47:42][I]:最高点后的0-15分钟，持续爆拉升突破前高10%...
[2021-09-21 15:47:42][I]:high_24h=0.09 cur=0.09365
[2021-09-21 15:47:52][I]:FORBUSD trigerd
[2021-09-21 15:48:02][I]:最高点后的0-15分钟，持续爆拉升突破前高10%...
[2021-09-21 15:48:02][I]:high_24h=0.09 cur=0.0936
[2021-09-21 15:48:21][I]:FORBUSD trigerd
[2021-09-21 15:48:32][I]:最高点后的0-15分钟，持续爆拉升突破前高10%...
[2021-09-21 15:48:32][I]:high_24h=0.09 cur=0.09402
[2021-09-21 15:49:10][I]:FORBUSD trigerd
[2021-09-21 15:49:21][I]:最高点后的0-15分钟，持续爆拉升突破前高10%...
[2021-09-21 15:49:21][I]:high_24h=0.09 cur=0.09248
[2021-09-21 15:49:31][I]:FORBUSD trigerd
[2021-09-21 15:49:42][I]:最高点后的0-15分钟，持续爆拉升突破前高10%...
[2021-09-21 15:49:42][I]:high_24h=0.09 cur=0.09271
[2021-09-21 15:49:51][I]:FORBUSD trigerd
[2021-09-21 15:50:01][I]:最高点后的0-15分钟，持续爆拉升突破前高10%...
[2021-09-21 15:50:01][I]:high_24h=0.09 cur=0.09332
[2021-09-21 15:52:39][I]:FORBUSD trigerd
[2021-09-21 15:52:50][I]:最高点后的0-15分钟，持续爆拉升突破前高10%...
[2021-09-21 15:52:50][I]:high_24h=0.09 cur=0.09493
[2021-09-21 15:53:19][I]:FORBUSD trigerd
[2021-09-21 15:53:29][I]:最高点后的0-15分钟，持续爆拉升突破前高10%...
[2021-09-21 15:53:29][I]:high_24h=0.09 cur=0.09553
[2021-09-21 15:53:40][I]:FORBUSD trigerd
[2021-09-21 15:53:50][I]:最高点后的0-15分钟，持续爆拉升突破前高10%...
[2021-09-21 15:53:50][I]:high_24h=0.09 cur=0.09708
[2021-09-21 15:54:00][I]:FORBUSD trigerd
[2021-09-21 15:54:10][I]:最高点后的0-15分钟，持续爆拉升突破前高10%...
[2021-09-21 15:54:10][I]:high_24h=0.09 cur=0.097
[2021-09-21 15:55:22][I]:FORBUSD trigerd
[2021-09-21 15:55:33][I]:最高点后的0-15分钟，持续爆拉升突破前高10%...
[2021-09-21 15:55:33][I]:high_24h=0.09 cur=0.09763
[2021-09-21 15:59:27][I]:MINABUSD trigerd
[2021-09-21 15:59:28][I]:最高点后的1064分钟， 拉升  
[2021-09-21 15:59:28][I]:LeftTime=615.分钟，RightTime=449.分钟
[2021-09-21 15:59:28][I]:左右时间比为: 1.3682754689979597比1
[2021-09-21 15:59:46][I]:最高点后的45分钟之后， 大低谷回落 再次 进入斐波区间 
[2021-09-21 16:01:20][I]:BIFIBUSD trigerd
[2021-09-21 16:01:21][I]:最高点后的301分钟， 拉升  
[2021-09-21 16:01:21][I]:LeftTime=150.分钟，RightTime=151.分钟
[2021-09-21 16:01:21][I]:左右时间比为: 0.9910073673752664比1
[2021-09-21 16:01:40][I]:最高点后的45 分钟之后，斐波区间下面的拉升
[2021-09-21 16:01:40][I]:high_24h=1200.6 cur=1067.1
[2021-09-21 16:01:50][I]:BIFIBUSD trigerd
[2021-09-21 16:01:51][I]:最高点后的301分钟， 拉升  
[2021-09-21 16:01:51][I]:LeftTime=150.分钟，RightTime=151.分钟
[2021-09-21 16:01:51][I]:左右时间比为: 0.9877734430591347比1
[2021-09-21 16:02:10][I]:最高点后的45 分钟之后，斐波区间下面的拉升
[2021-09-21 16:02:10][I]:high_24h=1200.6 cur=1069.9
[2021-09-21 16:02:20][I]:BIFIBUSD trigerd
[2021-09-21 16:02:21][I]:最高点后的302分钟， 拉升  
[2021-09-21 16:02:21][I]:LeftTime=150.分钟，RightTime=152.分钟
[2021-09-21 16:02:21][I]:左右时间比为: 0.9845653170749434比1
[2021-09-21 16:02:39][I]:最高点后的45 分钟之后，斐波区间下面的拉升
[2021-09-21 16:02:39][I]:high_24h=1200.6 cur=1071.2
[2021-09-21 16:02:58][I]:FORBUSD trigerd
[2021-09-21 16:03:05][I]:最高点后的0-15分钟,进入斐波区间 
[2021-09-21 16:03:15][I]:FORBUSD trigerd
[2021-09-21 16:03:22][I]:最高点后的0-15分钟,进入斐波区间 
[2021-09-21 16:03:32][I]:FORBUSD trigerd
[2021-09-21 16:03:39][I]:最高点后的0-15分钟,进入斐波区间 
[2021-09-21 16:03:51][I]:FORBUSD trigerd
[2021-09-21 16:04:01][I]:最高点后的0-15分钟，持续爆拉升突破前高... 
[2021-09-21 16:04:16][I]:ACMBUSD trigerd
[2021-09-21 16:04:17][I]:最高点后的1264分钟， 拉升  
[2021-09-21 16:04:17][I]:LeftTime=810.分钟，RightTime=454.分钟
[2021-09-21 16:04:17][I]:左右时间比为: 1.783003293342703比1
[2021-09-21 16:04:50][I]:ACMBUSD trigerd
[2021-09-21 16:04:51][I]:最高点后的1264分钟， 拉升  
[2021-09-21 16:04:51][I]:LeftTime=810.分钟，RightTime=454.分钟
[2021-09-21 16:04:51][I]:左右时间比为: 1.7808032108086784比1
[2021-09-21 16:05:29][I]:ACMBUSD trigerd
[2021-09-21 16:05:30][I]:最高点后的1265分钟， 拉升  
[2021-09-21 16:05:30][I]:LeftTime=810.分钟，RightTime=455.分钟
[2021-09-21 16:05:30][I]:左右时间比为: 1.7782118026657563比1
[2021-09-21 16:06:02][I]:ACMBUSD trigerd
[2021-09-21 16:06:03][I]:最高点后的1266分钟， 拉升  
[2021-09-21 16:06:03][I]:LeftTime=810.分钟，RightTime=456.分钟
[2021-09-21 16:06:03][I]:左右时间比为: 1.776108622433667比1
[2021-09-21 16:06:34][I]:ACMBUSD trigerd
[2021-09-21 16:06:35][I]:最高点后的1266分钟， 拉升  
[2021-09-21 16:06:35][I]:LeftTime=810.分钟，RightTime=456.分钟
[2021-09-21 16:06:35][I]:左右时间比为: 1.7740093246237416比1
