[2021-09-05 19:39:30][I]:IDEX/BUSD添加SO10级别的资金成功
[2021-09-06 05:39:01][I]:IDEX/BUSD添加资金失败
[2021-09-06 05:41:47][I]:IDEX/BUSD添加SO8级别的资金成功
[2021-09-06 07:04:04][I]:交易id775974411 添加资金成功，市价单，数量:506.51805100799993 USD
[2021-09-06 07:04:04][I]:IQ/BUSD添加SOSO_6级别的资金成功
[2021-09-06 07:06:39][I]:交易id774296958 添加资金成功，市价单，数量:506.51805100799993 USD
[2021-09-06 07:06:39][I]:DNT/BUSD添加SOSO_6级别的资金成功
[2021-09-06 07:06:50][I]:交易id772670583 添加资金成功，市价单，数量:506.51805100799993 USD
[2021-09-06 07:06:50][I]:ATA/BUSD添加SOSO_6级别的资金成功
[2021-09-06 11:21:04][I]:交易id776988198 添加资金成功，市价单，数量:1074.5246677794237 USD
[2021-09-06 11:21:04][I]:SWRV/BUSD添加SOSO_8级别的资金成功
[2021-09-06 12:03:58][I]:交易id777110191 添加资金成功，市价单，数量:633.1475637599999 USD
[2021-09-06 12:03:58][I]:VIDT/BUSD添加SOSO_6级别的资金成功
[2021-09-06 12:43:03][I]:交易id778201034 添加资金成功，市价单，数量:633.1475637599999 USD
[2021-09-06 12:43:03][I]:ROSE/BUSD添加SOSO_6级别的资金成功
[2021-09-06 17:57:19][I]:交易id778998933 添加资金成功，市价单，数量:633.1475637599998 USD
[2021-09-06 17:57:19][I]:IDEX/BUSD添加SOSO_6级别的资金成功
[2021-09-06 19:45:56][I]:交易id774755023 添加资金成功，市价单，数量:506.51805100799993 USD
[2021-09-06 19:45:56][I]:TWT/BUSD添加SOSO_6级别的资金成功
[2021-09-06 19:46:41][I]:交易id779035606 添加资金成功，市价单，数量:633.1475637599999 USD
[2021-09-06 19:46:41][I]:SWRV/BUSD添加SOSO_6级别的资金成功
[2021-09-06 20:04:18][I]:交易id776425746 添加资金成功，市价单，数量:633.1475637599999 USD
[2021-09-06 20:04:18][I]:RAMP/BUSD添加SOSO_6级别的资金成功
[2021-09-06 20:05:00][I]:交易id775054153 添加资金成功，市价单，数量:506.51805100799993 USD
[2021-09-06 20:05:00][I]:IOTX/BUSD添加SOSO_6级别的资金成功
[2021-09-06 20:05:46][I]:交易id777837921 添加资金成功，市价单，数量:633.1475637599998 USD
[2021-09-06 20:05:46][I]:HARD/BUSD添加SOSO_6级别的资金成功
[2021-09-06 23:03:45][I]:交易id780200117 添加资金成功，市价单，数量:633.1475637599998 USD
[2021-09-06 23:03:45][I]:IDEX/BUSD添加SOSO_6级别的资金成功
[2021-09-06 23:08:31][I]:交易id778501321 添加资金成功，市价单，数量:633.1475637599999 USD
[2021-09-06 23:08:31][I]:QNT/BUSD添加SOSO_6级别的资金成功
[2021-09-07 00:02:10][I]:交易id780285245 添加资金成功，市价单，数量:633.1475637599999 USD
[2021-09-07 00:02:10][I]:ROSE/BUSD添加SOSO_6级别的资金成功
[2021-09-07 00:15:26][I]:交易id780358976 添加资金成功，市价单，数量:633.1475637599999 USD
[2021-09-07 00:15:26][I]:IDEX/BUSD添加SOSO_6级别的资金成功
[2021-09-07 00:17:23][I]:交易id779678888 添加资金成功，市价单，数量:633.1475637599999 USD
[2021-09-07 00:17:23][I]:AR/BUSD添加SOSO_6级别的资金成功
[2021-09-07 00:33:26][I]:交易id780474522 添加资金成功，市价单，数量:633.1475637599999 USD
[2021-09-07 00:33:26][I]:VIDT/BUSD添加SOSO_6级别的资金成功
[2021-09-07 01:15:56][I]:交易id780665757 添加资金成功，市价单，数量:633.1475637599999 USD
[2021-09-07 01:15:56][I]:RAMP/BUSD添加SOSO_6级别的资金成功
[2021-09-07 05:32:29][I]:交易id781158006 添加资金成功，市价单，数量:633.1475637599999 USD
[2021-09-07 05:32:29][I]:SYS/BUSD添加SOSO_6级别的资金成功
[2021-09-07 06:39:58][I]:交易id781070396 添加资金成功，市价单，数量:633.1475637599999 USD
[2021-09-07 06:39:58][I]:IDEX/BUSD添加SOSO_6级别的资金成功
[2021-09-07 07:49:20][I]:交易id781488049 添加资金成功，市价单，数量:633.1475637599999 USD
[2021-09-07 07:49:20][I]:SYS/BUSD添加SOSO_6级别的资金成功
[2021-09-07 08:30:14][I]:交易id781608174 添加资金成功，市价单，数量:633.1475637599999 USD
[2021-09-07 08:30:14][I]:NU/BUSD添加SOSO_6级别的资金成功
[2021-09-07 08:51:21][I]:交易id780411567 添加资金成功，市价单，数量:633.1475637599999 USD
[2021-09-07 08:51:21][I]:TVK/BUSD添加SOSO_6级别的资金成功
[2021-09-07 09:32:14][I]:交易id780481065 添加资金成功，市价单，数量:633.1475637599999 USD
[2021-09-07 09:32:14][I]:SWRV/BUSD添加SOSO_6级别的资金成功
[2021-09-07 10:42:12][I]:交易id781214525 添加资金成功，市价单，数量:633.1475637599999 USD
[2021-09-07 10:42:12][I]:ROSE/BUSD添加SOSO_6级别的资金成功
[2021-09-07 10:52:58][I]:交易id781888837 添加资金成功，市价单，数量:633.1475637599999 USD
[2021-09-07 10:52:58][I]:SYS/BUSD添加SOSO_6级别的资金成功
[2021-09-07 13:21:02][I]:交易id781608174 添加资金成功，市价单，数量:633.1475637599999 USD
[2021-09-07 13:21:02][I]:NU/BUSD添加SOSO_6级别的资金成功
[2021-09-07 14:33:08][I]:交易id781888837 添加资金成功，市价单，数量:633.1475637599999 USD
[2021-09-07 14:33:08][I]:SYS/BUSD添加SOSO_6级别的资金成功
[2021-09-07 14:59:22][I]:交易id780618775 添加资金成功，市价单，数量:633.1475637599999 USD
[2021-09-07 14:59:22][I]:MDX/BUSD添加SOSO_6级别的资金成功
[2021-09-07 15:08:09][I]:交易id781688677 添加资金成功，市价单，数量:633.1475637599999 USD
[2021-09-07 15:08:09][I]:KEEP/BUSD添加SOSO_6级别的资金成功
[2021-09-07 16:19:30][I]:交易id781896446 添加资金成功，市价单，数量:633.1475637599999 USD
[2021-09-07 16:19:30][I]:AERGO/BUSD添加SOSO_6级别的资金成功
[2021-09-07 16:28:14][I]:交易id776103094 添加资金成功，市价单，数量:506.51805100799993 USD
[2021-09-07 16:28:14][I]:SC/BUSD添加SOSO_6级别的资金成功
[2021-09-07 16:29:41][I]:INJ/BUSD添加资金失败
[2021-09-07 16:30:15][I]:INJ/BUSD添加资金失败
[2021-09-07 16:30:49][I]:INJ/BUSD添加资金失败
[2021-09-07 16:31:25][I]:交易id779905924 添加资金成功，市价单，数量:633.1475637599999 USD
[2021-09-07 16:31:25][I]:INJ/BUSD添加SOSO_6级别的资金成功
[2021-09-07 16:31:59][I]:INJ/BUSD添加资金失败
[2021-09-07 16:32:34][I]:INJ/BUSD添加资金失败
[2021-09-07 16:33:05][I]:INJ/BUSD添加资金失败
[2021-09-07 16:33:39][I]:INJ/BUSD添加资金失败
[2021-09-07 16:34:15][I]:INJ/BUSD添加资金失败
[2021-09-07 16:34:45][I]:INJ/BUSD添加资金失败
[2021-09-07 16:35:20][I]:INJ/BUSD添加资金失败
[2021-09-07 16:35:55][I]:INJ/BUSD添加资金失败
[2021-09-07 16:36:34][I]:交易id782798865 添加资金成功，市价单，数量:633.1475637599999 USD
[2021-09-07 16:36:34][I]:FRONT/BUSD添加SOSO_6级别的资金成功
[2021-09-07 16:36:51][I]:RAMP/BUSD添加资金失败
[2021-09-07 16:36:58][I]:INJ/BUSD添加资金失败
[2021-09-07 16:37:32][I]:FRONT/BUSD添加资金失败
[2021-09-07 16:37:39][I]:RAMP/BUSD添加资金失败
[2021-09-07 16:37:47][I]:INJ/BUSD添加资金失败
[2021-09-08 00:04:20][I]:交易id783838303 添加资金成功，市价单，数量:633.1475637599999 USD
[2021-09-08 00:04:20][I]:DF/BUSD添加SOSO_6级别的资金成功
[2021-09-08 00:04:35][I]:交易id783736725 添加资金成功，市价单，数量:633.14756376 USD
[2021-09-08 00:04:35][I]:HEGIC/BUSD添加SOSO_6级别的资金成功
[2021-09-08 00:04:52][I]:交易id783486366 添加资金成功，市价单，数量:633.1475637599999 USD
[2021-09-08 00:04:52][I]:FTM/BUSD添加SOSO_6级别的资金成功
[2021-09-08 00:05:05][I]:NU/BUSD添加资金失败
[2021-09-08 00:05:12][I]:VIDT/BUSD添加资金失败
[2021-09-08 00:05:22][I]:IDEX/BUSD添加资金失败
[2021-09-08 00:05:29][I]:ROSE/BUSD添加资金失败
[2021-09-08 00:05:36][I]:FRONT/BUSD添加资金失败
[2021-09-08 00:05:43][I]:PHA/BUSD添加资金失败
[2021-09-08 00:05:50][I]:RAMP/BUSD添加资金失败
[2021-09-08 00:06:00][I]:AERGO/BUSD添加资金失败
[2021-09-08 00:06:07][I]:KEEP/BUSD添加资金失败
[2021-09-08 00:06:14][I]:AR/BUSD添加资金失败
[2021-09-08 00:06:21][I]:MDX/BUSD添加资金失败
[2021-09-08 00:06:32][I]:INJ/BUSD添加资金失败
[2021-09-08 00:07:02][I]:NU/BUSD添加资金失败
[2021-09-08 00:07:10][I]:VIDT/BUSD添加资金失败
[2021-09-08 00:07:20][I]:IDEX/BUSD添加资金失败
[2021-09-08 00:07:27][I]:ROSE/BUSD添加资金失败
[2021-09-08 00:07:33][I]:FRONT/BUSD添加资金失败
[2021-09-08 00:07:40][I]:PHA/BUSD添加资金失败
[2021-09-08 00:07:47][I]:RAMP/BUSD添加资金失败
[2021-09-08 00:07:54][I]:AERGO/BUSD添加资金失败
[2021-09-08 00:08:01][I]:KEEP/BUSD添加资金失败
[2021-09-08 00:08:08][I]:AR/BUSD添加资金失败
[2021-09-08 00:08:15][I]:MDX/BUSD添加资金失败
[2021-09-08 00:08:25][I]:INJ/BUSD添加资金失败
[2021-09-08 00:08:57][I]:NU/BUSD添加资金失败
[2021-09-08 00:09:04][I]:VIDT/BUSD添加资金失败
[2021-09-08 00:09:14][I]:IDEX/BUSD添加资金失败
[2021-09-08 00:09:21][I]:ROSE/BUSD添加资金失败
[2021-09-08 00:09:28][I]:FRONT/BUSD添加资金失败
[2021-09-08 00:09:35][I]:PHA/BUSD添加资金失败
[2021-09-08 00:09:42][I]:RAMP/BUSD添加资金失败
[2021-09-08 00:09:49][I]:AERGO/BUSD添加资金失败
[2021-09-08 00:09:56][I]:KEEP/BUSD添加资金失败
[2021-09-08 00:10:03][I]:AR/BUSD添加资金失败
[2021-09-08 00:10:10][I]:MDX/BUSD添加资金失败
[2021-09-08 00:10:20][I]:INJ/BUSD添加资金失败
[2021-09-08 00:10:52][I]:NU/BUSD添加资金失败
[2021-09-08 00:10:59][I]:VIDT/BUSD添加资金失败
[2021-09-08 00:11:09][I]:ROSE/BUSD添加资金失败
[2021-09-08 00:11:17][I]:FRONT/BUSD添加资金失败
[2021-09-08 00:11:24][I]:PHA/BUSD添加资金失败
[2021-09-08 00:11:30][I]:RAMP/BUSD添加资金失败
[2021-09-08 00:11:40][I]:KEEP/BUSD添加资金失败
[2021-09-08 00:11:47][I]:MDX/BUSD添加资金失败
[2021-09-08 00:12:03][I]:NU/BUSD添加资金失败
[2021-09-08 00:12:11][I]:NU/BUSD添加资金失败
[2021-09-08 00:12:18][I]:VIDT/BUSD添加资金失败
[2021-09-08 00:12:28][I]:VIDT/BUSD添加资金失败
[2021-09-08 00:12:38][I]:ROSE/BUSD添加资金失败
[2021-09-08 00:52:06][I]:交易id783470313 添加资金成功，市价单，数量:633.1475637599999 USD
[2021-09-08 00:52:06][I]:NU/BUSD添加SOSO_6级别的资金成功
[2021-09-08 00:52:22][I]:交易id783437544 添加资金成功，市价单，数量:633.1475637599998 USD
[2021-09-08 00:52:22][I]:VIDT/BUSD添加SOSO_6级别的资金成功
[2021-09-08 00:57:01][I]:交易id783244772 添加资金成功，市价单，数量:633.1475637599999 USD
[2021-09-08 00:57:01][I]:ROSE/BUSD添加SOSO_6级别的资金成功
[2021-09-08 00:59:54][I]:FRONT/BUSD添加资金失败,其他原因
[2021-09-08 00:59:55][I]:PHA/BUSD添加资金失败,其他原因
[2021-09-08 00:59:55][I]:RAMP/BUSD添加资金失败,其他原因
[2021-09-08 00:59:56][I]:KEEP/BUSD添加资金失败,其他原因
[2021-09-08 00:59:57][I]:MDX/BUSD添加资金失败,其他原因
[2021-09-08 00:59:57][I]:INJ/BUSD添加资金失败,其他原因
[2021-09-08 01:00:58][I]:FRONT/BUSD添加资金失败,其他原因
[2021-09-08 01:03:08][I]:FRONT/BUSD添加资金失败,其他原因
[2021-09-08 01:04:28][I]:交易id782798865 添加资金成功，市价单，数量:633.1475637599999 USD
[2021-09-08 01:04:28][I]:FRONT/BUSD添加SOSO_6级别的资金成功
[2021-09-08 01:06:26][I]:PHA/BUSD添加资金失败,资金不足
[2021-09-08 01:07:27][I]:交易id782639387 添加资金成功，市价单，数量:633.1475637599999 USD
[2021-09-08 01:07:27][I]:PHA/BUSD添加SOSO_6级别的资金成功
[2021-09-08 01:07:58][I]:RAMP/BUSD添加资金失败,资金不足
[2021-09-08 01:09:28][I]:RAMP/BUSD添加资金失败,资金不足
[2021-09-08 01:48:01][I]:RAMP/BUSD添加资金失败,资金不足
[2021-09-08 02:09:03][I]:IDEX/BUSD添加资金失败,资金不足
[2021-09-08 02:12:03][I]:IDEX/BUSD添加资金失败,资金不足
[2021-09-08 02:15:03][I]:IDEX/BUSD添加资金失败,资金不足
[2021-09-08 02:16:26][I]:IDEX/BUSD添加资金失败,资金不足
[2021-09-08 02:18:05][I]:FTM/BUSD添加资金失败,资金不足,程序退出
[2021-09-08 02:21:06][I]:DF/BUSD添加资金失败,资金不足,程序退出
[2021-09-08 02:24:03][I]:DF/BUSD添加资金失败,资金不足,程序退出
[2021-09-08 02:27:03][I]:DF/BUSD添加资金失败,资金不足,程序退出
[2021-09-08 02:30:05][I]:DF/BUSD添加资金失败,资金不足,程序退出
[2021-09-08 02:33:03][I]:DF/BUSD添加资金失败,资金不足,程序退出
[2021-09-08 02:36:04][I]:DF/BUSD添加资金失败,资金不足,程序退出
[2021-09-08 11:01:24][I]:交易id784444008 添加资金成功，市价单，数量:633.1475637599999 USD
[2021-09-08 11:01:24][I]:DF/BUSD添加SOSO_6级别的资金成功
[2021-09-08 11:01:40][I]:交易id781896446 添加资金成功，市价单，数量:633.1475637599999 USD
[2021-09-08 11:01:40][I]:AERGO/BUSD添加SOSO_6级别的资金成功
[2021-09-08 11:01:54][I]:KEEP/BUSD添加资金失败,资金不足,程序退出
[2021-09-08 18:08:02][I]:交易id786021819 添加资金成功，市价单，数量:633.1475637599999 USD
[2021-09-08 18:08:02][I]:TWT/BUSD添加SOSO_6级别的资金成功
[2021-09-08 18:08:18][I]:交易id781688677 添加资金成功，市价单，数量:633.1475637599999 USD
[2021-09-08 18:08:18][I]:KEEP/BUSD添加SOSO_6级别的资金成功
[2021-09-08 18:08:31][I]:MDX/BUSD添加资金失败,资金不足,程序退出
[2021-09-09 01:00:15][I]:交易id786218065 添加资金成功，市价单，数量:633.1475637599999 USD
[2021-09-09 01:00:15][I]:ROSE/BUSD添加SOSO_6级别的资金成功
[2021-09-09 01:00:28][I]:INJ/BUSD添加资金失败,资金不足,程序退出
